Log file open, 04/16/15 11:29:51
LogInit:Display: Running engine for game: StealthDemo
LogInit: Version: 4.7.5-2503383+++depot+UE4-Releases+4.7
LogInit: API Version: 2455222
LogInit: Compiled (64-bit): Apr  6 2015 23:21:51
LogInit: Compiled with Visual C++: 18.00.21005.01
LogInit: Build Configuration: Development
LogInit: Branch Name: ++depot+UE4-Releases+4.7
LogInit: Command line:  
LogInit: Base directory: C:/Program Files/Epic Games/4.7/Engine/Binaries/Win64/
LogInit: Rocket: 1
[2015.04.16-18.29.51:561][  0]LogTaskGraph: Started task graph with 3 named threads and 4 total threads.
[2015.04.16-18.29.51:599][  0]LogOnline:Warning: No default platform service specified for OnlineSubsystem
[2015.04.16-18.29.51:858][  0]LogInit: Presizing for 0 objects not considered by GC, pre-allocating 0 bytes.
[2015.04.16-18.29.52:174][  0]LogInit: Object subsystem initialized
[2015.04.16-18.29.52:296][  0]LogConsoleResponse:Warning: Skipping Unknown console variable: 'TranslucentSortAxis = (X=0.000000,Y=-1.000000,Z=0.000000)'
[2015.04.16-18.29.52:296][  0]LogConsoleResponse:Warning:   Found in ini file 'C:/Users/Sarah/Documents/Unreal Projects/StealthDemo/Saved/Config/Windows/Engine.ini', in section '[/Script/Engine.RendererSettings]'
[2015.04.16-18.29.52:297][  0]LogConsoleResponse:Warning: Skipping Unknown console variable: 'UIScaleRule = ShortestSide'
[2015.04.16-18.29.52:297][  0]LogConsoleResponse:Warning:   Found in ini file 'C:/Users/Sarah/Documents/Unreal Projects/StealthDemo/Saved/Config/Windows/Engine.ini', in section '[/Script/Engine.RendererSettings]'
[2015.04.16-18.29.52:297][  0]LogConsoleResponse:Warning: Skipping Unknown console variable: 'UIScaleCurve = (EditorCurveData=(Keys=),ExternalCurve=None)'
[2015.04.16-18.29.52:297][  0]LogConsoleResponse:Warning:   Found in ini file 'C:/Users/Sarah/Documents/Unreal Projects/StealthDemo/Saved/Config/Windows/Engine.ini', in section '[/Script/Engine.RendererSettings]'
[2015.04.16-18.29.52:378][  0]LogInit: Selected Device Profile: [Windows]
[2015.04.16-18.29.52:388][  0]LogInit: Applying CVar settings loaded from the selected device profile: [Windows]
[2015.04.16-18.29.52:504][  0]LogInit: Computer: SARAH-PC
[2015.04.16-18.29.52:504][  0]LogInit: User: Sarah
[2015.04.16-18.29.52:504][  0]LogInit: CPU Page size=4096, Cores=2
[2015.04.16-18.29.52:504][  0]LogInit: High frequency timer resolution =2.468281 MHz
[2015.04.16-18.29.52:504][  0]LogMemory: Memory total: Physical=3.7GB (4GB approx) Virtual=8192.0GB
[2015.04.16-18.29.52:505][  0]LogMemory: Platform Memory Stats for Windows
[2015.04.16-18.29.52:505][  0]LogMemory: Process Physical Memory: 47.45 MB used, 47.45 MB peak
[2015.04.16-18.29.52:505][  0]LogMemory: Process Virtual Memory: 27.37 MB used, 27.37 MB peak
[2015.04.16-18.29.52:505][  0]LogMemory: Physical Memory: 1799.78 MB used, 3766.69 MB total
[2015.04.16-18.29.52:505][  0]LogMemory: Virtual Memory: 276.94 MB used, 8388608.00 MB total
[2015.04.16-18.29.52:733][  0]LogD3D11RHI: Found D3D11 adapter 0: Intel(R) HD Graphics (Feature Level 10_0)
[2015.04.16-18.29.52:733][  0]LogD3D11RHI: Adapter has 128MB of dedicated video memory, 0MB of dedicated system memory, and 1627MB of shared system memory, 1 output[s]
[2015.04.16-18.29.52:733][  0]LogD3D11RHI: Chosen D3D11 Adapter Id = 0
[2015.04.16-18.29.52:742][  0]LogRHI: Texture pool is 659 MB (70% of 941 MB)
[2015.04.16-18.29.52:750][  0]LogD3D11RHI: Async texture creation disabled: no driver support
[2015.04.16-18.29.55:394][  0]LogTextLocalizationManager: The requested culture ('en_US') has no localization data; parent culture's ('en') localization data will be used.
[2015.04.16-18.29.55:666][  0]LogTextLocalizationManager:Warning: Loading localization resources contain conflicting entries for (Namespace:UICommands, Key:Save_ToolTip):
Resource: (C:/Program Files/Epic Games/4.7/Engine/Content/Localization/Editor/en/Editor.locres) Hash: (-29098895) String: (Saves the current level to disk)
Resource: (C:/Program Files/Epic Games/4.7/Engine/Content/Localization/Engine/en/Engine.locres) Hash: (-1280300587) String: (Save selected data to vlog file)
[2015.04.16-18.29.55:666][  0]LogTextLocalizationManager:Warning: Loading localization resources contain conflicting entries for (Namespace:ContentBrowser, Key:ImportAssetToolTip):
Resource: (C:/Program Files/Epic Games/4.7/Engine/Content/Localization/Editor/en/Editor.locres) Hash: (-630476809) String: (Import to {0}...)
Resource: (C:/Program Files/Epic Games/4.7/Engine/Content/Localization/Editor/en/Editor.locres) Hash: (1271782899) String: (Imports an asset from file to this folder.)
[2015.04.16-18.29.55:803][  0]LogContentStreaming: Texture pool size is 0.000000MB
[2015.04.16-18.30.11:619][  0]LogTargetPlatformManager:Display: Building Assets For Windows
[2015.04.16-18.30.13:608][  0]LogTargetPlatformManager:Display: Building Assets For Windows
[2015.04.16-18.30.13:922][  0]LogDerivedDataCache:Display: Max Cache Size: 512 MB
[2015.04.16-18.30.14:910][  0]LogDerivedDataCache: Loaded boot cache 0.92s 39MB C:/Users/Sarah/AppData/Local/UnrealEngine/4.7/DerivedDataCache/Boot.ddc.
[2015.04.16-18.30.14:910][  0]LogDerivedDataCache:Display: Loaded Boot cache: C:/Users/Sarah/AppData/Local/UnrealEngine/4.7/DerivedDataCache/Boot.ddc
[2015.04.16-18.30.14:911][  0]LogDerivedDataCache: FDerivedDataBackendGraph:  Pak pak cache file ../../../../../../Users/Sarah/Documents/Unreal Projects/StealthDemo/DerivedDataCache/DDC.ddp not found, will not use a pak cache.
[2015.04.16-18.30.14:911][  0]LogDerivedDataCache: Unable to find inner node Pak for hierarchical cache Hierarchy.
[2015.04.16-18.30.15:234][  0]LogDerivedDataCache:Display: Pak cache opened for reading ../../../Engine/DerivedDataCache/Compressed.ddp.
[2015.04.16-18.30.15:246][  0]LogDerivedDataCache: Using Local data cache path C:/Users/Sarah/AppData/Local/UnrealEngine/Common/DerivedDataCache: Writable
[2015.04.16-18.30.30:849][  0]LogMeshUtilities: No automatic mesh reduction module available
[2015.04.16-18.30.30:849][  0]LogMeshUtilities: No automatic mesh merging module available
[2015.04.16-18.30.37:009][  0]LogInit: WinSock: version 1.1 (2.2), MaxSocks=32767, MaxUdp=65467
[2015.04.16-18.30.37:630][  0]LogSlate:Warning: Failed to load font data from '../../../Engine/Content/Slate/Fonts/Roboto-Italic.ttf'
[2015.04.16-18.31.05:440][  0]UdpMessaging: Initializing bridge on interface 0.0.0.0:0 to multicast group 230.0.0.1:6666.
[2015.04.16-18.31.06:994][  0]SourceControl: Info Source control is disabled
[2015.04.16-18.31.07:008][  0]SourceControl: Info Source control is disabled
[2015.04.16-18.31.07:008][  0]SourceControl: Info Source control is disabled
[2015.04.16-18.31.07:009][  0]LogSourceControl: RunCommandInternalRaw: 'git version'
[2015.04.16-18.31.07:009][  0]LogSourceControl: RunCommandInternalRaw: ExecProcess ReturnCode=2 OutResults=''
[2015.04.16-18.31.07:032][  0]SourceControl: Info Source control is disabled
[2015.04.16-18.31.08:524][  0]LogObj: 24232 objects as part of root set at end of initial load.
[2015.04.16-18.31.08:524][  0]LogUObjectAllocator: 5137176 out of 0 bytes used by permanent object pool.
[2015.04.16-18.31.09:577][  0]LogEngine: Initializing Engine...
[2015.04.16-18.31.13:122][  0]LogInit: XAudio2 using 'Speakers (High Definition Audio Device)' : 2 channels at 44.1 kHz using 16 bits per sample (channel mask 0x3)
[2015.04.16-18.31.13:295][  0]LogInit: FAudioDevice initialized.
[2015.04.16-18.31.13:896][  0]LogAIModule: Creating AISystem for world NewWorld
[2015.04.16-18.31.14:093][  0]LogDerivedDataCache: Saved boot cache 0.07s 54MB C:/Users/Sarah/AppData/Local/UnrealEngine/4.7/DerivedDataCache/Boot.ddc.
[2015.04.16-18.31.14:112][  0]LogInit: Texture streaming: Enabled
[2015.04.16-18.31.14:968][  0]LogAnalytics: Creating configured Analytics provider AnalyticsET
[2015.04.16-18.31.14:968][  0]LogAnalytics: ET APIKey = Rocket.Release. APIServer = http://et2.epicgames.com/ET2/. AppVersion = 4.7.5-2503383+++depot+UE4-Releases+4.7
[2015.04.16-18.31.14:968][  0]LogAnalytics: ET APIKey = Rocket.Release. DataRouterUploadURL = https://datarouter-public-service-gamedev.ol.epicgames.net/datarouter/api/v1/public/data. AppVersion = 4.7.5-2503383+++depot+UE4-Releases+4.7
[2015.04.16-18.31.14:969][  0]LogAnalytics: SetUserId 1b0e80a0407f54f9dd1327bcdeae7dcf|c3f23d2960904fa6b8b19f7502f4e02c|dc4b0d1d-e94e-45a7-9694-42a1147e0cf4
[2015.04.16-18.31.15:011][  0]LogAnalytics: AnalyticsET::StartSession [Rocket.Release]
[2015.04.16-18.31.15:319][  0]LogInit: Transaction tracking system initialized
[2015.04.16-18.31.17:107][  0]BlueprintLog: New page: Editor Load
[2015.04.16-18.31.17:329][  0]LogAssetRegistry: FAssetRegistry took 0.0203 seconds to start up
[2015.04.16-18.31.17:331][  0]LogDirectoryWatcher:Warning: Failed to begin reading directory changes for ../../../Engine/Plugins/Experimental/CharacterAI/Content/. Error: 0
[2015.04.16-18.31.22:990][  0]LogTargetPlatformManager:Display: Building Assets For Windows
[2015.04.16-18.31.23:691][  0]LogTargetPlatformManager:Display: Building Assets For Windows
[2015.04.16-18.31.26:081][  0]LogSlate:Warning: Failed to load font data from '../../../Engine/Content/Editor/Slate/Fonts/Roboto-Regular.ttf'
[2015.04.16-18.31.26:082][  0]LogSlate:Warning: Failed to load font data from '../../../Engine/Content/Editor/Slate/Fonts/Roboto-Bold.ttf'
[2015.04.16-18.31.26:429][  0]LogConsoleResponse:Display: 
[2015.04.16-18.31.29:515][  0]LogCook:Display: Done creating registry. It took  0.00s.
[2015.04.16-18.31.32:840][  0]SourceControl: Info Source control is disabled
[2015.04.16-18.31.32:901][  0]Cmd: MAP LOAD FILE="../../../../../../Users/Sarah/Documents/Unreal Projects/StealthDemo/Content/FirstPersonBP/Maps/FirstPersonExampleMap.umap" TEMPLATE=0 SHOWPROGRESS=1 FEATURELEVEL=2
[2015.04.16-18.31.32:903][  0]LightingResults: New page: Lighting Build
[2015.04.16-18.31.33:072][  0]MapCheck: New page: Map Check
[2015.04.16-18.31.33:072][  0]LightingResults: New page: Lighting Build
[2015.04.16-18.31.33:268][  0]LogParticles: Destroying 0 GPU particle simulations for FXSystem 0x0000000013BFD300
[2015.04.16-18.31.34:703][  0]LogBlueprint:Warning: [compiler] Warning InputAction Event references unknown Action 'Crouch' for  InputAction Crouch 
[2015.04.16-18.31.34:751][  0]LogBlueprint:Warning: [compiler] Warning [0121.08] Compile of ASP_Character successful, but with 1 Warning(s) [in 101 ms]
[2015.04.16-18.31.34:752][  0]LogBlueprint:Warning: [compiler] Warning [0121.08] Compile of ASP_Character successful, but with 2 Warning(s) [in 0 ms]
[2015.04.16-18.31.34:752][  0]LogBlueprint:Warning: [compiler] Warning [0121.08] Compile of ASP_Character successful, but with 3 Warning(s) [in 0 ms]
[2015.04.16-18.31.34:752][  0]LogBlueprint:Warning: [compiler] Warning [0121.08] Compile of ASP_Character successful, but with 4 Warning(s) [in 0 ms]
[2015.04.16-18.31.35:790][  0]LogBlueprint:Warning: [compiler] Warning InputAction Event references unknown Action 'Crouch' for  InputAction Crouch 
[2015.04.16-18.31.35:816][  0]LogBlueprint:Warning: [compiler] Warning [0122.15] Compile of ASP_Character successful, but with 1 Warning(s) [in 80 ms]
[2015.04.16-18.31.35:816][  0]LogBlueprint:Warning: [compiler] Warning [0122.15] Compile of ASP_Character successful, but with 2 Warning(s) [in 0 ms]
[2015.04.16-18.31.38:317][  0]LogLinker:Warning: Asset '../../../Engine/Content/EngineMeshes/Humanoid.uasset' has been saved with empty engine version. The asset will be loaded but may be incompatible.
[2015.04.16-18.31.43:230][  0]LogMaterial: Missing cached shader map for material _Body_Low, compiling. 
[2015.04.16-18.31.47:362][  0]LogMaterial: Missing cached shader map for material CubeMaterial, compiling. 
[2015.04.16-18.31.50:459][  0]LogEditorServer: Finished looking for orphan Actors (0.000 secs)
[2015.04.16-18.31.50:716][  0]LogAIModule: Creating AISystem for world FirstPersonExampleMap
[2015.04.16-18.31.50:789][  0]Cmd: MAP CHECKDEP
[2015.04.16-18.31.50:818][  0]MapCheck: New page: FirstPersonExampleMap - Apr 16, 2015, 4:31:50 AM
[2015.04.16-18.31.51:240][  0]MapCheck: Info Map check complete: 0 Error(s), 0 Warning(s), took 450.694ms to complete.
[2015.04.16-18.31.51:240][  0]LogFileHelpers: Loading map 'FirstPersonExampleMap' took 18.369
[2015.04.16-18.31.55:261][  0]LogCollectionManager: Loaded 0 collections in 0.004586 seconds
[2015.04.16-18.31.55:308][  0]LogContentBrowser: Native class hierarchy populated in 0.0466 seconds. Added 1696 classes and 261 folders.
[2015.04.16-18.31.56:515][  0]LogContentBrowser: Native class hierarchy updated for 'SceneOutliner' in 0.0045 seconds. Added 1 classes and 2 folders.
[2015.04.16-18.31.58:494][  0]LogCrashTracker: Crashtracker disabled due to settings.
[2015.04.16-18.31.58:759][  0]LogSlate:Warning: Failed to load font data from 'Veranda'
[2015.04.16-18.31.59:553][  0]LogUObjectGlobals:Warning: Failed to find object 'Class None.'
[2015.04.16-18.32.00:158][  0]LogLoad: Full Startup: 146.49 seconds (BP compile: 3.69 seconds)
[2015.04.16-18.32.01:792][  0]LogContentBrowser:Verbose: The content browser source was changed by the sources view to '/Game/FirstPersonBP/Blueprints'
[2015.04.16-18.32.13:530][  0]LogRenderer:Warning: Reallocating scene render targets to support 32x32 (Frame:2).
[2015.04.16-18.32.21:362][  0]LogRenderer:Warning: Reallocating scene render targets to support 952x376 (Frame:3).
[2015.04.16-18.32.31:900][ 10]LogAssetRegistry: Asset discovery search completed in 74.5882 seconds
[2015.04.16-18.33.27:395][175]LogD3D11RHI: Timed out while waiting for GPU to catch up. (0.5 s)
[2015.04.16-18.33.55:764][258]LogD3D11RHI: Timed out while waiting for GPU to catch up. (0.5 s)
[2015.04.16-18.34.20:412][331]LogD3D11RHI: Timed out while waiting for GPU to catch up. (0.5 s)
[2015.04.16-18.34.22:469][336]LogD3D11RHI: Timed out while waiting for GPU to catch up. (0.5 s)
[2015.04.16-18.34.24:825][341]LogD3D11RHI: Timed out while waiting for GPU to catch up. (0.5 s)
[2015.04.16-18.34.27:314][346]LogD3D11RHI: Timed out while waiting for GPU to catch up. (0.5 s)
[2015.04.16-18.34.28:073][348]LogD3D11RHI: Timed out while waiting for GPU to catch up. (0.5 s)
[2015.04.16-18.34.41:877][389]LogD3D11RHI: Timed out while waiting for GPU to catch up. (0.5 s)
[2015.04.16-18.34.42:865][391]LogD3D11RHI: Timed out while waiting for GPU to catch up. (0.5 s)
[2015.04.16-18.34.43:743][393]LogD3D11RHI: Timed out while waiting for GPU to catch up. (0.5 s)
[2015.04.16-18.35.12:751][479]LogD3D11RHI: Timed out while waiting for GPU to catch up. (0.5 s)
[2015.04.16-18.35.33:431][538]LogD3D11RHI: Timed out while waiting for GPU to catch up. (0.5 s)
[2015.04.16-18.35.41:651][558]LogD3D11RHI: Timed out while waiting for GPU to catch up. (0.5 s)
[2015.04.16-18.35.42:737][560]LogD3D11RHI: Timed out while waiting for GPU to catch up. (0.5 s)
[2015.04.16-18.35.45:658][564]LogD3D11RHI: Timed out while waiting for GPU to catch up. (0.5 s)
[2015.04.16-18.35.46:678][566]LogD3D11RHI: Timed out while waiting for GPU to catch up. (0.5 s)
[2015.04.16-18.35.51:687][581]LogD3D11RHI: Timed out while waiting for GPU to catch up. (0.5 s)
[2015.04.16-18.35.54:483][589]LogD3D11RHI: Timed out while waiting for GPU to catch up. (0.5 s)
[2015.04.16-18.36.01:503][607]LogD3D11RHI: Timed out while waiting for GPU to catch up. (0.5 s)
[2015.04.16-18.36.02:870][610]LogD3D11RHI: Timed out while waiting for GPU to catch up. (0.5 s)
[2015.04.16-18.36.04:883][614]LogD3D11RHI: Timed out while waiting for GPU to catch up. (0.5 s)
[2015.04.16-18.36.06:929][618]LogD3D11RHI: Timed out while waiting for GPU to catch up. (0.5 s)
[2015.04.16-18.36.13:217][632]LogD3D11RHI: Timed out while waiting for GPU to catch up. (0.5 s)
[2015.04.16-18.36.15:227][636]LogD3D11RHI: Timed out while waiting for GPU to catch up. (0.5 s)
[2015.04.16-18.36.17:251][640]LogD3D11RHI: Timed out while waiting for GPU to catch up. (0.5 s)
[2015.04.16-18.36.19:266][644]LogD3D11RHI: Timed out while waiting for GPU to catch up. (0.5 s)
[2015.04.16-18.36.23:252][651]LogD3D11RHI: Timed out while waiting for GPU to catch up. (0.5 s)
[2015.04.16-18.36.25:244][655]LogD3D11RHI: Timed out while waiting for GPU to catch up. (0.5 s)
[2015.04.16-18.36.27:233][659]LogD3D11RHI: Timed out while waiting for GPU to catch up. (0.5 s)
[2015.04.16-18.36.29:240][663]LogD3D11RHI: Timed out while waiting for GPU to catch up. (0.5 s)
[2015.04.16-18.36.31:218][667]LogD3D11RHI: Timed out while waiting for GPU to catch up. (0.5 s)
[2015.04.16-18.36.33:201][671]LogD3D11RHI: Timed out while waiting for GPU to catch up. (0.5 s)
[2015.04.16-18.36.35:164][675]LogD3D11RHI: Timed out while waiting for GPU to catch up. (0.5 s)
[2015.04.16-18.36.37:229][679]LogD3D11RHI: Timed out while waiting for GPU to catch up. (0.5 s)
[2015.04.16-18.36.39:201][683]LogD3D11RHI: Timed out while waiting for GPU to catch up. (0.5 s)
[2015.04.16-18.36.41:165][687]LogD3D11RHI: Timed out while waiting for GPU to catch up. (0.5 s)
[2015.04.16-18.36.43:143][691]LogD3D11RHI: Timed out while waiting for GPU to catch up. (0.5 s)
[2015.04.16-18.37.19:127][792]LogD3D11RHI: Timed out while waiting for GPU to catch up. (500 ms)
[2015.04.16-18.37.19:480][793]LogD3D11RHI: Timed out while waiting for GPU to catch up. (500 ms)
[2015.04.16-18.37.19:980][794]LogD3D11RHI: Timed out while waiting for GPU to catch up. (500 ms)
[2015.04.16-18.37.20:480][795]LogD3D11RHI: Timed out while waiting for GPU to catch up. (500 ms)
[2015.04.16-18.37.20:980][796]LogD3D11RHI: Timed out while waiting for GPU to catch up. (500 ms)
[2015.04.16-18.37.21:481][797]LogD3D11RHI: Timed out while waiting for GPU to catch up. (500 ms)
[2015.04.16-18.37.22:228][798]LogD3D11RHI: Timed out while waiting for GPU to catch up. (500 ms)
[2015.04.16-18.37.22:708][799]LogD3D11RHI: Timed out while waiting for GPU to catch up. (500 ms)
[2015.04.16-18.37.23:208][800]LogD3D11RHI: Timed out while waiting for GPU to catch up. (500 ms)
[2015.04.16-18.37.23:709][801]LogD3D11RHI: Timed out while waiting for GPU to catch up. (500 ms)
[2015.04.16-18.37.24:208][802]LogD3D11RHI: Timed out while waiting for GPU to catch up. (500 ms)
[2015.04.16-18.37.24:709][803]LogD3D11RHI: Timed out while waiting for GPU to catch up. (500 ms)
[2015.04.16-18.37.25:209][804]LogD3D11RHI: Timed out while waiting for GPU to catch up. (500 ms)
[2015.04.16-18.37.25:710][805]LogD3D11RHI: Timed out while waiting for GPU to catch up. (500 ms)
[2015.04.16-18.37.26:211][806]LogD3D11RHI: Timed out while waiting for GPU to catch up. (500 ms)
[2015.04.16-18.37.26:711][807]LogD3D11RHI: Timed out while waiting for GPU to catch up. (500 ms)
[2015.04.16-18.37.27:211][808]LogD3D11RHI: Timed out while waiting for GPU to catch up. (500 ms)
[2015.04.16-18.37.27:713][809]LogD3D11RHI: Timed out while waiting for GPU to catch up. (500 ms)
[2015.04.16-18.37.28:211][810]LogD3D11RHI: Timed out while waiting for GPU to catch up. (500 ms)
[2015.04.16-18.37.28:711][811]LogD3D11RHI: Timed out while waiting for GPU to catch up. (500 ms)
[2015.04.16-18.37.29:212][812]LogD3D11RHI: Timed out while waiting for GPU to catch up. (500 ms)
[2015.04.16-18.37.29:712][813]LogD3D11RHI: Timed out while waiting for GPU to catch up. (500 ms)
[2015.04.16-18.37.30:212][814]LogD3D11RHI: Timed out while waiting for GPU to catch up. (500 ms)
[2015.04.16-18.37.30:712][815]LogD3D11RHI: Timed out while waiting for GPU to catch up. (500 ms)
[2015.04.16-18.37.31:212][816]LogD3D11RHI: Timed out while waiting for GPU to catch up. (500 ms)
[2015.04.16-18.37.31:713][817]LogD3D11RHI: Timed out while waiting for GPU to catch up. (500 ms)
[2015.04.16-18.37.32:213][818]LogD3D11RHI: Timed out while waiting for GPU to catch up. (500 ms)
[2015.04.16-18.37.32:713][819]LogD3D11RHI: Timed out while waiting for GPU to catch up. (500 ms)
[2015.04.16-18.37.33:213][820]LogD3D11RHI: Timed out while waiting for GPU to catch up. (500 ms)
[2015.04.16-18.37.33:716][821]LogD3D11RHI: Timed out while waiting for GPU to catch up. (500 ms)
[2015.04.16-18.37.34:214][822]LogD3D11RHI: Timed out while waiting for GPU to catch up. (500 ms)
[2015.04.16-18.37.34:714][823]LogD3D11RHI: Timed out while waiting for GPU to catch up. (500 ms)
[2015.04.16-18.37.35:214][824]LogD3D11RHI: Timed out while waiting for GPU to catch up. (500 ms)
[2015.04.16-18.37.35:714][825]LogD3D11RHI: Timed out while waiting for GPU to catch up. (500 ms)
[2015.04.16-18.37.36:214][826]LogD3D11RHI: Timed out while waiting for GPU to catch up. (500 ms)
[2015.04.16-18.37.36:715][827]LogD3D11RHI: Timed out while waiting for GPU to catch up. (500 ms)
[2015.04.16-18.37.37:215][828]LogD3D11RHI: Timed out while waiting for GPU to catch up. (500 ms)
[2015.04.16-18.37.37:715][829]LogD3D11RHI: Timed out while waiting for GPU to catch up. (500 ms)
[2015.04.16-18.37.38:215][830]LogD3D11RHI: Timed out while waiting for GPU to catch up. (500 ms)
[2015.04.16-18.37.38:715][831]LogD3D11RHI: Timed out while waiting for GPU to catch up. (500 ms)
[2015.04.16-18.37.39:215][832]LogD3D11RHI: Timed out while waiting for GPU to catch up. (500 ms)
[2015.04.16-18.37.39:716][833]LogD3D11RHI: Timed out while waiting for GPU to catch up. (500 ms)
[2015.04.16-18.37.40:216][834]LogD3D11RHI: Timed out while waiting for GPU to catch up. (500 ms)
[2015.04.16-18.37.40:716][835]LogD3D11RHI: Timed out while waiting for GPU to catch up. (500 ms)
[2015.04.16-18.37.41:216][836]LogD3D11RHI: Timed out while waiting for GPU to catch up. (500 ms)
[2015.04.16-18.37.41:716][837]LogD3D11RHI: Timed out while waiting for GPU to catch up. (500 ms)
[2015.04.16-18.37.42:216][838]LogD3D11RHI: Timed out while waiting for GPU to catch up. (500 ms)
[2015.04.16-18.37.42:717][839]LogD3D11RHI: Timed out while waiting for GPU to catch up. (500 ms)
[2015.04.16-18.37.43:218][840]LogD3D11RHI: Timed out while waiting for GPU to catch up. (500 ms)
[2015.04.16-18.37.43:718][841]LogD3D11RHI: Timed out while waiting for GPU to catch up. (500 ms)
[2015.04.16-18.37.44:218][842]LogD3D11RHI: Timed out while waiting for GPU to catch up. (500 ms)
[2015.04.16-18.37.44:719][843]LogD3D11RHI: Timed out while waiting for GPU to catch up. (500 ms)
[2015.04.16-18.37.45:219][844]LogD3D11RHI: Timed out while waiting for GPU to catch up. (500 ms)
[2015.04.16-18.37.45:720][845]LogD3D11RHI: Timed out while waiting for GPU to catch up. (500 ms)
[2015.04.16-18.37.46:228][846]LogD3D11RHI: Timed out while waiting for GPU to catch up. (500 ms)
[2015.04.16-18.37.46:728][847]LogD3D11RHI: Timed out while waiting for GPU to catch up. (500 ms)
[2015.04.16-18.37.47:228][848]LogD3D11RHI: Timed out while waiting for GPU to catch up. (500 ms)
[2015.04.16-18.37.47:728][849]LogD3D11RHI: Timed out while waiting for GPU to catch up. (500 ms)
[2015.04.16-18.37.48:228][850]LogD3D11RHI: Timed out while waiting for GPU to catch up. (500 ms)
[2015.04.16-18.37.48:729][851]LogD3D11RHI: Timed out while waiting for GPU to catch up. (500 ms)
[2015.04.16-18.37.49:229][852]LogD3D11RHI: Timed out while waiting for GPU to catch up. (500 ms)
[2015.04.16-18.37.49:729][853]LogD3D11RHI: Timed out while waiting for GPU to catch up. (500 ms)
[2015.04.16-18.37.50:229][854]LogD3D11RHI: Timed out while waiting for GPU to catch up. (500 ms)
[2015.04.16-18.37.50:729][855]LogD3D11RHI: Timed out while waiting for GPU to catch up. (500 ms)
[2015.04.16-18.37.51:230][856]LogD3D11RHI: Timed out while waiting for GPU to catch up. (500 ms)
[2015.04.16-18.37.51:730][857]LogD3D11RHI: Timed out while waiting for GPU to catch up. (500 ms)
[2015.04.16-18.37.52:230][858]LogD3D11RHI: Timed out while waiting for GPU to catch up. (500 ms)
[2015.04.16-18.37.52:730][859]LogD3D11RHI: Timed out while waiting for GPU to catch up. (500 ms)
[2015.04.16-18.37.53:230][860]LogD3D11RHI: Timed out while waiting for GPU to catch up. (500 ms)
[2015.04.16-18.37.53:731][861]LogD3D11RHI: Timed out while waiting for GPU to catch up. (500 ms)
[2015.04.16-18.37.54:231][862]LogD3D11RHI: Timed out while waiting for GPU to catch up. (500 ms)
[2015.04.16-18.37.54:731][863]LogD3D11RHI: Timed out while waiting for GPU to catch up. (500 ms)
[2015.04.16-18.37.55:231][864]LogD3D11RHI: Timed out while waiting for GPU to catch up. (500 ms)
[2015.04.16-18.37.55:731][865]LogD3D11RHI: Timed out while waiting for GPU to catch up. (500 ms)
[2015.04.16-18.37.56:232][866]LogD3D11RHI: Timed out while waiting for GPU to catch up. (500 ms)
[2015.04.16-18.37.56:732][867]LogD3D11RHI: Timed out while waiting for GPU to catch up. (500 ms)
[2015.04.16-18.37.57:232][868]LogD3D11RHI: Timed out while waiting for GPU to catch up. (500 ms)
[2015.04.16-18.37.57:732][869]LogD3D11RHI: Timed out while waiting for GPU to catch up. (500 ms)
[2015.04.16-18.37.58:232][870]LogD3D11RHI: Timed out while waiting for GPU to catch up. (500 ms)
[2015.04.16-18.37.58:732][871]LogD3D11RHI: Timed out while waiting for GPU to catch up. (500 ms)
[2015.04.16-18.37.59:233][872]LogD3D11RHI: Timed out while waiting for GPU to catch up. (500 ms)
[2015.04.16-18.37.59:733][873]LogD3D11RHI: Timed out while waiting for GPU to catch up. (500 ms)
[2015.04.16-18.38.00:233][874]LogD3D11RHI: Timed out while waiting for GPU to catch up. (500 ms)
[2015.04.16-18.38.00:734][875]LogD3D11RHI: Timed out while waiting for GPU to catch up. (500 ms)
[2015.04.16-18.38.01:281][876]LogD3D11RHI: Timed out while waiting for GPU to catch up. (500 ms)
[2015.04.16-18.38.01:735][877]LogD3D11RHI: Timed out while waiting for GPU to catch up. (500 ms)
[2015.04.16-18.38.02:235][878]LogD3D11RHI: Timed out while waiting for GPU to catch up. (500 ms)
[2015.04.16-18.38.02:735][879]LogD3D11RHI: Timed out while waiting for GPU to catch up. (500 ms)
[2015.04.16-18.38.03:235][880]LogD3D11RHI: Timed out while waiting for GPU to catch up. (500 ms)
[2015.04.16-18.38.03:735][881]LogD3D11RHI: Timed out while waiting for GPU to catch up. (500 ms)
[2015.04.16-18.38.04:236][882]LogD3D11RHI: Timed out while waiting for GPU to catch up. (500 ms)
[2015.04.16-18.38.04:736][883]LogD3D11RHI: Timed out while waiting for GPU to catch up. (500 ms)
[2015.04.16-18.38.05:236][884]LogD3D11RHI: Timed out while waiting for GPU to catch up. (500 ms)
[2015.04.16-18.38.05:736][885]LogD3D11RHI: Timed out while waiting for GPU to catch up. (500 ms)
[2015.04.16-18.38.06:236][886]LogD3D11RHI: Timed out while waiting for GPU to catch up. (500 ms)
[2015.04.16-18.38.06:736][887]LogD3D11RHI: Timed out while waiting for GPU to catch up. (500 ms)
[2015.04.16-18.38.07:237][888]LogD3D11RHI: Timed out while waiting for GPU to catch up. (500 ms)
[2015.04.16-18.38.07:739][889]LogD3D11RHI: Timed out while waiting for GPU to catch up. (500 ms)
[2015.04.16-18.38.08:237][890]LogD3D11RHI: Timed out while waiting for GPU to catch up. (500 ms)
[2015.04.16-18.38.08:737][891]LogD3D11RHI: Timed out while waiting for GPU to catch up. (500 ms)
[2015.04.16-18.38.09:237][892]LogD3D11RHI: Timed out while waiting for GPU to catch up. (500 ms)
[2015.04.16-18.38.09:738][893]LogD3D11RHI: Timed out while waiting for GPU to catch up. (500 ms)
[2015.04.16-18.38.10:238][894]LogD3D11RHI: Timed out while waiting for GPU to catch up. (500 ms)
[2015.04.16-18.38.10:738][895]LogD3D11RHI: Timed out while waiting for GPU to catch up. (500 ms)
[2015.04.16-18.38.11:263][896]LogD3D11RHI: Timed out while waiting for GPU to catch up. (500 ms)
[2015.04.16-18.38.11:740][897]LogD3D11RHI: Timed out while waiting for GPU to catch up. (500 ms)
[2015.04.16-18.38.12:240][898]LogD3D11RHI: Timed out while waiting for GPU to catch up. (500 ms)
[2015.04.16-18.38.12:741][899]LogD3D11RHI: Timed out while waiting for GPU to catch up. (500 ms)
[2015.04.16-18.38.13:241][900]LogD3D11RHI: Timed out while waiting for GPU to catch up. (500 ms)
[2015.04.16-18.38.13:741][901]LogD3D11RHI: Timed out while waiting for GPU to catch up. (500 ms)
[2015.04.16-18.38.14:241][902]LogD3D11RHI: Timed out while waiting for GPU to catch up. (500 ms)
[2015.04.16-18.38.14:741][903]LogD3D11RHI: Timed out while waiting for GPU to catch up. (500 ms)
[2015.04.16-18.38.15:242][904]LogD3D11RHI: Timed out while waiting for GPU to catch up. (500 ms)
[2015.04.16-18.38.15:742][905]LogD3D11RHI: Timed out while waiting for GPU to catch up. (500 ms)
[2015.04.16-18.38.16:242][906]LogD3D11RHI: Timed out while waiting for GPU to catch up. (500 ms)
[2015.04.16-18.38.16:742][907]LogD3D11RHI: Timed out while waiting for GPU to catch up. (500 ms)
[2015.04.16-18.38.17:242][908]LogD3D11RHI: Timed out while waiting for GPU to catch up. (500 ms)
[2015.04.16-18.38.17:742][909]LogD3D11RHI: Timed out while waiting for GPU to catch up. (500 ms)
[2015.04.16-18.38.18:244][910]LogD3D11RHI: Timed out while waiting for GPU to catch up. (500 ms)
[2015.04.16-18.38.18:744][911]LogD3D11RHI: Timed out while waiting for GPU to catch up. (500 ms)
[2015.04.16-18.38.19:244][912]LogD3D11RHI: Timed out while waiting for GPU to catch up. (500 ms)
[2015.04.16-18.38.19:958][913]LogD3D11RHI: Timed out while waiting for GPU to catch up. (500 ms)
[2015.04.16-18.38.20:458][914]LogD3D11RHI: Timed out while waiting for GPU to catch up. (500 ms)
[2015.04.16-18.38.20:958][915]LogD3D11RHI: Timed out while waiting for GPU to catch up. (500 ms)
[2015.04.16-18.38.21:458][916]LogD3D11RHI: Timed out while waiting for GPU to catch up. (500 ms)
[2015.04.16-18.38.21:958][917]LogD3D11RHI: Timed out while waiting for GPU to catch up. (500 ms)
[2015.04.16-18.38.22:459][918]LogD3D11RHI: Timed out while waiting for GPU to catch up. (500 ms)
[2015.04.16-18.38.22:959][919]LogD3D11RHI: Timed out while waiting for GPU to catch up. (500 ms)
[2015.04.16-18.38.23:459][920]LogD3D11RHI: Timed out while waiting for GPU to catch up. (500 ms)
[2015.04.16-18.38.23:959][921]LogD3D11RHI: Timed out while waiting for GPU to catch up. (500 ms)
[2015.04.16-18.38.24:459][922]LogD3D11RHI: Timed out while waiting for GPU to catch up. (500 ms)
[2015.04.16-18.38.24:960][923]LogD3D11RHI: Timed out while waiting for GPU to catch up. (500 ms)
[2015.04.16-18.38.25:460][924]LogD3D11RHI: Timed out while waiting for GPU to catch up. (500 ms)
[2015.04.16-18.38.25:960][925]LogD3D11RHI: Timed out while waiting for GPU to catch up. (500 ms)
[2015.04.16-18.38.26:460][926]LogD3D11RHI: Timed out while waiting for GPU to catch up. (500 ms)
[2015.04.16-18.38.26:960][927]LogD3D11RHI: Timed out while waiting for GPU to catch up. (500 ms)
[2015.04.16-18.38.27:461][928]LogD3D11RHI: Timed out while waiting for GPU to catch up. (500 ms)
[2015.04.16-18.38.27:961][929]LogD3D11RHI: Timed out while waiting for GPU to catch up. (500 ms)
[2015.04.16-18.38.28:462][930]LogD3D11RHI: Timed out while waiting for GPU to catch up. (500 ms)
[2015.04.16-18.38.28:961][931]LogD3D11RHI: Timed out while waiting for GPU to catch up. (500 ms)
[2015.04.16-18.38.29:461][932]LogD3D11RHI: Timed out while waiting for GPU to catch up. (500 ms)
[2015.04.16-18.38.29:962][933]LogD3D11RHI: Timed out while waiting for GPU to catch up. (500 ms)
[2015.04.16-18.38.30:462][934]LogD3D11RHI: Timed out while waiting for GPU to catch up. (500 ms)
[2015.04.16-18.38.30:963][935]LogD3D11RHI: Timed out while waiting for GPU to catch up. (500 ms)
[2015.04.16-18.38.31:464][936]LogD3D11RHI: Timed out while waiting for GPU to catch up. (500 ms)
[2015.04.16-18.38.31:964][937]LogD3D11RHI: Timed out while waiting for GPU to catch up. (500 ms)
[2015.04.16-18.38.32:464][938]LogD3D11RHI: Timed out while waiting for GPU to catch up. (500 ms)
[2015.04.16-18.38.32:965][939]LogD3D11RHI: Timed out while waiting for GPU to catch up. (500 ms)
[2015.04.16-18.38.33:465][940]LogD3D11RHI: Timed out while waiting for GPU to catch up. (500 ms)
[2015.04.16-18.38.33:965][941]LogD3D11RHI: Timed out while waiting for GPU to catch up. (500 ms)
[2015.04.16-18.38.34:465][942]LogD3D11RHI: Timed out while waiting for GPU to catch up. (500 ms)
[2015.04.16-18.38.34:965][943]LogD3D11RHI: Timed out while waiting for GPU to catch up. (500 ms)
[2015.04.16-18.38.35:466][944]LogD3D11RHI: Timed out while waiting for GPU to catch up. (500 ms)
[2015.04.16-18.38.35:967][945]LogD3D11RHI: Timed out while waiting for GPU to catch up. (500 ms)
[2015.04.16-18.38.36:467][946]LogD3D11RHI: Timed out while waiting for GPU to catch up. (500 ms)
[2015.04.16-18.38.36:967][947]LogD3D11RHI: Timed out while waiting for GPU to catch up. (500 ms)
[2015.04.16-18.38.37:467][948]LogD3D11RHI: Timed out while waiting for GPU to catch up. (500 ms)
[2015.04.16-18.38.37:967][949]LogD3D11RHI: Timed out while waiting for GPU to catch up. (500 ms)
[2015.04.16-18.38.38:468][950]LogD3D11RHI: Timed out while waiting for GPU to catch up. (500 ms)
[2015.04.16-18.38.38:968][951]LogD3D11RHI: Timed out while waiting for GPU to catch up. (500 ms)
[2015.04.16-18.38.39:468][952]LogD3D11RHI: Timed out while waiting for GPU to catch up. (500 ms)
[2015.04.16-18.38.39:968][953]LogD3D11RHI: Timed out while waiting for GPU to catch up. (500 ms)
[2015.04.16-18.38.40:468][954]LogD3D11RHI: Timed out while waiting for GPU to catch up. (500 ms)
[2015.04.16-18.38.40:968][955]LogD3D11RHI: Timed out while waiting for GPU to catch up. (500 ms)
[2015.04.16-18.38.41:469][956]LogD3D11RHI: Timed out while waiting for GPU to catch up. (500 ms)
[2015.04.16-18.38.41:969][957]LogD3D11RHI: Timed out while waiting for GPU to catch up. (500 ms)
[2015.04.16-18.38.42:469][958]LogD3D11RHI: Timed out while waiting for GPU to catch up. (500 ms)
[2015.04.16-18.38.42:969][959]LogD3D11RHI: Timed out while waiting for GPU to catch up. (500 ms)
[2015.04.16-18.38.43:469][960]LogD3D11RHI: Timed out while waiting for GPU to catch up. (500 ms)
[2015.04.16-18.38.43:970][961]LogD3D11RHI: Timed out while waiting for GPU to catch up. (500 ms)
[2015.04.16-18.38.44:470][962]LogD3D11RHI: Timed out while waiting for GPU to catch up. (500 ms)
[2015.04.16-18.38.45:001][963]LogD3D11RHI: Timed out while waiting for GPU to catch up. (500 ms)
[2015.04.16-18.38.45:470][964]LogD3D11RHI: Timed out while waiting for GPU to catch up. (500 ms)
[2015.04.16-18.38.45:970][965]LogD3D11RHI: Timed out while waiting for GPU to catch up. (500 ms)
[2015.04.16-18.38.46:470][966]LogD3D11RHI: Timed out while waiting for GPU to catch up. (500 ms)
[2015.04.16-18.38.46:970][967]LogD3D11RHI: Timed out while waiting for GPU to catch up. (500 ms)
[2015.04.16-18.38.47:471][968]LogD3D11RHI: Timed out while waiting for GPU to catch up. (500 ms)
[2015.04.16-18.38.47:971][969]LogD3D11RHI: Timed out while waiting for GPU to catch up. (500 ms)
[2015.04.16-18.38.48:471][970]LogD3D11RHI: Timed out while waiting for GPU to catch up. (500 ms)
[2015.04.16-18.38.48:971][971]LogD3D11RHI: Timed out while waiting for GPU to catch up. (500 ms)
[2015.04.16-18.38.49:471][972]LogD3D11RHI: Timed out while waiting for GPU to catch up. (500 ms)
[2015.04.16-18.38.49:971][973]LogD3D11RHI: Timed out while waiting for GPU to catch up. (500 ms)
[2015.04.16-18.38.50:472][974]LogD3D11RHI: Timed out while waiting for GPU to catch up. (500 ms)
[2015.04.16-18.38.50:972][975]LogD3D11RHI: Timed out while waiting for GPU to catch up. (500 ms)
[2015.04.16-18.38.51:472][976]LogD3D11RHI: Timed out while waiting for GPU to catch up. (500 ms)
[2015.04.16-18.38.51:972][977]LogD3D11RHI: Timed out while waiting for GPU to catch up. (500 ms)
[2015.04.16-18.38.52:472][978]LogD3D11RHI: Timed out while waiting for GPU to catch up. (500 ms)
[2015.04.16-18.38.52:972][979]LogD3D11RHI: Timed out while waiting for GPU to catch up. (500 ms)
[2015.04.16-18.38.53:474][980]LogD3D11RHI: Timed out while waiting for GPU to catch up. (500 ms)
[2015.04.16-18.38.53:974][981]LogD3D11RHI: Timed out while waiting for GPU to catch up. (500 ms)
[2015.04.16-18.38.54:474][982]LogD3D11RHI: Timed out while waiting for GPU to catch up. (500 ms)
[2015.04.16-18.38.54:974][983]LogD3D11RHI: Timed out while waiting for GPU to catch up. (500 ms)
[2015.04.16-18.38.55:475][984]LogD3D11RHI: Timed out while waiting for GPU to catch up. (500 ms)
[2015.04.16-18.38.55:974][985]LogD3D11RHI: Timed out while waiting for GPU to catch up. (500 ms)
[2015.04.16-18.38.56:475][986]LogD3D11RHI: Timed out while waiting for GPU to catch up. (500 ms)
[2015.04.16-18.38.56:975][987]LogD3D11RHI: Timed out while waiting for GPU to catch up. (500 ms)
[2015.04.16-18.38.57:475][988]LogD3D11RHI: Timed out while waiting for GPU to catch up. (500 ms)
[2015.04.16-18.38.57:975][989]LogD3D11RHI: Timed out while waiting for GPU to catch up. (500 ms)
[2015.04.16-18.38.58:476][990]LogD3D11RHI: Timed out while waiting for GPU to catch up. (500 ms)
[2015.04.16-18.38.58:976][991]LogD3D11RHI: Timed out while waiting for GPU to catch up. (500 ms)
[2015.04.16-18.38.59:476][992]LogD3D11RHI: Timed out while waiting for GPU to catch up. (500 ms)
[2015.04.16-18.38.59:976][993]LogD3D11RHI: Timed out while waiting for GPU to catch up. (500 ms)
[2015.04.16-18.39.00:476][994]LogD3D11RHI: Timed out while waiting for GPU to catch up. (500 ms)
[2015.04.16-18.39.00:977][995]LogD3D11RHI: Timed out while waiting for GPU to catch up. (500 ms)
[2015.04.16-18.39.01:477][996]LogD3D11RHI: Timed out while waiting for GPU to catch up. (500 ms)
[2015.04.16-18.39.01:977][997]LogD3D11RHI: Timed out while waiting for GPU to catch up. (500 ms)
[2015.04.16-18.39.02:477][998]LogD3D11RHI: Timed out while waiting for GPU to catch up. (500 ms)
[2015.04.16-18.39.02:977][999]LogD3D11RHI: Timed out while waiting for GPU to catch up. (500 ms)
[2015.04.16-18.39.03:478][  0]LogD3D11RHI: Timed out while waiting for GPU to catch up. (500 ms)
[2015.04.16-18.39.03:978][  1]LogD3D11RHI: Timed out while waiting for GPU to catch up. (500 ms)
[2015.04.16-18.39.04:478][  2]LogD3D11RHI: Timed out while waiting for GPU to catch up. (500 ms)
[2015.04.16-18.39.04:979][  3]LogD3D11RHI: Timed out while waiting for GPU to catch up. (500 ms)
[2015.04.16-18.39.05:479][  4]LogD3D11RHI: Timed out while waiting for GPU to catch up. (500 ms)
[2015.04.16-18.39.05:983][  5]LogD3D11RHI: Timed out while waiting for GPU to catch up. (500 ms)
[2015.04.16-18.39.06:480][  6]LogD3D11RHI: Timed out while waiting for GPU to catch up. (500 ms)
[2015.04.16-18.39.06:980][  7]LogD3D11RHI: Timed out while waiting for GPU to catch up. (500 ms)
[2015.04.16-18.39.07:480][  8]LogD3D11RHI: Timed out while waiting for GPU to catch up. (500 ms)
[2015.04.16-18.39.07:980][  9]LogD3D11RHI: Timed out while waiting for GPU to catch up. (500 ms)
[2015.04.16-18.39.08:480][ 10]LogD3D11RHI: Timed out while waiting for GPU to catch up. (500 ms)
[2015.04.16-18.39.08:980][ 11]LogD3D11RHI: Timed out while waiting for GPU to catch up. (500 ms)
[2015.04.16-18.39.09:480][ 12]LogD3D11RHI: Timed out while waiting for GPU to catch up. (500 ms)
[2015.04.16-18.39.09:981][ 13]LogD3D11RHI: Timed out while waiting for GPU to catch up. (500 ms)
[2015.04.16-18.39.10:481][ 14]LogD3D11RHI: Timed out while waiting for GPU to catch up. (500 ms)
[2015.04.16-18.39.10:982][ 15]LogD3D11RHI: Timed out while waiting for GPU to catch up. (500 ms)
[2015.04.16-18.39.11:482][ 16]LogD3D11RHI: Timed out while waiting for GPU to catch up. (500 ms)
[2015.04.16-18.40.22:956][ 29]LogD3D11RHI: Timed out while waiting for GPU to catch up. (500 ms)
[2015.04.16-18.40.24:406][ 33]LogD3D11RHI: Timed out while waiting for GPU to catch up. (500 ms)
[2015.04.16-18.44.23:435][741]LogD3D11RHI: Timed out while waiting for GPU to catch up. (500 ms)
[2015.04.16-18.44.23:916][742]LogD3D11RHI: Timed out while waiting for GPU to catch up. (500 ms)
[2015.04.16-18.46.07:161][239]LogD3D11RHI:Error: Direct3DDevice->CreateBuffer(&Desc,pInitData,VertexBufferResource.GetInitReference()) failed 
 at D:\BuildFarm\buildmachine_++depot+UE4-Releases+4.7\Engine\Source\Runtime\Windows\D3D11RHI\Private\D3D11VertexBuffer.cpp:75 
 with error DXGI_ERROR_DEVICE_REMOVED
[2015.04.16-18.46.08:658][240]LogWindows: FPlatformMisc::RequestExit(1)
[2015.04.16-18.46.08:717][240]Log file closed, 04/16/15 11:46:08
