Log file open, 04/18/15 10:38:46
LogInit:Display: Running engine for game: StealthDemo
LogInit: Version: 4.7.4-2497108+++depot+UE4-Releases+4.7
LogInit: API Version: 2455222
LogInit: Compiled (64-bit): Mar 31 2015 09:40:25
LogInit: Compiled with Visual C++: 18.00.21005.01
LogInit: Build Configuration: Development
LogInit: Branch Name: ++depot+UE4-Releases+4.7
LogInit: Command line:  
LogInit: Base directory: C:/Program Files/Epic Games/4.7/Engine/Binaries/Win64/
LogInit: Rocket: 1
[2015.04.18-17.38.46:675][  0]LogTaskGraph: Started task graph with 3 named threads and 4 total threads.
[2015.04.18-17.38.46:707][  0]LogOnline:Warning: No default platform service specified for OnlineSubsystem
[2015.04.18-17.38.46:885][  0]LogInit: Presizing for 0 objects not considered by GC, pre-allocating 0 bytes.
[2015.04.18-17.38.46:893][  0]LogInit: Object subsystem initialized
[2015.04.18-17.38.46:895][  0]LogConsoleResponse:Warning: Skipping Unknown console variable: 'TranslucentSortAxis = (X=0.000000,Y=-1.000000,Z=0.000000)'
[2015.04.18-17.38.46:895][  0]LogConsoleResponse:Warning:   Found in ini file 'C:/Users/Jimmy/StealthDemo/Saved/Config/Windows/Engine.ini', in section '[/Script/Engine.RendererSettings]'
[2015.04.18-17.38.46:895][  0]LogConsoleResponse:Warning: Skipping Unknown console variable: 'UIScaleRule = ShortestSide'
[2015.04.18-17.38.46:895][  0]LogConsoleResponse:Warning:   Found in ini file 'C:/Users/Jimmy/StealthDemo/Saved/Config/Windows/Engine.ini', in section '[/Script/Engine.RendererSettings]'
[2015.04.18-17.38.46:895][  0]LogConsoleResponse:Warning: Skipping Unknown console variable: 'UIScaleCurve = (EditorCurveData=(Keys=),ExternalCurve=None)'
[2015.04.18-17.38.46:895][  0]LogConsoleResponse:Warning:   Found in ini file 'C:/Users/Jimmy/StealthDemo/Saved/Config/Windows/Engine.ini', in section '[/Script/Engine.RendererSettings]'
[2015.04.18-17.38.46:895][  0]LogInit: Selected Device Profile: [Windows]
[2015.04.18-17.38.46:895][  0]LogInit: Applying CVar settings loaded from the selected device profile: [Windows]
[2015.04.18-17.38.46:908][  0]LogInit: Computer: JPC
[2015.04.18-17.38.46:908][  0]LogInit: User: Jimmy
[2015.04.18-17.38.46:908][  0]LogInit: CPU Page size=4096, Cores=2
[2015.04.18-17.38.46:908][  0]LogInit: High frequency timer resolution =2.728067 MHz
[2015.04.18-17.38.46:908][  0]LogMemory: Memory total: Physical=7.9GB (8GB approx) Virtual=131072.0GB
[2015.04.18-17.38.46:909][  0]LogMemory: Platform Memory Stats for Windows
[2015.04.18-17.38.46:909][  0]LogMemory: Process Physical Memory: 45.72 MB used, 45.72 MB peak
[2015.04.18-17.38.46:909][  0]LogMemory: Process Virtual Memory: 22.38 MB used, 22.38 MB peak
[2015.04.18-17.38.46:909][  0]LogMemory: Physical Memory: 4389.05 MB used, 8104.27 MB total
[2015.04.18-17.38.46:909][  0]LogMemory: Virtual Memory: 292.94 MB used, 134217728.00 MB total
[2015.04.18-17.38.48:839][  0]LogD3D11RHI: Found D3D11 adapter 0: NVIDIA GeForce GTX 860M   (Feature Level 11_0)
[2015.04.18-17.38.48:839][  0]LogD3D11RHI: Adapter has 1972MB of dedicated video memory, 0MB of dedicated system memory, and 2048MB of shared system memory, 1 output[s]
[2015.04.18-17.38.49:045][  0]LogD3D11RHI: Found D3D11 adapter 1: Intel(R) HD Graphics 4600 (Feature Level 11_0)
[2015.04.18-17.38.49:045][  0]LogD3D11RHI: Adapter has 0MB of dedicated video memory, 0MB of dedicated system memory, and 1792MB of shared system memory, 0 output[s]
[2015.04.18-17.38.49:048][  0]LogD3D11RHI: Found D3D11 adapter 2: Microsoft Basic Render Driver (Feature Level 11_0)
[2015.04.18-17.38.49:048][  0]LogD3D11RHI: Adapter has 0MB of dedicated video memory, 0MB of dedicated system memory, and 256MB of shared system memory, 0 output[s]
[2015.04.18-17.38.49:048][  0]LogD3D11RHI: Chosen D3D11 Adapter Id = 0
[2015.04.18-17.38.49:055][  0]LogRHI: Texture pool is 1361 MB (70% of 1945 MB)
[2015.04.18-17.38.49:069][  0]LogD3D11RHI: Async texture creation enabled
[2015.04.18-17.38.50:812][  0]LogTextLocalizationManager: The requested culture ('en_US') has no localization data; parent culture's ('en') localization data will be used.
[2015.04.18-17.38.50:885][  0]LogTextLocalizationManager:Warning: Loading localization resources contain conflicting entries for (Namespace:UICommands, Key:Save_ToolTip):
Resource: (C:/Program Files/Epic Games/4.7/Engine/Content/Localization/Editor/en/Editor.locres) Hash: (-29098895) String: (Saves the current level to disk)
Resource: (C:/Program Files/Epic Games/4.7/Engine/Content/Localization/Engine/en/Engine.locres) Hash: (-1280300587) String: (Save selected data to vlog file)
[2015.04.18-17.38.50:885][  0]LogTextLocalizationManager:Warning: Loading localization resources contain conflicting entries for (Namespace:ContentBrowser, Key:ImportAssetToolTip):
Resource: (C:/Program Files/Epic Games/4.7/Engine/Content/Localization/Editor/en/Editor.locres) Hash: (-630476809) String: (Import to {0}...)
Resource: (C:/Program Files/Epic Games/4.7/Engine/Content/Localization/Editor/en/Editor.locres) Hash: (1271782899) String: (Imports an asset from file to this folder.)
[2015.04.18-17.38.50:967][  0]LogContentStreaming: Texture pool size is 0.000000MB
[2015.04.18-17.38.55:255][  0]LogTargetPlatformManager:Display: Building Assets For Windows
[2015.04.18-17.38.56:541][  0]LogTargetPlatformManager:Display: Building Assets For Windows
[2015.04.18-17.38.56:634][  0]LogDerivedDataCache:Display: Max Cache Size: 512 MB
[2015.04.18-17.38.56:674][  0]LogDerivedDataCache: Loaded boot cache 0.04s 39MB C:/Users/Jimmy/AppData/Local/UnrealEngine/4.7/DerivedDataCache/Boot.ddc.
[2015.04.18-17.38.56:674][  0]LogDerivedDataCache:Display: Loaded Boot cache: C:/Users/Jimmy/AppData/Local/UnrealEngine/4.7/DerivedDataCache/Boot.ddc
[2015.04.18-17.38.56:674][  0]LogDerivedDataCache: FDerivedDataBackendGraph:  Pak pak cache file ../../../../../../Users/Jimmy/StealthDemo/DerivedDataCache/DDC.ddp not found, will not use a pak cache.
[2015.04.18-17.38.56:674][  0]LogDerivedDataCache: Unable to find inner node Pak for hierarchical cache Hierarchy.
[2015.04.18-17.38.56:847][  0]LogDerivedDataCache:Display: Pak cache opened for reading ../../../Engine/DerivedDataCache/Compressed.ddp.
[2015.04.18-17.38.56:861][  0]LogDerivedDataCache: Using Local data cache path C:/Users/Jimmy/AppData/Local/UnrealEngine/Common/DerivedDataCache: Writable
[2015.04.18-17.39.06:605][  0]LogMeshUtilities: No automatic mesh reduction module available
[2015.04.18-17.39.06:605][  0]LogMeshUtilities: No automatic mesh merging module available
[2015.04.18-17.39.08:117][  0]LogInit: WinSock: version 1.1 (2.2), MaxSocks=32767, MaxUdp=65467
[2015.04.18-17.39.08:220][  0]LogSlate:Warning: Failed to load font data from '../../../Engine/Content/Slate/Fonts/Roboto-Italic.ttf'
[2015.04.18-17.39.09:805][  0]UdpMessaging: Initializing bridge on interface 0.0.0.0:0 to multicast group 230.0.0.1:6666.
[2015.04.18-17.39.10:067][  0]SourceControl: Info Source control is disabled
[2015.04.18-17.39.10:067][  0]SourceControl: Info Source control is disabled
[2015.04.18-17.39.10:067][  0]SourceControl: Info Source control is disabled
[2015.04.18-17.39.10:067][  0]LogSourceControl: RunCommandInternalRaw: 'git version'
[2015.04.18-17.39.10:067][  0]LogSourceControl: RunCommandInternalRaw: ExecProcess ReturnCode=2 OutResults=''
[2015.04.18-17.39.10:075][  0]SourceControl: Info Source control is disabled
[2015.04.18-17.39.10:348][  0]LogObj: 24232 objects as part of root set at end of initial load.
[2015.04.18-17.39.10:348][  0]LogUObjectAllocator: 5137176 out of 0 bytes used by permanent object pool.
[2015.04.18-17.39.10:485][  0]LogEngine: Initializing Engine...
[2015.04.18-17.39.13:105][  0]LogInit: XAudio2 using 'Speakers (Realtek High Definition Audio)' : 2 channels at 48 kHz using 32 bits per sample (channel mask 0x3)
[2015.04.18-17.39.13:125][  0]LogInit: FAudioDevice initialized.
[2015.04.18-17.39.13:163][  0]LogAIModule: Creating AISystem for world NewWorld
[2015.04.18-17.39.13:186][  0]LogDerivedDataCache: Saved boot cache 0.02s 39MB C:/Users/Jimmy/AppData/Local/UnrealEngine/4.7/DerivedDataCache/Boot.ddc.
[2015.04.18-17.39.13:191][  0]LogInit: Texture streaming: Enabled
[2015.04.18-17.39.13:783][  0]LogAnalytics: Creating configured Analytics provider AnalyticsET
[2015.04.18-17.39.13:783][  0]LogAnalytics: ET APIKey = Rocket.Release. APIServer = http://et2.epicgames.com/ET2/. AppVersion = 4.7.4-2497108+++depot+UE4-Releases+4.7
[2015.04.18-17.39.13:783][  0]LogAnalytics: ET APIKey = Rocket.Release. DataRouterUploadURL = https://datarouter-public-service-gamedev.ol.epicgames.net/datarouter/api/v1/public/data. AppVersion = 4.7.4-2497108+++depot+UE4-Releases+4.7
[2015.04.18-17.39.13:783][  0]LogAnalytics: SetUserId d22899994831325049a3c09a97ca1940|0bf49305baa249a2b1c0f583ad32cf5d|a3f0f8ec-9a91-4b50-9158-36124c84c151
[2015.04.18-17.39.13:784][  0]LogAnalytics: AnalyticsET::StartSession [Rocket.Release]
[2015.04.18-17.39.13:911][  0]LogInit: Transaction tracking system initialized
[2015.04.18-17.39.14:061][  0]BlueprintLog: New page: Editor Load
[2015.04.18-17.39.14:096][  0]LogAssetRegistry: FAssetRegistry took 0.0105 seconds to start up
[2015.04.18-17.39.14:096][  0]LogDirectoryWatcher:Warning: Failed to begin reading directory changes for ../../../Engine/Plugins/Experimental/CharacterAI/Content/. Error: 0
[2015.04.18-17.39.14:779][  0]LogTargetPlatformManager:Display: Building Assets For Windows
[2015.04.18-17.39.15:156][  0]LogTargetPlatformManager:Display: Building Assets For Windows
[2015.04.18-17.39.15:403][  0]LogSlate:Warning: Failed to load font data from '../../../Engine/Content/Editor/Slate/Fonts/Roboto-Regular.ttf'
[2015.04.18-17.39.15:403][  0]LogSlate:Warning: Failed to load font data from '../../../Engine/Content/Editor/Slate/Fonts/Roboto-Bold.ttf'
[2015.04.18-17.39.15:409][  0]LogConsoleResponse:Display: 
[2015.04.18-17.39.17:390][  0]LogCook:Display: Done creating registry. It took  0.00s.
[2015.04.18-17.39.17:540][  0]SourceControl: Info Source control is disabled
[2015.04.18-17.39.17:540][  0]Cmd: MAP LOAD FILE="../../../../../../Users/Jimmy/StealthDemo/Content/FirstPersonBP/Maps/FirstPersonExampleMap.umap" TEMPLATE=0 SHOWPROGRESS=1 FEATURELEVEL=3
[2015.04.18-17.39.17:543][  0]LightingResults: New page: Lighting Build
[2015.04.18-17.39.17:556][  0]MapCheck: New page: Map Check
[2015.04.18-17.39.17:556][  0]LightingResults: New page: Lighting Build
[2015.04.18-17.39.17:574][  0]LogParticles: Destroying 0 GPU particle simulations for FXSystem 0x0000009304970680
[2015.04.18-17.39.17:619][  0]LogLinker:Warning: Can't find file '/Game/MixamoAnimPack/MixamoCharacter_Master'
[2015.04.18-17.39.17:619][  0]LogLinker:Warning: Can't find file for asset '/Game/MixamoAnimPack/MixamoCharacter_Master' while loading ../../../../../../Users/Jimmy/StealthDemo/Content/MixamoAnimPack/Mixamo_Jill/Anims/MixamoAnimBP_Jill.uasset.
[2015.04.18-17.39.17:619][  0]LoadErrors:Error: Error /Game/MixamoAnimPack/Mixamo_Jill/Anims/MixamoAnimBP_Jill : Can't find file for asset. /Game/MixamoAnimPack/MixamoCharacter_Master
[2015.04.18-17.39.17:619][  0]LogLinker:Warning: Can't find file '/Game/MixamoAnimPack/MixamoCharacter_Master'
[2015.04.18-17.39.17:619][  0]LogLinker:Warning: Can't find file for asset '/Game/MixamoAnimPack/MixamoCharacter_Master' while loading ../../../../../../Users/Jimmy/StealthDemo/Content/MixamoAnimPack/Mixamo_Jill/Anims/MixamoAnimBP_Jill.uasset.
[2015.04.18-17.39.17:619][  0]LoadErrors:Error: Error /Game/MixamoAnimPack/Mixamo_Jill/Anims/MixamoAnimBP_Jill : Can't find file for asset. /Game/MixamoAnimPack/MixamoCharacter_Master
[2015.04.18-17.39.17:620][  0]LogLinker:Warning: Can't find file '/Game/MixamoAnimPack/MixamoCharacter_Master'
[2015.04.18-17.39.17:620][  0]LogLinker:Warning: Can't find file for asset '/Game/MixamoAnimPack/MixamoCharacter_Master' while loading ../../../../../../Users/Jimmy/StealthDemo/Content/MixamoAnimPack/Mixamo_Jill/Anims/MixamoAnimBP_Jill.uasset.
[2015.04.18-17.39.17:620][  0]LoadErrors:Error: Error /Game/MixamoAnimPack/Mixamo_Jill/Anims/MixamoAnimBP_Jill : Can't find file for asset. /Game/MixamoAnimPack/MixamoCharacter_Master
[2015.04.18-17.39.17:627][  0]LogLinker:Warning: Can't find file '/Game/MixamoAnimPack/MixamoCharacter_Master'
[2015.04.18-17.39.17:627][  0]LogLinker:Warning: Can't find file for asset '/Game/MixamoAnimPack/MixamoCharacter_Master' while loading ../../../../../../Users/Jimmy/StealthDemo/Content/MixamoAnimPack/Mixamo_Jill/Anims/MixamoAnimBP_Jill.uasset.
[2015.04.18-17.39.17:627][  0]LoadErrors:Error: Error /Game/MixamoAnimPack/Mixamo_Jill/Anims/MixamoAnimBP_Jill : Can't find file for asset. /Game/MixamoAnimPack/MixamoCharacter_Master
[2015.04.18-17.39.17:630][  0]LogLinker:Warning: Can't find file '/Game/MixamoAnimPack/MixamoCharacter_Master'
[2015.04.18-17.39.17:630][  0]LogLinker:Warning: Can't find file for asset '/Game/MixamoAnimPack/MixamoCharacter_Master' while loading ../../../../../../Users/Jimmy/StealthDemo/Content/FirstPersonBP/Blueprints/AI/AICharacter.uasset.
[2015.04.18-17.39.17:630][  0]LoadErrors:Error: Error /Game/FirstPersonBP/Blueprints/AI/AICharacter : Can't find file for asset. /Game/MixamoAnimPack/MixamoCharacter_Master
[2015.04.18-17.39.17:630][  0]LogLinker:Warning: Can't find file '/Game/MixamoAnimPack/MixamoCharacter_Master'
[2015.04.18-17.39.17:630][  0]LogLinker:Warning: Can't find file for asset '/Game/MixamoAnimPack/MixamoCharacter_Master' while loading ../../../../../../Users/Jimmy/StealthDemo/Content/FirstPersonBP/Blueprints/AI/AICharacter.uasset.
[2015.04.18-17.39.17:630][  0]LoadErrors:Error: Error /Game/FirstPersonBP/Blueprints/AI/AICharacter : Can't find file for asset. /Game/MixamoAnimPack/MixamoCharacter_Master
[2015.04.18-17.39.17:631][  0]LogLinker:Warning: Can't find file '/Game/MixamoAnimPack/MixamoCharacter_Master'
[2015.04.18-17.39.17:631][  0]LogLinker:Warning: Can't find file for asset '/Game/MixamoAnimPack/MixamoCharacter_Master' while loading ../../../../../../Users/Jimmy/StealthDemo/Content/FirstPersonBP/Blueprints/AI/AICharacter.uasset.
[2015.04.18-17.39.17:631][  0]LoadErrors:Error: Error /Game/FirstPersonBP/Blueprints/AI/AICharacter : Can't find file for asset. /Game/MixamoAnimPack/MixamoCharacter_Master
[2015.04.18-17.39.17:631][  0]LogLinker:Warning: Can't find file '/Game/MixamoAnimPack/MixamoCharacter_Master'
[2015.04.18-17.39.17:631][  0]LogLinker:Warning: Can't find file for asset '/Game/MixamoAnimPack/MixamoCharacter_Master' while loading ../../../../../../Users/Jimmy/StealthDemo/Content/FirstPersonBP/Blueprints/AI/AICharacter.uasset.
[2015.04.18-17.39.17:631][  0]LoadErrors:Error: Error /Game/FirstPersonBP/Blueprints/AI/AICharacter : Can't find file for asset. /Game/MixamoAnimPack/MixamoCharacter_Master
[2015.04.18-17.39.17:632][  0]LogLinker:Warning: Can't find file '/Game/MixamoAnimPack/MixamoCharacter_Master'
[2015.04.18-17.39.17:632][  0]LogLinker:Warning: Can't find file for asset '/Game/MixamoAnimPack/MixamoCharacter_Master' while loading ../../../../../../Users/Jimmy/StealthDemo/Content/FirstPersonBP/Blueprints/AI/AICharacter.uasset.
[2015.04.18-17.39.17:632][  0]LoadErrors:Error: Error /Game/FirstPersonBP/Blueprints/AI/AICharacter : Can't find file for asset. /Game/MixamoAnimPack/MixamoCharacter_Master
[2015.04.18-17.39.17:637][  0]LogLinker:Warning: Can't find file '/Game/MixamoAnimPack/MixamoCharacter_Master'
[2015.04.18-17.39.17:637][  0]LoadErrors: Info Failed to load /Game/MixamoAnimPack/MixamoCharacter_Master.MixamoCharacter_Master_C Referenced by K2Node_DynamicCast_120
[2015.04.18-17.39.17:637][  0]LogLinker:Warning: Can't find file for asset '/Game/MixamoAnimPack/MixamoCharacter_Master' while loading ../../../../../../Users/Jimmy/StealthDemo/Content/FirstPersonBP/Blueprints/AI/AICharacter.uasset.
[2015.04.18-17.39.17:638][  0]LoadErrors: Info Failed to load /Game/MixamoAnimPack/MixamoCharacter_Master.MixamoCharacter_Master_C Referenced by K2Node_DynamicCast_120
[2015.04.18-17.39.17:638][  0]LoadErrors:Error: Error /Game/FirstPersonBP/Blueprints/AI/AICharacter : Can't find file for asset. /Game/MixamoAnimPack/MixamoCharacter_Master
[2015.04.18-17.39.17:639][  0]LogLinker:Warning: Can't find file '/Game/MixamoAnimPack/MixamoCharacter_Master'
[2015.04.18-17.39.17:639][  0]LoadErrors: Info Failed to load /Game/MixamoAnimPack/MixamoCharacter_Master.MixamoCharacter_Master_C Referenced by EdGraphPin_35404
[2015.04.18-17.39.17:639][  0]LogLinker:Warning: Can't find file for asset '/Game/MixamoAnimPack/MixamoCharacter_Master' while loading ../../../../../../Users/Jimmy/StealthDemo/Content/FirstPersonBP/Blueprints/AI/AICharacter.uasset.
[2015.04.18-17.39.17:639][  0]LoadErrors: Info Failed to load /Game/MixamoAnimPack/MixamoCharacter_Master.MixamoCharacter_Master_C Referenced by EdGraphPin_35404
[2015.04.18-17.39.17:640][  0]LoadErrors:Error: Error /Game/FirstPersonBP/Blueprints/AI/AICharacter : Can't find file for asset. /Game/MixamoAnimPack/MixamoCharacter_Master
[2015.04.18-17.39.17:641][  0]LogLinker:Warning: Can't find file '/Game/MixamoAnimPack/MixamoCharacter_Master'
[2015.04.18-17.39.17:641][  0]LoadErrors: Info Failed to load /Game/MixamoAnimPack/MixamoCharacter_Master.MixamoCharacter_Master_C Referenced by K2Node_VariableGet_1007
[2015.04.18-17.39.17:641][  0]LogLinker:Warning: Can't find file for asset '/Game/MixamoAnimPack/MixamoCharacter_Master' while loading ../../../../../../Users/Jimmy/StealthDemo/Content/FirstPersonBP/Blueprints/AI/AICharacter.uasset.
[2015.04.18-17.39.17:641][  0]LoadErrors: Info Failed to load /Game/MixamoAnimPack/MixamoCharacter_Master.MixamoCharacter_Master_C Referenced by K2Node_VariableGet_1007
[2015.04.18-17.39.17:641][  0]LoadErrors:Error: Error /Game/FirstPersonBP/Blueprints/AI/AICharacter : Can't find file for asset. /Game/MixamoAnimPack/MixamoCharacter_Master
[2015.04.18-17.39.17:642][  0]LogLinker:Warning: Can't find file '/Game/MixamoAnimPack/MixamoCharacter_Master'
[2015.04.18-17.39.17:642][  0]LoadErrors: Info Failed to load /Game/MixamoAnimPack/MixamoCharacter_Master.MixamoCharacter_Master_C Referenced by EdGraphPin_35419
[2015.04.18-17.39.17:642][  0]LogLinker:Warning: Can't find file for asset '/Game/MixamoAnimPack/MixamoCharacter_Master' while loading ../../../../../../Users/Jimmy/StealthDemo/Content/FirstPersonBP/Blueprints/AI/AICharacter.uasset.
[2015.04.18-17.39.17:642][  0]LoadErrors: Info Failed to load /Game/MixamoAnimPack/MixamoCharacter_Master.MixamoCharacter_Master_C Referenced by EdGraphPin_35419
[2015.04.18-17.39.17:642][  0]LoadErrors:Error: Error /Game/FirstPersonBP/Blueprints/AI/AICharacter : Can't find file for asset. /Game/MixamoAnimPack/MixamoCharacter_Master
[2015.04.18-17.39.17:647][  0]LogLinker:Warning: Can't find file '/Game/MixamoAnimPack/MixamoCharacter_Master'
[2015.04.18-17.39.17:647][  0]LoadErrors: Info Failed to load /Game/MixamoAnimPack/MixamoCharacter_Master.MixamoCharacter_Master_C Referenced by K2Node_VariableGet_1157
[2015.04.18-17.39.17:648][  0]LogLinker:Warning: Can't find file for asset '/Game/MixamoAnimPack/MixamoCharacter_Master' while loading ../../../../../../Users/Jimmy/StealthDemo/Content/FirstPersonBP/Blueprints/AI/AICharacter.uasset.
[2015.04.18-17.39.17:648][  0]LoadErrors: Info Failed to load /Game/MixamoAnimPack/MixamoCharacter_Master.MixamoCharacter_Master_C Referenced by K2Node_VariableGet_1157
[2015.04.18-17.39.17:648][  0]LoadErrors:Error: Error /Game/FirstPersonBP/Blueprints/AI/AICharacter : Can't find file for asset. /Game/MixamoAnimPack/MixamoCharacter_Master
[2015.04.18-17.39.17:648][  0]LogLinker:Warning: Can't find file '/Game/MixamoAnimPack/MixamoCharacter_Master'
[2015.04.18-17.39.17:648][  0]LoadErrors: Info Failed to load /Game/MixamoAnimPack/MixamoCharacter_Master.MixamoCharacter_Master_C Referenced by EdGraphPin_35425
[2015.04.18-17.39.17:648][  0]LogLinker:Warning: Can't find file for asset '/Game/MixamoAnimPack/MixamoCharacter_Master' while loading ../../../../../../Users/Jimmy/StealthDemo/Content/FirstPersonBP/Blueprints/AI/AICharacter.uasset.
[2015.04.18-17.39.17:648][  0]LoadErrors: Info Failed to load /Game/MixamoAnimPack/MixamoCharacter_Master.MixamoCharacter_Master_C Referenced by EdGraphPin_35425
[2015.04.18-17.39.17:648][  0]LoadErrors:Error: Error /Game/FirstPersonBP/Blueprints/AI/AICharacter : Can't find file for asset. /Game/MixamoAnimPack/MixamoCharacter_Master
[2015.04.18-17.39.17:820][  0]LogBlueprint:Warning: [MixamoAnimBP_Jill] CreatePinForVariable: 'attacking?' variable not found. Base class was probably changed.
[2015.04.18-17.39.17:840][  0]LogBlueprint:Warning: [MixamoAnimBP_Jill] CreatePinForVariable: 'bJumpButtonDown' variable not found. Base class was probably changed.
[2015.04.18-17.39.17:949][  0]LogBlueprint:Warning: [compiler] Warning Could not find a variable named "bJumpButtonDown" in 'MixamoAnimBP_Jill'.
Make sure 'MixamoAnimBP_Jill' has been compiled for  Get bJumpButtonDown 
[2015.04.18-17.39.17:950][  0]LogBlueprint:Warning: [compiler] Warning Could not find a variable named "attacking?" in 'MixamoAnimBP_Jill'.
Make sure 'MixamoAnimBP_Jill' has been compiled for  Get attacking? 
[2015.04.18-17.39.17:961][  0]LogBlueprint:Error: [compiler] Error ' Target ' must have a connection.
[2015.04.18-17.39.17:961][  0]LogBlueprint:Error: [compiler] Error ' Target ' must have a connection.
[2015.04.18-17.39.17:962][  0]LogBlueprint:Error: [compiler] Error The property associated with  Attacking?  could not be found
[2015.04.18-17.39.17:962][  0]LogBlueprint:Error: [compiler] Error The property associated with  Jump Button Down  could not be found
[2015.04.18-17.39.18:015][  0]LogBlueprint:Warning: [compiler] Warning [0034.88] Compile of MixamoAnimBP_Jill failed. 4 Fatal Issue(s) 2 Warning(s) [in 167 ms]
[2015.04.18-17.39.18:015][  0]LogBlueprint:Warning: [compiler] Warning [0034.88] Compile of MixamoAnimBP_Jill failed. 4 Fatal Issue(s) 3 Warning(s) [in 0 ms]
[2015.04.18-17.39.18:015][  0]LogBlueprint:Warning: [compiler] Warning [0034.88] Compile of MixamoAnimBP_Jill failed. 4 Fatal Issue(s) 4 Warning(s) [in 0 ms]
[2015.04.18-17.39.18:016][  0]LogBlueprint:Warning: [compiler] Warning [0034.88] Compile of MixamoAnimBP_Jill failed. 4 Fatal Issue(s) 5 Warning(s) [in 0 ms]
[2015.04.18-17.39.18:499][  0]LogLinker:Warning: Can't find file '/Game/MixamoAnimPack/MixamoCharacter_Master'
[2015.04.18-17.39.18:499][  0]LogLinker:Warning: Can't find file for asset '/Game/MixamoAnimPack/MixamoCharacter_Master' while loading ../../../../../../Users/Jimmy/StealthDemo/Content/MixamoAnimPack/Mixamo_Adam/Anims/MixamoAnimBP_Adam.uasset.
[2015.04.18-17.39.18:500][  0]LoadErrors:Error: Error /Game/MixamoAnimPack/Mixamo_Adam/Anims/MixamoAnimBP_Adam : Can't find file for asset. /Game/MixamoAnimPack/MixamoCharacter_Master
[2015.04.18-17.39.18:500][  0]LogLinker:Warning: Can't find file '/Game/MixamoAnimPack/MixamoCharacter_Master'
[2015.04.18-17.39.18:500][  0]LogLinker:Warning: Can't find file for asset '/Game/MixamoAnimPack/MixamoCharacter_Master' while loading ../../../../../../Users/Jimmy/StealthDemo/Content/MixamoAnimPack/Mixamo_Adam/Anims/MixamoAnimBP_Adam.uasset.
[2015.04.18-17.39.18:500][  0]LoadErrors:Error: Error /Game/MixamoAnimPack/Mixamo_Adam/Anims/MixamoAnimBP_Adam : Can't find file for asset. /Game/MixamoAnimPack/MixamoCharacter_Master
[2015.04.18-17.39.18:501][  0]LogLinker:Warning: Can't find file '/Game/MixamoAnimPack/MixamoCharacter_Master'
[2015.04.18-17.39.18:501][  0]LogLinker:Warning: Can't find file for asset '/Game/MixamoAnimPack/MixamoCharacter_Master' while loading ../../../../../../Users/Jimmy/StealthDemo/Content/MixamoAnimPack/Mixamo_Adam/Anims/MixamoAnimBP_Adam.uasset.
[2015.04.18-17.39.18:501][  0]LoadErrors:Error: Error /Game/MixamoAnimPack/Mixamo_Adam/Anims/MixamoAnimBP_Adam : Can't find file for asset. /Game/MixamoAnimPack/MixamoCharacter_Master
[2015.04.18-17.39.18:507][  0]LogLinker:Warning: Can't find file '/Game/MixamoAnimPack/MixamoCharacter_Master'
[2015.04.18-17.39.18:507][  0]LogLinker:Warning: Can't find file for asset '/Game/MixamoAnimPack/MixamoCharacter_Master' while loading ../../../../../../Users/Jimmy/StealthDemo/Content/MixamoAnimPack/Mixamo_Adam/Anims/MixamoAnimBP_Adam.uasset.
[2015.04.18-17.39.18:507][  0]LoadErrors:Error: Error /Game/MixamoAnimPack/Mixamo_Adam/Anims/MixamoAnimBP_Adam : Can't find file for asset. /Game/MixamoAnimPack/MixamoCharacter_Master
[2015.04.18-17.39.18:510][  0]LogLinker:Warning: Can't find file '/Game/MixamoAnimPack/MixamoCharacter_Master'
[2015.04.18-17.39.18:510][  0]LogLinker:Warning: Can't find file for asset '/Game/MixamoAnimPack/MixamoCharacter_Master' while loading ../../../../../../Users/Jimmy/StealthDemo/Content/FirstPersonBP/Blueprints/FirstPersonCharacter.uasset.
[2015.04.18-17.39.18:510][  0]LoadErrors:Error: Error /Game/FirstPersonBP/Blueprints/FirstPersonCharacter : Can't find file for asset. /Game/MixamoAnimPack/MixamoCharacter_Master
[2015.04.18-17.39.18:511][  0]LogLinker:Warning: Can't find file '/Game/MixamoAnimPack/MixamoCharacter_Master'
[2015.04.18-17.39.18:511][  0]LogLinker:Warning: Can't find file for asset '/Game/MixamoAnimPack/MixamoCharacter_Master' while loading ../../../../../../Users/Jimmy/StealthDemo/Content/FirstPersonBP/Blueprints/FirstPersonCharacter.uasset.
[2015.04.18-17.39.18:511][  0]LoadErrors:Error: Error /Game/FirstPersonBP/Blueprints/FirstPersonCharacter : Can't find file for asset. /Game/MixamoAnimPack/MixamoCharacter_Master
[2015.04.18-17.39.18:511][  0]LogLinker:Warning: Can't find file '/Game/MixamoAnimPack/MixamoCharacter_Master'
[2015.04.18-17.39.18:511][  0]LogLinker:Warning: Can't find file for asset '/Game/MixamoAnimPack/MixamoCharacter_Master' while loading ../../../../../../Users/Jimmy/StealthDemo/Content/FirstPersonBP/Blueprints/FirstPersonCharacter.uasset.
[2015.04.18-17.39.18:511][  0]LoadErrors:Error: Error /Game/FirstPersonBP/Blueprints/FirstPersonCharacter : Can't find file for asset. /Game/MixamoAnimPack/MixamoCharacter_Master
[2015.04.18-17.39.18:511][  0]LogLinker:Warning: Can't find file '/Game/MixamoAnimPack/MixamoCharacter_Master'
[2015.04.18-17.39.18:512][  0]LogLinker:Warning: Can't find file for asset '/Game/MixamoAnimPack/MixamoCharacter_Master' while loading ../../../../../../Users/Jimmy/StealthDemo/Content/FirstPersonBP/Blueprints/FirstPersonCharacter.uasset.
[2015.04.18-17.39.18:512][  0]LoadErrors:Error: Error /Game/FirstPersonBP/Blueprints/FirstPersonCharacter : Can't find file for asset. /Game/MixamoAnimPack/MixamoCharacter_Master
[2015.04.18-17.39.18:512][  0]LogLinker:Warning: Can't find file '/Game/MixamoAnimPack/MixamoCharacter_Master'
[2015.04.18-17.39.18:512][  0]LogLinker:Warning: Can't find file for asset '/Game/MixamoAnimPack/MixamoCharacter_Master' while loading ../../../../../../Users/Jimmy/StealthDemo/Content/FirstPersonBP/Blueprints/FirstPersonCharacter.uasset.
[2015.04.18-17.39.18:512][  0]LoadErrors:Error: Error /Game/FirstPersonBP/Blueprints/FirstPersonCharacter : Can't find file for asset. /Game/MixamoAnimPack/MixamoCharacter_Master
[2015.04.18-17.39.18:516][  0]LogLinker:Warning: Can't find file '/Game/MixamoAnimPack/MixamoCharacter_Master'
[2015.04.18-17.39.18:516][  0]LoadErrors: Info Failed to load /Game/FirstPersonBP/Blueprints/AI/AICON.AICON_C Referenced by K2Node_DynamicCast_120
[2015.04.18-17.39.18:516][  0]LogLinker:Warning: Can't find file for asset '/Game/MixamoAnimPack/MixamoCharacter_Master' while loading ../../../../../../Users/Jimmy/StealthDemo/Content/FirstPersonBP/Blueprints/FirstPersonCharacter.uasset.
[2015.04.18-17.39.18:517][  0]LoadErrors: Info Failed to load /Game/FirstPersonBP/Blueprints/AI/AICON.AICON_C Referenced by K2Node_DynamicCast_120
[2015.04.18-17.39.18:517][  0]LoadErrors:Error: Error /Game/FirstPersonBP/Blueprints/FirstPersonCharacter : Can't find file for asset. /Game/MixamoAnimPack/MixamoCharacter_Master
[2015.04.18-17.39.18:518][  0]LogLinker:Warning: Can't find file '/Game/MixamoAnimPack/MixamoCharacter_Master'
[2015.04.18-17.39.18:518][  0]LoadErrors: Info Failed to load /Game/FirstPersonBP/Blueprints/AI/AICON.AICON_C Referenced by EdGraphPin_6657
[2015.04.18-17.39.18:518][  0]LogLinker:Warning: Can't find file for asset '/Game/MixamoAnimPack/MixamoCharacter_Master' while loading ../../../../../../Users/Jimmy/StealthDemo/Content/FirstPersonBP/Blueprints/FirstPersonCharacter.uasset.
[2015.04.18-17.39.18:518][  0]LoadErrors: Info Failed to load /Game/FirstPersonBP/Blueprints/AI/AICON.AICON_C Referenced by EdGraphPin_6657
[2015.04.18-17.39.18:518][  0]LoadErrors:Error: Error /Game/FirstPersonBP/Blueprints/FirstPersonCharacter : Can't find file for asset. /Game/MixamoAnimPack/MixamoCharacter_Master
[2015.04.18-17.39.18:519][  0]LogLinker:Warning: Can't find file '/Game/MixamoAnimPack/MixamoCharacter_Master'
[2015.04.18-17.39.18:519][  0]LoadErrors: Info Failed to load /Game/FirstPersonBP/Blueprints/AI/AICON.AICON_C Referenced by K2Node_VariableGet_1007
[2015.04.18-17.39.18:519][  0]LogLinker:Warning: Can't find file for asset '/Game/MixamoAnimPack/MixamoCharacter_Master' while loading ../../../../../../Users/Jimmy/StealthDemo/Content/FirstPersonBP/Blueprints/FirstPersonCharacter.uasset.
[2015.04.18-17.39.18:520][  0]LoadErrors: Info Failed to load /Game/FirstPersonBP/Blueprints/AI/AICON.AICON_C Referenced by K2Node_VariableGet_1007
[2015.04.18-17.39.18:520][  0]LoadErrors:Error: Error /Game/FirstPersonBP/Blueprints/FirstPersonCharacter : Can't find file for asset. /Game/MixamoAnimPack/MixamoCharacter_Master
[2015.04.18-17.39.18:520][  0]LogLinker:Warning: Can't find file '/Game/MixamoAnimPack/MixamoCharacter_Master'
[2015.04.18-17.39.18:520][  0]LoadErrors: Info Failed to load /Game/FirstPersonBP/Blueprints/AI/AICON.AICON_C Referenced by EdGraphPin_6669
[2015.04.18-17.39.18:520][  0]LogLinker:Warning: Can't find file for asset '/Game/MixamoAnimPack/MixamoCharacter_Master' while loading ../../../../../../Users/Jimmy/StealthDemo/Content/FirstPersonBP/Blueprints/FirstPersonCharacter.uasset.
[2015.04.18-17.39.18:520][  0]LoadErrors: Info Failed to load /Game/FirstPersonBP/Blueprints/AI/AICON.AICON_C Referenced by EdGraphPin_6669
[2015.04.18-17.39.18:521][  0]LoadErrors:Error: Error /Game/FirstPersonBP/Blueprints/FirstPersonCharacter : Can't find file for asset. /Game/MixamoAnimPack/MixamoCharacter_Master
[2015.04.18-17.39.18:524][  0]LogLinker:Warning: Can't find file '/Game/MixamoAnimPack/MixamoCharacter_Master'
[2015.04.18-17.39.18:524][  0]LoadErrors: Info Failed to load /Game/FirstPersonBP/Blueprints/AI/AICON.AICON_C Referenced by K2Node_VariableGet_1157
[2015.04.18-17.39.18:524][  0]LogLinker:Warning: Can't find file for asset '/Game/MixamoAnimPack/MixamoCharacter_Master' while loading ../../../../../../Users/Jimmy/StealthDemo/Content/FirstPersonBP/Blueprints/FirstPersonCharacter.uasset.
[2015.04.18-17.39.18:525][  0]LoadErrors: Info Failed to load /Game/FirstPersonBP/Blueprints/AI/AICON.AICON_C Referenced by K2Node_VariableGet_1157
[2015.04.18-17.39.18:525][  0]LoadErrors:Error: Error /Game/FirstPersonBP/Blueprints/FirstPersonCharacter : Can't find file for asset. /Game/MixamoAnimPack/MixamoCharacter_Master
[2015.04.18-17.39.18:525][  0]LogLinker:Warning: Can't find file '/Game/MixamoAnimPack/MixamoCharacter_Master'
[2015.04.18-17.39.18:525][  0]LoadErrors: Info Failed to load /Game/FirstPersonBP/Blueprints/AI/AICON.AICON_C Referenced by EdGraphPin_6675
[2015.04.18-17.39.18:525][  0]LogLinker:Warning: Can't find file for asset '/Game/MixamoAnimPack/MixamoCharacter_Master' while loading ../../../../../../Users/Jimmy/StealthDemo/Content/FirstPersonBP/Blueprints/FirstPersonCharacter.uasset.
[2015.04.18-17.39.18:526][  0]LoadErrors: Info Failed to load /Game/FirstPersonBP/Blueprints/AI/AICON.AICON_C Referenced by EdGraphPin_6675
[2015.04.18-17.39.18:526][  0]LoadErrors:Error: Error /Game/FirstPersonBP/Blueprints/FirstPersonCharacter : Can't find file for asset. /Game/MixamoAnimPack/MixamoCharacter_Master
[2015.04.18-17.39.18:676][  0]LogBlueprint:Warning: [MixamoAnimBP_Adam] CreatePinForVariable: 'attacking?' variable not found. Base class was probably changed.
[2015.04.18-17.39.18:693][  0]LogBlueprint:Warning: [MixamoAnimBP_Adam] CreatePinForVariable: 'bJumpButtonDown' variable not found. Base class was probably changed.
[2015.04.18-17.39.18:804][  0]LogBlueprint:Warning: [compiler] Warning Could not find a variable named "bJumpButtonDown" in 'MixamoAnimBP_Adam'.
Make sure 'MixamoAnimBP_Adam' has been compiled for  Get bJumpButtonDown 
[2015.04.18-17.39.18:805][  0]LogBlueprint:Warning: [compiler] Warning Could not find a variable named "attacking?" in 'MixamoAnimBP_Adam'.
Make sure 'MixamoAnimBP_Adam' has been compiled for  Get attacking? 
[2015.04.18-17.39.18:816][  0]LogBlueprint:Error: [compiler] Error ' Target ' must have a connection.
[2015.04.18-17.39.18:816][  0]LogBlueprint:Error: [compiler] Error ' Target ' must have a connection.
[2015.04.18-17.39.18:817][  0]LogBlueprint:Error: [compiler] Error The property associated with  Attacking?  could not be found
[2015.04.18-17.39.18:817][  0]LogBlueprint:Error: [compiler] Error The property associated with  Jump Button Down  could not be found
[2015.04.18-17.39.18:876][  0]LogBlueprint:Warning: [compiler] Warning [0035.74] Compile of MixamoAnimBP_Adam failed. 4 Fatal Issue(s) 2 Warning(s) [in 174 ms]
[2015.04.18-17.39.18:876][  0]LogBlueprint:Warning: [compiler] Warning [0035.74] Compile of MixamoAnimBP_Adam failed. 4 Fatal Issue(s) 3 Warning(s) [in 0 ms]
[2015.04.18-17.39.18:876][  0]LogBlueprint:Warning: [compiler] Warning [0035.74] Compile of MixamoAnimBP_Adam failed. 4 Fatal Issue(s) 4 Warning(s) [in 0 ms]
[2015.04.18-17.39.18:876][  0]LogBlueprint:Warning: [compiler] Warning [0035.74] Compile of MixamoAnimBP_Adam failed. 4 Fatal Issue(s) 5 Warning(s) [in 0 ms]
[2015.04.18-17.39.18:893][  0]LogLinker:Warning: Asset '../../../Engine/Content/EngineMeshes/Humanoid.uasset' has been saved with empty engine version. The asset will be loaded but may be incompatible.
[2015.04.18-17.39.23:539][  0]LogPhysics:Warning: PHYSX: ..\..\PhysXExtensions\src\ExtRigidBodyExt.cpp (234) 4 : computeMassAndInertia: Dynamic actor with illegal collision shapes
[2015.04.18-17.39.23:539][  0]LogPhysics:Warning: PHYSX: ..\..\PhysXExtensions\src\ExtRigidBodyExt.cpp (283) 4 : PxRigidBodyExt::updateMassAndInertia: Mass and inertia computation failed, setting mass to 1 and inertia to (1,1,1)
[2015.04.18-17.39.23:540][  0]LogPhysics:Warning: PHYSX: ..\..\PhysXExtensions\src\ExtRigidBodyExt.cpp (234) 4 : computeMassAndInertia: Dynamic actor with illegal collision shapes
[2015.04.18-17.39.23:541][  0]LogPhysics:Warning: PHYSX: ..\..\PhysXExtensions\src\ExtRigidBodyExt.cpp (283) 4 : PxRigidBodyExt::updateMassAndInertia: Mass and inertia computation failed, setting mass to 1 and inertia to (1,1,1)
[2015.04.18-17.39.23:552][  0]LogPhysics:Warning: PHYSX: ..\..\PhysXExtensions\src\ExtRigidBodyExt.cpp (234) 4 : computeMassAndInertia: Dynamic actor with illegal collision shapes
[2015.04.18-17.39.23:552][  0]LogPhysics:Warning: PHYSX: ..\..\PhysXExtensions\src\ExtRigidBodyExt.cpp (283) 4 : PxRigidBodyExt::updateMassAndInertia: Mass and inertia computation failed, setting mass to 1 and inertia to (1,1,1)
[2015.04.18-17.39.23:553][  0]LogPhysics:Warning: PHYSX: ..\..\PhysXExtensions\src\ExtRigidBodyExt.cpp (234) 4 : computeMassAndInertia: Dynamic actor with illegal collision shapes
[2015.04.18-17.39.23:553][  0]LogPhysics:Warning: PHYSX: ..\..\PhysXExtensions\src\ExtRigidBodyExt.cpp (283) 4 : PxRigidBodyExt::updateMassAndInertia: Mass and inertia computation failed, setting mass to 1 and inertia to (1,1,1)
[2015.04.18-17.39.23:555][  0]LogEditorServer: Finished looking for orphan Actors (0.000 secs)
[2015.04.18-17.39.23:556][  0]LogAIModule: Creating AISystem for world FirstPersonExampleMap
[2015.04.18-17.39.23:557][  0]Cmd: MAP CHECKDEP
[2015.04.18-17.39.23:557][  0]MapCheck: New page: FirstPersonExampleMap - Apr 18, 2015, 3:39:23 AM
[2015.04.18-17.39.23:714][  0]MapCheck: Info Map check complete: 0 Error(s), 0 Warning(s), took 157.54ms to complete.
[2015.04.18-17.39.23:715][  0]LogFileHelpers: Loading map 'FirstPersonExampleMap' took 6.175
[2015.04.18-17.39.24:049][  0]LogCollectionManager: Loaded 0 collections in 0.002271 seconds
[2015.04.18-17.39.24:066][  0]LogContentBrowser: Native class hierarchy populated in 0.0165 seconds. Added 1696 classes and 261 folders.
[2015.04.18-17.39.24:127][  0]LogContentBrowser: Native class hierarchy updated for 'SceneOutliner' in 0.0035 seconds. Added 1 classes and 2 folders.
[2015.04.18-17.39.24:305][  0]LogCrashTracker: Crashtracker disabled due to settings.
[2015.04.18-17.39.24:308][  0]LogSlate:Warning: Failed to load font data from 'Veranda'
[2015.04.18-17.39.24:332][  0]LogUObjectGlobals:Warning: Failed to find object 'Class None.'
[2015.04.18-17.39.24:373][  0]LogLoad: Full Startup: 41.23 seconds (BP compile: 2.25 seconds)
[2015.04.18-17.39.24:767][  0]LogContentBrowser:Verbose: The content browser source was changed by the sources view to '/Game/FirstPersonBP'
[2015.04.18-17.39.25:435][  0]LogRenderer:Warning: Reallocating scene render targets to support 968x464 (Frame:2).
[2015.04.18-17.39.27:103][  9]LogAssetRegistry: Asset discovery search completed in 13.0176 seconds
[2015.04.18-17.39.32:800][431]LogContentBrowser:Verbose: The content browser source was changed by the sources view to '/Game/FirstPersonBP/Items'
[2015.04.18-17.39.34:678][558]LoadErrors:Error: Error Failed import for Function
[2015.04.18-17.39.34:680][558]LoadErrors:Error: Error Failed import for MulticastDelegateProperty
[2015.04.18-17.39.34:959][558]LogBlueprint:Warning: [compiler] Warning Could not find a function named "AddItem" in 'FirstPersonCharacter_C'.
Make sure 'FirstPersonCharacter_C' has been compiled for  Add Item 
[2015.04.18-17.39.34:964][558]LogBlueprint:Error: [compiler] Error No delegate function ''  Pick Up Item 
[2015.04.18-17.39.34:965][558]LogBlueprint:Error: [compiler] Error Could not find an event-dispatcher named "PickUpItem" in 'FirstPersonCharacter_C'.
Make sure 'FirstPersonCharacter_C' has been compiled for  Bind Event to PickUpItem 
[2015.04.18-17.39.34:965][558]LogBlueprint:Error: [compiler] Error Failed to create property K2Node_CreateDelegate_OutputDelegate from  Output Delegate  due to a bad or unknown type (Delegate)
[2015.04.18-17.39.34:966][558]LogBlueprint:Error: [compiler] Error Event signature error:  Signature not found.  Pick Up Item 
[2015.04.18-17.39.34:987][558]LogBlueprint:Warning: [compiler] Warning [0051.85] Compile of PickUp failed. 4 Fatal Issue(s) 1 Warning(s) [in 69 ms]
[2015.04.18-17.39.34:988][558]LogBlueprint:Warning: [compiler] Warning [0051.85] Compile of PickUp failed. 4 Fatal Issue(s) 2 Warning(s) [in 0 ms]
[2015.04.18-17.39.34:988][558]LogBlueprint:Warning: [compiler] Warning [0051.85] Compile of PickUp failed. 4 Fatal Issue(s) 3 Warning(s) [in 0 ms]
[2015.04.18-17.39.34:988][558]LogBlueprint:Warning: [compiler] Warning [0051.85] Compile of PickUp failed. 4 Fatal Issue(s) 4 Warning(s) [in 0 ms]
[2015.04.18-17.39.42:447][140]BlueprintLog: New page: Compile PickUp
[2015.04.18-17.39.42:498][140]LogBlueprint:Warning: [compiler] Warning Could not find a function named "AddItem" in 'FirstPersonCharacter_C'.
Make sure 'FirstPersonCharacter_C' has been compiled for  Add Item 
[2015.04.18-17.39.42:503][140]LogBlueprint:Error: [compiler] Error No delegate function ''  Pick Up Item 
[2015.04.18-17.39.42:503][140]LogBlueprint:Error: [compiler] Error Could not find an event-dispatcher named "PickUpItem" in 'FirstPersonCharacter_C'.
Make sure 'FirstPersonCharacter_C' has been compiled for  Bind Event to PickUpItem 
[2015.04.18-17.39.42:504][140]LogBlueprint:Error: [compiler] Error Failed to create property K2Node_CreateDelegate_OutputDelegate from  Output Delegate  due to a bad or unknown type (Delegate)
[2015.04.18-17.39.42:504][140]LogBlueprint:Error: [compiler] Error Event signature error:  Signature not found.  Pick Up Item 
[2015.04.18-17.39.42:846][140]LogBlueprint:Warning: [compiler] Warning [0059.71] Compile of PickUp failed. 4 Fatal Issue(s) 1 Warning(s) [in 399 ms]
[2015.04.18-17.39.42:846][140]BlueprintEditorCompileResults:Warning: Warning Could not find a function named "AddItem" in 'FirstPersonCharacter_C'.
Make sure 'FirstPersonCharacter_C' has been compiled for  Add Item 
[2015.04.18-17.39.42:847][140]BlueprintEditorCompileResults:Error: Error No delegate function ''  Pick Up Item 
[2015.04.18-17.39.42:847][140]BlueprintEditorCompileResults:Error: Error Could not find an event-dispatcher named "PickUpItem" in 'FirstPersonCharacter_C'.
Make sure 'FirstPersonCharacter_C' has been compiled for  Bind Event to PickUpItem 
[2015.04.18-17.39.42:847][140]BlueprintEditorCompileResults:Error: Error Failed to create property K2Node_CreateDelegate_OutputDelegate from  Output Delegate  due to a bad or unknown type (Delegate)
[2015.04.18-17.39.42:847][140]BlueprintEditorCompileResults:Error: Error Event signature error:  Signature not found.  Pick Up Item 
[2015.04.18-17.39.42:847][140]BlueprintEditorCompileResults:Warning: Warning [0059.71] Compile of PickUp failed. 4 Fatal Issue(s) 1 Warning(s) [in 399 ms]
[2015.04.18-17.39.51:978][151]LogContentBrowser:Verbose: The content browser source was changed by the sources view to '/Game/FirstPersonBP/Blueprints'
[2015.04.18-17.40.00:518][693]LogActorComponent: UnregisterComponent: (/Engine/Transient.ProjectileMovementComponent_40__A6522401) Not registered. Aborting.
[2015.04.18-17.40.00:518][693]LogActorComponent: UnregisterComponent: (/Engine/Transient.CharMoveComp) Not registered. Aborting.
[2015.04.18-17.40.54:807][848]LogRenderer:Warning: Reallocating scene render targets to support 968x728 (Frame:1221).
[2015.04.18-17.41.23:568][447]BlueprintLog: New page: Compile PickUp
[2015.04.18-17.41.23:615][447]LogBlueprint:Error: [compiler] Error No delegate function ''  Pick Up Item 
[2015.04.18-17.41.23:616][447]LogBlueprint:Error: [compiler] Error Wrong Event Dispatcher. Refresh node  Bind Event to PickUpItem 
[2015.04.18-17.41.23:616][447]LogBlueprint:Error: [compiler] Error Failed to create property K2Node_CreateDelegate_OutputDelegate from  Output Delegate  due to a bad or unknown type (Delegate)
[2015.04.18-17.41.23:617][447]LogBlueprint:Error: [compiler] Error Event signature error:  Signature not found.  Pick Up Item 
[2015.04.18-17.41.23:913][447]LogBlueprint:Warning: [compiler] Warning [0160.77] Compile of PickUp failed. 4 Fatal Issue(s) 0 Warning(s) [in 344 ms]
[2015.04.18-17.41.23:913][447]BlueprintEditorCompileResults:Error: Error No delegate function ''  Pick Up Item 
[2015.04.18-17.41.23:913][447]BlueprintEditorCompileResults:Error: Error Wrong Event Dispatcher. Refresh node  Bind Event to PickUpItem 
[2015.04.18-17.41.23:913][447]BlueprintEditorCompileResults:Error: Error Failed to create property K2Node_CreateDelegate_OutputDelegate from  Output Delegate  due to a bad or unknown type (Delegate)
[2015.04.18-17.41.23:913][447]BlueprintEditorCompileResults:Error: Error Event signature error:  Signature not found.  Pick Up Item 
[2015.04.18-17.41.23:913][447]BlueprintEditorCompileResults:Warning: Warning [0160.77] Compile of PickUp failed. 4 Fatal Issue(s) 0 Warning(s) [in 344 ms]
[2015.04.18-17.41.27:840][892]LogContentBrowser:Verbose: The content browser source was changed by the sources view to 'None'
[2015.04.18-17.41.27:841][892]LogContentBrowser:Verbose: The content browser source was changed by the sources view to '/Game/FirstPersonBP/Items'
[2015.04.18-17.42.14:858][477]BlueprintLog: New page: Compile PickUp
[2015.04.18-17.42.14:903][477]LogBlueprint:Error: [compiler] Error This blueprint (self) is not a FirstPersonCharacter_C, therefore ' Target ' must have a connection.
[2015.04.18-17.42.15:016][477]LogActorComponent: UnregisterComponent: (/Engine/Transient.CharMoveComp) Not registered. Aborting.
[2015.04.18-17.42.15:081][477]LogBlueprint:Warning: [compiler] Warning [0211.94] Compile of PickUp failed. 1 Fatal Issue(s) 0 Warning(s) [in 223 ms]
[2015.04.18-17.42.15:081][477]BlueprintEditorCompileResults:Error: Error This blueprint (self) is not a FirstPersonCharacter_C, therefore ' Target ' must have a connection.
[2015.04.18-17.42.15:081][477]BlueprintEditorCompileResults:Warning: Warning [0211.94] Compile of PickUp failed. 1 Fatal Issue(s) 0 Warning(s) [in 223 ms]
[2015.04.18-17.42.20:145][  5]BlueprintLog: New page: Compile PickUp
[2015.04.18-17.42.20:305][  5]BlueprintEditorCompileResults: Info [0217.16] Compile of PickUp successful! [in 160 ms]
[2015.04.18-17.42.30:951][ 79]LoadErrors:Error: Error Failed import for Function
[2015.04.18-17.42.30:952][ 79]LoadErrors:Error: Error Failed import for MulticastDelegateProperty
[2015.04.18-17.42.44:898][141]BlueprintLog: New page: Pre-PIE auto-recompile
[2015.04.18-17.42.44:901][141]LogPlayLevel: [PIE] Compiling AgroCheck before PIE...
[2015.04.18-17.42.45:027][141]LogPlayLevel: [PIE] Compiling FirstPersonCharacter before PIE...
[2015.04.18-17.42.45:327][141]LogPlayLevel: [PIE] Compiling Door before PIE...
[2015.04.18-17.42.45:620][141]LogPhysics:Warning: PHYSX: ..\..\PhysXExtensions\src\ExtRigidBodyExt.cpp (234) 4 : computeMassAndInertia: Dynamic actor with illegal collision shapes
[2015.04.18-17.42.45:620][141]LogPhysics:Warning: PHYSX: ..\..\PhysXExtensions\src\ExtRigidBodyExt.cpp (283) 4 : PxRigidBodyExt::updateMassAndInertia: Mass and inertia computation failed, setting mass to 1 and inertia to (1,1,1)
[2015.04.18-17.42.45:621][141]LogPhysics:Warning: PHYSX: ..\..\PhysXExtensions\src\ExtRigidBodyExt.cpp (234) 4 : computeMassAndInertia: Dynamic actor with illegal collision shapes
[2015.04.18-17.42.45:621][141]LogPhysics:Warning: PHYSX: ..\..\PhysXExtensions\src\ExtRigidBodyExt.cpp (283) 4 : PxRigidBodyExt::updateMassAndInertia: Mass and inertia computation failed, setting mass to 1 and inertia to (1,1,1)
[2015.04.18-17.42.45:622][141]LogPhysics:Warning: PHYSX: ..\..\PhysXExtensions\src\ExtRigidBodyExt.cpp (234) 4 : computeMassAndInertia: Dynamic actor with illegal collision shapes
[2015.04.18-17.42.45:622][141]LogPhysics:Warning: PHYSX: ..\..\PhysXExtensions\src\ExtRigidBodyExt.cpp (283) 4 : PxRigidBodyExt::updateMassAndInertia: Mass and inertia computation failed, setting mass to 1 and inertia to (1,1,1)
[2015.04.18-17.42.45:622][141]LogPhysics:Warning: PHYSX: ..\..\PhysXExtensions\src\ExtRigidBodyExt.cpp (234) 4 : computeMassAndInertia: Dynamic actor with illegal collision shapes
[2015.04.18-17.42.45:622][141]LogPhysics:Warning: PHYSX: ..\..\PhysXExtensions\src\ExtRigidBodyExt.cpp (283) 4 : PxRigidBodyExt::updateMassAndInertia: Mass and inertia computation failed, setting mass to 1 and inertia to (1,1,1)
[2015.04.18-17.42.45:693][141]LogPlayLevel: [PIE] Compiling FirstPersonExampleMap before PIE...
[2015.04.18-17.42.45:769][141]LogPlayLevel: [PIE] Compiling PickUp before PIE...
[2015.04.18-17.42.45:881][141]LogPlayLevel: [PIE] Compiling MoveToDoor before PIE...
[2015.04.18-17.42.45:984][141]LogPlayLevel: [PIE] Compiling OpenDoor before PIE...
[2015.04.18-17.42.46:061][141]LogPlayLevel: [PIE] Compiling PatrolPointBehindDoor before PIE...
[2015.04.18-17.42.46:138][141]LogPlayLevel: [PIE] Compiling TargetBehindDoor before PIE...
[2015.04.18-17.42.46:274][141]LogPlayLevel: PIE:  Blueprint regeneration took 1376 ms (9 blueprints)
[2015.04.18-17.42.49:478][141]PIE: New page: PIE session: FirstPersonExampleMap (Apr 18, 2015, 3:42:49 AM)
[2015.04.18-17.42.49:498][141]LogBlueprint:Warning: FMemberReference::ResolveMember (K2_GetActorLocation) bSelfContext == true, but no scope supplied!
[2015.04.18-17.42.49:498][141]LogBlueprint:Warning: FMemberReference::ResolveMember (K2_GetActorLocation) bSelfContext == true, but no scope supplied!
[2015.04.18-17.42.49:499][141]LogBlueprint:Warning: FMemberReference::ResolveMember (K2_GetActorRotation) bSelfContext == true, but no scope supplied!
[2015.04.18-17.42.49:499][141]LogBlueprint:Warning: FMemberReference::ResolveMember (K2_GetActorRotation) bSelfContext == true, but no scope supplied!
[2015.04.18-17.42.49:502][141]LogPlayLevel: PIE: StaticDuplicateObject took: (0.021025s)
[2015.04.18-17.42.49:503][141]LogPlayLevel: PIE: World Init took: (0.000602s)
[2015.04.18-17.42.49:503][141]LogPlayLevel: PIE: Created PIE world by copying editor world from /Game/FirstPersonBP/Maps/FirstPersonExampleMap.FirstPersonExampleMap to /Game/FirstPersonBP/Maps/UEDPIE_0_FirstPersonExampleMap.FirstPersonExampleMap (0.021834s)
[2015.04.18-17.42.49:771][141]LogWorld: Game class is 'FirstPersonGameMode_C'
[2015.04.18-17.42.49:781][141]LogAIModule: Creating AISystem for world FirstPersonExampleMap
[2015.04.18-17.42.49:791][141]LogPhysics:Warning: PHYSX: ..\..\PhysXExtensions\src\ExtRigidBodyExt.cpp (234) 4 : computeMassAndInertia: Dynamic actor with illegal collision shapes
[2015.04.18-17.42.49:791][141]LogPhysics:Warning: PHYSX: ..\..\PhysXExtensions\src\ExtRigidBodyExt.cpp (283) 4 : PxRigidBodyExt::updateMassAndInertia: Mass and inertia computation failed, setting mass to 1 and inertia to (1,1,1)
[2015.04.18-17.42.49:792][141]LogPhysics:Warning: PHYSX: ..\..\PhysXExtensions\src\ExtRigidBodyExt.cpp (234) 4 : computeMassAndInertia: Dynamic actor with illegal collision shapes
[2015.04.18-17.42.49:792][141]LogPhysics:Warning: PHYSX: ..\..\PhysXExtensions\src\ExtRigidBodyExt.cpp (283) 4 : PxRigidBodyExt::updateMassAndInertia: Mass and inertia computation failed, setting mass to 1 and inertia to (1,1,1)
[2015.04.18-17.42.49:794][141]LogWorld:Warning: *** WARNING - PATHS MAY NOT BE VALID ***
[2015.04.18-17.42.49:794][141]LogWorld: Bringing World /Game/FirstPersonBP/Maps/UEDPIE_0_FirstPersonExampleMap.FirstPersonExampleMap up for play (max tick rate 0) at 2015.04.18-10.42.49
[2015.04.18-17.42.49:797][141]LogWorld: Bringing up level for play took: 0.015516
[2015.04.18-17.42.49:820][141]PIE: Info Play in editor start time for /Game/FirstPersonBP/Maps/UEDPIE_0_FirstPersonExampleMap 4.995
[2015.04.18-17.42.49:847][141]LogBlueprintUserMessages: Next patrol point:0
[2015.04.18-17.42.51:166][277]LogAnimation:Warning: Playing a Montage (FirstPerson_Fire_Montage) for the wrong Skeleton (FirstPerson_Skeleton) instead of (Mixamo_Adam_Skeleton).
[2015.04.18-17.42.52:171][364]LogBlueprintUserMessages: Next patrol point:1
[2015.04.18-17.42.53:685][519]LogPhysics:Warning: PHYSX: ..\..\PhysXExtensions\src\ExtRigidBodyExt.cpp (234) 4 : computeMassAndInertia: Dynamic actor with illegal collision shapes
[2015.04.18-17.42.53:685][519]LogPhysics:Warning: PHYSX: ..\..\PhysXExtensions\src\ExtRigidBodyExt.cpp (283) 4 : PxRigidBodyExt::updateMassAndInertia: Mass and inertia computation failed, setting mass to 1 and inertia to (1,1,1)
[2015.04.18-17.42.53:703][521]LogBlueprintUserMessages: Next patrol point:1
[2015.04.18-17.42.56:185][801]LogBlueprintUserMessages: Next patrol point:2
[2015.04.18-17.42.58:900][ 98]LogBlueprintUserMessages: Next patrol point:3
[2015.04.18-17.43.02:748][488]LogParticles: Destroying 0 GPU particle simulations for FXSystem 0x0000009312E04360
[2015.04.18-17.43.11:151][113]BlueprintLog: New page: Pre-PIE auto-recompile
[2015.04.18-17.43.11:158][113]LogPlayLevel: [PIE] Compiling AgroCheck before PIE...
[2015.04.18-17.43.11:259][113]LogPlayLevel: [PIE] Compiling FirstPersonExampleMap before PIE...
[2015.04.18-17.43.11:387][113]LogPlayLevel: PIE:  Blueprint regeneration took 237 ms (2 blueprints)
[2015.04.18-17.43.11:388][113]PIE: New page: PIE session: FirstPersonExampleMap (Apr 18, 2015, 3:43:11 AM)
[2015.04.18-17.43.11:401][113]LogBlueprint:Warning: FMemberReference::ResolveMember (K2_GetActorLocation) bSelfContext == true, but no scope supplied!
[2015.04.18-17.43.11:401][113]LogBlueprint:Warning: FMemberReference::ResolveMember (K2_GetActorLocation) bSelfContext == true, but no scope supplied!
[2015.04.18-17.43.11:401][113]LogBlueprint:Warning: FMemberReference::ResolveMember (K2_GetActorRotation) bSelfContext == true, but no scope supplied!
[2015.04.18-17.43.11:401][113]LogBlueprint:Warning: FMemberReference::ResolveMember (K2_GetActorRotation) bSelfContext == true, but no scope supplied!
[2015.04.18-17.43.11:404][113]LogPlayLevel: PIE: StaticDuplicateObject took: (0.015988s)
[2015.04.18-17.43.11:405][113]LogPlayLevel: PIE: World Init took: (0.000531s)
[2015.04.18-17.43.11:405][113]LogPlayLevel: PIE: Created PIE world by copying editor world from /Game/FirstPersonBP/Maps/FirstPersonExampleMap.FirstPersonExampleMap to /Game/FirstPersonBP/Maps/UEDPIE_0_FirstPersonExampleMap.FirstPersonExampleMap (0.016695s)
[2015.04.18-17.43.11:444][113]LogWorld: Game class is 'FirstPersonGameMode_C'
[2015.04.18-17.43.11:445][113]LogAIModule: Creating AISystem for world FirstPersonExampleMap
[2015.04.18-17.43.11:455][113]LogPhysics:Warning: PHYSX: ..\..\PhysXExtensions\src\ExtRigidBodyExt.cpp (234) 4 : computeMassAndInertia: Dynamic actor with illegal collision shapes
[2015.04.18-17.43.11:456][113]LogPhysics:Warning: PHYSX: ..\..\PhysXExtensions\src\ExtRigidBodyExt.cpp (283) 4 : PxRigidBodyExt::updateMassAndInertia: Mass and inertia computation failed, setting mass to 1 and inertia to (1,1,1)
[2015.04.18-17.43.11:456][113]LogPhysics:Warning: PHYSX: ..\..\PhysXExtensions\src\ExtRigidBodyExt.cpp (234) 4 : computeMassAndInertia: Dynamic actor with illegal collision shapes
[2015.04.18-17.43.11:456][113]LogPhysics:Warning: PHYSX: ..\..\PhysXExtensions\src\ExtRigidBodyExt.cpp (283) 4 : PxRigidBodyExt::updateMassAndInertia: Mass and inertia computation failed, setting mass to 1 and inertia to (1,1,1)
[2015.04.18-17.43.11:458][113]LogWorld:Warning: *** WARNING - PATHS MAY NOT BE VALID ***
[2015.04.18-17.43.11:458][113]LogWorld: Bringing World /Game/FirstPersonBP/Maps/UEDPIE_0_FirstPersonExampleMap.FirstPersonExampleMap up for play (max tick rate 0) at 2015.04.18-10.43.11
[2015.04.18-17.43.11:461][113]LogWorld: Bringing up level for play took: 0.015185
[2015.04.18-17.43.11:463][113]PIE: Info Play in editor start time for /Game/FirstPersonBP/Maps/UEDPIE_0_FirstPersonExampleMap 0.638
[2015.04.18-17.43.11:464][113]LogBlueprintUserMessages: Next patrol point:0
[2015.04.18-17.43.13:213][299]LogAnimation:Warning: Playing a Montage (FirstPerson_Fire_Montage) for the wrong Skeleton (FirstPerson_Skeleton) instead of (Mixamo_Adam_Skeleton).
[2015.04.18-17.43.13:767][358]LogBlueprintUserMessages: Next patrol point:1
[2015.04.18-17.43.15:283][524]LogPhysics:Warning: PHYSX: ..\..\PhysXExtensions\src\ExtRigidBodyExt.cpp (234) 4 : computeMassAndInertia: Dynamic actor with illegal collision shapes
[2015.04.18-17.43.15:283][524]LogPhysics:Warning: PHYSX: ..\..\PhysXExtensions\src\ExtRigidBodyExt.cpp (283) 4 : PxRigidBodyExt::updateMassAndInertia: Mass and inertia computation failed, setting mass to 1 and inertia to (1,1,1)
[2015.04.18-17.43.15:301][526]LogBlueprintUserMessages: Next patrol point:1
[2015.04.18-17.43.17:776][802]LogBlueprintUserMessages: Next patrol point:2
[2015.04.18-17.43.19:358][971]LogPhysics:Warning: PHYSX: ..\..\PhysXExtensions\src\ExtRigidBodyExt.cpp (234) 4 : computeMassAndInertia: Dynamic actor with illegal collision shapes
[2015.04.18-17.43.19:358][971]LogPhysics:Warning: PHYSX: ..\..\PhysXExtensions\src\ExtRigidBodyExt.cpp (283) 4 : PxRigidBodyExt::updateMassAndInertia: Mass and inertia computation failed, setting mass to 1 and inertia to (1,1,1)
[2015.04.18-17.43.20:495][ 99]LogBlueprintUserMessages: Next patrol point:3
[2015.04.18-17.43.22:499][326]LogPhysics:Warning: PHYSX: ..\..\PhysXExtensions\src\ExtRigidBodyExt.cpp (234) 4 : computeMassAndInertia: Dynamic actor with illegal collision shapes
[2015.04.18-17.43.22:499][326]LogPhysics:Warning: PHYSX: ..\..\PhysXExtensions\src\ExtRigidBodyExt.cpp (283) 4 : PxRigidBodyExt::updateMassAndInertia: Mass and inertia computation failed, setting mass to 1 and inertia to (1,1,1)
[2015.04.18-17.43.23:845][476]LogPhysics:Warning: PHYSX: ..\..\PhysXExtensions\src\ExtRigidBodyExt.cpp (234) 4 : computeMassAndInertia: Dynamic actor with illegal collision shapes
[2015.04.18-17.43.23:845][476]LogPhysics:Warning: PHYSX: ..\..\PhysXExtensions\src\ExtRigidBodyExt.cpp (283) 4 : PxRigidBodyExt::updateMassAndInertia: Mass and inertia computation failed, setting mass to 1 and inertia to (1,1,1)
[2015.04.18-17.43.24:246][521]LogBlueprintUserMessages: Next patrol point:4
[2015.04.18-17.43.25:271][639]LogPhysics:Warning: PHYSX: ..\..\PhysXExtensions\src\ExtRigidBodyExt.cpp (234) 4 : computeMassAndInertia: Dynamic actor with illegal collision shapes
[2015.04.18-17.43.25:271][639]LogPhysics:Warning: PHYSX: ..\..\PhysXExtensions\src\ExtRigidBodyExt.cpp (283) 4 : PxRigidBodyExt::updateMassAndInertia: Mass and inertia computation failed, setting mass to 1 and inertia to (1,1,1)
[2015.04.18-17.43.26:245][737]LogParticles: Destroying 0 GPU particle simulations for FXSystem 0x000000930CEE8B80
[2015.04.18-17.43.33:042][900]LogSavePackage: Save=4752.345703ms
[2015.04.18-17.43.33:042][900]LogSavePackage: Moving '../../../../../../Users/Jimmy/StealthDemo/Saved/FirstPe