Log file open, 04/18/15 17:59:15
LogInit:Display: Running engine for game: StealthDemo
LogInit: Version: 4.7.4-2497108+++depot+UE4-Releases+4.7
LogInit: API Version: 2455222
LogInit: Compiled (64-bit): Mar 31 2015 09:40:25
LogInit: Compiled with Visual C++: 18.00.21005.01
LogInit: Build Configuration: Development
LogInit: Branch Name: ++depot+UE4-Releases+4.7
LogInit: Command line:  
LogInit: Base directory: C:/Program Files/Epic Games/4.7/Engine/Binaries/Win64/
LogInit: Rocket: 1
[2015.04.19-00.59.15:055][  0]LogTaskGraph: Started task graph with 3 named threads and 4 total threads.
[2015.04.19-00.59.15:087][  0]LogOnline:Warning: No default platform service specified for OnlineSubsystem
[2015.04.19-00.59.15:099][  0]LogInit: Presizing for 0 objects not considered by GC, pre-allocating 0 bytes.
[2015.04.19-00.59.15:107][  0]LogInit: Object subsystem initialized
[2015.04.19-00.59.15:109][  0]LogConsoleResponse:Warning: Skipping Unknown console variable: 'TranslucentSortAxis = (X=0.000000,Y=-1.000000,Z=0.000000)'
[2015.04.19-00.59.15:109][  0]LogConsoleResponse:Warning:   Found in ini file 'C:/Users/Jimmy/StealthDemo/Saved/Config/Windows/Engine.ini', in section '[/Script/Engine.RendererSettings]'
[2015.04.19-00.59.15:109][  0]LogConsoleResponse:Warning: Skipping Unknown console variable: 'UIScaleRule = ShortestSide'
[2015.04.19-00.59.15:109][  0]LogConsoleResponse:Warning:   Found in ini file 'C:/Users/Jimmy/StealthDemo/Saved/Config/Windows/Engine.ini', in section '[/Script/Engine.RendererSettings]'
[2015.04.19-00.59.15:109][  0]LogConsoleResponse:Warning: Skipping Unknown console variable: 'UIScaleCurve = (EditorCurveData=(Keys=),ExternalCurve=None)'
[2015.04.19-00.59.15:109][  0]LogConsoleResponse:Warning:   Found in ini file 'C:/Users/Jimmy/StealthDemo/Saved/Config/Windows/Engine.ini', in section '[/Script/Engine.RendererSettings]'
[2015.04.19-00.59.15:109][  0]LogInit: Selected Device Profile: [Windows]
[2015.04.19-00.59.15:109][  0]LogInit: Applying CVar settings loaded from the selected device profile: [Windows]
[2015.04.19-00.59.15:128][  0]LogInit: Computer: JPC
[2015.04.19-00.59.15:128][  0]LogInit: User: Jimmy
[2015.04.19-00.59.15:128][  0]LogInit: CPU Page size=4096, Cores=2
[2015.04.19-00.59.15:128][  0]LogInit: High frequency timer resolution =2.728067 MHz
[2015.04.19-00.59.15:129][  0]LogMemory: Memory total: Physical=7.9GB (8GB approx) Virtual=131072.0GB
[2015.04.19-00.59.15:129][  0]LogMemory: Platform Memory Stats for Windows
[2015.04.19-00.59.15:129][  0]LogMemory: Process Physical Memory: 46.00 MB used, 46.00 MB peak
[2015.04.19-00.59.15:129][  0]LogMemory: Process Virtual Memory: 24.46 MB used, 24.46 MB peak
[2015.04.19-00.59.15:129][  0]LogMemory: Physical Memory: 3016.62 MB used, 8104.27 MB total
[2015.04.19-00.59.15:129][  0]LogMemory: Virtual Memory: 298.87 MB used, 134217728.00 MB total
[2015.04.19-00.59.15:868][  0]LogD3D11RHI: Found D3D11 adapter 0: NVIDIA GeForce GTX 860M   (Feature Level 11_0)
[2015.04.19-00.59.15:868][  0]LogD3D11RHI: Adapter has 1972MB of dedicated video memory, 0MB of dedicated system memory, and 2048MB of shared system memory, 1 output[s]
[2015.04.19-00.59.15:874][  0]LogD3D11RHI: Found D3D11 adapter 1: Intel(R) HD Graphics 4600 (Feature Level 11_0)
[2015.04.19-00.59.15:874][  0]LogD3D11RHI: Adapter has 0MB of dedicated video memory, 0MB of dedicated system memory, and 1792MB of shared system memory, 0 output[s]
[2015.04.19-00.59.15:875][  0]LogD3D11RHI: Found D3D11 adapter 2: Microsoft Basic Render Driver (Feature Level 11_0)
[2015.04.19-00.59.15:875][  0]LogD3D11RHI: Adapter has 0MB of dedicated video memory, 0MB of dedicated system memory, and 256MB of shared system memory, 0 output[s]
[2015.04.19-00.59.15:875][  0]LogD3D11RHI: Chosen D3D11 Adapter Id = 0
[2015.04.19-00.59.15:879][  0]LogRHI: Texture pool is 1361 MB (70% of 1945 MB)
[2015.04.19-00.59.15:889][  0]LogD3D11RHI: Async texture creation enabled
[2015.04.19-00.59.16:067][  0]LogTextLocalizationManager: The requested culture ('en_US') has no localization data; parent culture's ('en') localization data will be used.
[2015.04.19-00.59.16:119][  0]LogTextLocalizationManager:Warning: Loading localization resources contain conflicting entries for (Namespace:UICommands, Key:Save_ToolTip):
Resource: (C:/Program Files/Epic Games/4.7/Engine/Content/Localization/Editor/en/Editor.locres) Hash: (-29098895) String: (Saves the current level to disk)
Resource: (C:/Program Files/Epic Games/4.7/Engine/Content/Localization/Engine/en/Engine.locres) Hash: (-1280300587) String: (Save selected data to vlog file)
[2015.04.19-00.59.16:119][  0]LogTextLocalizationManager:Warning: Loading localization resources contain conflicting entries for (Namespace:ContentBrowser, Key:ImportAssetToolTip):
Resource: (C:/Program Files/Epic Games/4.7/Engine/Content/Localization/Editor/en/Editor.locres) Hash: (-630476809) String: (Import to {0}...)
Resource: (C:/Program Files/Epic Games/4.7/Engine/Content/Localization/Editor/en/Editor.locres) Hash: (1271782899) String: (Imports an asset from file to this folder.)
[2015.04.19-00.59.16:192][  0]LogContentStreaming: Texture pool size is 0.000000MB
[2015.04.19-00.59.18:811][  0]LogTargetPlatformManager:Display: Building Assets For Windows
[2015.04.19-00.59.19:380][  0]LogTargetPlatformManager:Display: Building Assets For Windows
[2015.04.19-00.59.19:436][  0]LogDerivedDataCache:Display: Max Cache Size: 512 MB
[2015.04.19-00.59.20:148][  0]LogDerivedDataCache: Loaded boot cache 0.71s 39MB C:/Users/Jimmy/AppData/Local/UnrealEngine/4.7/DerivedDataCache/Boot.ddc.
[2015.04.19-00.59.20:148][  0]LogDerivedDataCache:Display: Loaded Boot cache: C:/Users/Jimmy/AppData/Local/UnrealEngine/4.7/DerivedDataCache/Boot.ddc
[2015.04.19-00.59.20:148][  0]LogDerivedDataCache: FDerivedDataBackendGraph:  Pak pak cache file ../../../../../../Users/Jimmy/StealthDemo/DerivedDataCache/DDC.ddp not found, will not use a pak cache.
[2015.04.19-00.59.20:148][  0]LogDerivedDataCache: Unable to find inner node Pak for hierarchical cache Hierarchy.
[2015.04.19-00.59.20:288][  0]LogDerivedDataCache:Display: Pak cache opened for reading ../../../Engine/DerivedDataCache/Compressed.ddp.
[2015.04.19-00.59.20:300][  0]LogDerivedDataCache: Using Local data cache path C:/Users/Jimmy/AppData/Local/UnrealEngine/Common/DerivedDataCache: Writable
[2015.04.19-00.59.21:761][  0]LogMeshUtilities: No automatic mesh reduction module available
[2015.04.19-00.59.21:761][  0]LogMeshUtilities: No automatic mesh merging module available
[2015.04.19-00.59.22:142][  0]LogInit: WinSock: version 1.1 (2.2), MaxSocks=32767, MaxUdp=65467
[2015.04.19-00.59.22:433][  0]LogSlate:Warning: Failed to load font data from '../../../Engine/Content/Slate/Fonts/Roboto-Italic.ttf'
[2015.04.19-00.59.39:191][  0]UdpMessaging: Initializing bridge on interface 0.0.0.0:0 to multicast group 230.0.0.1:6666.
[2015.04.19-00.59.39:684][  0]SourceControl: Info Source control is disabled
[2015.04.19-00.59.39:684][  0]SourceControl: Info Source control is disabled
[2015.04.19-00.59.39:684][  0]SourceControl: Info Source control is disabled
[2015.04.19-00.59.39:684][  0]LogSourceControl: RunCommandInternalRaw: 'git version'
[2015.04.19-00.59.39:684][  0]LogSourceControl: RunCommandInternalRaw: ExecProcess ReturnCode=2 OutResults=''
[2015.04.19-00.59.39:692][  0]SourceControl: Info Source control is disabled
[2015.04.19-00.59.40:259][  0]LogObj: 24232 objects as part of root set at end of initial load.
[2015.04.19-00.59.40:259][  0]LogUObjectAllocator: 5137176 out of 0 bytes used by permanent object pool.
[2015.04.19-00.59.40:335][  0]LogEngine: Initializing Engine...
[2015.04.19-00.59.42:476][  0]LogInit: XAudio2 using 'Speakers (Realtek High Definition Audio)' : 2 channels at 48 kHz using 32 bits per sample (channel mask 0x3)
[2015.04.19-00.59.42:492][  0]LogInit: FAudioDevice initialized.
[2015.04.19-00.59.42:528][  0]LogAIModule: Creating AISystem for world NewWorld
[2015.04.19-00.59.42:549][  0]LogDerivedDataCache: Saved boot cache 0.02s 39MB C:/Users/Jimmy/AppData/Local/UnrealEngine/4.7/DerivedDataCache/Boot.ddc.
[2015.04.19-00.59.42:555][  0]LogInit: Texture streaming: Enabled
[2015.04.19-00.59.42:684][  0]LogAnalytics: Creating configured Analytics provider AnalyticsET
[2015.04.19-00.59.42:684][  0]LogAnalytics: ET APIKey = Rocket.Release. APIServer = http://et2.epicgames.com/ET2/. AppVersion = 4.7.4-2497108+++depot+UE4-Releases+4.7
[2015.04.19-00.59.42:684][  0]LogAnalytics: ET APIKey = Rocket.Release. DataRouterUploadURL = https://datarouter-public-service-gamedev.ol.epicgames.net/datarouter/api/v1/public/data. AppVersion = 4.7.4-2497108+++depot+UE4-Releases+4.7
[2015.04.19-00.59.42:684][  0]LogAnalytics: SetUserId d22899994831325049a3c09a97ca1940|0bf49305baa249a2b1c0f583ad32cf5d|a3f0f8ec-9a91-4b50-9158-36124c84c151
[2015.04.19-00.59.42:684][  0]LogAnalytics: AnalyticsET::StartSession [Rocket.Release]
[2015.04.19-00.59.42:740][  0]LogInit: Transaction tracking system initialized
[2015.04.19-00.59.43:025][  0]BlueprintLog: New page: Editor Load
[2015.04.19-00.59.43:071][  0]LogAssetRegistry: FAssetRegistry took 0.0104 seconds to start up
[2015.04.19-00.59.43:071][  0]LogDirectoryWatcher:Warning: Failed to begin reading directory changes for ../../../Engine/Plugins/Experimental/CharacterAI/Content/. Error: 0
[2015.04.19-00.59.44:409][  0]LogTargetPlatformManager:Display: Building Assets For Windows
[2015.04.19-00.59.44:786][  0]LogTargetPlatformManager:Display: Building Assets For Windows
[2015.04.19-00.59.57:346][  0]LogSlate:Warning: Failed to load font data from '../../../Engine/Content/Editor/Slate/Fonts/Roboto-Regular.ttf'
[2015.04.19-00.59.57:347][  0]LogSlate:Warning: Failed to load font data from '../../../Engine/Content/Editor/Slate/Fonts/Roboto-Bold.ttf'
[2015.04.19-00.59.57:527][  0]LogConsoleResponse:Display: 
[2015.04.19-00.59.58:861][  0]LogCook:Display: Done creating registry. It took  0.00s.
[2015.04.19-00.59.59:506][  0]SourceControl: Info Source control is disabled
[2015.04.19-00.59.59:506][  0]Cmd: MAP LOAD FILE="../../../../../../Users/Jimmy/StealthDemo/Content/FirstPersonBP/Maps/FirstPersonExampleMap.umap" TEMPLATE=0 SHOWPROGRESS=1 FEATURELEVEL=3
[2015.04.19-00.59.59:509][  0]LightingResults: New page: Lighting Build
[2015.04.19-00.59.59:525][  0]MapCheck: New page: Map Check
[2015.04.19-00.59.59:525][  0]LightingResults: New page: Lighting Build
[2015.04.19-00.59.59:546][  0]LogParticles: Destroying 0 GPU particle simulations for FXSystem 0x0000007321694680
[2015.04.19-01.00.00:882][  0]LogLinker:Warning: Asset '../../../Engine/Content/EngineMeshes/Humanoid.uasset' has been saved with empty engine version. The asset will be loaded but may be incompatible.
[2015.04.19-01.00.06:590][  0]LogTexture:Display: Building textures: HQ_Lightmap0_1 (AutoDXT)
[2015.04.19-01.00.12:042][  0]LogTexture:Display: Building textures: HQ_Lightmap0_2 (AutoDXT)
[2015.04.19-01.00.13:452][  0]LogTexture:Display: Building textures: HQ_Lightmap0_3 (AutoDXT)
[2015.04.19-01.00.14:826][  0]LogTexture:Display: Building textures: HQ_Lightmap0_4 (AutoDXT)
[2015.04.19-01.00.16:128][  0]LogTexture:Display: Building textures: HQ_Lightmap0_7 (AutoDXT)
[2015.04.19-01.00.17:198][  0]LogTexture:Display: Building textures: HQ_Lightmap0_8 (AutoDXT)
[2015.04.19-01.00.17:262][  0]LogTexture:Display: Building textures: LQ_Lightmap_0_2 (DXT1)
[2015.04.19-01.00.17:670][  0]LogTexture:Display: Building textures: LQ_Lightmap_0_3 (DXT1)
[2015.04.19-01.00.18:070][  0]LogTexture:Display: Building textures: LQ_Lightmap_0_4 (DXT1)
[2015.04.19-01.00.18:441][  0]LogTexture:Display: Building textures: LQ_Lightmap_0_7 (DXT1)
[2015.04.19-01.00.18:733][  0]LogTexture:Display: Building textures: LQ_Lightmap_0_8 (DXT1)
[2015.04.19-01.00.18:916][  0]LogTexture:Display: Building textures: LQ_Lightmap_1_1 (DXT1)
[2015.04.19-01.00.20:293][  0]LogPhysics:Warning: PHYSX: ..\..\PhysXExtensions\src\ExtRigidBodyExt.cpp (234) 4 : computeMassAndInertia: Dynamic actor with illegal collision shapes
[2015.04.19-01.00.20:293][  0]LogPhysics:Warning: PHYSX: ..\..\PhysXExtensions\src\ExtRigidBodyExt.cpp (283) 4 : PxRigidBodyExt::updateMassAndInertia: Mass and inertia computation failed, setting mass to 1 and inertia to (1,1,1)
[2015.04.19-01.00.20:294][  0]LogPhysics:Warning: PHYSX: ..\..\PhysXExtensions\src\ExtRigidBodyExt.cpp (234) 4 : computeMassAndInertia: Dynamic actor with illegal collision shapes
[2015.04.19-01.00.20:294][  0]LogPhysics:Warning: PHYSX: ..\..\PhysXExtensions\src\ExtRigidBodyExt.cpp (283) 4 : PxRigidBodyExt::updateMassAndInertia: Mass and inertia computation failed, setting mass to 1 and inertia to (1,1,1)
[2015.04.19-01.00.20:303][  0]LogPhysics:Warning: PHYSX: ..\..\PhysXExtensions\src\ExtRigidBodyExt.cpp (234) 4 : computeMassAndInertia: Dynamic actor with illegal collision shapes
[2015.04.19-01.00.20:303][  0]LogPhysics:Warning: PHYSX: ..\..\PhysXExtensions\src\ExtRigidBodyExt.cpp (283) 4 : PxRigidBodyExt::updateMassAndInertia: Mass and inertia computation failed, setting mass to 1 and inertia to (1,1,1)
[2015.04.19-01.00.20:304][  0]LogPhysics:Warning: PHYSX: ..\..\PhysXExtensions\src\ExtRigidBodyExt.cpp (234) 4 : computeMassAndInertia: Dynamic actor with illegal collision shapes
[2015.04.19-01.00.20:304][  0]LogPhysics:Warning: PHYSX: ..\..\PhysXExtensions\src\ExtRigidBodyExt.cpp (283) 4 : PxRigidBodyExt::updateMassAndInertia: Mass and inertia computation failed, setting mass to 1 and inertia to (1,1,1)
[2015.04.19-01.00.20:308][  0]LogEditorServer: Finished looking for orphan Actors (0.000 secs)
[2015.04.19-01.00.20:308][  0]LogAIModule: Creating AISystem for world FirstPersonExampleMap
[2015.04.19-01.00.20:310][  0]Cmd: MAP CHECKDEP
[2015.04.19-01.00.20:310][  0]MapCheck: New page: FirstPersonExampleMap - Apr 18, 2015, 11:00:20 AM
[2015.04.19-01.00.20:438][  0]MapCheck: Info Map check complete: 0 Error(s), 0 Warning(s), took 128.467ms to complete.
[2015.04.19-01.00.20:438][  0]LogFileHelpers: Loading map 'FirstPersonExampleMap' took 20.932
[2015.04.19-01.00.20:612][  0]LogCollectionManager: Loaded 0 collections in 0.002049 seconds
[2015.04.19-01.00.20:623][  0]LogContentBrowser: Native class hierarchy populated in 0.0107 seconds. Added 1696 classes and 261 folders.
[2015.04.19-01.00.20:655][  0]LogContentBrowser: Native class hierarchy updated for 'SceneOutliner' in 0.0019 seconds. Added 1 classes and 2 folders.
[2015.04.19-01.00.20:710][  0]LogCrashTracker: Crashtracker disabled due to settings.
[2015.04.19-01.00.20:711][  0]LogSlate:Warning: Failed to load font data from 'Veranda'
[2015.04.19-01.00.20:720][  0]LogUObjectGlobals:Warning: Failed to find object 'Class None.'
[2015.04.19-01.00.20:751][  0]LogLoad: Full Startup: 67.67 seconds (BP compile: 2.37 seconds)
[2015.04.19-01.00.21:146][  0]LogContentBrowser:Verbose: The content browser source was changed by the sources view to '/Game/FirstPersonBP'
[2015.04.19-01.00.22:814][  2]LogRenderer:Warning: Reallocating scene render targets to support 816x376 (Frame:2).
[2015.04.19-01.00.24:166][  5]LogAssetRegistry: Asset discovery search completed in 41.1056 seconds
[2015.04.19-01.00.56:356][968]LogSavePackage: Save=4028.334961ms
[2015.04.19-01.00.56:356][968]LogSavePackage: Moving '../../../../../../Users/Jimmy/StealthDemo/Saved/UEDPCFirstPersonExampleMap0420F92F48DF69087586F6A174A3E4EB.tmp' to '../../../../../../Users/Jimmy/StealthDemo/Saved/Autosaves/Game/FirstPersonBP/Maps/UEDPCFirstPersonExampleMap.umap'
[2015.04.19-01.03.05:831][733]LogSavePackage: Save=4649.405273ms
[2015.04.19-01.03.05:831][733]LogSavePackage: Moving '../../../../../../Users/Jimmy/StealthDemo/Saved/UEDPCFirstPersonExampleMap86C812DC4DF9FEEB5448AF88AB2278B1.tmp' to '../../../../../../Users/Jimmy/StealthDemo/Saved/Autosaves/Game/FirstPersonBP/Maps/UEDPCFirstPersonExampleMap.umap'
[2015.04.19-01.04.16:522][708]MapCheck: New page: Map Check
[2015.04.19-01.04.16:580][708]LightingResults: New page: Lighting Build - Apr 18, 2015, 11:04:16 AM
[2015.04.19-01.04.19:204][708]LogStaticLightingSystem: Running Lightmass w/ ImmediateImport mode ENABLED
[2015.04.19-01.04.19:204][708]LogStaticLightingSystem: Running Lightmass w/ ImmediateProcess mode ENABLED
[2015.04.19-01.04.19:204][708]LogStaticLightingSystem: Running Lightmass w/ Sorting mode ENABLED
[2015.04.19-01.04.19:204][708]LogStaticLightingSystem: Running Lightmass w/ Mapping paddings ENABLED
[2015.04.19-01.04.19:204][708]LogStaticLightingSystem: Running Lightmass w/ Mapping debug paddings DISABLED
[2015.04.19-01.04.19:751][708]LogEditorBuildUtils: Build time 0:00:03
[2015.04.19-01.46.53:399][984]LogHttp:Warning: Timeout processing Http request. 000000732C0EC9C0 url=http://et2.epicgames.com/ET2/CollectData.1?SessionID=%7B3374C708-402B-DFEA-07C8-BAB29F2CC5C7%7D&AppID=Rocket.Release&AppVersion=4.7.4-2497108%2B%2B%2Bdepot%2BUE4-Releases%2B4.7&UserID=d22899994831325049a3c09a97ca1940%7C0bf49305baa249a2b1c0f583ad32cf5d%7Ca3f0f8ec-9a91-4b50-9158-36124c84c151&IsEditor=1
[2015.04.19-01.46.59:121][984]LogHttp:Warning: InternetStatusCallbackWinInet: on invalid request 000000732C0EC9C0. 
[2015.04.19-01.46.59:121][984]LogHttp:Warning: InternetStatusCallbackWinInet: on invalid request 000000732C0EC9C0. 
[2015.04.19-01.46.59:121][984]LogHttp:Warning: InternetStatusCallbackWinInet: on invalid request 000000732C0EC9C0. 
[2015.04.19-01.47.16:572][996]LogSavePackage: Save=8136.608887ms
[2015.04.19-01.47.16:572][996]LogSavePackage: Moving '../../../../../../Users/Jimmy/StealthDemo/Saved/FirstPersonExampleMap_Auto1B148D7F147FC9BE2E45679BBA8A43A30.tmp' to '../../../../../../Users/Jimmy/StealthDemo/Saved/Autosaves/Game/FirstPersonBP/Maps/FirstPersonExampleMap_Auto1.umap'
[2015.04.19-01.47.17:285][996]LogFileHelpers: Editor autosave (incl. sublevels) for '/Game/FirstPersonBP/Maps/FirstPersonExampleMap' took 13.192
[2015.04.19-01.47.17:285][996]LogFileHelpers: Editor autosave (incl. sublevels) for all levels took 13.192
[2015.04.19-01.50.45:306][774]Job is a success!
[2015.04.19-01.50.47:911][775]LogPhysics:Warning: PHYSX: ..\..\PhysXExtensions\src\ExtRigidBodyExt.cpp (234) 4 : computeMassAndInertia: Dynamic actor with illegal collision shapes
[2015.04.19-01.50.47:911][775]LogPhysics:Warning: PHYSX: ..\..\PhysXExtensions\src\ExtRigidBodyExt.cpp (283) 4 : PxRigidBodyExt::updateMassAndInertia: Mass and inertia computation failed, setting mass to 1 and inertia to (1,1,1)
[2015.04.19-01.50.47:911][775]LogPhysics:Warning: PHYSX: ..\..\PhysXExtensions\src\ExtRigidBodyExt.cpp (234) 4 : computeMassAndInertia: Dynamic actor with illegal collision shapes
[2015.04.19-01.50.47:911][775]LogPhysics:Warning: PHYSX: ..\..\PhysXExtensions\src\ExtRigidBodyExt.cpp (283) 4 : PxRigidBodyExt::updateMassAndInertia: Mass and inertia computation failed, setting mass to 1 and inertia to (1,1,1)
[2015.04.19-01.50.54:351][775]LogTexture:Display: Building textures: HQ_Lightmap1_1 (AutoDXT)
[2015.04.19-01.51.00:078][775]LogTexture:Display: Building textures: LQ_Lightmap_0_16 (DXT1)
[2015.04.19-01.51.00:081][775]LogTexture:Display: Building textures: HQ_Lightmap0_16 (AutoDXT)
[2015.04.19-01.51.00:095][775]LogTexture:Display: Building textures: LQ_Lightmap_0_15 (DXT1)
[2015.04.19-01.51.00:499][775]LogTexture:Display: Building textures: HQ_Lightmap0_15 (AutoDXT)
[2015.04.19-01.51.01:553][775]LogTexture:Display: Building textures: LQ_Lightmap_0_14 (DXT1)
[2015.04.19-01.51.01:959][775]LogTexture:Display: Building textures: HQ_Lightmap0_14 (AutoDXT)
[2015.04.19-01.51.03:216][775]LogTexture:Display: Building textures: LQ_Lightmap_0_13 (DXT1)
[2015.04.19-01.51.03:641][775]LogTexture:Display: Building textures: HQ_Lightmap0_13 (AutoDXT)
[2015.04.19-01.51.05:285][775]LogTexture:Display: Building textures: LQ_Lightmap_0_12 (DXT1)
[2015.04.19-01.51.05:736][775]LogTexture:Display: Building textures: HQ_Lightmap0_12 (AutoDXT)
[2015.04.19-01.51.07:825][775]LogTexture:Display: Building textures: LQ_Lightmap_0_11 (DXT1)
[2015.04.19-01.51.08:310][775]LogTexture:Display: Building textures: HQ_Lightmap0_11 (AutoDXT)
[2015.04.19-01.51.09:988][775]LogTexture:Display: Building textures: LQ_Lightmap_0_10 (DXT1)
[2015.04.19-01.51.10:446][775]LogTexture:Display: Building textures: HQ_Lightmap0_10 (AutoDXT)
[2015.04.19-01.51.11:641][775]LogTexture:Display: Building textures: LQ_Lightmap_0_9 (DXT1)
[2015.04.19-01.51.12:234][775]LogTexture:Display: Building textures: HQ_Lightmap0_9 (AutoDXT)
[2015.04.19-01.51.13:384][775]LogTexture:Display: Building textures: LQ_Lightmap_1_8 (DXT1)
[2015.04.19-01.51.13:753][775]LogTexture:Display: Building textures: HQ_Lightmap1_8 (AutoDXT)
[2015.04.19-01.51.15:537][775]LogTexture:Display: Building textures: LQ_Lightmap_1_7 (DXT1)
[2015.04.19-01.51.15:897][775]LogTexture:Display: Building textures: HQ_Lightmap1_7 (AutoDXT)
[2015.04.19-01.51.17:707][775]LogTexture:Display: Building textures: LQ_Lightmap_0_6 (DXT1)
[2015.04.19-01.51.18:092][775]LogTexture:Display: Building textures: HQ_Lightmap0_6 (AutoDXT)
[2015.04.19-01.51.19:516][775]LogTexture:Display: Building textures: LQ_Lightmap_0_5 (DXT1)
[2015.04.19-01.51.19:863][775]LogTexture:Display: Building textures: HQ_Lightmap0_5 (AutoDXT)
[2015.04.19-01.51.21:320][775]LogTexture:Display: Building textures: LQ_Lightmap_1_4 (DXT1)
[2015.04.19-01.51.21:757][775]LogTexture:Display: Building textures: HQ_Lightmap1_4 (AutoDXT)
[2015.04.19-01.51.23:306][775]LogTexture:Display: Building textures: LQ_Lightmap_1_3 (DXT1)
[2015.04.19-01.51.23:707][775]LogTexture:Display: Building textures: HQ_Lightmap1_3 (AutoDXT)
[2015.04.19-01.51.25:297][775]LogTexture:Display: Building textures: LQ_Lightmap_1_2 (DXT1)
[2015.04.19-01.51.25:704][775]LogTexture:Display: Building textures: HQ_Lightmap1_2 (AutoDXT)
[2015.04.19-01.51.27:218][775]LogTexture:Display: Building textures: LQ_Lightmap_0_1 (DXT1)
[2015.04.19-01.51.31:473][775]LogTexture:Display: Building textures: ShadowMapTexture2D_4 (BGRA8)
[2015.04.19-01.51.32:977][775]LogTexture:Display: Building textures: ShadowMapTexture2D_5 (BGRA8)
[2015.04.19-01.51.33:798][775]LogTexture:Display: Building textures: ShadowMapTexture2D_8 (BGRA8)
[2015.04.19-01.51.34:640][775]LogTexture:Display: Building textures: ShadowMapTexture2D_9 (BGRA8)
[2015.04.19-01.51.35:529][775]LogTexture:Display: Building textures: ShadowMapTexture2D_10 (BGRA8)
[2015.04.19-01.51.36:267][775]LogTexture:Display: Building textures: ShadowMapTexture2D_11 (BGRA8)
[2015.04.19-01.51.36:982][775]LogTexture:Display: Building textures: ShadowMapTexture2D_12 (BGRA8)
[2015.04.19-01.51.37:906][775]LogTexture:Display: Building textures: ShadowMapTexture2D_13 (BGRA8)
[2015.04.19-01.51.38:681][775]LogTexture:Display: Building textures: ShadowMapTexture2D_14 (BGRA8)
[2015.04.19-01.51.39:571][775]LogTexture:Display: Building textures: ShadowMapTexture2D_15 (BGRA8)
[2015.04.19-01.51.40:588][775]LogTexture:Display: Building textures: ShadowMapTexture2D_16 (BGRA8)
[2015.04.19-01.51.41:314][775]LogTexture:Display: Building textures: ShadowMapTexture2D_17 (BGRA8)
[2015.04.19-01.51.42:122][775]LogTexture:Display: Building textures: ShadowMapTexture2D_18 (BGRA8)
[2015.04.19-01.51.42:923][775]LogTexture:Display: Building textures: ShadowMapTexture2D_19 (BGRA8)
[2015.04.19-01.51.43:730][775]LogTexture:Display: Building textures: ShadowMapTexture2D_20 (BGRA8)
[2015.04.19-01.51.44:466][775]LogTexture:Display: Building textures: ShadowMapTexture2D_21 (BGRA8)
[2015.04.19-01.51.45:318][775]LogTexture:Display: Building textures: ShadowMapTexture2D_22 (BGRA8)
[2015.04.19-01.51.46:056][775]LogTexture:Display: Building textures: ShadowMapTexture2D_23 (BGRA8)
[2015.04.19-01.51.46:931][775]LogTexture:Display: Building textures: ShadowMapTexture2D_24 (BGRA8)
[2015.04.19-01.51.47:834][775]LogTexture:Display: Building textures: ShadowMapTexture2D_25 (BGRA8)
[2015.04.19-01.51.48:623][775]LogTexture:Display: Building textures: ShadowMapTexture2D_26 (BGRA8)
[2015.04.19-01.51.49:444][775]LogTexture:Display: Building textures: ShadowMapTexture2D_27 (BGRA8)
[2015.04.19-01.51.50:258][775]LogTexture:Display: Building textures: ShadowMapTexture2D_28 (BGRA8)
[2015.04.19-01.51.51:064][775]LogTexture:Display: Building textures: ShadowMapTexture2D_29 (BGRA8)
[2015.04.19-01.51.51:234][775]LogTexture:Display: Building textures: ShadowMapTexture2D_30 (BGRA8)
[2015.04.19-01.51.54:122][775]Lightmass on JPC: 47:30 min total, 234 ms importing, 1 ms setup, 12.7 sec photons, 47:16 min processing, 0 ms extra exporting [25/25 mappings]. Threads: 3:09:07 hours total, 2:18:05 hours processing.
[2015.04.19-01.51.54:236][775]LogPhysics:Warning: PHYSX: ..\..\PhysXExtensions\src\ExtRigidBodyExt.cpp (234) 4 : computeMassAndInertia: Dynamic actor with illegal collision shapes
[2015.04.19-01.51.54:236][775]LogPhysics:Warning: PHYSX: ..\..\PhysXExtensions\src\ExtRigidBodyExt.cpp (283) 4 : PxRigidBodyExt::updateMassAndInertia: Mass and inertia computation failed, setting mass to 1 and inertia to (1,1,1)
[2015.04.19-01.51.54:236][775]LogPhysics:Warning: PHYSX: ..\..\PhysXExtensions\src\ExtRigidBodyExt.cpp (234) 4 : computeMassAndInertia: Dynamic actor with illegal collision shapes
[2015.04.19-01.51.54:236][775]LogPhysics:Warning: PHYSX: ..\..\PhysXExtensions\src\ExtRigidBodyExt.cpp (283) 4 : PxRigidBodyExt::updateMassAndInertia: Mass and inertia computation failed, setting mass to 1 and inertia to (1,1,1)
[2015.04.19-01.51.54:354][775]LogStaticLightingSystem: Illumination: 47:37 min (1:03 min encoding lightmaps)
[2015.04.19-01.51.54:354][775]LogStaticLightingSystem: Lightmap texture memory:  96.0 MB (96.0 MB streaming, 0.0 MB non-streaming), 32 textures
[2015.04.19-01.51.54:354][775]LogStaticLightingSystem: Shadowmap texture memory: 288.0 MB (288.0 MB streaming, 0.0 MB non-streaming), 25 textures
[2015.04.19-01.51.55:251][776]Cmd: MAP CHECK NOTIFYRESULTS
[2015.04.19-01.51.55:251][776]MapCheck: New page: FirstPersonExampleMap - Apr 18, 2015, 11:51:55 AM
[2015.04.19-01.51.55:980][776]MapCheck: Info Map check complete: 0 Error(s), 0 Warning(s), took 728.976ms to complete.
[2015.04.19-01.56.46:699][915]LogSavePackage: Save=11914.778320ms
[2015.04.19-01.56.46:699][915]LogSavePackage: Moving '../../../../../../Users/Jimmy/StealthDemo/Saved/UEDPCFirstPersonExampleMap2608E3714E2160B267B4A2B18BB0C9FD.tmp' to '../../../../../../Users/Jimmy/StealthDemo/Saved/Autosaves/Game/FirstPersonBP/Maps/UEDPCFirstPersonExampleMap.umap'
[2015.04.19-01.58.46:153][219]LogSavePackage: Save=17774.716797ms
[2015.04.19-01.58.46:153][219]LogSavePackage: Moving '../../../../../../Users/Jimmy/StealthDemo/Saved/FirstPersonExampleMap_Auto27B7AD1184DBC566E12D4FAA6535DC4B9.tmp' to '../../../../../../Users/Jimmy/StealthDemo/Saved/Autosaves/Game/FirstPersonBP/Maps/FirstPersonExampleMap_Auto2.umap'
[2015.04.19-01.58.46:304][219]LogFileHelpers: Editor autosave (incl. sublevels) for '/Game/FirstPersonBP/Maps/FirstPersonExampleMap' took 18.120
[2015.04.19-01.58.46:304][219]LogFileHelpers: Editor autosave (incl. sublevels) for all levels took 18.120
[2015.04.19-02.11.47:248][  9]LogSavePackage: Save=13612.820313ms
[2015.04.19-02.11.47:248][  9]LogSavePackage: Moving '../../../../../../Users/Jimmy/StealthDemo/Saved/UEDPCFirstPersonExampleMapF7652ED54A3F943FD8B80EA3341AE355.tmp' to '../../../../../../Users/Jimmy/StealthDemo/Saved/Autosaves/Game/FirstPersonBP/Maps/UEDPCFirstPersonExampleMap.umap'
[2015.04.19-02.12.03:545][ 10]LogSavePackage: Save=15859.673828ms
[2015.04.19-02.12.03:545][ 10]LogSavePackage: Moving '../../../../../../Users/Jimmy/StealthDemo/Saved/FirstPersonExampleMap_Auto342170AE3441249FFC3BBE88E13746E1D.tmp' to '../../../../../../Users/Jimmy/StealthDemo/Saved/Autosaves/Game/FirstPersonBP/Maps/FirstPersonExampleMap_Auto3.umap'
[2015.04.19-02.12.03:698][ 10]LogFileHelpers: Editor autosave (incl. sublevels) for '/Game/FirstPersonBP/Maps/FirstPersonExampleMap' took 16.191
[2015.04.19-02.12.03:698][ 10]LogFileHelpers: Editor autosave (incl. sublevels) for all levels took 16.191
[2015.04.19-02.15.14:312][871]LogSavePackage: Save=14200.130859ms
[2015.04.19-02.15.14:312][871]LogSavePackage: Moving '../../../../../../Users/Jimmy/StealthDemo/Saved/FirstPersonExampleMap9DA5AC8A4BDBAC4A73FCDF80AA75CBBA.tmp' to '../../../../../../Users/Jimmy/StealthDemo/Content/FirstPersonBP/Maps/FirstPersonExampleMap.umap'
[2015.04.19-02.15.14:457][871]LogFileHelpers: Saving map 'FirstPersonExampleMap' took 14.529
[2015.04.19-02.15.15:253][872]Cmd: QUIT_EDITOR
[2015.04.19-02.15.15:656][872]LogExit: Preparing to exit.
[2015.04.19-02.15.16:328][872]LogExit: Editor shut down
[2015.04.19-02.15.16:328][872]LogExit: Transaction tracking system shut down
[2015.04.19-02.15.16:330][872]LogParticles: Destroying 0 GPU particle simulations for FXSystem 0x00000073283CC860
[2015.04.19-02.15.16:331][872]LogParticles: Destroying 0 GPU particle simulations for FXSystem 0x000000732C36A700
[2015.04.19-02.15.17:030][872]LogParticles: Destroying 0 GPU particle simulations for FXSystem 0x000000732BB97D80
[2015.04.19-02.15.17:030][872]LogExit: Object subsystem successfully closed.
[2015.04.19-02.15.17:095][872]LogModuleManager: Shutting down and abandoning module CrashTracker (177)
[2015.04.19-02.15.17:095][872]LogModuleManager: Shutting down and abandoning module SuperSearch (176)
[2015.04.19-02.15.17:095][872]LogModuleManager: Shutting down and abandoning module SceneOutliner (175)
[2015.04.19-02.15.17:095][872]LogModuleManager: Shutting down and abandoning module EditorWidgets (174)
[2015.04.19-02.15.17:095][872]LogModuleManager: Shutting down and abandoning module CollectionManager (173)
[2015.04.19-02.15.17:104][872]LogModuleManager: Shutting down and abandoning module StatsViewer (172)
[2015.04.19-02.15.17:124][872]LogModuleManager: Shutting down and abandoning module FoliageEdit (171)
[2015.04.19-02.15.17:125][872]LogModuleManager: Shutting down and abandoning module LandscapeEditor (170)
[2015.04.19-02.15.17:151][872]LogModuleManager: Shutting down and abandoning module MeshPaint (169)
[2015.04.19-02.15.17:159][872]LogModuleManager: Shutting down and abandoning module ActorPickerMode (168)
[2015.04.19-02.15.17:159][872]LogModuleManager: Shutting down and abandoning module GeometryMode (167)
[2015.04.19-02.15.17:159][872]LogModuleManager: Shutting down and abandoning module TextureAlignMode (166)
[2015.04.19-02.15.17:159][872]LogModuleManager: Shutting down and abandoning module BspMode (165)
[2015.04.19-02.15.17:159][872]LogModuleManager: Shutting down and abandoning module PlacementMode (164)
[2015.04.19-02.15.17:159][872]LogModuleManager: Shutting down and abandoning module AutomationWorker (163)
[2015.04.19-02.15.17:159][872]LogModuleManager: Shutting down and abandoning module CharacterAI (162)
[2015.04.19-02.15.17:159][872]LogModuleManager: Shutting down and abandoning module SmartSnapping (161)
[2015.04.19-02.15.17:159][872]LogModuleManager: Shutting down and abandoning module ViewportSnapping (160)
[2015.04.19-02.15.17:159][872]LogModuleManager: Shutting down and abandoning module LogVisualizer (159)
[2015.04.19-02.15.17:179][872]LogModuleManager: Shutting down and abandoning module GameProjectGeneration (158)
[2015.04.19-02.15.17:219][872]LogModuleManager: Shutting down and abandoning module IntroTutorials (157)
[2015.04.19-02.15.17:254][872]LogModuleManager: Shutting down and abandoning module EditorLiveStreaming (156)
[2015.04.19-02.15.17:254][872]LogModuleManager: Shutting down and abandoning module HardwareTargeting (155)
[2015.04.19-02.15.17:277][872]LogModuleManager: Shutting down and abandoning module DeviceProfileEditor (154)
[2015.04.19-02.15.17:277][872]LogModuleManager: Shutting down and abandoning module UndoHistory (153)
[2015.04.19-02.15.17:277][872]LogModuleManager: Shutting down and abandoning module GameplayTagsEditor (152)
[2015.04.19-02.15.17:277][872]LogModuleManager: Shutting down and abandoning module UserFeedback (151)
[2015.04.19-02.15.17:277][872]LogModuleManager: Shutting down and abandoning module XmlParser (150)
[2015.04.19-02.15.17:277][872]LogModuleManager: Shutting down and abandoning module Blutility (149)
[2015.04.19-02.15.17:277][872]LogModuleManager: Shutting down and abandoning module IOSPlatformEditor (148)
[2015.04.19-02.15.17:277][872]LogModuleManager: Shutting down and abandoning module IOSRuntimeSettings (147)
[2015.04.19-02.15.17:277][872]LogModuleManager: Shutting down and abandoning module AndroidDeviceDetection (146)
[2015.04.19-02.15.17:822][872]LogModuleManager: Shutting down and abandoning module AndroidPlatformEditor (145)
[2015.04.19-02.15.17:822][872]LogModuleManager: Shutting down and abandoning module AndroidRuntimeSettings (144)
[2015.04.19-02.15.17:822][872]LogModuleManager: Shutting down and abandoning module ProjectTargetPlatformEditor (143)
[2015.04.19-02.15.17:822][872]LogModuleManager: Shutting down and abandoning module ProjectSettingsViewer (142)
[2015.04.19-02.15.17:822][872]LogModuleManager: Shutting down and abandoning module InputBindingEditor (141)
[2015.04.19-02.15.17:832][872]LogModuleManager: Shutting down and abandoning module EditorSettingsViewer (140)
[2015.04.19-02.15.17:832][872]LogModuleManager: Shutting down and abandoning module SettingsEditor (139)
[2015.04.19-02.15.17:832][872]LogModuleManager: Shutting down and abandoning module ProjectLauncher (138)
[2015.04.19-02.15.17:832][872]LogModuleManager: Shutting down and abandoning module SessionFrontend (137)
[2015.04.19-02.15.17:832][872]LogModuleManager: Shutting down and abandoning module ProfilerClient (136)
[2015.04.19-02.15.17:832][872]LogModuleManager: Shutting down and abandoning module TargetDeviceServices (135)
[2015.04.19-02.15.17:832][872]LogModuleManager: Shutting down and abandoning module DeviceManager (134)
[2015.04.19-02.15.17:832][872]LogModuleManager: Shutting down and abandoning module AutomationController (133)
[2015.04.19-02.15.17:848][872]LogModuleManager: Shutting down and abandoning module AutomationWindow (132)
[2015.04.19-02.15.17:848][872]LogModuleManager: Shutting down and abandoning module Layers (131)
[2015.04.19-02.15.17:848][872]LogModuleManager: Shutting down and abandoning module ComponentVisualizers (130)
[2015.04.19-02.15.17:848][872]LogModuleManager: Shutting down and abandoning module DetailCustomizations (129)
[2015.04.19-02.15.17:848][872]LogModuleManager: Shutting down and abandoning module PackagesDialog (128)
[2015.04.19-02.15.17:848][872]LogModuleManager: Shutting down and abandoning module AssetRegistry (127)
[2015.04.19-02.15.17:905][872]LogModuleManager: Shutting down and abandoning module Persona (126)
[2015.04.19-02.15.17:905][872]LogModuleManager: Shutting down and abandoning module SlateReflector (125)
[2015.04.19-02.15.17:905][872]LogModuleManager: Shutting down and abandoning module LevelEditor (124)
[2015.04.19-02.15.17:934][872]LogModuleManager: Shutting down and abandoning module Kismet (123)
[2015.04.19-02.15.17:934][872]LogModuleManager: Shutting down and abandoning module GraphEditor (122)
[2015.04.19-02.15.17:934][872]LogModuleManager: Shutting down and abandoning module ClassViewer (121)
[2015.04.19-02.15.17:934][872]LogModuleManager: Shutting down and abandoning module Toolbox (120)
[2015.04.19-02.15.17:934][872]LogModuleManager: Shutting down and abandoning module ModuleUI (119)
[2015.04.19-02.15.17:934][872]LogModuleManager: Shutting down and abandoning module MovieSceneTools (118)
[2015.04.19-02.15.17:954][872]LogModuleManager: Shutting down and abandoning module OutputLog (117)
[2015.04.19-02.15.17:954][872]LogModuleManager: Shutting down and abandoning module GammaUI (116)
[2015.04.19-02.15.17:954][872]LogModuleManager: Shutting down and abandoning module Documentation (115)
[2015.04.19-02.15.17:954][872]LogModuleManager: Shutting down and abandoning module GameLiveStreaming (114)
[2015.04.19-02.15.17:954][872]LogModuleManager: Shutting down and abandoning module StreamingPauseRendering (113)
[2015.04.19-02.15.17:954][872]LogModuleManager: Shutting down and abandoning module HTTP (112)
[2015.04.19-02.15.17:954][872]LogModuleManager: Shutting down and abandoning module AnalyticsET (111)
[2015.04.19-02.15.17:954][872]LogModuleManager: Shutting down and abandoning module Analytics (110)
[2015.04.19-02.15.17:954][872]LogModuleManager: Shutting down and abandoning module AITestSuite (109)
[2015.04.19-02.15.17:954][872]LogModuleManager: Shutting down and abandoning module GameplayDebugger (108)
[2015.04.19-02.15.17:954][872]LogModuleManager: Shutting down and abandoning module AIModule (107)
[2015.04.19-02.15.17:954][872]LogModuleManager: Shutting down and abandoning module ProfilerService (106)
[2015.04.19-02.15.18:201][872]LogModuleManager: Shutting down and abandoning module TaskGraph (105)
[2015.04.19-02.15.18:201][872]LogModuleManager: Shutting down and abandoning module SlateRemote (104)
[2015.04.19-02.15.18:201][872]LogModuleManager: Shutting down and abandoning module ScriptEditorPlugin (103)
[2015.04.19-02.15.18:201][872]LogModuleManager: Shutting down and abandoning module CustomMeshComponent (102)
[2015.04.19-02.15.18:201][872]LogModuleManager: Shutting down and abandoning module CableComponent (101)
[2015.04.19-02.15.18:201][872]LogModuleManager: Shutting down and abandoning module MessagingDebugger (100)
[2015.04.19-02.15.18:201][872]LogModuleManager: Shutting down and abandoning module MediaPlayerEditor (99)
[2015.04.19-02.15.18:231][872]LogModuleManager: Shutting down and abandoning module SpeedTreeImporter (98)
[2015.04.19-02.15.18:231][872]LogModuleManager: Shutting down and abandoning module PluginsEditor (97)
[2015.04.19-02.15.18:231][872]LogModuleManager: Shutting down and abandoning module MainFrame (96)
[2015.04.19-02.15.18:239][872]LogModuleManager: Shutting down and abandoning module EpicSurvey (95)
[2015.04.19-02.15.18:273][872]LogModuleManager: Shutting down and abandoning module DesktopPlatform (94)
[2015.04.19-02.15.18:273][872]LogModuleManager: Shutting down and abandoning module DirectoryWatcher (93)
[2015.04.19-02.15.18:274][872]LogModuleManager: Shutting down and abandoning module HotReload (92)
[2015.04.19-02.15.18:274][872]LogModuleManager: Shutting down and abandoning module VisualStudioSourceCodeAccess (91)
[2015.04.19-02.15.18:274][872]LogModuleManager: Shutting down and abandoning module UObjectPlugin (90)
[2015.04.19-02.15.18:274][872]LogModuleManager: Shutting down and abandoning module SubversionSourceControl (89)
[2015.04.19-02.15.18:274][872]LogModuleManager: Shutting down and abandoning module PerforceSourceControl (88)
[2015.04.19-02.15.18:274][872]LogModuleManager: Shutting down and abandoning module SourceControl (87)
[2015.04.19-02.15.18:274][872]LogModuleManager: Shutting down and abandoning module GitSourceControl (86)
[2015.04.19-02.15.18:274][872]LogModuleManager: Shutting down and abandoning module BlankPlugin (85)
[2015.04.19-02.15.18:274][872]LogModuleManager: Shutting down and abandoning module PaperTiledImporter (84)
[2015.04.19-02.15.18:274][872]LogModuleManager: Shutting down and abandoning module PaperJsonImporter (83)
[2015.04.19-02.15.18:274][872]LogModuleManager: Shutting down and abandoning module ContentBrowser (82)
[2015.04.19-02.15.18:275][872]LogModuleManager: Shutting down and abandoning module Paper2DEditor (81)
[2015.04.19-02.15.18:297][872]LogModuleManager: Shutting down and abandoning module ScriptPlugin (80)
[2015.04.19-02.15.18:297][872]LogModuleManager: Shutting down and abandoning module UdpMessaging (79)
[2015.04.19-02.15.18:398][872]LogModuleManager: Shutting down and abandoning module Paper2D (78)
[2015.04.19-02.15.18:398][872]LogModuleManager: Shutting down and abandoning module WindowsMoviePlayer (77)
[2015.04.19-02.15.18:400][872]LogModuleManager: Shutting down and abandoning module Media (76)
[2015.04.19-02.15.18:400][872]LogModuleManager: Shutting down and abandoning module WmfMedia (75)
[2015.04.19-02.15.18:413][872]LogModuleManager: Shutting down and abandoning module OnlineBlueprintSupport (74)
[2015.04.19-02.15.18:413][872]LogModuleManager: Shutting down and abandoning module PropertyEditor (73)
[2015.04.19-02.15.18:413][872]LogModuleManager: Shutting down and abandoning module BehaviorTreeEditor (72)
[2015.04.19-02.15.18:413][872]LogModuleManager: Shutting down and abandoning module FunctionalTesting (71)
[2015.04.19-02.15.18:413][872]LogModuleManager: Shutting down and abandoning module CollisionAnalyzer (70)
[2015.04.19-02.15.18:413][872]LogModuleManager: Shutting down and abandoning module WorkspaceMenuStructure (69)
[2015.04.19-02.15.18:413][872]LogModuleManager: Shutting down and abandoning module MessageLog (68)
[2015.04.19-02.15.18:413][872]LogModuleManager: Shutting down and abandoning module Sequencer (67)
[2015.04.19-02.15.18:426][872]LogModuleManager: Shutting down and abandoning module AssetTools (66)
[2015.04.19-02.15.18:427][872]LogModuleManager: Shutting down and abandoning module UMGEditor (65)
[2015.04.19-02.15.18:427][872]LogModuleManager: Shutting down and abandoning module UMG (64)
[2015.04.19-02.15.18:427][872]LogModuleManager: Shutting down and abandoning module Slate (63)
[2015.04.19-02.15.18:427][872]LogModuleManager: Shutting down and abandoning module EditorStyle (62)
[2015.04.19-02.15.18:430][872]LogModuleManager: Shutting down and abandoning module SessionServices (61)
[2015.04.19-02.15.18:430][872]LogModuleManager: Shutting down and abandoning module SourceCodeAccess (60)
[2015.04.19-02.15.18:430][872]LogModuleManager: Shutting down and abandoning module HeadMountedDisplay (59)
[2015.04.19-02.15.18:430][872]LogModuleManager: Shutting down and abandoning module XAudio2 (58)
[2015.04.19-02.15.18:430][872]LogModuleManager: Shutting down and abandoning module Networking (56)
[2015.04.19-02.15.18:430][872]LogModuleManager: Shutting down and abandoning module Core (55)
[2015.04.19-02.15.18:430][872]LogModuleManager: Shutting down and abandoning module KismetCompiler (54)
[2015.04.19-02.15.18:430][872]LogModuleManager: Shutting down and abandoning module PhysXFormats (53)
[2015.04.19-02.15.18:430][872]LogModuleManager: Shutting down and abandoning module MeshUtilities (52)
[2015.04.19-02.15.18:430][872]LogModuleManager: Shutting down and abandoning module DerivedDataCache (51)
[2015.04.19-02.15.18:466][872]LogDerivedDataCache: Shutdown
[2015.04.19-02.15.18:466][872]LogModuleManager: Shutting down and abandoning module ShaderFormatOpenGL (50)
[2015.04.19-02.15.18:466][872]LogModuleManager: Shutting down and abandoning module ShaderFormatD3D (49)
[2015.04.19-02.15.18:466][872]LogModuleManager: Shutting down and abandoning module MetalShaderFormat (48)
[2015.04.19-02.15.18:466][872]LogModuleManager: Shutting down and abandoning module TextureFormatUncompressed (47)
[2015.04.19-02.15.18:466][872]LogModuleManager: Shutting down and abandoning module TextureFormatPVR (46)
[2015.04.19-02.15.18:466][872]LogModuleManager: Shutting down and abandoning module TextureFormatIntelISPCTexComp (45)
[2015.04.19-02.15.18:466][872]LogModuleManager: Shutting down and abandoning module TextureFormatDXT (44)
[2015.04.19-02.15.18:466][872]LogModuleManager: Shutting down and abandoning module ImageWrapper (43)
[2015.04.19-02.15.18:466][872]LogModuleManager: Shutting down and abandoning module TextureFormatASTC (42)
[2015.04.19-02.15.18:466][872]LogModuleManager: Shutting down and abandoning module TextureFormatAndroid (41)
[2015.04.19-02.15.18:466][872]LogModuleManager: Shutting down and abandoning module AudioFormatOpus (40)
[2015.04.19-02.15.18:466][872]LogModuleManager: Shutting down and abandoning module AudioFormatOgg (39)
[2015.04.19-02.15.18:466][872]LogModuleManager: Shutting down and abandoning module AudioFormatADPCM (38)
[2015.04.19-02.15.18:466][872]LogModuleManager: Shutting down and abandoning module LinuxTargetPlatform (37)
[2015.04.19-02.15.18:466][872]LogModuleManager: Shutting down and abandoning module LinuxServerTargetPlatform (36)
[2015.04.19-02.15.18:466][872]LogModuleManager: Shutting down and abandoning module LinuxNoEditorTargetPlatform (35)
[2015.04.19-02.15.18:466][872]LogModuleManager: Shutting down and abandoning module Messaging (34)
[2015.04.19-02.15.18:466][872]LogModuleManager: Shutting down and abandoning module IOSTargetPlatform (33)
[2015.04.19-02.15.18:466][872]LogModuleManager: Shutting down and abandoning module HTML5TargetPlatform (32)
[2015.04.19-02.15.18:466][872]LogModuleManager: Shutting down and abandoning module Android_PVRTCTargetPlatform (31)
[2015.04.19-02.15.18:466][872]LogModuleManager: Shutting down and abandoning module Android_ETC2TargetPlatform (30)
[2015.04.19-02.15.18:466][872]LogModuleManager: Shutting down and abandoning module Android_ETC1TargetPlatform (29)
[2015.04.19-02.15.18:466][872]LogModuleManager: Shutting down and abandoning module Android_ES31TargetPlatform (28)
[2015.04.19-02.15.18:466][872]LogModuleManager: Shutting down and abandoning module Android_DXTTargetPlatform (27)
[2015.04.19-02.15.18:466][872]LogModuleManager: Shutting down and abandoning module Android_ATCTargetPlatform (26)
[2015.04.19-02.15.18:466][872]LogModuleManager: Shutting down and abandoning module AndroidTargetPlatform (25)
[2015.04.19-02.15.18:466][872]LogModuleManager: Shutting down and abandoning module WindowsTargetPlatform (24)
[2015.04.19-02.15.18:466][872]LogModuleManager: Shutting down and abandoning module WindowsServerTargetPlatform (23)
[2015.04.19-02.15.18:466][872]LogModuleManager: Shutting down and abandoning module WindowsNoEditorTargetPlatform (22)
[2015.04.19-02.15.18:466][872]LogModuleManager: Shutting down and abandoning module WindowsClientTargetPlatform (21)
[2015.04.19-02.15.18:466][872]LogModuleManager: Shutting down and abandoning module TargetPlatform (20)
[2015.04.19-02.15.18:466][872]LogModuleManager: Shutting down and abandoning module InputCore (19)
[2015.04.19-02.15.18:466][872]LogModuleManager: Shutting down and abandoning module Settings (18)
[2015.04.19-02.15.18:466][872]LogModuleManager: Shutting down and abandoning module OnlineSubsystem (16)
[2015.04.19-02.15.18:466][872]LogModuleManager: Shutting down and abandoning module OculusRift (15)
[2015.04.19-02.15.18:466][872]LogModuleManager: Shutting down and abandoning module ExampleDeviceProfileSelector (14)
[2015.04.19-02.15.18:466][872]LogModuleManager: Shutting down and abandoning module TextureCompressor (13)
[2015.04.19-02.15.18:466][872]LogModuleManager: Shutting down and abandoning module ShaderCore (12)
[2015.04.19-02.15.18:466][872]LogModuleManager: Shutting down and abandoning module Landscape (11)
[2015.04.19-02.15.18:466][872]LogModuleManager: Shutting down and abandoning module SlateRHIRenderer (10)
[2015.04.19-02.15.18:469][872]LogModuleManager: Shutting down and abandoning module OpenGLDrv (9)
[2015.04.19-02.15.18:469][872]LogModuleManager: Shutting down and abandoning module D3D11RHI (8)
[2015.04.19-02.15.18:469][872]LogModuleManager: Shutting down and abandoning module Renderer (7)
[2015.04.19-02.15.18:469][872]LogModuleManager: Shutting down and abandoning module Engine (6)
[2015.04.19-02.15.18:469][872]LogModuleManager: Shutting down and abandoning module CoreUObject (5)
[2015.04.19-02.15.18:469][872]LogModuleManager: Shutting down and abandoning module NetworkFile (4)
[2015.04.19-02.15.18:469][872]LogModuleManager: Shutting down and abandoning module StreamingFile (3)
[2015.04.19-02.15.18:469][872]LogModuleManager: Shutting down and abandoning module SandboxFile (2)
[2015.04.19-02.15.18:469][872]LogModuleManager: Shutting down and abandoning module PakFile (1)
[2015.04.19-02.15.18:470][872]LogExit: Exiting.
[2015.04.19-02.15.18:487][872]Log file closed, 04/18/15 19:15:18
