Log file open, 04/24/15 15:20:44
LogInit:Display: Running engine for game: StealthDemo
LogInit: Version: 4.7.4-2497108+++depot+UE4-Releases+4.7
LogInit: API Version: 2455222
LogInit: Compiled (64-bit): Mar 31 2015 09:40:25
LogInit: Compiled with Visual C++: 18.00.21005.01
LogInit: Build Configuration: Development
LogInit: Branch Name: ++depot+UE4-Releases+4.7
LogInit: Command line:  
LogInit: Base directory: C:/Program Files/Epic Games/4.7/Engine/Binaries/Win64/
LogInit: Rocket: 1
[2015.04.24-22.20.44:608][  0]LogTaskGraph: Started task graph with 3 named threads and 4 total threads.
[2015.04.24-22.20.44:641][  0]LogOnline:Warning: No default platform service specified for OnlineSubsystem
[2015.04.24-22.20.44:739][  0]LogInit: Presizing for 0 objects not considered by GC, pre-allocating 0 bytes.
[2015.04.24-22.20.44:749][  0]LogInit: Object subsystem initialized
[2015.04.24-22.20.44:750][  0]LogConsoleResponse:Warning: Skipping Unknown console variable: 'TranslucentSortAxis = (X=0.000000,Y=-1.000000,Z=0.000000)'
[2015.04.24-22.20.44:750][  0]LogConsoleResponse:Warning:   Found in ini file 'C:/Users/Jimmy/StealthDemo/Saved/Config/Windows/Engine.ini', in section '[/Script/Engine.RendererSettings]'
[2015.04.24-22.20.44:750][  0]LogConsoleResponse:Warning: Skipping Unknown console variable: 'UIScaleRule = ShortestSide'
[2015.04.24-22.20.44:750][  0]LogConsoleResponse:Warning:   Found in ini file 'C:/Users/Jimmy/StealthDemo/Saved/Config/Windows/Engine.ini', in section '[/Script/Engine.RendererSettings]'
[2015.04.24-22.20.44:750][  0]LogConsoleResponse:Warning: Skipping Unknown console variable: 'UIScaleCurve = (EditorCurveData=(Keys=),ExternalCurve=None)'
[2015.04.24-22.20.44:750][  0]LogConsoleResponse:Warning:   Found in ini file 'C:/Users/Jimmy/StealthDemo/Saved/Config/Windows/Engine.ini', in section '[/Script/Engine.RendererSettings]'
[2015.04.24-22.20.44:751][  0]LogInit: Selected Device Profile: [Windows]
[2015.04.24-22.20.44:751][  0]LogInit: Applying CVar settings loaded from the selected device profile: [Windows]
[2015.04.24-22.20.44:761][  0]LogInit: Computer: JPC
[2015.04.24-22.20.44:761][  0]LogInit: User: Jimmy
[2015.04.24-22.20.44:761][  0]LogInit: CPU Page size=4096, Cores=2
[2015.04.24-22.20.44:761][  0]LogInit: High frequency timer resolution =2.728067 MHz
[2015.04.24-22.20.44:761][  0]LogMemory: Memory total: Physical=7.9GB (8GB approx) Virtual=131072.0GB
[2015.04.24-22.20.44:762][  0]LogMemory: Platform Memory Stats for Windows
[2015.04.24-22.20.44:762][  0]LogMemory: Process Physical Memory: 45.79 MB used, 45.79 MB peak
[2015.04.24-22.20.44:762][  0]LogMemory: Process Virtual Memory: 22.38 MB used, 22.39 MB peak
[2015.04.24-22.20.44:762][  0]LogMemory: Physical Memory: 3754.41 MB used, 8104.27 MB total
[2015.04.24-22.20.44:762][  0]LogMemory: Virtual Memory: 292.96 MB used, 134217728.00 MB total
[2015.04.24-22.20.46:871][  0]LogD3D11RHI: Found D3D11 adapter 0: NVIDIA GeForce GTX 860M   (Feature Level 11_0)
[2015.04.24-22.20.46:871][  0]LogD3D11RHI: Adapter has 1972MB of dedicated video memory, 0MB of dedicated system memory, and 2048MB of shared system memory, 1 output[s]
[2015.04.24-22.20.47:021][  0]LogD3D11RHI: Found D3D11 adapter 1: Intel(R) HD Graphics 4600 (Feature Level 11_0)
[2015.04.24-22.20.47:021][  0]LogD3D11RHI: Adapter has 0MB of dedicated video memory, 0MB of dedicated system memory, and 1792MB of shared system memory, 0 output[s]
[2015.04.24-22.20.47:022][  0]LogD3D11RHI: Found D3D11 adapter 2: Microsoft Basic Render Driver (Feature Level 11_0)
[2015.04.24-22.20.47:022][  0]LogD3D11RHI: Adapter has 0MB of dedicated video memory, 0MB of dedicated system memory, and 256MB of shared system memory, 0 output[s]
[2015.04.24-22.20.47:022][  0]LogD3D11RHI: Chosen D3D11 Adapter Id = 0
[2015.04.24-22.20.47:029][  0]LogRHI: Texture pool is 1361 MB (70% of 1945 MB)
[2015.04.24-22.20.47:038][  0]LogD3D11RHI: Async texture creation enabled
[2015.04.24-22.20.47:689][  0]LogTextLocalizationManager: The requested culture ('en_US') has no localization data; parent culture's ('en') localization data will be used.
[2015.04.24-22.20.47:750][  0]LogTextLocalizationManager:Warning: Loading localization resources contain conflicting entries for (Namespace:UICommands, Key:Save_ToolTip):
Resource: (C:/Program Files/Epic Games/4.7/Engine/Content/Localization/Editor/en/Editor.locres) Hash: (-29098895) String: (Saves the current level to disk)
Resource: (C:/Program Files/Epic Games/4.7/Engine/Content/Localization/Engine/en/Engine.locres) Hash: (-1280300587) String: (Save selected data to vlog file)
[2015.04.24-22.20.47:750][  0]LogTextLocalizationManager:Warning: Loading localization resources contain conflicting entries for (Namespace:ContentBrowser, Key:ImportAssetToolTip):
Resource: (C:/Program Files/Epic Games/4.7/Engine/Content/Localization/Editor/en/Editor.locres) Hash: (-630476809) String: (Import to {0}...)
Resource: (C:/Program Files/Epic Games/4.7/Engine/Content/Localization/Editor/en/Editor.locres) Hash: (1271782899) String: (Imports an asset from file to this folder.)
[2015.04.24-22.20.47:831][  0]LogContentStreaming: Texture pool size is 0.000000MB
[2015.04.24-22.20.52:814][  0]LogTargetPlatformManager:Display: Building Assets For Windows
[2015.04.24-22.20.54:161][  0]LogTargetPlatformManager:Display: Building Assets For Windows
[2015.04.24-22.20.54:265][  0]LogDerivedDataCache:Display: Max Cache Size: 512 MB
[2015.04.24-22.20.54:819][  0]LogDerivedDataCache: Loaded boot cache 0.55s 39MB C:/Users/Jimmy/AppData/Local/UnrealEngine/4.7/DerivedDataCache/Boot.ddc.
[2015.04.24-22.20.54:819][  0]LogDerivedDataCache:Display: Loaded Boot cache: C:/Users/Jimmy/AppData/Local/UnrealEngine/4.7/DerivedDataCache/Boot.ddc
[2015.04.24-22.20.54:819][  0]LogDerivedDataCache: FDerivedDataBackendGraph:  Pak pak cache file ../../../../../../Users/Jimmy/StealthDemo/DerivedDataCache/DDC.ddp not found, will not use a pak cache.
[2015.04.24-22.20.54:819][  0]LogDerivedDataCache: Unable to find inner node Pak for hierarchical cache Hierarchy.
[2015.04.24-22.20.54:992][  0]LogDerivedDataCache:Display: Pak cache opened for reading ../../../Engine/DerivedDataCache/Compressed.ddp.
[2015.04.24-22.20.55:004][  0]LogDerivedDataCache: Using Local data cache path C:/Users/Jimmy/AppData/Local/UnrealEngine/Common/DerivedDataCache: Writable
[2015.04.24-22.21.04:931][  0]LogMeshUtilities: No automatic mesh reduction module available
[2015.04.24-22.21.04:931][  0]LogMeshUtilities: No automatic mesh merging module available
[2015.04.24-22.21.08:916][  0]LogInit: WinSock: version 1.1 (2.2), MaxSocks=32767, MaxUdp=65467
[2015.04.24-22.21.09:341][  0]LogSlate:Warning: Failed to load font data from '../../../Engine/Content/Slate/Fonts/Roboto-Italic.ttf'
[2015.04.24-22.21.38:531][  0]UdpMessaging: Initializing bridge on interface 0.0.0.0:0 to multicast group 230.0.0.1:6666.
[2015.04.24-22.21.39:208][  0]SourceControl: Info Source control is disabled
[2015.04.24-22.21.39:208][  0]SourceControl: Info Source control is disabled
[2015.04.24-22.21.39:208][  0]SourceControl: Info Source control is disabled
[2015.04.24-22.21.39:208][  0]LogSourceControl: RunCommandInternalRaw: 'git version'
[2015.04.24-22.21.39:241][  0]LogSourceControl: RunCommandInternalRaw: ExecProcess ReturnCode=2 OutResults=''
[2015.04.24-22.21.39:262][  0]SourceControl: Info Source control is disabled
[2015.04.24-22.21.40:368][  0]LogObj: 24232 objects as part of root set at end of initial load.
[2015.04.24-22.21.40:368][  0]LogUObjectAllocator: 5137176 out of 0 bytes used by permanent object pool.
[2015.04.24-22.21.41:131][  0]LogEngine: Initializing Engine...
[2015.04.24-22.21.44:260][  0]LogInit: XAudio2 using 'Speakers (Realtek High Definition Audio)' : 2 channels at 48 kHz using 32 bits per sample (channel mask 0x3)
[2015.04.24-22.21.44:294][  0]LogInit: FAudioDevice initialized.
[2015.04.24-22.21.44:477][  0]LogAIModule: Creating AISystem for world NewWorld
[2015.04.24-22.21.44:496][  0]LogDerivedDataCache: Saved boot cache 0.02s 39MB C:/Users/Jimmy/AppData/Local/UnrealEngine/4.7/DerivedDataCache/Boot.ddc.
[2015.04.24-22.21.44:501][  0]LogInit: Texture streaming: Enabled
[2015.04.24-22.21.45:885][  0]LogAnalytics: Creating configured Analytics provider AnalyticsET
[2015.04.24-22.21.45:885][  0]LogAnalytics: ET APIKey = Rocket.Release. APIServer = http://et2.epicgames.com/ET2/. AppVersion = 4.7.4-2497108+++depot+UE4-Releases+4.7
[2015.04.24-22.21.45:885][  0]LogAnalytics: ET APIKey = Rocket.Release. DataRouterUploadURL = https://datarouter-public-service-gamedev.ol.epicgames.net/datarouter/api/v1/public/data. AppVersion = 4.7.4-2497108+++depot+UE4-Releases+4.7
[2015.04.24-22.21.45:885][  0]LogAnalytics: SetUserId d22899994831325049a3c09a97ca1940|0bf49305baa249a2b1c0f583ad32cf5d|a3f0f8ec-9a91-4b50-9158-36124c84c151
[2015.04.24-22.21.45:885][  0]LogAnalytics: AnalyticsET::StartSession [Rocket.Release]
[2015.04.24-22.21.46:616][  0]LogInit: Transaction tracking system initialized
[2015.04.24-22.21.49:755][  0]BlueprintLog: New page: Editor Load
[2015.04.24-22.21.49:871][  0]LogAssetRegistry: FAssetRegistry took 0.0113 seconds to start up
[2015.04.24-22.21.49:871][  0]LogDirectoryWatcher:Warning: Failed to begin reading directory changes for ../../../Engine/Plugins/Experimental/CharacterAI/Content/. Error: 0
[2015.04.24-22.22.05:144][  0]LogTargetPlatformManager:Display: Building Assets For Windows
[2015.04.24-22.22.05:810][  0]LogTargetPlatformManager:Display: Building Assets For Windows
[2015.04.24-22.22.09:414][  0]LogSlate:Warning: Failed to load font data from '../../../Engine/Content/Editor/Slate/Fonts/Roboto-Regular.ttf'
[2015.04.24-22.22.09:415][  0]LogSlate:Warning: Failed to load font data from '../../../Engine/Content/Editor/Slate/Fonts/Roboto-Bold.ttf'
[2015.04.24-22.22.09:529][  0]LogConsoleResponse:Display: 
[2015.04.24-22.22.14:172][  0]LogCook:Display: Done creating registry. It took  0.00s.
[2015.04.24-22.22.18:425][  0]SourceControl: Info Source control is disabled
[2015.04.24-22.22.18:548][  0]Cmd: MAP LOAD FILE="../../../../../../Users/Jimmy/StealthDemo/Content/FirstPersonBP/Maps/FirstPersonExampleMap.umap" TEMPLATE=0 SHOWPROGRESS=1 FEATURELEVEL=3
[2015.04.24-22.22.18:615][  0]LightingResults: New page: Lighting Build
[2015.04.24-22.22.18:771][  0]MapCheck: New page: Map Check
[2015.04.24-22.22.18:771][  0]LightingResults: New page: Lighting Build
[2015.04.24-22.22.18:811][  0]LogParticles: Destroying 0 GPU particle simulations for FXSystem 0x0000002DEAA00680
[2015.04.24-22.22.23:616][  0]LogLinker:Warning: CreateImport: Object 'UseItem__DelegateSignature' isn't imported, because its outer is a placeholder. Archive: '../../../../../../Users/Jimmy/StealthDemo/Content/FirstPersonBP/Blueprints/Door.uasset'
[2015.04.24-22.22.26:532][  0]LogLinker:Warning: Can't find file '/Script/EnvironmentQueryEditor'
[2015.04.24-22.22.26:546][  0]LogLinker:Warning: Can't find file for asset '/Script/EnvironmentQueryEditor' while loading ../../../../../../Users/Jimmy/StealthDemo/Content/FirstPersonBP/Blueprints/AI/EnvQuery/testQuery.uasset.
[2015.04.24-22.22.26:561][  0]LoadErrors:Error: Error /Game/FirstPersonBP/Blueprints/AI/EnvQuery/testQuery : Can't find file for asset. /Script/EnvironmentQueryEditor
[2015.04.24-22.22.26:561][  0]LogLinker:Warning: Can't find file '/Script/EnvironmentQueryEditor'
[2015.04.24-22.22.26:561][  0]LogLinker:Warning: Can't find file for asset '/Script/EnvironmentQueryEditor' while loading ../../../../../../Users/Jimmy/StealthDemo/Content/FirstPersonBP/Blueprints/AI/EnvQuery/testQuery.uasset.
[2015.04.24-22.22.26:562][  0]LoadErrors:Error: Error /Game/FirstPersonBP/Blueprints/AI/EnvQuery/testQuery : Can't find file for asset. /Script/EnvironmentQueryEditor
[2015.04.24-22.22.26:562][  0]LogLinker:Warning: Can't find file '/Script/EnvironmentQueryEditor'
[2015.04.24-22.22.26:562][  0]LogLinker:Warning: Can't find file for asset '/Script/EnvironmentQueryEditor' while loading ../../../../../../Users/Jimmy/StealthDemo/Content/FirstPersonBP/Blueprints/AI/EnvQuery/testQuery.uasset.
[2015.04.24-22.22.26:562][  0]LoadErrors:Error: Error /Game/FirstPersonBP/Blueprints/AI/EnvQuery/testQuery : Can't find file for asset. /Script/EnvironmentQueryEditor
[2015.04.24-22.22.26:562][  0]LogLinker:Warning: Can't find file '/Script/EnvironmentQueryEditor'
[2015.04.24-22.22.26:562][  0]LogLinker:Warning: Can't find file for asset '/Script/EnvironmentQueryEditor' while loading ../../../../../../Users/Jimmy/StealthDemo/Content/FirstPersonBP/Blueprints/AI/EnvQuery/testQuery.uasset.
[2015.04.24-22.22.26:562][  0]LoadErrors:Error: Error /Game/FirstPersonBP/Blueprints/AI/EnvQuery/testQuery : Can't find file for asset. /Script/EnvironmentQueryEditor
[2015.04.24-22.22.26:563][  0]LogLinker:Warning: Can't find file '/Script/EnvironmentQueryEditor'
[2015.04.24-22.22.26:563][  0]LogLinker:Warning: Can't find file for asset '/Script/EnvironmentQueryEditor' while loading ../../../../../../Users/Jimmy/StealthDemo/Content/FirstPersonBP/Blueprints/AI/EnvQuery/testQuery.uasset.
[2015.04.24-22.22.26:564][  0]LoadErrors:Error: Error /Game/FirstPersonBP/Blueprints/AI/EnvQuery/testQuery : Can't find file for asset. /Script/EnvironmentQueryEditor
[2015.04.24-22.22.26:564][  0]LogLinker:Warning: Can't find file '/Script/EnvironmentQueryEditor'
[2015.04.24-22.22.26:564][  0]LogLinker:Warning: Can't find file for asset '/Script/EnvironmentQueryEditor' while loading ../../../../../../Users/Jimmy/StealthDemo/Content/FirstPersonBP/Blueprints/AI/EnvQuery/EnvTestPawn.uasset.
[2015.04.24-22.22.26:564][  0]LoadErrors:Error: Error /Game/FirstPersonBP/Blueprints/AI/EnvQuery/EnvTestPawn : Can't find file for asset. /Script/EnvironmentQueryEditor
[2015.04.24-22.22.26:564][  0]LogLinker:Warning: Can't find file '/Script/EnvironmentQueryEditor'
[2015.04.24-22.22.26:564][  0]LogLinker:Warning: Can't find file for asset '/Script/EnvironmentQueryEditor' while loading ../../../../../../Users/Jimmy/StealthDemo/Content/FirstPersonBP/Blueprints/AI/EnvQuery/EnvTestPawn.uasset.
[2015.04.24-22.22.26:564][  0]LoadErrors:Error: Error /Game/FirstPersonBP/Blueprints/AI/EnvQuery/EnvTestPawn : Can't find file for asset. /Script/EnvironmentQueryEditor
[2015.04.24-22.22.26:564][  0]LogLinker:Warning: CreateExport: Failed to load Outer for resource 'EdGraphPin_27963': EnvironmentQueryGraphNode_Option /Game/FirstPersonBP/Blueprints/AI/EnvQuery/testQuery.TestQuery:EnvironmentQueryGraph_0.EnvironmentQueryGraphNode_Option_4
[2015.04.24-22.22.26:565][  0]LogLinker:Warning: Can't find file '/Script/EnvironmentQueryEditor'
[2015.04.24-22.22.26:565][  0]LogLinker:Warning: Can't find file for asset '/Script/EnvironmentQueryEditor' while loading ../../../../../../Users/Jimmy/StealthDemo/Content/FirstPersonBP/Blueprints/AI/EnvQuery/EnvTestPawn.uasset.
[2015.04.24-22.22.26:565][  0]LoadErrors:Error: Error /Game/FirstPersonBP/Blueprints/AI/EnvQuery/EnvTestPawn : Can't find file for asset. /Script/EnvironmentQueryEditor
[2015.04.24-22.22.26:565][  0]LogLinker:Warning: Can't find file '/Script/EnvironmentQueryEditor'
[2015.04.24-22.22.26:565][  0]LogLinker:Warning: Can't find file for asset '/Script/EnvironmentQueryEditor' while loading ../../../../../../Users/Jimmy/StealthDemo/Content/FirstPersonBP/Blueprints/AI/EnvQuery/EnvTestPawn.uasset.
[2015.04.24-22.22.26:565][  0]LoadErrors:Error: Error /Game/FirstPersonBP/Blueprints/AI/EnvQuery/EnvTestPawn : Can't find file for asset. /Script/EnvironmentQueryEditor
[2015.04.24-22.22.26:565][  0]LogLinker:Warning: CreateExport: Failed to load Outer for resource 'EdGraphPin_27962': EnvironmentQueryGraphNode_Root /Game/FirstPersonBP/Blueprints/AI/EnvQuery/testQuery.TestQuery:EnvironmentQueryGraph_0.EnvironmentQueryGraphNode_Root_0
[2015.04.24-22.22.26:565][  0]LogLinker:Warning: Can't find file '/Script/EnvironmentQueryEditor'
[2015.04.24-22.22.26:565][  0]LogLinker:Warning: Can't find file for asset '/Script/EnvironmentQueryEditor' while loading ../../../../../../Users/Jimmy/StealthDemo/Content/FirstPersonBP/Blueprints/AI/EnvQuery/EnvTestPawn.uasset.
[2015.04.24-22.22.26:565][  0]LoadErrors:Error: Error /Game/FirstPersonBP/Blueprints/AI/EnvQuery/EnvTestPawn : Can't find file for asset. /Script/EnvironmentQueryEditor
[2015.04.24-22.22.26:565][  0]LogLinker:Warning: Can't find file '/Script/EnvironmentQueryEditor'
[2015.04.24-22.22.26:565][  0]LogLinker:Warning: Can't find file for asset '/Script/EnvironmentQueryEditor' while loading ../../../../../../Users/Jimmy/StealthDemo/Content/FirstPersonBP/Blueprints/AI/EnvQuery/EnvTestPawn.uasset.
[2015.04.24-22.22.26:565][  0]LoadErrors:Error: Error /Game/FirstPersonBP/Blueprints/AI/EnvQuery/EnvTestPawn : Can't find file for asset. /Script/EnvironmentQueryEditor
[2015.04.24-22.22.26:566][  0]LogLinker:Warning: Can't find file '/Script/EnvironmentQueryEditor'
[2015.04.24-22.22.26:566][  0]LogLinker:Warning: Can't find file for asset '/Script/EnvironmentQueryEditor' while loading ../../../../../../Users/Jimmy/StealthDemo/Content/FirstPersonBP/Blueprints/AI/EnvQuery/EnvTestPawn.uasset.
[2015.04.24-22.22.26:566][  0]LoadErrors:Error: Error /Game/FirstPersonBP/Blueprints/AI/EnvQuery/EnvTestPawn : Can't find file for asset. /Script/EnvironmentQueryEditor
[2015.04.24-22.22.26:566][  0]LogLinker:Warning: Can't find file '/Script/EnvironmentQueryEditor'
[2015.04.24-22.22.26:566][  0]LogLinker:Warning: Can't find file for asset '/Script/EnvironmentQueryEditor' while loading ../../../../../../Users/Jimmy/StealthDemo/Content/FirstPersonBP/Blueprints/AI/EnvQuery/EnvTestPawn.uasset.
[2015.04.24-22.22.26:566][  0]LoadErrors:Error: Error /Game/FirstPersonBP/Blueprints/AI/EnvQuery/EnvTestPawn : Can't find file for asset. /Script/EnvironmentQueryEditor
[2015.04.24-22.22.26:566][  0]LogLinker:Warning: Can't find file '/Script/EnvironmentQueryEditor'
[2015.04.24-22.22.26:566][  0]LogLinker:Warning: Can't find file for asset '/Script/EnvironmentQueryEditor' while loading ../../../../../../Users/Jimmy/StealthDemo/Content/FirstPersonBP/Blueprints/AI/EnvQuery/EnvTestPawn.uasset.
[2015.04.24-22.22.26:566][  0]LoadErrors:Error: Error /Game/FirstPersonBP/Blueprints/AI/EnvQuery/EnvTestPawn : Can't find file for asset. /Script/EnvironmentQueryEditor
[2015.04.24-22.22.26:566][  0]LogLinker:Warning: Can't find file '/Script/EnvironmentQueryEditor'
[2015.04.24-22.22.26:566][  0]LogLinker:Warning: Can't find file for asset '/Script/EnvironmentQueryEditor' while loading ../../../../../../Users/Jimmy/StealthDemo/Content/FirstPersonBP/Blueprints/AI/EnvQuery/EnvTestPawn.uasset.
[2015.04.24-22.22.26:566][  0]LoadErrors:Error: Error /Game/FirstPersonBP/Blueprints/AI/EnvQuery/EnvTestPawn : Can't find file for asset. /Script/EnvironmentQueryEditor
[2015.04.24-22.22.26:566][  0]LogLinker:Warning: Can't find file '/Script/EnvironmentQueryEditor'
[2015.04.24-22.22.26:566][  0]LogLinker:Warning: Can't find file for asset '/Script/EnvironmentQueryEditor' while loading ../../../../../../Users/Jimmy/StealthDemo/Content/FirstPersonBP/Blueprints/AI/EnvQuery/EnvTestPawn.uasset.
[2015.04.24-22.22.26:567][  0]LoadErrors:Error: Error /Game/FirstPersonBP/Blueprints/AI/EnvQuery/EnvTestPawn : Can't find file for asset. /Script/EnvironmentQueryEditor
[2015.04.24-22.22.26:567][  0]LogLinker:Warning: Can't find file '/Script/EnvironmentQueryEditor'
[2015.04.24-22.22.26:567][  0]LogLinker:Warning: Can't find file for asset '/Script/EnvironmentQueryEditor' while loading ../../../../../../Users/Jimmy/StealthDemo/Content/FirstPersonBP/Blueprints/AI/EnvQuery/EnvTestPawn.uasset.
[2015.04.24-22.22.26:567][  0]LoadErrors:Error: Error /Game/FirstPersonBP/Blueprints/AI/EnvQuery/EnvTestPawn : Can't find file for asset. /Script/EnvironmentQueryEditor
[2015.04.24-22.22.26:567][  0]LogLinker:Warning: Can't find file '/Script/EnvironmentQueryEditor'
[2015.04.24-22.22.26:567][  0]LogLinker:Warning: Can't find file for asset '/Script/EnvironmentQueryEditor' while loading ../../../../../../Users/Jimmy/StealthDemo/Content/FirstPersonBP/Blueprints/AI/EnvQuery/EnvTestPawn.uasset.
[2015.04.24-22.22.26:567][  0]LoadErrors:Error: Error /Game/FirstPersonBP/Blueprints/AI/EnvQuery/EnvTestPawn : Can't find file for asset. /Script/EnvironmentQueryEditor
[2015.04.24-22.22.26:567][  0]LogLinker:Warning: Can't find file '/Script/EnvironmentQueryEditor'
[2015.04.24-22.22.26:567][  0]LogLinker:Warning: Can't find file for asset '/Script/EnvironmentQueryEditor' while loading ../../../../../../Users/Jimmy/StealthDemo/Content/FirstPersonBP/Blueprints/AI/EnvQuery/EnvTestPawn.uasset.
[2015.04.24-22.22.26:567][  0]LoadErrors:Error: Error /Game/FirstPersonBP/Blueprints/AI/EnvQuery/EnvTestPawn : Can't find file for asset. /Script/EnvironmentQueryEditor
[2015.04.24-22.22.27:458][  0]LogLinker:Warning: Can't find file '/Script/EnvironmentQueryEditor'
[2015.04.24-22.22.27:458][  0]LogLinker:Warning: Can't find file for asset '/Script/EnvironmentQueryEditor' while loading ../../../../../../Users/Jimmy/StealthDemo/Content/FirstPersonBP/Maps/FirstPersonExampleMap.umap.
[2015.04.24-22.22.27:458][  0]LoadErrors:Error: Error /Game/FirstPersonBP/Maps/FirstPersonExampleMap : Can't find file for asset. /Script/EnvironmentQueryEditor
[2015.04.24-22.22.27:458][  0]LogLinker:Warning: Can't find file '/Script/EnvironmentQueryEditor'
[2015.04.24-22.22.27:458][  0]LogLinker:Warning: Can't find file for asset '/Script/EnvironmentQueryEditor' while loading ../../../../../../Users/Jimmy/StealthDemo/Content/FirstPersonBP/Maps/FirstPersonExampleMap.umap.
[2015.04.24-22.22.27:458][  0]LoadErrors:Error: Error /Game/FirstPersonBP/Maps/FirstPersonExampleMap : Can't find file for asset. /Script/EnvironmentQueryEditor
[2015.04.24-22.22.27:458][  0]LogLinker:Warning: Can't find file '/Script/EnvironmentQueryEditor'
[2015.04.24-22.22.27:459][  0]LogLinker:Warning: Can't find file for asset '/Script/EnvironmentQueryEditor' while loading ../../../../../../Users/Jimmy/StealthDemo/Content/FirstPersonBP/Maps/FirstPersonExampleMap.umap.
[2015.04.24-22.22.27:459][  0]LoadErrors:Error: Error /Game/FirstPersonBP/Maps/FirstPersonExampleMap : Can't find file for asset. /Script/EnvironmentQueryEditor
[2015.04.24-22.22.27:459][  0]LogLinker:Warning: Can't find file '/Script/EnvironmentQueryEditor'
[2015.04.24-22.22.27:459][  0]LogLinker:Warning: Can't find file for asset '/Script/EnvironmentQueryEditor' while loading ../../../../../../Users/Jimmy/StealthDemo/Content/FirstPersonBP/Maps/FirstPersonExampleMap.umap.
[2015.04.24-22.22.27:459][  0]LoadErrors:Error: Error /Game/FirstPersonBP/Maps/FirstPersonExampleMap : Can't find file for asset. /Script/EnvironmentQueryEditor
[2015.04.24-22.22.27:993][  0]LogLinker:Warning: Can't find file '/Script/EnvironmentQueryEditor'
[2015.04.24-22.22.27:993][  0]LogLinker:Warning: Can't find file for asset '/Script/EnvironmentQueryEditor' while loading ../../../../../../Users/Jimmy/StealthDemo/Content/FirstPersonBP/Maps/FirstPersonExampleMap.umap.
[2015.04.24-22.22.27:993][  0]LoadErrors:Error: Error /Game/FirstPersonBP/Maps/FirstPersonExampleMap : Can't find file for asset. /Script/EnvironmentQueryEditor
[2015.04.24-22.22.28:002][  0]LogLinker:Warning: Can't find file '/Script/EnvironmentQueryEditor'
[2015.04.24-22.22.28:002][  0]LogLinker:Warning: Can't find file for asset '/Script/EnvironmentQueryEditor' while loading NULL.
[2015.04.24-22.22.28:003][  0]LogLinker:Warning: Can't find file '/Script/EnvironmentQueryEditor'
[2015.04.24-22.22.28:003][  0]LogLinker:Warning: Can't find file for asset '/Script/EnvironmentQueryEditor' while loading NULL.
[2015.04.24-22.22.28:003][  0]LogLinker:Warning: Can't find file '/Script/EnvironmentQueryEditor'
[2015.04.24-22.22.28:003][  0]LogLinker:Warning: Can't find file for asset '/Script/EnvironmentQueryEditor' while loading NULL.
[2015.04.24-22.22.28:003][  0]LogLinker:Warning: Can't find file '/Script/EnvironmentQueryEditor'
[2015.04.24-22.22.28:003][  0]LogLinker:Warning: Can't find file for asset '/Script/EnvironmentQueryEditor' while loading NULL.
[2015.04.24-22.22.28:003][  0]LogLinker:Warning: Can't find file '/Script/EnvironmentQueryEditor'
[2015.04.24-22.22.28:003][  0]LogLinker:Warning: Can't find file for asset '/Script/EnvironmentQueryEditor' while loading NULL.
[2015.04.24-22.22.28:155][  0]LogLinker:Warning: Can't find file '/Script/EnvironmentQueryEditor'
[2015.04.24-22.22.28:155][  0]LogLinker:Warning: Can't find file for asset '/Script/EnvironmentQueryEditor' while loading NULL.
[2015.04.24-22.22.28:155][  0]LogLinker:Warning: Can't find file '/Script/EnvironmentQueryEditor'
[2015.04.24-22.22.28:155][  0]LogLinker:Warning: Can't find file for asset '/Script/EnvironmentQueryEditor' while loading NULL.
[2015.04.24-22.22.28:155][  0]LogLinker:Warning: CreateExport: Failed to load Outer for resource 'EdGraphPin_27963': EnvironmentQueryGraphNode_Option /Game/FirstPersonBP/Maps/FirstPersonExampleMap.FirstPersonExampleMap:EnvQueryManager_2.TestQuery.EnvironmentQueryGraph_0.EnvironmentQueryGraphNode_Option_4
[2015.04.24-22.22.28:155][  0]LogLinker:Warning: Can't find file '/Script/EnvironmentQueryEditor'
[2015.04.24-22.22.28:155][  0]LogLinker:Warning: Can't find file for asset '/Script/EnvironmentQueryEditor' while loading NULL.
[2015.04.24-22.22.28:155][  0]LogLinker:Warning: Can't find file '/Script/EnvironmentQueryEditor'
[2015.04.24-22.22.28:155][  0]LogLinker:Warning: Can't find file for asset '/Script/EnvironmentQueryEditor' while loading NULL.
[2015.04.24-22.22.28:155][  0]LogLinker:Warning: CreateExport: Failed to load Outer for resource 'EdGraphPin_27962': EnvironmentQueryGraphNode_Root /Game/FirstPersonBP/Maps/FirstPersonExampleMap.FirstPersonExampleMap:EnvQueryManager_2.TestQuery.EnvironmentQueryGraph_0.EnvironmentQueryGraphNode_Root_0
[2015.04.24-22.22.28:155][  0]LogLinker:Warning: Can't find file '/Script/EnvironmentQueryEditor'
[2015.04.24-22.22.28:155][  0]LogLinker:Warning: Can't find file for asset '/Script/EnvironmentQueryEditor' while loading NULL.
[2015.04.24-22.22.28:156][  0]LogLinker:Warning: Can't find file '/Script/EnvironmentQueryEditor'
[2015.04.24-22.22.28:156][  0]LogLinker:Warning: Can't find file for asset '/Script/EnvironmentQueryEditor' while loading NULL.
[2015.04.24-22.22.28:156][  0]LogLinker:Warning: Can't find file '/Script/EnvironmentQueryEditor'
[2015.04.24-22.22.28:156][  0]LogLinker:Warning: Can't find file for asset '/Script/EnvironmentQueryEditor' while loading NULL.
[2015.04.24-22.22.28:156][  0]LogLinker:Warning: Can't find file '/Script/EnvironmentQueryEditor'
[2015.04.24-22.22.28:156][  0]LogLinker:Warning: Can't find file for asset '/Script/EnvironmentQueryEditor' while loading NULL.
[2015.04.24-22.22.28:156][  0]LogLinker:Warning: Can't find file '/Script/EnvironmentQueryEditor'
[2015.04.24-22.22.28:156][  0]LogLinker:Warning: Can't find file for asset '/Script/EnvironmentQueryEditor' while loading NULL.
[2015.04.24-22.22.28:156][  0]LogLinker:Warning: Can't find file '/Script/EnvironmentQueryEditor'
[2015.04.24-22.22.28:156][  0]LogLinker:Warning: Can't find file for asset '/Script/EnvironmentQueryEditor' while loading NULL.
[2015.04.24-22.22.28:156][  0]LogLinker:Warning: Can't find file '/Script/EnvironmentQueryEditor'
[2015.04.24-22.22.28:156][  0]LogLinker:Warning: Can't find file for asset '/Script/EnvironmentQueryEditor' while loading NULL.
[2015.04.24-22.22.28:156][  0]LogLinker:Warning: Can't find file '/Script/EnvironmentQueryEditor'
[2015.04.24-22.22.28:156][  0]LogLinker:Warning: Can't find file for asset '/Script/EnvironmentQueryEditor' while loading NULL.
[2015.04.24-22.22.28:156][  0]LogLinker:Warning: Can't find file '/Script/EnvironmentQueryEditor'
[2015.04.24-22.22.28:156][  0]LogLinker:Warning: Can't find file for asset '/Script/EnvironmentQueryEditor' while loading NULL.
[2015.04.24-22.22.28:156][  0]LogLinker:Warning: Can't find file '/Script/EnvironmentQueryEditor'
[2015.04.24-22.22.28:157][  0]LogLinker:Warning: Can't find file for asset '/Script/EnvironmentQueryEditor' while loading NULL.
[2015.04.24-22.22.30:219][  0]LogLinker:Warning: Can't find file '/Script/EnvironmentQueryEditor'
[2015.04.24-22.22.30:219][  0]LogLinker:Warning: Can't find file for asset '/Script/EnvironmentQueryEditor' while loading NULL.
[2015.04.24-22.22.30:219][  0]LogLinker:Warning: Can't find file '/Script/EnvironmentQueryEditor'
[2015.04.24-22.22.30:244][  0]LoadErrors: Info Failed to load /Script/EnvironmentQueryEditor.EnvironmentQueryGraphNode_Root Referenced by PackageMetaData
[2015.04.24-22.22.30:244][  0]LogLinker:Warning: Can't find file for asset '/Script/EnvironmentQueryEditor' while loading NULL.
[2015.04.24-22.22.30:244][  0]LoadErrors: Info Failed to load /Script/EnvironmentQueryEditor.EnvironmentQueryGraphNode_Root Referenced by PackageMetaData
[2015.04.24-22.22.30:245][  0]LogLinker:Warning: Can't find file '/Script/EnvironmentQueryEditor'
[2015.04.24-22.22.30:245][  0]LogLinker:Warning: Can't find file for asset '/Script/EnvironmentQueryEditor' while loading NULL.
[2015.04.24-22.22.30:245][  0]LogLinker:Warning: Can't find file '/Script/EnvironmentQueryEditor'
[2015.04.24-22.22.30:245][  0]LoadErrors: Info Failed to load /Script/EnvironmentQueryEditor.EnvironmentQueryGraph Referenced by TestQuery
[2015.04.24-22.22.30:245][  0]LogLinker:Warning: Can't find file for asset '/Script/EnvironmentQueryEditor' while loading NULL.
[2015.04.24-22.22.30:245][  0]LoadErrors: Info Failed to load /Script/EnvironmentQueryEditor.EnvironmentQueryGraph Referenced by TestQuery
[2015.04.24-22.22.30:635][  0]LogLinker:Warning: Can't find file '/Script/EnvironmentQueryEditor'
[2015.04.24-22.22.30:635][  0]LogLinker:Warning: Can't find file for asset '/Script/EnvironmentQueryEditor' while loading NULL.
[2015.04.24-22.22.30:635][  0]LogLinker:Warning: Can't find file '/Script/EnvironmentQueryEditor'
[2015.04.24-22.22.30:635][  0]LoadErrors: Info Failed to load /Script/EnvironmentQueryEditor.EnvironmentQueryGraph Referenced by TestQuery
[2015.04.24-22.22.30:635][  0]LogLinker:Warning: Can't find file for asset '/Script/EnvironmentQueryEditor' while loading NULL.
[2015.04.24-22.22.30:635][  0]LoadErrors: Info Failed to load /Script/EnvironmentQueryEditor.EnvironmentQueryGraph Referenced by TestQuery
[2015.04.24-22.22.36:461][  0]LogPhysics:Warning: PHYSX: ..\..\PhysXExtensions\src\ExtRigidBodyExt.cpp (234) 4 : computeMassAndInertia: Dynamic actor with illegal collision shapes
[2015.04.24-22.22.36:461][  0]LogPhysics:Warning: PHYSX: ..\..\PhysXExtensions\src\ExtRigidBodyExt.cpp (283) 4 : PxRigidBodyExt::updateMassAndInertia: Mass and inertia computation failed, setting mass to 1 and inertia to (1,1,1)
[2015.04.24-22.22.36:462][  0]LogPhysics:Warning: PHYSX: ..\..\PhysXExtensions\src\ExtRigidBodyExt.cpp (234) 4 : computeMassAndInertia: Dynamic actor with illegal collision shapes
[2015.04.24-22.22.36:462][  0]LogPhysics:Warning: PHYSX: ..\..\PhysXExtensions\src\ExtRigidBodyExt.cpp (283) 4 : PxRigidBodyExt::updateMassAndInertia: Mass and inertia computation failed, setting mass to 1 and inertia to (1,1,1)
[2015.04.24-22.22.36:463][  0]LogPhysics:Warning: PHYSX: ..\..\PhysXExtensions\src\ExtRigidBodyExt.cpp (234) 4 : computeMassAndInertia: Dynamic actor with illegal collision shapes
[2015.04.24-22.22.36:463][  0]LogPhysics:Warning: PHYSX: ..\..\PhysXExtensions\src\ExtRigidBodyExt.cpp (283) 4 : PxRigidBodyExt::updateMassAndInertia: Mass and inertia computation failed, setting mass to 1 and inertia to (1,1,1)
[2015.04.24-22.22.36:463][  0]LogPhysics:Warning: PHYSX: ..\..\PhysXExtensions\src\ExtRigidBodyExt.cpp (234) 4 : computeMassAndInertia: Dynamic actor with illegal collision shapes
[2015.04.24-22.22.36:463][  0]LogPhysics:Warning: PHYSX: ..\..\PhysXExtensions\src\ExtRigidBodyExt.cpp (283) 4 : PxRigidBodyExt::updateMassAndInertia: Mass and inertia computation failed, setting mass to 1 and inertia to (1,1,1)
[2015.04.24-22.22.36:573][  0]LogPhysics:Warning: PHYSX: ..\..\PhysXExtensions\src\ExtRigidBodyExt.cpp (234) 4 : computeMassAndInertia: Dynamic actor with illegal collision shapes
[2015.04.24-22.22.36:573][  0]LogPhysics:Warning: PHYSX: ..\..\PhysXExtensions\src\ExtRigidBodyExt.cpp (283) 4 : PxRigidBodyExt::updateMassAndInertia: Mass and inertia computation failed, setting mass to 1 and inertia to (1,1,1)
[2015.04.24-22.22.36:574][  0]LogPhysics:Warning: PHYSX: ..\..\PhysXExtensions\src\ExtRigidBodyExt.cpp (234) 4 : computeMassAndInertia: Dynamic actor with illegal collision shapes
[2015.04.24-22.22.36:574][  0]LogPhysics:Warning: PHYSX: ..\..\PhysXExtensions\src\ExtRigidBodyExt.cpp (283) 4 : PxRigidBodyExt::updateMassAndInertia: Mass and inertia computation failed, setting mass to 1 and inertia to (1,1,1)
[2015.04.24-22.22.36:574][  0]LogPhysics:Warning: PHYSX: ..\..\PhysXExtensions\src\ExtRigidBodyExt.cpp (234) 4 : computeMassAndInertia: Dynamic actor with illegal collision shapes
[2015.04.24-22.22.36:574][  0]LogPhysics:Warning: PHYSX: ..\..\PhysXExtensions\src\ExtRigidBodyExt.cpp (283) 4 : PxRigidBodyExt::updateMassAndInertia: Mass and inertia computation failed, setting mass to 1 and inertia to (1,1,1)
[2015.04.24-22.22.36:575][  0]LogPhysics:Warning: PHYSX: ..\..\PhysXExtensions\src\ExtRigidBodyExt.cpp (234) 4 : computeMassAndInertia: Dynamic actor with illegal collision shapes
[2015.04.24-22.22.36:575][  0]LogPhysics:Warning: PHYSX: ..\..\PhysXExtensions\src\ExtRigidBodyExt.cpp (283) 4 : PxRigidBodyExt::updateMassAndInertia: Mass and inertia computation failed, setting mass to 1 and inertia to (1,1,1)
[2015.04.24-22.22.36:603][  0]LogEditorServer: Finished looking for orphan Actors (0.000 secs)
[2015.04.24-22.22.36:604][  0]LogAIModule: Creating AISystem for world FirstPersonExampleMap
[2015.04.24-22.22.36:654][  0]Cmd: MAP CHECKDEP
[2015.04.24-22.22.36:655][  0]MapCheck: New page: FirstPersonExampleMap - Apr 24, 2015, 8:22:36 AM
[2015.04.24-22.22.36:799][  0]MapCheck: Info Map check complete: 0 Error(s), 0 Warning(s), took 145.189ms to complete.
[2015.04.24-22.22.36:799][  0]LogFileHelpers: Loading map 'FirstPersonExampleMap' took 18.281
[2015.04.24-22.22.38:256][  0]LogCollectionManager: Loaded 0 collections in 0.001828 seconds
[2015.04.24-22.22.38:293][  0]LogContentBrowser: Native class hierarchy populated in 0.0377 seconds. Added 1696 classes and 261 folders.
[2015.04.24-22.22.38:432][  0]LogContentBrowser: Native class hierarchy updated for 'SceneOutliner' in 0.0017 seconds. Added 1 classes and 2 folders.
[2015.04.24-22.22.38:829][  0]LogCrashTracker: Crashtracker disabled due to settings.
[2015.04.24-22.22.38:857][  0]LogSlate:Warning: Failed to load font data from 'Veranda'
[2015.04.24-22.22.38:902][  0]LogUObjectGlobals:Warning: Failed to find object 'Class None.'
[2015.04.24-22.22.39:065][  0]LogLoad: Full Startup: 118.91 seconds (BP compile: 2.86 seconds)
[2015.04.24-22.22.39:113][  0]LogContentBrowser:Verbose: The content browser source was changed by the sources view to '/Game/FirstPersonBP/Items'
[2015.04.24-22.22.39:977][  0]LogRenderer:Warning: Reallocating scene render targets to support 968x464 (Frame:2).
[2015.04.24-22.22.42:186][  9]LogAssetRegistry: Asset discovery search completed in 52.3270 seconds
[2015.04.24-22.22.49:112][382]Cmd: QUIT_EDITOR
[2015.04.24-22.22.49:464][382]LogExit: Preparing to exit.
[2015.04.24-22.22.49:768][382]LogExit: Editor shut down
[2015.04.24-22.22.49:768][382]LogExit: Transaction tracking system shut down
[2015.04.24-22.22.49:770][382]LogParticles: Destroying 0 GPU particle simulations for FXSystem 0x0000002DF3B358A0
[2015.04.24-22.22.49:771][382]LogParticles: Destroying 0 GPU particle simulations for FXSystem 0x0000002DF7CF0EA0
[2015.04.24-22.22.49:771][382]LogParticles: Destroying 0 GPU particle simulations for FXSystem 0x0000002DF38E3A60
[2015.04.24-22.22.49:771][382]LogParticles: Destroying 0 GPU particle simulations for FXSystem 0x0000002DF7CF1C60
[2015.04.24-22.22.50:427][382]LogExit: Object subsystem successfully closed.
[2015.04.24-22.22.51:057][382]LogModuleManager: Shutting down and abandoning module CrashTracker (177)
[2015.04.24-22.22.51:068][382]LogModuleManager: Shutting down and abandoning module SuperSearch (176)
[2015.04.24-22.22.51:068][382]LogModuleManager: Shutting down and abandoning module SceneOutliner (175)
[2015.04.24-22.22.51:068][382]LogModuleManager: Shutting down and abandoning module EditorWidgets (174)
[2015.04.24-22.22.51:068][382]LogModuleManager: Shutting down and abandoning module CollectionManager (173)
[2015.04.24-22.22.51:081][382]LogModuleManager: Shutting down and abandoning module StatsViewer (172)
[2015.04.24-22.22.51:090][382]LogModuleManager: Shutting down and abandoning module FoliageEdit (171)
[2015.04.24-22.22.51:091][382]LogModuleManager: Shutting down and abandoning module LandscapeEditor (170)
[2015.04.24-22.22.51:107][382]LogModuleManager: Shutting down and abandoning module MeshPaint (169)
[2015.04.24-22.22.51:107][382]LogModuleManager: Shutting down and abandoning module ActorPickerMode (168)
[2015.04.24-22.22.51:107][382]LogModuleManager: Shutting down and abandoning module GeometryMode (167)
[2015.04.24-22.22.51:107][382]LogModuleManager: Shutting down and abandoning module TextureAlignMode (166)
[2015.04.24-22.22.51:107][382]LogModuleManager: Shutting down and abandoning module BspMode (165)
[2015.04.24-22.22.51:107][382]LogModuleManager: Shutting down and abandoning module PlacementMode (164)
[2015.04.24-22.22.51:107][382]LogModuleManager: Shutting down and abandoning module AutomationWorker (163)
[2015.04.24-22.22.51:107][382]LogModuleManager: Shutting down and abandoning module CharacterAI (162)
[2015.04.24-22.22.51:107][382]LogModuleManager: Shutting down and abandoning module SmartSnapping (161)
[2015.04.24-22.22.51:107][382]LogModuleManager: Shutting down and abandoning module ViewportSnapping (160)
[2015.04.24-22.22.51:107][382]LogModuleManager: Shutting down and abandoning module LogVisualizer (159)
[2015.04.24-22.22.51:121][382]LogModuleManager: Shutting down and abandoning module GameProjectGeneration (158)
[2015.04.24-22.22.51:130][382]LogModuleManager: Shutting down and abandoning module IntroTutorials (157)
[2015.04.24-22.22.51:153][382]LogModuleManager: Shutting down and abandoning module EditorLiveStreaming (156)
[2015.04.24-22.22.51:153][382]LogModuleManager: Shutting down and abandoning module HardwareTargeting (155)
[2015.04.24-22.22.51:153][382]LogModuleManager: Shutting down and abandoning module DeviceProfileEditor (154)
[2015.04.24-22.22.51:153][382]LogModuleManager: Shutting down and abandoning module UndoHistory (153)
[2015.04.24-22.22.51:153][382]LogModuleManager: Shutting down and abandoning module GameplayTagsEditor (152)
[2015.04.24-22.22.51:153][382]LogModuleManager: Shutting down and abandoning module UserFeedback (151)
[2015.04.24-22.22.51:153][382]LogModuleManager: Shutting down and abandoning module XmlParser (150)
[2015.04.24-22.22.51:153][382]LogModuleManager: Shutting down and abandoning module Blutility (149)
[2015.04.24-22.22.51:153][382]LogModuleManager: Shutting down and abandoning module IOSPlatformEditor (148)
[2015.04.24-22.22.51:153][382]LogModuleManager: Shutting down and abandoning module IOSRuntimeSettings (147)
[2015.04.24-22.22.51:153][382]LogModuleManager: Shutting down and abandoning module AndroidDeviceDetection (146)
[2015.04.24-22.22.51:210][382]LogModuleManager: Shutting down and abandoning module AndroidPlatformEditor (145)
[2015.04.24-22.22.51:210][382]LogModuleManager: Shutting down and abandoning module AndroidRuntimeSettings (144)
[2015.04.24-22.22.51:210][382]LogModuleManager: Shutting down and abandoning module ProjectTargetPlatformEditor (143)
[2015.04.24-22.22.51:210][382]LogModuleManager: Shutting down and abandoning module ProjectSettingsViewer (142)
[2015.04.24-22.22.51:210][382]LogModuleManager: Shutting down and abandoning module InputBindingEditor (141)
[2015.04.24-22.22.51:278][382]LogModuleManager: Shutting down and abandoning module EditorSettingsViewer (140)
[2015.04.24-22.22.51:278][382]LogModuleManager: Shutting down and abandoning module SettingsEditor (139)
[2015.04.24-22.22.51:295][382]LogModuleManager: Shutting down and abandoning module ProjectLauncher (138)
[2015.04.24-22.22.51:296][382]LogModuleManager: Shutting down and abandoning module SessionFrontend (137)
[2015.04.24-22.22.51:296][382]LogModuleManager: Shutting down and abandoning module ProfilerClient (136)
[2015.04.24-22.22.51:310][382]LogModuleManager: Shutting down and abandoning module TargetDeviceServices (135)
[2015.04.24-22.22.51:310][382]LogModuleManager: Shutting down and abandoning module DeviceManager (134)
[2015.04.24-22.22.51:310][382]LogModuleManager: Shutting down and abandoning module AutomationController (133)
[2015.04.24-22.22.51:310][382]LogModuleManager: Shutting down and abandoning module AutomationWindow (132)
[2015.04.24-22.22.51:322][382]LogModuleManager: Shutting down and abandoning module Layers (131)
[2015.04.24-22.22.51:357][382]LogModuleManager: Shutting down and abandoning module ComponentVisualizers (130)
[2015.04.24-22.22.51:357][382]LogModuleManager: Shutting down and abandoning module DetailCustomizations (129)
[2015.04.24-22.22.51:357][382]LogModuleManager: Shutting down and abandoning module PackagesDialog (128)
[2015.04.24-22.22.51:368][382]LogModuleManager: Shutting down and abandoning module AssetRegistry (127)
[2015.04.24-22.22.51:472][382]LogModuleManager: Shutting down and abandoning module Persona (126)
[2015.04.24-22.22.51:485][382]LogModuleManager: Shutting down and abandoning module SlateReflector (125)
[2015.04.24-22.22.51:511][382]LogModuleManager: Shutting down and abandoning module LevelEditor (124)
[2015.04.24-22.22.51:523][382]LogModuleManager: Shutting down and abandoning module Kismet (123)
[2015.04.24-22.22.51:523][382]LogModuleManager: Shutting down and abandoning module GraphEditor (122)
[2015.04.24-22.22.51:523][382]LogModuleManager: Shutting down and abandoning module ClassViewer (121)
[2015.04.24-22.22.51:523][382]LogModuleManager: Shutting down and abandoning module Toolbox (120)
[2015.04.24-22.22.51:523][382]LogModuleManager: Shutting down and abandoning module ModuleUI (119)
[2015.04.24-22.22.51:533][382]LogModuleManager: Shutting down and abandoning module MovieSceneTools (118)
[2015.04.24-22.22.51:549][382]LogModuleManager: Shutting down and abandoning module OutputLog (117)
[2015.04.24-22.22.51:549][382]LogModuleManager: Shutting down and abandoning module GammaUI (116)
[2015.04.24-22.22.51:565][382]LogModuleManager: Shutting down and abandoning module Documentation (115)
[2015.04.24-22.22.51:565][382]LogModuleManager: Shutting down and abandoning module GameLiveStreaming (114)
[2015.04.24-22.22.51:565][382]LogModuleManager: Shutting down and abandoning module StreamingPauseRendering (113)
[2015.04.24-22.22.51:565][382]LogModuleManager: Shutting down and abandoning module HTTP (112)
[2015.04.24-22.22.51:565][382]LogModuleManager: Shutting down and abandoning module AnalyticsET (111)
[2015.04.24-22.22.51:565][382]LogModuleManager: Shutting down and abandoning module Analytics (110)
[2015.04.24-22.22.51:565][382]LogModuleManager: Shutting down and abandoning module AITestSuite (109)
[2015.04.24-22.22.51:565][382]LogModuleManager: Shutting down and abandoning module GameplayDebugger (108)
[2015.04.24-22.22.51:565][382]LogModuleManager: Shutting down and abandoning module AIModule (107)
[2015.04.24-22.22.51:565][382]LogModuleManager: Shutting down and abandoning module ProfilerService (106)
[2015.04.24-22.22.51:644][382]LogModuleManager: Shutting down and abandoning module TaskGraph (105)
[2015.04.24-22.22.51:674][382]LogModuleManager: Shutting down and abandoning module SlateRemote (104)
[2015.04.24-22.22.51:674][382]LogModuleManager: Shutting down and abandoning module ScriptEditorPlugin (103)
[2015.04.24-22.22.51:674][382]LogModuleManager: Shutting down and abandoning module CustomMeshComponent (102)
[2015.04.24-22.22.51:674][382]LogModuleManager: Shutting down and abandoning module CableComponent (101)
[2015.04.24-22.22.51:674][382]LogModuleManager: Shutting down and abandoning module MessagingDebugger (100)
[2015.04.24-22.22.51:691][382]LogModuleManager: Shutting down and abandoning module MediaPlayerEditor (99)
[2015.04.24-22.22.51:698][382]LogModuleManager: Shutting down and abandoning module SpeedTreeImporter (98)
[2015.04.24-22.22.51:698][382]LogModuleManager: Shutting down and abandoning module PluginsEditor (97)
[2015.04.24-22.22.51:698][382]LogModuleManager: Shutting down and abandoning module MainFrame (96)
[2015.04.24-22.22.51:698][382]LogModuleManager: Shutting down and abandoning module EpicSurvey (95)
[2015.04.24-22.22.51:698][382]LogModuleManager: Shutting down and abandoning module DesktopPlatform (94)
[2015.04.24-22.22.51:724][382]LogModuleManager: Shutting down and abandoning module DirectoryWatcher (93)
[2015.04.24-22.22.51:724][382]LogModuleManager: Shutting down and abandoning module HotReload (92)
[2015.04.24-22.22.51:724][382]LogModuleManager: Shutting down and abandoning module VisualStudioSourceCodeAccess (91)
[2015.04.24-22.22.51:724][382]LogModuleManager: Shutting down and abandoning module UObjectPlugin (90)
[2015.04.24-22.22.51:724][382]LogModuleManager: Shutting down and abandoning module SubversionSourceControl (89)
[2015.04.24-22.22.51:724][382]LogModuleManager: Shutting down and abandoning module PerforceSourceControl (88)
[2015.04.24-22.22.51:736][382]LogModuleManager: Shutting down and abandoning module SourceControl (87)
[2015.04.24-22.22.51:736][382]LogModuleManager: Shutting down and abandoning module GitSourceControl (86)
[2015.04.24-22.22.51:736][382]LogModuleManager: Shutting down and abandoning module BlankPlugin (85)
[2015.04.24-22.22.51:736][382]LogModuleManager: Shutting down and abandoning module PaperTiledImporter (84)
[2015.04.24-22.22.51:736][382]LogModuleManager: Shutting down and abandoning module PaperJsonImporter (83)
[2015.04.24-22.22.51:736][382]LogModuleManager: Shutting down and abandoning module ContentBrowser (82)
[2015.04.24-22.22.51:737][382]LogModuleManager: Shutting down and abandoning module Paper2DEditor (81)
[2015.04.24-22.22.51:759][382]LogModuleManager: Shutting down and abandoning module ScriptPlugin (80)
[2015.04.24-22.22.51:776][382]LogModuleManager: Shutting down and abandoning module UdpMessaging (79)
[2015.04.24-22.22.51:877][382]LogModuleManager: Shutting down and abandoning module Paper2D (78)
[2015.04.24-22.22.51:908][382]LogModuleManager: Shutting down and abandoning module WindowsMoviePlayer (77)
[2015.04.24-22.22.51:912][382]LogModuleManager: Shutting down and abandoning module Media (76)
[2015.04.24-22.22.51:912][382]LogModuleManager: Shutting down and abandoning module WmfMedia (75)
[2015.04.24-22.22.51:912][382]LogModuleManager: Shutting down and abandoning module OnlineBlueprintSupport (74)
[2015.04.24-22.22.51:912][382]LogModuleManager: Shutting down and abandoning module PropertyEditor (73)
[2015.04.24-22.22.51:912][382]LogModuleManager: Shutting down and abandoning module BehaviorTreeEditor (72)
[2015.04.24-22.22.51:939][382]LogModuleManager: Shutting down and abandoning module FunctionalTesting (71)
[2015.04.24-22.22.51:939][382]LogModuleManager: Shutting down and abandoning module CollisionAnalyzer (70)
[2015.04.24-22.22.51:976][382]LogModuleManager: Shutting down and abandoning module WorkspaceMenuStructure (69)
[2015.04.24-22.22.51:976][382]LogModuleManager: Shutting down and abandoning module MessageLog (68)
[2015.04.24-22.22.51:976][382]LogModuleManager: Shutting down and abandoning module Sequencer (67)
[2015.04.24-22.22.51:992][382]LogModuleManager: Shutting down and abandoning module AssetTools (66)
[2015.04.24-22.22.52:020][382]LogModuleManager: Shutting down and abandoning module UMGEditor (65)
[2015.04.24-22.22.52:027][382]LogModuleManager: Shutting down and abandoning module UMG (64)
[2015.04.24-22.22.52:027][382]LogModuleManager: Shutting down and abandoning module Slate (63)
[2015.04.24-22.22.52:027][382]LogModuleManager: Shutting down and abandoning module EditorStyle (62)
[2015.04.24-22.22.52:032][382]LogModuleManager: Shutting down and abandoning module SessionServices (61)
[2015.04.24-22.22.52:032][382]LogModuleManager: Shutting down and abandoning module SourceCodeAccess (60)
[2015.04.24-22.22.52:032][382]LogModuleManager: Shutting down and abandoning module HeadMountedDisplay (59)
[2015.04.24-22.22.52:032][382]LogModuleManager: Shutting down and abandoning module XAudio2 (58)
[2015.04.24-22.22.52:032][382]LogModuleManager: Shutting down and abandoning module Networking (56)
[2015.04.24-22.22.52:032][382]LogModuleManager: Shutting down and abandoning module Core (55)
[2015.04.24-22.22.52:032][382]LogModuleManager: Shutting down and abandoning module KismetCompiler (54)
[2015.04.24-22.22.52:032][382]LogModuleManager: Shutting down and abandoning module PhysXFormats (53)
[2015.04.24-22.22.52:032][382]LogModuleManager: Shutting down and abandoning module MeshUtilities (52)
[2015.04.24-22.22.52:051][382]LogModuleManager: Shutting down and abandoning module DerivedDataCache (51)
[2015.04.24-22.22.52:337][382]LogDerivedDataCache: Shutdown
[2015.04.24-22.22.52:337][382]LogModuleManager: Shutting down and abandoning module ShaderFormatOpenGL (50)
[2015.04.24-22.22.52:350][382]LogModuleManager: Shutting down and abandoning module ShaderFormatD3D (49)
[2015.04.24-22.22.52:350][382]LogModuleManager: Shutting down and abandoning module MetalShaderFormat (48)
[2015.04.24-22.22.52:363][382]LogModuleManager: Shutting down and abandoning module TextureFormatUncompressed (47)
[2015.04.24-22.22.52:363][382]LogModuleManager: Shutting down and abandoning module TextureFormatPVR (46)
[2015.04.24-22.22.52:363][382]LogModuleManager: Shutting down and abandoning module TextureFormatIntelISPCTexComp (45)
[2015.04.24-22.22.52:363][382]LogModuleManager: Shutting down and abandoning module TextureFormatDXT (44)
[2015.04.24-22.22.52:363][382]LogModuleManager: Shutting down and abandoning module ImageWrapper (43)
[2015.04.24-22.22.52:363][382]LogModuleManager: Shutting down and abandoning module TextureFormatASTC (42)
[2015.04.24-22.22.52:363][382]LogModuleManager: Shutting down and abandoning module TextureFormatAndroid (41)
[2015.04.24-22.22.52:363][382]LogModuleManager: Shutting down and abandoning module AudioFormatOpus (40)
[2015.04.24-22.22.52:369][382]LogModuleManager: Shutting down and abandoning module AudioFormatOgg (39)
[2015.04.24-22.22.52:369][382]LogModuleManager: Shutting down and abandoning module AudioFormatADPCM (38)
[2015.04.24-22.22.52:369][382]LogModuleManager: Shutting down and abandoning module LinuxTargetPlatform (37)
[2015.04.24-22.22.52:369][382]LogModuleManager: Shutting down and abandoning module LinuxServerTargetPlatform (36)
[2015.04.24-22.22.52:369][382]LogModuleManager: Shutting down and abandoning module LinuxNoEditorTargetPlatform (35)
[2015.04.24-22.22.52:369][382]LogModuleManager: Shutting down and abandoning module Messaging (34)
[2015.04.24-22.22.52:369][382]LogModuleManager: Shutting down and abandoning module IOSTargetPlatform (33)
[2015.04.24-22.22.52:369][382]LogModuleManager: Shutting down and abandoning module HTML5TargetPlatform (32)
[2015.04.24-22.22.52:370][382]LogModuleManager: Shutting down and abandoning module Android_PVRTCTargetPlatform (31)
[2015.04.24-22.22.52:370][382]LogModuleManager: Shutting down and abandoning module Android_ETC2TargetPlatform (30)
[2015.04.24-22.22.52:370][382]LogModuleManager: Shutting down and abandoning module Android_ETC1TargetPlatform (29)
[2015.04.24-22.22.52:370][382]LogModuleManager: Shutting down and abandoning module Android_ES31TargetPlatform (28)
[2015.04.24-22.22.52:370][382]LogModuleManager: Shutting down and abandoning module Android_DXTTargetPlatform (27)
[2015.04.24-22.22.52:370][382]LogModuleManager: Shutting down and abandoning module Android_ATCTargetPlatform (26)
[2015.04.24-22.22.52:370][382]LogModuleManager: Shutting down and abandoning module AndroidTargetPlatform (25)
[2015.04.24-22.22.52:370][382]LogModuleManager: Shutting down and abandoning module WindowsTargetPlatform (24)
[2015.04.24-22.22.52:370][382]LogModuleManager: Shutting down and abandoning module WindowsServerTargetPlatform (23)
[2015.04.24-22.22.52:370][382]LogModuleManager: Shutting down and abandoning module WindowsNoEditorTargetPlatform (22)
[2015.04.24-22.22.52:370][382]LogModuleManager: Shutting down and abandoning module WindowsClientTargetPlatform (21)
[2015.04.24-22.22.52:370][382]LogModuleManager: Shutting down and abandoning module TargetPlatform (20)
[2015.04.24-22.22.52:370][382]LogModuleManager: Shutting down and abandoning module InputCore (19)
[2015.04.24-22.22.52:370][382]LogModuleManager: Shutting down and abandoning module Settings (18)
[2015.04.24-22.22.52:370][382]LogModuleManager: Shutting down and abandoning module OnlineSubsystem (16)
[2015.04.24-22.22.52:370][382]LogModuleManager: Shutting down and abandoning module OculusRift (15)
[2015.04.24-22.22.52:370][382]LogModuleManager: Shutting down and abandoning module ExampleDeviceProfileSelector (14)
[2015.04.24-22.22.52:370][382]LogModuleManager: Shutting down and abandoning module TextureCompressor (13)
[2015.04.24-22.22.52:370][382]LogModuleManager: Shutting down and abandoning module ShaderCore (12)
[2015.04.24-22.22.52:370][382]LogModuleManager: Shutting down and abandoning module Landscape (11)
[2015.04.24-22.22.52:370][382]LogModuleManager: Shutting down and abandoning module SlateRHIRenderer (10)
[2015.04.24-22.22.52:388][382]LogModuleManager: Shutting down and abandoning module OpenGLDrv (9)
[2015.04.24-22.22.52:388][382]LogModuleManager: Shutting down and abandoning module D3D11RHI (8)
[2015.04.24-22.22.52:388][382]LogModuleManager: Shutting down and abandoning module Renderer (7)
[2015.04.24-22.22.52:388][382]LogModuleManager: Shutting down and abandoning module Engine (6)
[2015.04.24-22.22.52:388][382]LogModuleManager: Shutting down and abandoning module CoreUObject (5)
[2015.04.24-22.22.52:388][382]LogModuleManager: Shutting down and abandoning module NetworkFile (4)
[2015.04.24-22.22.52:397][382]LogModuleManager: Shutting down and abandoning module StreamingFile (3)
[2015.04.24-22.22.52:397][382]LogModuleManager: Shutting down and abandoning module SandboxFile (2)
[2015.04.24-22.22.52:397][382]LogModuleManager: Shutting down and abandoning module PakFile (1)
[2015.04.24-22.22.52:442][382]LogExit: Exiting.
[2015.04.24-22.22.52:447][382]Log file closed, 04/24/15 15:22:52
