Log file open, 04/18/15 19:11:49
LogInit:Display: Running engine for game: StealthDemo
LogInit: Version: 4.7.4-2497108+++depot+UE4-Releases+4.7
LogInit: API Version: 2455222
LogInit: Compiled (64-bit): Mar 31 2015 09:40:25
LogInit: Compiled with Visual C++: 18.00.21005.01
LogInit: Build Configuration: Development
LogInit: Branch Name: ++depot+UE4-Releases+4.7
LogInit: Command line:  /Temp/Autosaves/Game/FirstPersonBP/Maps/UEDPCFirstPersonExampleMap -game -PIEVIACONSOLE -ResX=1280 -ResY=720  -Multiprocess 
LogInit: Base directory: C:/Program Files/Epic Games/4.7/Engine/Binaries/Win64/
LogInit: Rocket: 1
[2015.04.19-02.11.49:307][  0]LogTaskGraph: Started task graph with 3 named threads and 4 total threads.
[2015.04.19-02.11.49:344][  0]LogOnline:Warning: No default platform service specified for OnlineSubsystem
[2015.04.19-02.11.49:358][  0]LogInit: Presizing for 0 objects not considered by GC, pre-allocating 0 bytes.
[2015.04.19-02.11.49:368][  0]LogInit: Object subsystem initialized
[2015.04.19-02.11.49:370][  0]LogConsoleResponse:Warning: Skipping Unknown console variable: 'TranslucentSortAxis = (X=0.000000,Y=-1.000000,Z=0.000000)'
[2015.04.19-02.11.49:370][  0]LogConsoleResponse:Warning:   Found in ini file 'C:/Users/Jimmy/StealthDemo/Saved/Config/Windows/Engine.ini', in section '[/Script/Engine.RendererSettings]'
[2015.04.19-02.11.49:370][  0]LogConsoleResponse:Warning: Skipping Unknown console variable: 'UIScaleRule = ShortestSide'
[2015.04.19-02.11.49:370][  0]LogConsoleResponse:Warning:   Found in ini file 'C:/Users/Jimmy/StealthDemo/Saved/Config/Windows/Engine.ini', in section '[/Script/Engine.RendererSettings]'
[2015.04.19-02.11.49:370][  0]LogConsoleResponse:Warning: Skipping Unknown console variable: 'UIScaleCurve = (EditorCurveData=(Keys=),ExternalCurve=None)'
[2015.04.19-02.11.49:370][  0]LogConsoleResponse:Warning:   Found in ini file 'C:/Users/Jimmy/StealthDemo/Saved/Config/Windows/Engine.ini', in section '[/Script/Engine.RendererSettings]'
[2015.04.19-02.11.49:371][  0]LogInit: Selected Device Profile: [Windows]
[2015.04.19-02.11.49:371][  0]LogInit: Applying CVar settings loaded from the selected device profile: [Windows]
[2015.04.19-02.11.49:377][  0]LogInit: Computer: JPC
[2015.04.19-02.11.49:377][  0]LogInit: User: Jimmy
[2015.04.19-02.11.49:377][  0]LogInit: CPU Page size=4096, Cores=2
[2015.04.19-02.11.49:377][  0]LogInit: High frequency timer resolution =2.728067 MHz
[2015.04.19-02.11.49:377][  0]LogMemory: Memory total: Physical=7.9GB (8GB approx) Virtual=131072.0GB
[2015.04.19-02.11.49:378][  0]LogMemory: Platform Memory Stats for Windows
[2015.04.19-02.11.49:378][  0]LogMemory: Process Physical Memory: 46.00 MB used, 46.00 MB peak
[2015.04.19-02.11.49:378][  0]LogMemory: Process Virtual Memory: 22.41 MB used, 22.41 MB peak
[2015.04.19-02.11.49:378][  0]LogMemory: Physical Memory: 4054.72 MB used, 8104.27 MB total
[2015.04.19-02.11.49:378][  0]LogMemory: Virtual Memory: 296.80 MB used, 134217728.00 MB total
[2015.04.19-02.11.49:418][  0]LogD3D11RHI: Found D3D11 adapter 0: NVIDIA GeForce GTX 860M   (Feature Level 11_0)
[2015.04.19-02.11.49:418][  0]LogD3D11RHI: Adapter has 1972MB of dedicated video memory, 0MB of dedicated system memory, and 2048MB of shared system memory, 1 output[s]
[2015.04.19-02.11.49:423][  0]LogD3D11RHI: Found D3D11 adapter 1: Intel(R) HD Graphics 4600 (Feature Level 11_0)
[2015.04.19-02.11.49:423][  0]LogD3D11RHI: Adapter has 0MB of dedicated video memory, 0MB of dedicated system memory, and 1792MB of shared system memory, 0 output[s]
[2015.04.19-02.11.49:425][  0]LogD3D11RHI: Found D3D11 adapter 2: Microsoft Basic Render Driver (Feature Level 11_0)
[2015.04.19-02.11.49:425][  0]LogD3D11RHI: Adapter has 0MB of dedicated video memory, 0MB of dedicated system memory, and 256MB of shared system memory, 0 output[s]
[2015.04.19-02.11.49:425][  0]LogD3D11RHI: Chosen D3D11 Adapter Id = 0
[2015.04.19-02.11.49:431][  0]LogRHI: Texture pool is 1361 MB (70% of 1945 MB)
[2015.04.19-02.11.49:445][  0]LogD3D11RHI: Async texture creation enabled
[2015.04.19-02.11.49:528][  0]LogTextLocalizationManager: The requested culture ('en_US') has no localization data; parent culture's ('en') localization data will be used.
[2015.04.19-02.11.49:607][  0]LogTextLocalizationManager:Warning: Loading localization resources contain conflicting entries for (Namespace:UICommands, Key:Save_ToolTip):
Resource: (C:/Program Files/Epic Games/4.7/Engine/Content/Localization/Editor/en/Editor.locres) Hash: (-29098895) String: (Saves the current level to disk)
Resource: (C:/Program Files/Epic Games/4.7/Engine/Content/Localization/Engine/en/Engine.locres) Hash: (-1280300587) String: (Save selected data to vlog file)
[2015.04.19-02.11.49:607][  0]LogTextLocalizationManager:Warning: Loading localization resources contain conflicting entries for (Namespace:ContentBrowser, Key:ImportAssetToolTip):
Resource: (C:/Program Files/Epic Games/4.7/Engine/Content/Localization/Editor/en/Editor.locres) Hash: (-630476809) String: (Import to {0}...)
Resource: (C:/Program Files/Epic Games/4.7/Engine/Content/Localization/Editor/en/Editor.locres) Hash: (1271782899) String: (Imports an asset from file to this folder.)
[2015.04.19-02.11.49:701][  0]LogContentStreaming: Texture pool size is 1000.000000MB
[2015.04.19-02.11.52:441][  0]LogTargetPlatformManager:Display: Building Assets For Windows
[2015.04.19-02.11.53:114][  0]LogTargetPlatformManager:Display: Building Assets For Windows
[2015.04.19-02.11.53:188][  0]LogDerivedDataCache:Display: Max Cache Size: 512 MB
[2015.04.19-02.11.53:234][  0]LogDerivedDataCache: Loaded boot cache 0.05s 39MB C:/Users/Jimmy/AppData/Local/UnrealEngine/4.7/DerivedDataCache/Boot.ddc.
[2015.04.19-02.11.53:234][  0]LogDerivedDataCache:Display: Loaded Boot cache: C:/Users/Jimmy/AppData/Local/UnrealEngine/4.7/DerivedDataCache/Boot.ddc
[2015.04.19-02.11.53:234][  0]LogDerivedDataCache: FDerivedDataBackendGraph:  Pak pak cache file ../../../../../../Users/Jimmy/StealthDemo/DerivedDataCache/DDC.ddp not found, will not use a pak cache.
[2015.04.19-02.11.53:234][  0]LogDerivedDataCache: Unable to find inner node Pak for hierarchical cache Hierarchy.
[2015.04.19-02.11.53:380][  0]LogDerivedDataCache:Display: Pak cache opened for reading ../../../Engine/DerivedDataCache/Compressed.ddp.
[2015.04.19-02.11.53:392][  0]LogDerivedDataCache: Using Local data cache path C:/Users/Jimmy/AppData/Local/UnrealEngine/Common/DerivedDataCache: Writable
[2015.04.19-02.11.53:685][  0]LogMeshUtilities: No automatic mesh reduction module available
[2015.04.19-02.11.53:686][  0]LogMeshUtilities: No automatic mesh merging module available
[2015.04.19-02.11.54:050][  0]LogInit: WinSock: version 1.1 (2.2), MaxSocks=32767, MaxUdp=65467
[2015.04.19-02.11.54:486][  0]LogWindowsMoviePlayer: Unable to load movie: ../../../../../../Users/Jimmy/StealthDemo/Content/Movies/Default_Startup.mp4
[2015.04.19-02.11.54:644][  0]LogSourceControl: RunCommandInternalRaw: 'git version'
[2015.04.19-02.11.54:645][  0]LogSourceControl: RunCommandInternalRaw: ExecProcess ReturnCode=2 OutResults=''
[2015.04.19-02.11.54:758][  0]SourceControl: Info Source control is disabled
[2015.04.19-02.11.54:758][  0]SourceControl: Info Source control is disabled
[2015.04.19-02.11.54:758][  0]SourceControl: Info Source control is disabled
[2015.04.19-02.11.54:775][  0]SourceControl: Info Source control is disabled
[2015.04.19-02.11.54:942][  0]LogObj: 23971 objects as part of root set at end of initial load.
[2015.04.19-02.11.54:942][  0]LogUObjectAllocator: 4988928 out of 0 bytes used by permanent object pool.
[2015.04.19-02.11.55:033][  0]LogAutomationTest:Warning: ERR: Transient text cannot be serialized "Testing Transient serialization detection".
[2015.04.19-02.11.55:033][  0]LogEngine: Initializing Engine...
[2015.04.19-02.11.58:171][  0]LogInit: XAudio2 using 'Speakers (Realtek High Definition Audio)' : 2 channels at 48 kHz using 32 bits per sample (channel mask 0x3)
[2015.04.19-02.11.58:179][  0]LogInit: FAudioDevice initialized.
[2015.04.19-02.11.58:181][  0]LogInit: Texture streaming: Enabled
[2015.04.19-02.11.58:273][  0]LogAnalytics: Creating configured Analytics provider AnalyticsET
[2015.04.19-02.11.58:273][  0]LogAnalytics: ET APIKey = Rocket.Release. APIServer = http://et2.epicgames.com/ET2/. AppVersion = 4.7.4-2497108+++depot+UE4-Releases+4.7
[2015.04.19-02.11.58:273][  0]LogAnalytics: ET APIKey = Rocket.Release. DataRouterUploadURL = https://datarouter-public-service-gamedev.ol.epicgames.net/datarouter/api/v1/public/data. AppVersion = 4.7.4-2497108+++depot+UE4-Releases+4.7
[2015.04.19-02.11.58:273][  0]LogAnalytics: SetUserId d22899994831325049a3c09a97ca1940|0bf49305baa249a2b1c0f583ad32cf5d|a3f0f8ec-9a91-4b50-9158-36124c84c151
[2015.04.19-02.11.58:273][  0]LogAnalytics: AnalyticsET::StartSession [Rocket.Release]
[2015.04.19-02.11.58:303][  0]LogNet: Browse: /Temp/Autosaves/Game/FirstPersonBP/Maps/UEDPCFirstPersonExampleMap?Name=Player
[2015.04.19-02.11.58:303][  0]LogLoad: LoadMap: /Temp/Autosaves/Game/FirstPersonBP/Maps/UEDPCFirstPersonExampleMap?Name=Player
[2015.04.19-02.11.58:323][  0]LogMemory: Platform Memory Stats for Windows
[2015.04.19-02.11.58:323][  0]LogMemory: Process Physical Memory: 267.48 MB used, 288.19 MB peak
[2015.04.19-02.11.58:323][  0]LogMemory: Process Virtual Memory: 208.63 MB used, 236.94 MB peak
[2015.04.19-02.11.58:323][  0]LogMemory: Physical Memory: 4087.95 MB used, 8104.27 MB total
[2015.04.19-02.11.58:323][  0]LogMemory: Virtual Memory: 672.30 MB used, 134217728.00 MB total
[2015.04.19-02.11.58:323][  0]LogMemory: 
[2015.04.19-02.11.58:323][  0]Allocator Stats for TBB: (not implemented)
[2015.04.19-02.11.58:960][  0]LogLinker:Warning: CreateImport: Object 'UseItem__DelegateSignature' isn't imported, because its outer is a placeholder. Archive: '../../../../../../Users/Jimmy/StealthDemo/Content/FirstPersonBP/Blueprints/Door.uasset'
[2015.04.19-02.11.59:485][  0]LogLinker:Warning: CreateImport: Object 'PickUpItem__DelegateSignature' isn't imported, because its outer is a placeholder. Archive: '../../../../../../Users/Jimmy/StealthDemo/Content/FirstPersonBP/Items/PickUp.uasset'
[2015.04.19-02.12.00:000][  0]LogLinker:Warning: Asset '../../../Engine/Content/EngineMeshes/Humanoid.uasset' has been saved with empty engine version. The asset will be loaded but may be incompatible.
[2015.04.19-02.12.00:298][  0]LogWorld: Game class is 'FirstPersonGameMode_C'
[2015.04.19-02.12.00:346][  0]LogAIModule: Creating AISystem for world FirstPersonExampleMap
[2015.04.19-02.12.00:349][  0]LogPhysics:Warning: PHYSX: ..\..\PhysXExtensions\src\ExtRigidBodyExt.cpp (234) 4 : computeMassAndInertia: Dynamic actor with illegal collision shapes
[2015.04.19-02.12.00:349][  0]LogPhysics:Warning: PHYSX: ..\..\PhysXExtensions\src\ExtRigidBodyExt.cpp (283) 4 : PxRigidBodyExt::updateMassAndInertia: Mass and inertia computation failed, setting mass to 1 and inertia to (1,1,1)
[2015.04.19-02.12.00:349][  0]LogPhysics:Warning: PHYSX: ..\..\PhysXExtensions\src\ExtRigidBodyExt.cpp (234) 4 : computeMassAndInertia: Dynamic actor with illegal collision shapes
[2015.04.19-02.12.00:349][  0]LogPhysics:Warning: PHYSX: ..\..\PhysXExtensions\src\ExtRigidBodyExt.cpp (283) 4 : PxRigidBodyExt::updateMassAndInertia: Mass and inertia computation failed, setting mass to 1 and inertia to (1,1,1)
[2015.04.19-02.12.00:354][  0]LogPhysics:Warning: PHYSX: ..\..\PhysXExtensions\src\ExtRigidBodyExt.cpp (234) 4 : computeMassAndInertia: Dynamic actor with illegal collision shapes
[2015.04.19-02.12.00:354][  0]LogPhysics:Warning: PHYSX: ..\..\PhysXExtensions\src\ExtRigidBodyExt.cpp (283) 4 : PxRigidBodyExt::updateMassAndInertia: Mass and inertia computation failed, setting mass to 1 and inertia to (1,1,1)
[2015.04.19-02.12.00:355][  0]LogPhysics:Warning: PHYSX: ..\..\PhysXExtensions\src\ExtRigidBodyExt.cpp (234) 4 : computeMassAndInertia: Dynamic actor with illegal collision shapes
[2015.04.19-02.12.00:355][  0]LogPhysics:Warning: PHYSX: ..\..\PhysXExtensions\src\ExtRigidBodyExt.cpp (283) 4 : PxRigidBodyExt::updateMassAndInertia: Mass and inertia computation failed, setting mass to 1 and inertia to (1,1,1)
[2015.04.19-02.12.00:357][  0]LogWorld: Bringing World /Temp/Autosaves/Game/FirstPersonBP/Maps/UEDPCFirstPersonExampleMap.FirstPersonExampleMap up for play (max tick rate 0) at 2015.04.18-19.12.00
[2015.04.19-02.12.00:361][  0]LogWorld: Bringing up level for play took: 0.014390
[2015.04.19-02.12.00:363][  0]LogInit:Display: Game Engine Initialized.
[2015.04.19-02.12.00:597][  0]LogLoad: Full Startup: 13.28 seconds (BP compile: 0.78 seconds)
[2015.04.19-02.12.00:677][  1]LogBlueprintUserMessages: Next patrol point:0
[2015.04.19-02.12.00:735][  2]LogRenderer:Warning: Reallocating scene render targets to support 1280x720 (Frame:2).
[2015.04.19-02.12.03:929][132]LogBlueprintUserMessages: Next patrol point:1
[2015.04.19-02.12.05:436][224]LogPhysics:Warning: PHYSX: ..\..\PhysXExtensions\src\ExtRigidBodyExt.cpp (234) 4 : computeMassAndInertia: Dynamic actor with illegal collision shapes
[2015.04.19-02.12.05:436][224]LogPhysics:Warning: PHYSX: ..\..\PhysXExtensions\src\ExtRigidBodyExt.cpp (283) 4 : PxRigidBodyExt::updateMassAndInertia: Mass and inertia computation failed, setting mass to 1 and inertia to (1,1,1)
[2015.04.19-02.12.05:469][226]LogBlueprintUserMessages: Next patrol point:1
[2015.04.19-02.12.07:970][381]LogBlueprintUserMessages: Next patrol point:2
[2015.04.19-02.12.10:696][550]LogBlueprintUserMessages: Next patrol point:3
[2015.04.19-02.12.14:470][784]LogBlueprintUserMessages: Next patrol point:4
[2015.04.19-02.12.17:600][978]LogBlueprintUserMessages: Next patrol point:5
[2015.04.19-02.12.20:761][174]LogBlueprintUserMessages: Next patrol point:6
[2015.04.19-02.12.25:858][489]LogBlueprintUserMessages: Next patrol point:7
[2015.04.19-02.12.27:716][604]LogBlueprintUserMessages: Next patrol point:8
[2015.04.19-02.12.30:732][791]LogBlueprintUserMessages: Next patrol point:9
[2015.04.19-02.12.32:782][918]LogAnimation:Warning: Playing a Montage (FirstPerson_Fire_Montage) for the wrong Skeleton (FirstPerson_Skeleton) instead of (Mixamo_Adam_Skeleton).
[2015.04.19-02.12.37:658][ 59]LogBlueprintUserMessages: Next patrol point:10
[2015.04.19-02.12.40:449][232]LogBlueprintUserMessages: Next patrol point:11
[2015.04.19-02.12.43:271][407]LogBlueprintUserMessages: Next patrol point:0
[2015.04.19-02.12.44:950][511]LogAnimation:Warning: Playing a Montage (FirstPerson_Fire_Montage) for the wrong Skeleton (FirstPerson_Skeleton) instead of (Mixamo_Adam_Skeleton).
[2015.04.19-02.12.46:708][620]LogBlueprintUserMessages: Next patrol point:1
[2015.04.19-02.12.50:143][833]LogBlueprintUserMessages: Next patrol point:2
[2015.04.19-02.12.52:869][  2]LogBlueprintUserMessages: Next patrol point:3
[2015.04.19-02.12.56:643][236]LogBlueprintUserMessages: Next patrol point:4
[2015.04.19-02.12.59:772][430]LogBlueprintUserMessages: Next patrol point:5
[2015.04.19-02.13.02:933][626]LogBlueprintUserMessages: Next patrol point:6
[2015.04.19-02.13.05:722][797]LogAnimation:Warning: Playing a Montage (FirstPerson_Fire_Montage) for the wrong Skeleton (FirstPerson_Skeleton) instead of (Mixamo_Adam_Skeleton).
[2015.04.19-02.13.08:030][940]LogBlueprintUserMessages: Next patrol point:7
[2015.04.19-02.13.08:982][999]LogAnimation:Warning: Playing a Montage (FirstPerson_Fire_Montage) for the wrong Skeleton (FirstPerson_Skeleton) instead of (Mixamo_Adam_Skeleton).
[2015.04.19-02.13.09:884][ 54]LogBlueprintUserMessages: Next patrol point:8
[2015.04.19-02.13.12:906][237]LogBlueprintUserMessages: Next patrol point:9
[2015.04.19-02.13.17:017][490]LogBlueprintUserMessages: Next patrol point:10
[2015.04.19-02.13.19:827][661]LogBlueprintUserMessages: Next patrol point:11
[2015.04.19-02.13.22:653][835]LogBlueprintUserMessages: Next patrol point:0
[2015.04.19-02.13.26:097][ 45]LogBlueprintUserMessages: Next patrol point:1
[2015.04.19-02.13.34:118][532]LogBlueprintUserMessages: Next patrol point:11
[2015.04.19-02.13.43:676][121]LogBlueprintUserMessages: Next patrol point:11
[2015.04.19-02.13.47:840][377]LogBlueprintUserMessages: Next patrol point:0
[2015.04.19-02.13.51:268][584]LogBlueprintUserMessages: Next patrol point:1
[2015.04.19-02.13.54:696][793]LogBlueprintUserMessages: Next patrol point:2
[2015.04.19-02.13.57:431][961]LogBlueprintUserMessages: Next patrol point:3
[2015.04.19-02.14.01:187][193]LogBlueprintUserMessages: Next patrol point:4
[2015.04.19-02.14.04:331][388]LogBlueprintUserMessages: Next patrol point:5
[2015.04.19-02.14.07:490][581]LogBlueprintUserMessages: Next patrol point:6
[2015.04.19-02.14.12:591][894]LogBlueprintUserMessages: Next patrol point:7
[2015.04.19-02.14.14:445][  9]LogBlueprintUserMessages: Next patrol point:8
[2015.04.19-02.14.17:462][196]LogBlueprintUserMessages: Next patrol point:9
[2015.04.19-02.14.21:575][451]LogBlueprintUserMessages: Next patrol point:10
[2015.04.19-02.14.24:400][626]LogBlueprintUserMessages: Next patrol point:11
[2015.04.19-02.14.27:223][801]LogBlueprintUserMessages: Next patrol point:0
[2015.04.19-02.14.30:659][ 14]LogBlueprintUserMessages: Next patrol point:1
[2015.04.19-02.14.34:097][227]LogBlueprintUserMessages: Next patrol point:2
[2015.04.19-02.14.36:823][396]LogBlueprintUserMessages: Next patrol point:3
[2015.04.19-02.14.40:599][630]LogBlueprintUserMessages: Next patrol point:4
[2015.04.19-02.14.43:728][824]LogBlueprintUserMessages: Next patrol point:5
[2015.04.19-02.14.46:891][ 20]LogBlueprintUserMessages: Next patrol point:6
[2015.04.19-02.14.51:988][336]LogBlueprintUserMessages: Next patrol point:7
[2015.04.19-02.14.53:849][451]LogBlueprintUserMessages: Next patrol point:8
[2015.04.19-02.14.56:870][634]LogBlueprintUserMessages: Next patrol point:9
[2015.04.19-02.15.00:981][888]LogBlueprintUserMessages: Next patrol point:10
[2015.04.19-02.15.03:789][ 62]LogBlueprintUserMessages: Next patrol point:11
[2015.04.19-02.15.06:605][229]LogBlueprintUserMessages: Next patrol point:0
[2015.04.19-02.15.07:458][273]LogEngine: All Windows Closed
[2015.04.19-02.15.07:458][273]LogWindows: FPlatformMisc::RequestExit(0)
[2015.04.19-02.15.07:471][274]LogExit: Preparing to exit.
[2015.04.19-02.15.07:581][274]LogParticles: Destroying 0 GPU particle simulations for FXSystem 0x000000C86AF144A0
[2015.04.19-02.15.07:581][274]LogExit: Game engine shut down
[2015.04.19-02.15.07:647][274]LogExit: Object subsystem successfully closed.
[2015.04.19-02.15.07:688][274]LogModuleManager: Shutting down and abandoning module AndroidDeviceDetection (106)
[2015.04.19-02.15.07:726][274]LogModuleManager: Shutting down and abandoning module AutomationWorker (105)
[2015.04.19-02.15.07:726][274]LogModuleManager: Shutting down and abandoning module CharacterAI (104)
[2015.04.19-02.15.07:726][274]LogModuleManager: Shutting down and abandoning module AITestSuite (103)
[2015.04.19-02.15.07:726][274]LogModuleManager: Shutting down and abandoning module GameplayDebugger (102)
[2015.04.19-02.15.07:726][274]LogModuleManager: Shutting down and abandoning module AIModule (101)
[2015.04.19-02.15.07:726][274]LogModuleManager: Shutting down and abandoning module GameLiveStreaming (100)
[2015.04.19-02.15.07:726][274]LogModuleManager: Shutting down and abandoning module StreamingPauseRendering (99)
[2015.04.19-02.15.07:726][274]LogModuleManager: Shutting down and abandoning module HTTP (98)
[2015.04.19-02.15.07:726][274]LogModuleManager: Shutting down and abandoning module AnalyticsET (97)
[2015.04.19-02.15.07:726][274]LogModuleManager: Shutting down and abandoning module Analytics (96)
[2015.04.19-02.15.07:726][274]LogModuleManager: Shutting down and abandoning module ProfilerService (95)
[2015.04.19-02.15.07:762][274]LogModuleManager: Shutting down and abandoning module TaskGraph (94)
[2015.04.19-02.15.07:762][274]LogModuleManager: Shutting down and abandoning module SlateRemote (93)
[2015.04.19-02.15.07:762][274]LogModuleManager: Shutting down and abandoning module CustomMeshComponent (92)
[2015.04.19-02.15.07:762][274]LogModuleManager: Shutting down and abandoning module CableComponent (91)
[2015.04.19-02.15.07:762][274]LogModuleManager: Shutting down and abandoning module DesktopPlatform (90)
[2015.04.19-02.15.07:762][274]LogModuleManager: Shutting down and abandoning module DirectoryWatcher (89)
[2015.04.19-02.15.07:762][274]LogModuleManager: Shutting down and abandoning module HotReload (88)
[2015.04.19-02.15.07:762][274]LogModuleManager: Shutting down and abandoning module VisualStudioSourceCodeAccess (87)
[2015.04.19-02.15.07:762][274]LogModuleManager: Shutting down and abandoning module UObjectPlugin (86)
[2015.04.19-02.15.07:762][274]LogModuleManager: Shutting down and abandoning module SubversionSourceControl (85)
[2015.04.19-02.15.07:762][274]LogModuleManager: Shutting down and abandoning module GitSourceControl (84)
[2015.04.19-02.15.07:762][274]LogModuleManager: Shutting down and abandoning module SourceControl (83)
[2015.04.19-02.15.07:762][274]LogModuleManager: Shutting down and abandoning module PerforceSourceControl (82)
[2015.04.19-02.15.07:762][274]LogModuleManager: Shutting down and abandoning module BlankPlugin (81)
[2015.04.19-02.15.07:762][274]LogModuleManager: Shutting down and abandoning module ScriptPlugin (80)
[2015.04.19-02.15.07:762][274]LogModuleManager: Shutting down and abandoning module UdpMessaging (79)
[2015.04.19-02.15.07:762][274]LogModuleManager: Shutting down and abandoning module Paper2D (78)
[2015.04.19-02.15.07:762][274]LogModuleManager: Shutting down and abandoning module WindowsMoviePlayer (77)
[2015.04.19-02.15.07:765][274]LogModuleManager: Shutting down and abandoning module Media (76)
[2015.04.19-02.15.07:765][274]LogModuleManager: Shutting down and abandoning module WmfMedia (75)
[2015.04.19-02.15.07:765][274]LogModuleManager: Shutting down and abandoning module OnlineBlueprintSupport (74)
[2015.04.19-02.15.07:765][274]LogModuleManager: Shutting down and abandoning module PropertyEditor (73)
[2015.04.19-02.15.07:765][274]LogModuleManager: Shutting down and abandoning module BehaviorTreeEditor (72)
[2015.04.19-02.15.07:765][274]LogModuleManager: Shutting down and abandoning module FunctionalTesting (71)
[2015.04.19-02.15.07:765][274]LogModuleManager: Shutting down and abandoning module CollisionAnalyzer (70)
[2015.04.19-02.15.07:765][274]LogModuleManager: Shutting down and abandoning module WorkspaceMenuStructure (69)
[2015.04.19-02.15.07:765][274]LogModuleManager: Shutting down and abandoning module MessageLog (68)
[2015.04.19-02.15.07:765][274]LogModuleManager: Shutting down and abandoning module Sequencer (67)
[2015.04.19-02.15.07:765][274]LogModuleManager: Shutting down and abandoning module AssetTools (66)
[2015.04.19-02.15.07:765][274]LogModuleManager: Shutting down and abandoning module UMGEditor (65)
[2015.04.19-02.15.07:765][274]LogModuleManager: Shutting down and abandoning module UMG (64)
[2015.04.19-02.15.07:765][274]LogModuleManager: Shutting down and abandoning module Slate (63)
[2015.04.19-02.15.07:765][274]LogModuleManager: Shutting down and abandoning module EditorStyle (62)
[2015.04.19-02.15.07:770][274]LogModuleManager: Shutting down and abandoning module SessionServices (61)
[2015.04.19-02.15.07:770][274]LogModuleManager: Shutting down and abandoning module SourceCodeAccess (60)
[2015.04.19-02.15.07:770][274]LogModuleManager: Shutting down and abandoning module HeadMountedDisplay (59)
[2015.04.19-02.15.07:770][274]LogModuleManager: Shutting down and abandoning module XAudio2 (58)
[2015.04.19-02.15.07:770][274]LogModuleManager: Shutting down and abandoning module Networking (56)
[2015.04.19-02.15.07:770][274]LogModuleManager: Shutting down and abandoning module Core (55)
[2015.04.19-02.15.07:770][274]LogModuleManager: Shutting down and abandoning module KismetCompiler (54)
[2015.04.19-02.15.07:770][274]LogModuleManager: Shutting down and abandoning module PhysXFormats (53)
[2015.04.19-02.15.07:770][274]LogModuleManager: Shutting down and abandoning module MeshUtilities (52)
[2015.04.19-02.15.07:770][274]LogModuleManager: Shutting down and abandoning module DerivedDataCache (51)
[2015.04.19-02.15.07:856][274]LogDerivedDataCache: Shutdown
[2015.04.19-02.15.07:856][274]LogModuleManager: Shutting down and abandoning module ShaderFormatOpenGL (50)
[2015.04.19-02.15.07:856][274]LogModuleManager: Shutting down and abandoning module ShaderFormatD3D (49)
[2015.04.19-02.15.07:856][274]LogModuleManager: Shutting down and abandoning module MetalShaderFormat (48)
[2015.04.19-02.15.07:856][274]LogModuleManager: Shutting down and abandoning module TextureFormatUncompressed (47)
[2015.04.19-02.15.07:856][274]LogModuleManager: Shutting down and abandoning module TextureFormatPVR (46)
[2015.04.19-02.15.07:856][274]LogModuleManager: Shutting down and abandoning module TextureFormatIntelISPCTexComp (45)
[2015.04.19-02.15.07:856][274]LogModuleManager: Shutting down and abandoning module TextureFormatDXT (44)
[2015.04.19-02.15.07:856][274]LogModuleManager: Shutting down and abandoning module ImageWrapper (43)
[2015.04.19-02.15.07:856][274]LogModuleManager: Shutting down and abandoning module TextureFormatASTC (42)
[2015.04.19-02.15.07:856][274]LogModuleManager: Shutting down and abandoning module TextureFormatAndroid (41)
[2015.04.19-02.15.07:856][274]LogModuleManager: Shutting down and abandoning module AudioFormatOpus (40)
[2015.04.19-02.15.07:856][274]LogModuleManager: Shutting down and abandoning module AudioFormatOgg (39)
[2015.04.19-02.15.07:856][274]LogModuleManager: Shutting down and abandoning module AudioFormatADPCM (38)
[2015.04.19-02.15.07:856][274]LogModuleManager: Shutting down and abandoning module LinuxTargetPlatform (37)
[2015.04.19-02.15.07:856][274]LogModuleManager: Shutting down and abandoning module LinuxServerTargetPlatform (36)
[2015.04.19-02.15.07:856][274]LogModuleManager: Shutting down and abandoning module LinuxNoEditorTargetPlatform (35)
[2015.04.19-02.15.07:856][274]LogModuleManager: Shutting down and abandoning module Messaging (34)
[2015.04.19-02.15.07:856][274]LogModuleManager: Shutting down and abandoning module IOSTargetPlatform (33)
[2015.04.19-02.15.07:856][274]LogModuleManager: Shutting down and abandoning module HTML5TargetPlatform (32)
[2015.04.19-02.15.07:856][274]LogModuleManager: Shutting down and abandoning module Android_PVRTCTargetPlatform (31)
[2015.04.19-02.15.07:856][274]LogModuleManager: Shutting down and abandoning module Android_ETC2TargetPlatform (30)
[2015.04.19-02.15.07:856][274]LogModuleManager: Shutting down and abandoning module Android_ETC1TargetPlatform (29)
[2015.04.19-02.15.07:856][274]LogModuleManager: Shutting down and abandoning module Android_ES31TargetPlatform (28)
[2015.04.19-02.15.07:856][274]LogModuleManager: Shutting down and abandoning module Android_DXTTargetPlatform (27)
[2015.04.19-02.15.07:856][274]LogModuleManager: Shutting down and abandoning module Android_ATCTargetPlatform (26)
[2015.04.19-02.15.07:856][274]LogModuleManager: Shutting down and abandoning module AndroidTargetPlatform (25)
[2015.04.19-02.15.07:856][274]LogModuleManager: Shutting down and abandoning module WindowsTargetPlatform (24)
[2015.04.19-02.15.07:856][274]LogModuleManager: Shutting down and abandoning module WindowsServerTargetPlatform (23)
[2015.04.19-02.15.07:856][274]LogModuleManager: Shutting down and abandoning module WindowsNoEditorTargetPlatform (22)
[2015.04.19-02.15.07:856][274]LogModuleManager: Shutting down and abandoning module WindowsClientTargetPlatform (21)
[2015.04.19-02.15.07:856][274]LogModuleManager: Shutting down and abandoning module TargetPlatform (20)
[2015.04.19-02.15.07:856][274]LogModuleManager: Shutting down and abandoning module InputCore (19)
[2015.04.19-02.15.07:856][274]LogModuleManager: Shutting down and abandoning module Settings (18)
[2015.04.19-02.15.07:856][274]LogModuleManager: Shutting down and abandoning module OnlineSubsystem (16)
[2015.04.19-02.15.07:856][274]LogModuleManager: Shutting down and abandoning module OculusRift (15)
[2015.04.19-02.15.07:856][274]LogModuleManager: Shutting down and abandoning module ExampleDeviceProfileSelector (14)
[2015.04.19-02.15.07:856][274]LogModuleManager: Shutting down and abandoning module TextureCompressor (13)
[2015.04.19-02.15.07:856][274]LogModuleManager: Shutting down and abandoning module ShaderCore (12)
[2015.04.19-02.15.07:856][274]LogModuleManager: Shutting down and abandoning module Landscape (11)
[2015.04.19-02.15.07:856][274]LogModuleManager: Shutting down and abandoning module SlateRHIRenderer (10)
[2015.04.19-02.15.07:856][274]LogModuleManager: Shutting down and abandoning module OpenGLDrv (9)
[2015.04.19-02.15.07:856][274]LogModuleManager: Shutting down and abandoning module D3D11RHI (8)
[2015.04.19-02.15.07:856][274]LogModuleManager: Shutting down and abandoning module Renderer (7)
[2015.04.19-02.15.07:856][274]LogModuleManager: Shutting down and abandoning module Engine (6)
[2015.04.19-02.15.07:856][274]LogModuleManager: Shutting down and abandoning module CoreUObject (5)
[2015.04.19-02.15.07:856][274]LogModuleManager: Shutting down and abandoning module NetworkFile (4)
[2015.04.19-02.15.07:856][274]LogModuleManager: Shutting down and abandoning module StreamingFile (3)
[2015.04.19-02.15.07:856][274]LogModuleManager: Shutting down and abandoning module SandboxFile (2)
[2015.04.19-02.15.07:856][274]LogModuleManager: Shutting down and abandoning module PakFile (1)
[2015.04.19-02.15.07:857][274]LogExit: Exiting.
[2015.04.19-02.15.07:858][274]Log file closed, 04/18/15 19:15:07
