Log file open, 04/24/15 16:07:28
LogInit:Display: Running engine for game: StealthDemo
LogInit: Version: 4.7.6-2513093+++depot+UE4-Releases+4.7
LogInit: API Version: 2455222
LogInit: Compiled (64-bit): Apr 15 2015 12:09:54
LogInit: Compiled with Visual C++: 18.00.21005.01
LogInit: Build Configuration: Development
LogInit: Branch Name: ++depot+UE4-Releases+4.7
LogInit: Command line:  
LogInit: Base directory: C:/Program Files/Epic Games/4.7/Engine/Binaries/Win64/
LogInit: Rocket: 1
[2015.04.24-23.07.28:478][  0]LogTaskGraph: Started task graph with 3 named threads and 4 total threads.
[2015.04.24-23.07.28:517][  0]LogOnline:Warning: No default platform service specified for OnlineSubsystem
[2015.04.24-23.07.28:532][  0]LogInit: Presizing for 0 objects not considered by GC, pre-allocating 0 bytes.
[2015.04.24-23.07.28:542][  0]LogInit: Object subsystem initialized
[2015.04.24-23.07.28:544][  0]LogConsoleResponse:Warning: Skipping Unknown console variable: 'TranslucentSortAxis = (X=0.000000,Y=-1.000000,Z=0.000000)'
[2015.04.24-23.07.28:544][  0]LogConsoleResponse:Warning:   Found in ini file 'C:/Users/Jimmy/StealthDemo/Saved/Config/Windows/Engine.ini', in section '[/Script/Engine.RendererSettings]'
[2015.04.24-23.07.28:544][  0]LogConsoleResponse:Warning: Skipping Unknown console variable: 'UIScaleRule = ShortestSide'
[2015.04.24-23.07.28:544][  0]LogConsoleResponse:Warning:   Found in ini file 'C:/Users/Jimmy/StealthDemo/Saved/Config/Windows/Engine.ini', in section '[/Script/Engine.RendererSettings]'
[2015.04.24-23.07.28:544][  0]LogConsoleResponse:Warning: Skipping Unknown console variable: 'UIScaleCurve = (EditorCurveData=(Keys=),ExternalCurve=None)'
[2015.04.24-23.07.28:544][  0]LogConsoleResponse:Warning:   Found in ini file 'C:/Users/Jimmy/StealthDemo/Saved/Config/Windows/Engine.ini', in section '[/Script/Engine.RendererSettings]'
[2015.04.24-23.07.28:544][  0]LogInit: Selected Device Profile: [Windows]
[2015.04.24-23.07.28:544][  0]LogInit: Applying CVar settings loaded from the selected device profile: [Windows]
[2015.04.24-23.07.28:556][  0]LogInit: Computer: JPC
[2015.04.24-23.07.28:556][  0]LogInit: User: Jimmy
[2015.04.24-23.07.28:556][  0]LogInit: CPU Page size=4096, Cores=2
[2015.04.24-23.07.28:556][  0]LogInit: High frequency timer resolution =2.728067 MHz
[2015.04.24-23.07.28:556][  0]LogMemory: Memory total: Physical=7.9GB (8GB approx) Virtual=131072.0GB
[2015.04.24-23.07.28:557][  0]LogMemory: Platform Memory Stats for Windows
[2015.04.24-23.07.28:557][  0]LogMemory: Process Physical Memory: 45.71 MB used, 45.71 MB peak
[2015.04.24-23.07.28:557][  0]LogMemory: Process Virtual Memory: 22.40 MB used, 22.40 MB peak
[2015.04.24-23.07.28:557][  0]LogMemory: Physical Memory: 3392.53 MB used, 8104.27 MB total
[2015.04.24-23.07.28:557][  0]LogMemory: Virtual Memory: 292.96 MB used, 134217728.00 MB total
[2015.04.24-23.07.29:321][  0]LogD3D11RHI: Found D3D11 adapter 0: NVIDIA GeForce GTX 860M   (Feature Level 11_0)
[2015.04.24-23.07.29:321][  0]LogD3D11RHI: Adapter has 1972MB of dedicated video memory, 0MB of dedicated system memory, and 2048MB of shared system memory, 1 output[s]
[2015.04.24-23.07.29:325][  0]LogD3D11RHI: Found D3D11 adapter 1: Intel(R) HD Graphics 4600 (Feature Level 11_0)
[2015.04.24-23.07.29:325][  0]LogD3D11RHI: Adapter has 0MB of dedicated video memory, 0MB of dedicated system memory, and 1792MB of shared system memory, 0 output[s]
[2015.04.24-23.07.29:326][  0]LogD3D11RHI: Found D3D11 adapter 2: Microsoft Basic Render Driver (Feature Level 11_0)
[2015.04.24-23.07.29:326][  0]LogD3D11RHI: Adapter has 0MB of dedicated video memory, 0MB of dedicated system memory, and 256MB of shared system memory, 0 output[s]
[2015.04.24-23.07.29:326][  0]LogD3D11RHI: Chosen D3D11 Adapter Id = 0
[2015.04.24-23.07.29:332][  0]LogRHI: Texture pool is 1361 MB (70% of 1945 MB)
[2015.04.24-23.07.29:341][  0]LogD3D11RHI: Async texture creation enabled
[2015.04.24-23.07.29:549][  0]LogTextLocalizationManager: The requested culture ('en_US') has no localization data; parent culture's ('en') localization data will be used.
[2015.04.24-23.07.29:612][  0]LogTextLocalizationManager:Warning: Loading localization resources contain conflicting entries for (Namespace:UICommands, Key:Save_ToolTip):
Resource: (C:/Program Files/Epic Games/4.7/Engine/Content/Localization/Editor/en/Editor.locres) Hash: (-29098895) String: (Saves the current level to disk)
Resource: (C:/Program Files/Epic Games/4.7/Engine/Content/Localization/Engine/en/Engine.locres) Hash: (-1280300587) String: (Save selected data to vlog file)
[2015.04.24-23.07.29:612][  0]LogTextLocalizationManager:Warning: Loading localization resources contain conflicting entries for (Namespace:ContentBrowser, Key:ImportAssetToolTip):
Resource: (C:/Program Files/Epic Games/4.7/Engine/Content/Localization/Editor/en/Editor.locres) Hash: (-630476809) String: (Import to {0}...)
Resource: (C:/Program Files/Epic Games/4.7/Engine/Content/Localization/Editor/en/Editor.locres) Hash: (1271782899) String: (Imports an asset from file to this folder.)
[2015.04.24-23.07.29:689][  0]LogContentStreaming: Texture pool size is 0.000000MB
[2015.04.24-23.07.33:426][  0]LogTargetPlatformManager:Display: Building Assets For Windows
[2015.04.24-23.07.33:960][  0]LogTargetPlatformManager:Display: Building Assets For Windows
[2015.04.24-23.07.34:012][  0]LogDerivedDataCache:Display: Max Cache Size: 512 MB
[2015.04.24-23.07.34:623][  0]LogDerivedDataCache: Loaded boot cache 0.61s 39MB C:/Users/Jimmy/AppData/Local/UnrealEngine/4.7/DerivedDataCache/Boot.ddc.
[2015.04.24-23.07.34:623][  0]LogDerivedDataCache:Display: Loaded Boot cache: C:/Users/Jimmy/AppData/Local/UnrealEngine/4.7/DerivedDataCache/Boot.ddc
[2015.04.24-23.07.34:623][  0]LogDerivedDataCache: FDerivedDataBackendGraph:  Pak pak cache file ../../../../../../Users/Jimmy/StealthDemo/DerivedDataCache/DDC.ddp not found, will not use a pak cache.
[2015.04.24-23.07.34:623][  0]LogDerivedDataCache: Unable to find inner node Pak for hierarchical cache Hierarchy.
[2015.04.24-23.07.34:739][  0]LogDerivedDataCache:Display: Pak cache opened for reading ../../../Engine/DerivedDataCache/Compressed.ddp.
[2015.04.24-23.07.34:760][  0]LogDerivedDataCache: Using Local data cache path C:/Users/Jimmy/AppData/Local/UnrealEngine/Common/DerivedDataCache: Writable
[2015.04.24-23.07.37:935][  0]LogMeshUtilities: No automatic mesh reduction module available
[2015.04.24-23.07.37:935][  0]LogMeshUtilities: No automatic mesh merging module available
[2015.04.24-23.07.44:264][  0]LogInit: WinSock: version 1.1 (2.2), MaxSocks=32767, MaxUdp=65467
[2015.04.24-23.07.44:885][  0]LogSlate:Warning: Failed to load font data from '../../../Engine/Content/Slate/Fonts/Roboto-Italic.ttf'
[2015.04.24-23.08.35:149][  0]UdpMessaging: Initializing bridge on interface 0.0.0.0:0 to multicast group 230.0.0.1:6666.
[2015.04.24-23.08.39:140][  0]SourceControl: Info Source control is disabled
[2015.04.24-23.08.39:164][  0]SourceControl: Info Source control is disabled
[2015.04.24-23.08.39:164][  0]SourceControl: Info Source control is disabled
[2015.04.24-23.08.39:164][  0]LogSourceControl: RunCommandInternalRaw: 'git version'
[2015.04.24-23.08.39:164][  0]LogSourceControl: RunCommandInternalRaw: ExecProcess ReturnCode=2 OutResults=''
[2015.04.24-23.08.39:172][  0]SourceControl: Info Source control is disabled
[2015.04.24-23.08.41:766][  0]LogObj: 24232 objects as part of root set at end of initial load.
[2015.04.24-23.08.41:766][  0]LogUObjectAllocator: 5137176 out of 0 bytes used by permanent object pool.
[2015.04.24-23.08.46:507][  0]LogAutomationTest:Warning: Smoke tests took > 1s to run: 2.79s
[2015.04.24-23.08.46:820][  0]LogEngine: Initializing Engine...
[2015.04.24-23.08.49:769][  0]LogInit: XAudio2 using 'Speakers (Realtek High Definition Audio)' : 2 channels at 48 kHz using 32 bits per sample (channel mask 0x3)
[2015.04.24-23.08.49:876][  0]LogInit: FAudioDevice initialized.
[2015.04.24-23.08.50:851][  0]LogAIModule: Creating AISystem for world NewWorld
[2015.04.24-23.08.51:104][  0]LogDerivedDataCache: Saved boot cache 0.02s 39MB C:/Users/Jimmy/AppData/Local/UnrealEngine/4.7/DerivedDataCache/Boot.ddc.
[2015.04.24-23.08.51:358][  0]LogInit: Texture streaming: Enabled
[2015.04.24-23.08.52:985][  0]LogAnalytics: Creating configured Analytics provider AnalyticsET
[2015.04.24-23.08.52:985][  0]LogAnalytics: ET APIKey = Rocket.Release. APIServer = http://et2.epicgames.com/ET2/. AppVersion = 4.7.6-2513093+++depot+UE4-Releases+4.7
[2015.04.24-23.08.52:985][  0]LogAnalytics: ET APIKey = Rocket.Release. DataRouterUploadURL = https://datarouter-public-service-gamedev.ol.epicgames.net/datarouter/api/v1/public/data. AppVersion = 4.7.6-2513093+++depot+UE4-Releases+4.7
[2015.04.24-23.08.52:985][  0]LogAnalytics: SetUserId d22899994831325049a3c09a97ca1940|0bf49305baa249a2b1c0f583ad32cf5d|a3f0f8ec-9a91-4b50-9158-36124c84c151
[2015.04.24-23.08.53:000][  0]LogAnalytics: AnalyticsET::StartSession [Rocket.Release]
[2015.04.24-23.08.53:487][  0]LogInit: Transaction tracking system initialized
[2015.04.24-23.09.19:320][  0]BlueprintLog: New page: Editor Load
[2015.04.24-23.09.20:073][  0]LogAssetRegistry: FAssetRegistry took 0.0881 seconds to start up
[2015.04.24-23.09.20:098][  0]LogDirectoryWatcher:Warning: Failed to begin reading directory changes for ../../../Engine/Plugins/Experimental/CharacterAI/Content/. Error: 0
[2015.04.24-23.09.41:779][  0]LogTargetPlatformManager:Display: Building Assets For Windows
[2015.04.24-23.09.43:671][  0]LogTargetPlatformManager:Display: Building Assets For Windows
[2015.04.24-23.09.56:147][  0]LogSlate:Warning: Failed to load font data from '../../../Engine/Content/Editor/Slate/Fonts/Roboto-Regular.ttf'
[2015.04.24-23.09.56:185][  0]LogSlate:Warning: Failed to load font data from '../../../Engine/Content/Editor/Slate/Fonts/Roboto-Bold.ttf'
[2015.04.24-23.09.56:697][  0]LogConsoleResponse:Display: 
[2015.04.24-23.10.03:382][  0]LogCook:Display: Done creating registry. It took  0.00s.
[2015.04.24-23.10.11:791][  0]SourceControl: Info Source control is disabled
[2015.04.24-23.10.12:390][  0]Cmd: MAP LOAD FILE="../../../../../../Users/Jimmy/StealthDemo/Content/FirstPersonBP/Maps/FirstPersonExampleMap.umap" TEMPLATE=0 SHOWPROGRESS=1 FEATURELEVEL=3
[2015.04.24-23.10.12:824][  0]LightingResults: New page: Lighting Build
[2015.04.24-23.10.14:587][  0]MapCheck: New page: Map Check
[2015.04.24-23.10.14:587][  0]LightingResults: New page: Lighting Build
[2015.04.24-23.10.17:332][  0]LogParticles: Destroying 0 GPU particle simulations for FXSystem 0x0000006ED88585E0
[2015.04.24-23.10.27:173][  0]LogLinker:Warning: CreateImport: Object 'UseItem__DelegateSignature' isn't imported, because its outer is a placeholder. Archive: '../../../../../../Users/Jimmy/StealthDemo/Content/FirstPersonBP/Blueprints/Door.uasset'
[2015.04.24-23.10.30:319][  0]LogLinker:Warning: Can't find file '/Script/EnvironmentQueryEditor'
[2015.04.24-23.10.30:333][  0]LogLinker:Warning: Can't find file for asset '/Script/EnvironmentQueryEditor' while loading ../../../../../../Users/Jimmy/StealthDemo/Content/FirstPersonBP/Blueprints/AI/EnvQuery/testQuery.uasset.
[2015.04.24-23.10.30:354][  0]LoadErrors:Error: Error /Game/FirstPersonBP/Blueprints/AI/EnvQuery/testQuery : Can't find file for asset. /Script/EnvironmentQueryEditor
[2015.04.24-23.10.30:354][  0]LogLinker:Warning: Can't find file '/Script/EnvironmentQueryEditor'
[2015.04.24-23.10.30:354][  0]LogLinker:Warning: Can't find file for asset '/Script/EnvironmentQueryEditor' while loading ../../../../../../Users/Jimmy/StealthDemo/Content/FirstPersonBP/Blueprints/AI/EnvQuery/testQuery.uasset.
[2015.04.24-23.10.30:354][  0]LoadErrors:Error: Error /Game/FirstPersonBP/Blueprints/AI/EnvQuery/testQuery : Can't find file for asset. /Script/EnvironmentQueryEditor
[2015.04.24-23.10.30:354][  0]LogLinker:Warning: Can't find file '/Script/EnvironmentQueryEditor'
[2015.04.24-23.10.30:354][  0]LogLinker:Warning: Can't find file for asset '/Script/EnvironmentQueryEditor' while loading ../../../../../../Users/Jimmy/StealthDemo/Content/FirstPersonBP/Blueprints/AI/EnvQuery/testQuery.uasset.
[2015.04.24-23.10.30:354][  0]LoadErrors:Error: Error /Game/FirstPersonBP/Blueprints/AI/EnvQuery/testQuery : Can't find file for asset. /Script/EnvironmentQueryEditor
[2015.04.24-23.10.30:354][  0]LogLinker:Warning: Can't find file '/Script/EnvironmentQueryEditor'
[2015.04.24-23.10.30:354][  0]LogLinker:Warning: Can't find file for asset '/Script/EnvironmentQueryEditor' while loading ../../../../../../Users/Jimmy/StealthDemo/Content/FirstPersonBP/Blueprints/AI/EnvQuery/testQuery.uasset.
[2015.04.24-23.10.30:354][  0]LoadErrors:Error: Error /Game/FirstPersonBP/Blueprints/AI/EnvQuery/testQuery : Can't find file for asset. /Script/EnvironmentQueryEditor
[2015.04.24-23.10.30:355][  0]LogLinker:Warning: Can't find file '/Script/EnvironmentQueryEditor'
[2015.04.24-23.10.30:355][  0]LogLinker:Warning: Can't find file for asset '/Script/EnvironmentQueryEditor' while loading ../../../../../../Users/Jimmy/StealthDemo/Content/FirstPersonBP/Blueprints/AI/EnvQuery/testQuery.uasset.
[2015.04.24-23.10.30:355][  0]LoadErrors:Error: Error /Game/FirstPersonBP/Blueprints/AI/EnvQuery/testQuery : Can't find file for asset. /Script/EnvironmentQueryEditor
[2015.04.24-23.10.30:355][  0]LogLinker:Warning: Can't find file '/Script/EnvironmentQueryEditor'
[2015.04.24-23.10.30:355][  0]LogLinker:Warning: Can't find file for asset '/Script/EnvironmentQueryEditor' while loading ../../../../../../Users/Jimmy/StealthDemo/Content/FirstPersonBP/Blueprints/AI/EnvQuery/EnvTestPawn.uasset.
[2015.04.24-23.10.30:355][  0]LoadErrors:Error: Error /Game/FirstPersonBP/Blueprints/AI/EnvQuery/EnvTestPawn : Can't find file for asset. /Script/EnvironmentQueryEditor
[2015.04.24-23.10.30:355][  0]LogLinker:Warning: Can't find file '/Script/EnvironmentQueryEditor'
[2015.04.24-23.10.30:355][  0]LogLinker:Warning: Can't find file for asset '/Script/EnvironmentQueryEditor' while loading ../../../../../../Users/Jimmy/StealthDemo/Content/FirstPersonBP/Blueprints/AI/EnvQuery/EnvTestPawn.uasset.
[2015.04.24-23.10.30:356][  0]LoadErrors:Error: Error /Game/FirstPersonBP/Blueprints/AI/EnvQuery/EnvTestPawn : Can't find file for asset. /Script/EnvironmentQueryEditor
[2015.04.24-23.10.30:356][  0]LogLinker:Warning: CreateExport: Failed to load Outer for resource 'EdGraphPin_27963': EnvironmentQueryGraphNode_Option /Game/FirstPersonBP/Blueprints/AI/EnvQuery/testQuery.TestQuery:EnvironmentQueryGraph_0.EnvironmentQueryGraphNode_Option_4
[2015.04.24-23.10.30:356][  0]LogLinker:Warning: Can't find file '/Script/EnvironmentQueryEditor'
[2015.04.24-23.10.30:356][  0]LogLinker:Warning: Can't find file for asset '/Script/EnvironmentQueryEditor' while loading ../../../../../../Users/Jimmy/StealthDemo/Content/FirstPersonBP/Blueprints/AI/EnvQuery/EnvTestPawn.uasset.
[2015.04.24-23.10.30:356][  0]LoadErrors:Error: Error /Game/FirstPersonBP/Blueprints/AI/EnvQuery/EnvTestPawn : Can't find file for asset. /Script/EnvironmentQueryEditor
[2015.04.24-23.10.30:356][  0]LogLinker:Warning: Can't find file '/Script/EnvironmentQueryEditor'
[2015.04.24-23.10.30:356][  0]LogLinker:Warning: Can't find file for asset '/Script/EnvironmentQueryEditor' while loading ../../../../../../Users/Jimmy/StealthDemo/Content/FirstPersonBP/Blueprints/AI/EnvQuery/EnvTestPawn.uasset.
[2015.04.24-23.10.30:356][  0]LoadErrors:Error: Error /Game/FirstPersonBP/Blueprints/AI/EnvQuery/EnvTestPawn : Can't find file for asset. /Script/EnvironmentQueryEditor
[2015.04.24-23.10.30:356][  0]LogLinker:Warning: CreateExport: Failed to load Outer for resource 'EdGraphPin_27962': EnvironmentQueryGraphNode_Root /Game/FirstPersonBP/Blueprints/AI/EnvQuery/testQuery.TestQuery:EnvironmentQueryGraph_0.EnvironmentQueryGraphNode_Root_0
[2015.04.24-23.10.30:356][  0]LogLinker:Warning: Can't find file '/Script/EnvironmentQueryEditor'
[2015.04.24-23.10.30:356][  0]LogLinker:Warning: Can't find file for asset '/Script/EnvironmentQueryEditor' while loading ../../../../../../Users/Jimmy/StealthDemo/Content/FirstPersonBP/Blueprints/AI/EnvQuery/EnvTestPawn.uasset.
[2015.04.24-23.10.30:356][  0]LoadErrors:Error: Error /Game/FirstPersonBP/Blueprints/AI/EnvQuery/EnvTestPawn : Can't find file for asset. /Script/EnvironmentQueryEditor
[2015.04.24-23.10.30:356][  0]LogLinker:Warning: Can't find file '/Script/EnvironmentQueryEditor'
[2015.04.24-23.10.30:356][  0]LogLinker:Warning: Can't find file for asset '/Script/EnvironmentQueryEditor' while loading ../../../../../../Users/Jimmy/StealthDemo/Content/FirstPersonBP/Blueprints/AI/EnvQuery/EnvTestPawn.uasset.
[2015.04.24-23.10.30:357][  0]LoadErrors:Error: Error /Game/FirstPersonBP/Blueprints/AI/EnvQuery/EnvTestPawn : Can't find file for asset. /Script/EnvironmentQueryEditor
[2015.04.24-23.10.30:357][  0]LogLinker:Warning: Can't find file '/Script/EnvironmentQueryEditor'
[2015.04.24-23.10.30:357][  0]LogLinker:Warning: Can't find file for asset '/Script/EnvironmentQueryEditor' while loading ../../../../../../Users/Jimmy/StealthDemo/Content/FirstPersonBP/Blueprints/AI/EnvQuery/EnvTestPawn.uasset.
[2015.04.24-23.10.30:357][  0]LoadErrors:Error: Error /Game/FirstPersonBP/Blueprints/AI/EnvQuery/EnvTestPawn : Can't find file for asset. /Script/EnvironmentQueryEditor
[2015.04.24-23.10.30:357][  0]LogLinker:Warning: Can't find file '/Script/EnvironmentQueryEditor'
[2015.04.24-23.10.30:357][  0]LogLinker:Warning: Can't find file for asset '/Script/EnvironmentQueryEditor' while loading ../../../../../../Users/Jimmy/StealthDemo/Content/FirstPersonBP/Blueprints/AI/EnvQuery/EnvTestPawn.uasset.
[2015.04.24-23.10.30:357][  0]LoadErrors:Error: Error /Game/FirstPersonBP/Blueprints/AI/EnvQuery/EnvTestPawn : Can't find file for asset. /Script/EnvironmentQueryEditor
[2015.04.24-23.10.30:357][  0]LogLinker:Warning: Can't find file '/Script/EnvironmentQueryEditor'
[2015.04.24-23.10.30:357][  0]LogLinker:Warning: Can't find file for asset '/Script/EnvironmentQueryEditor' while loading ../../../../../../Users/Jimmy/StealthDemo/Content/FirstPersonBP/Blueprints/AI/EnvQuery/EnvTestPawn.uasset.
[2015.04.24-23.10.30:357][  0]LoadErrors:Error: Error /Game/FirstPersonBP/Blueprints/AI/EnvQuery/EnvTestPawn : Can't find file for asset. /Script/EnvironmentQueryEditor
[2015.04.24-23.10.30:357][  0]LogLinker:Warning: Can't find file '/Script/EnvironmentQueryEditor'
[2015.04.24-23.10.30:357][  0]LogLinker:Warning: Can't find file for asset '/Script/EnvironmentQueryEditor' while loading ../../../../../../Users/Jimmy/StealthDemo/Content/FirstPersonBP/Blueprints/AI/EnvQuery/EnvTestPawn.uasset.
[2015.04.24-23.10.30:357][  0]LoadErrors:Error: Error /Game/FirstPersonBP/Blueprints/AI/EnvQuery/EnvTestPawn : Can't find file for asset. /Script/EnvironmentQueryEditor
[2015.04.24-23.10.30:357][  0]LogLinker:Warning: Can't find file '/Script/EnvironmentQueryEditor'
[2015.04.24-23.10.30:357][  0]LogLinker:Warning: Can't find file for asset '/Script/EnvironmentQueryEditor' while loading ../../../../../../Users/Jimmy/StealthDemo/Content/FirstPersonBP/Blueprints/AI/EnvQuery/EnvTestPawn.uasset.
[2015.04.24-23.10.30:358][  0]LoadErrors:Error: Error /Game/FirstPersonBP/Blueprints/AI/EnvQuery/EnvTestPawn : Can't find file for asset. /Script/EnvironmentQueryEditor
[2015.04.24-23.10.30:358][  0]LogLinker:Warning: Can't find file '/Script/EnvironmentQueryEditor'
[2015.04.24-23.10.30:358][  0]LogLinker:Warning: Can't find file for asset '/Script/EnvironmentQueryEditor' while loading ../../../../../../Users/Jimmy/StealthDemo/Content/FirstPersonBP/Blueprints/AI/EnvQuery/EnvTestPawn.uasset.
[2015.04.24-23.10.30:358][  0]LoadErrors:Error: Error /Game/FirstPersonBP/Blueprints/AI/EnvQuery/EnvTestPawn : Can't find file for asset. /Script/EnvironmentQueryEditor
[2015.04.24-23.10.30:358][  0]LogLinker:Warning: Can't find file '/Script/EnvironmentQueryEditor'
[2015.04.24-23.10.30:358][  0]LogLinker:Warning: Can't find file for asset '/Script/EnvironmentQueryEditor' while loading ../../../../../../Users/Jimmy/StealthDemo/Content/FirstPersonBP/Blueprints/AI/EnvQuery/EnvTestPawn.uasset.
[2015.04.24-23.10.30:358][  0]LoadErrors:Error: Error /Game/FirstPersonBP/Blueprints/AI/EnvQuery/EnvTestPawn : Can't find file for asset. /Script/EnvironmentQueryEditor
[2015.04.24-23.10.30:358][  0]LogLinker:Warning: Can't find file '/Script/EnvironmentQueryEditor'
[2015.04.24-23.10.30:358][  0]LogLinker:Warning: Can't find file for asset '/Script/EnvironmentQueryEditor' while loading ../../../../../../Users/Jimmy/StealthDemo/Content/FirstPersonBP/Blueprints/AI/EnvQuery/EnvTestPawn.uasset.
[2015.04.24-23.10.30:358][  0]LoadErrors:Error: Error /Game/FirstPersonBP/Blueprints/AI/EnvQuery/EnvTestPawn : Can't find file for asset. /Script/EnvironmentQueryEditor
[2015.04.24-23.10.31:540][  0]LogLinker:Warning: Can't find file '/Script/EnvironmentQueryEditor'
[2015.04.24-23.10.31:540][  0]LogLinker:Warning: Can't find file for asset '/Script/EnvironmentQueryEditor' while loading ../../../../../../Users/Jimmy/StealthDemo/Content/FirstPersonBP/Maps/FirstPersonExampleMap.umap.
[2015.04.24-23.10.31:540][  0]LoadErrors:Error: Error /Game/FirstPersonBP/Maps/FirstPersonExampleMap : Can't find file for asset. /Script/EnvironmentQueryEditor
[2015.04.24-23.10.31:540][  0]LogLinker:Warning: Can't find file '/Script/EnvironmentQueryEditor'
[2015.04.24-23.10.31:540][  0]LogLinker:Warning: Can't find file for asset '/Script/EnvironmentQueryEditor' while loading ../../../../../../Users/Jimmy/StealthDemo/Content/FirstPersonBP/Maps/FirstPersonExampleMap.umap.
[2015.04.24-23.10.31:540][  0]LoadErrors:Error: Error /Game/FirstPersonBP/Maps/FirstPersonExampleMap : Can't find file for asset. /Script/EnvironmentQueryEditor
[2015.04.24-23.10.31:540][  0]LogLinker:Warning: Can't find file '/Script/EnvironmentQueryEditor'
[2015.04.24-23.10.31:540][  0]LogLinker:Warning: Can't find file for asset '/Script/EnvironmentQueryEditor' while loading ../../../../../../Users/Jimmy/StealthDemo/Content/FirstPersonBP/Maps/FirstPersonExampleMap.umap.
[2015.04.24-23.10.31:540][  0]LoadErrors:Error: Error /Game/FirstPersonBP/Maps/FirstPersonExampleMap : Can't find file for asset. /Script/EnvironmentQueryEditor
[2015.04.24-23.10.31:541][  0]LogLinker:Warning: Can't find file '/Script/EnvironmentQueryEditor'
[2015.04.24-23.10.31:541][  0]LogLinker:Warning: Can't find file for asset '/Script/EnvironmentQueryEditor' while loading ../../../../../../Users/Jimmy/StealthDemo/Content/FirstPersonBP/Maps/FirstPersonExampleMap.umap.
[2015.04.24-23.10.31:541][  0]LoadErrors:Error: Error /Game/FirstPersonBP/Maps/FirstPersonExampleMap : Can't find file for asset. /Script/EnvironmentQueryEditor
[2015.04.24-23.10.31:995][  0]LogLinker:Warning: Can't find file '/Script/EnvironmentQueryEditor'
[2015.04.24-23.10.31:995][  0]LogLinker:Warning: Can't find file for asset '/Script/EnvironmentQueryEditor' while loading ../../../../../../Users/Jimmy/StealthDemo/Content/FirstPersonBP/Maps/FirstPersonExampleMap.umap.
[2015.04.24-23.10.31:995][  0]LoadErrors:Error: Error /Game/FirstPersonBP/Maps/FirstPersonExampleMap : Can't find file for asset. /Script/EnvironmentQueryEditor
[2015.04.24-23.10.32:017][  0]LogLinker:Warning: Can't find file '/Script/EnvironmentQueryEditor'
[2015.04.24-23.10.32:017][  0]LogLinker:Warning: Can't find file for asset '/Script/EnvironmentQueryEditor' while loading NULL.
[2015.04.24-23.10.32:017][  0]LogLinker:Warning: Can't find file '/Script/EnvironmentQueryEditor'
[2015.04.24-23.10.32:017][  0]LogLinker:Warning: Can't find file for asset '/Script/EnvironmentQueryEditor' while loading NULL.
[2015.04.24-23.10.32:017][  0]LogLinker:Warning: Can't find file '/Script/EnvironmentQueryEditor'
[2015.04.24-23.10.32:017][  0]LogLinker:Warning: Can't find file for asset '/Script/EnvironmentQueryEditor' while loading NULL.
[2015.04.24-23.10.32:017][  0]LogLinker:Warning: Can't find file '/Script/EnvironmentQueryEditor'
[2015.04.24-23.10.32:017][  0]LogLinker:Warning: Can't find file for asset '/Script/EnvironmentQueryEditor' while loading NULL.
[2015.04.24-23.10.32:017][  0]LogLinker:Warning: Can't find file '/Script/EnvironmentQueryEditor'
[2015.04.24-23.10.32:018][  0]LogLinker:Warning: Can't find file for asset '/Script/EnvironmentQueryEditor' while loading NULL.
[2015.04.24-23.10.32:242][  0]LogLinker:Warning: Can't find file '/Script/EnvironmentQueryEditor'
[2015.04.24-23.10.32:242][  0]LogLinker:Warning: Can't find file for asset '/Script/EnvironmentQueryEditor' while loading NULL.
[2015.04.24-23.10.32:242][  0]LogLinker:Warning: Can't find file '/Script/EnvironmentQueryEditor'
[2015.04.24-23.10.32:242][  0]LogLinker:Warning: Can't find file for asset '/Script/EnvironmentQueryEditor' while loading NULL.
[2015.04.24-23.10.32:242][  0]LogLinker:Warning: CreateExport: Failed to load Outer for resource 'EdGraphPin_27963': EnvironmentQueryGraphNode_Option /Game/FirstPersonBP/Maps/FirstPersonExampleMap.FirstPersonExampleMap:EnvQueryManager_2.TestQuery.EnvironmentQueryGraph_0.EnvironmentQueryGraphNode_Option_4
[2015.04.24-23.10.32:242][  0]LogLinker:Warning: Can't find file '/Script/EnvironmentQueryEditor'
[2015.04.24-23.10.32:242][  0]LogLinker:Warning: Can't find file for asset '/Script/EnvironmentQueryEditor' while loading NULL.
[2015.04.24-23.10.32:242][  0]LogLinker:Warning: Can't find file '/Script/EnvironmentQueryEditor'
[2015.04.24-23.10.32:242][  0]LogLinker:Warning: Can't find file for asset '/Script/EnvironmentQueryEditor' while loading NULL.
[2015.04.24-23.10.32:242][  0]LogLinker:Warning: CreateExport: Failed to load Outer for resource 'EdGraphPin_27962': EnvironmentQueryGraphNode_Root /Game/FirstPersonBP/Maps/FirstPersonExampleMap.FirstPersonExampleMap:EnvQueryManager_2.TestQuery.EnvironmentQueryGraph_0.EnvironmentQueryGraphNode_Root_0
[2015.04.24-23.10.32:242][  0]LogLinker:Warning: Can't find file '/Script/EnvironmentQueryEditor'
[2015.04.24-23.10.32:242][  0]LogLinker:Warning: Can't find file for asset '/Script/EnvironmentQueryEditor' while loading NULL.
[2015.04.24-23.10.32:242][  0]LogLinker:Warning: Can't find file '/Script/EnvironmentQueryEditor'
[2015.04.24-23.10.32:242][  0]LogLinker:Warning: Can't find file for asset '/Script/EnvironmentQueryEditor' while loading NULL.
[2015.04.24-23.10.32:243][  0]LogLinker:Warning: Can't find file '/Script/EnvironmentQueryEditor'
[2015.04.24-23.10.32:243][  0]LogLinker:Warning: Can't find file for asset '/Script/EnvironmentQueryEditor' while loading NULL.
[2015.04.24-23.10.32:243][  0]LogLinker:Warning: Can't find file '/Script/EnvironmentQueryEditor'
[2015.04.24-23.10.32:243][  0]LogLinker:Warning: Can't find file for asset '/Script/EnvironmentQueryEditor' while loading NULL.
[2015.04.24-23.10.32:243][  0]LogLinker:Warning: Can't find file '/Script/EnvironmentQueryEditor'
[2015.04.24-23.10.32:243][  0]LogLinker:Warning: Can't find file for asset '/Script/EnvironmentQueryEditor' while loading NULL.
[2015.04.24-23.10.32:243][  0]LogLinker:Warning: Can't find file '/Script/EnvironmentQueryEditor'
[2015.04.24-23.10.32:243][  0]LogLinker:Warning: Can't find file for asset '/Script/EnvironmentQueryEditor' while loading NULL.
[2015.04.24-23.10.32:243][  0]LogLinker:Warning: Can't find file '/Script/EnvironmentQueryEditor'
[2015.04.24-23.10.32:243][  0]LogLinker:Warning: Can't find file for asset '/Script/EnvironmentQueryEditor' while loading NULL.
[2015.04.24-23.10.32:243][  0]LogLinker:Warning: Can't find file '/Script/EnvironmentQueryEditor'
[2015.04.24-23.10.32:243][  0]LogLinker:Warning: Can't find file for asset '/Script/EnvironmentQueryEditor' while loading NULL.
[2015.04.24-23.10.32:243][  0]LogLinker:Warning: Can't find file '/Script/EnvironmentQueryEditor'
[2015.04.24-23.10.32:243][  0]LogLinker:Warning: Can't find file for asset '/Script/EnvironmentQueryEditor' while loading NULL.
[2015.04.24-23.10.32:243][  0]LogLinker:Warning: Can't find file '/Script/EnvironmentQueryEditor'
[2015.04.24-23.10.32:243][  0]LogLinker:Warning: Can't find file for asset '/Script/EnvironmentQueryEditor' while loading NULL.
[2015.04.24-23.10.33:588][  0]LogLinker:Warning: Can't find file '/Script/EnvironmentQueryEditor'
[2015.04.24-23.10.33:588][  0]LogLinker:Warning: Can't find file for asset '/Script/EnvironmentQueryEditor' while loading NULL.
[2015.04.24-23.10.33:588][  0]LogLinker:Warning: Can't find file '/Script/EnvironmentQueryEditor'
[2015.04.24-23.10.33:609][  0]LoadErrors: Info Failed to load /Script/EnvironmentQueryEditor.EnvironmentQueryGraphNode_Root Referenced by PackageMetaData
[2015.04.24-23.10.33:609][  0]LogLinker:Warning: Can't find file for asset '/Script/EnvironmentQueryEditor' while loading NULL.
[2015.04.24-23.10.33:609][  0]LoadErrors: Info Failed to load /Script/EnvironmentQueryEditor.EnvironmentQueryGraphNode_Root Referenced by PackageMetaData
[2015.04.24-23.10.33:609][  0]LogLinker:Warning: Can't find file '/Script/EnvironmentQueryEditor'
[2015.04.24-23.10.33:609][  0]LogLinker:Warning: Can't find file for asset '/Script/EnvironmentQueryEditor' while loading NULL.
[2015.04.24-23.10.33:609][  0]LogLinker:Warning: Can't find file '/Script/EnvironmentQueryEditor'
[2015.04.24-23.10.33:609][  0]LoadErrors: Info Failed to load /Script/EnvironmentQueryEditor.EnvironmentQueryGraph Referenced by TestQuery
[2015.04.24-23.10.33:609][  0]LogLinker:Warning: Can't find file for asset '/Script/EnvironmentQueryEditor' while loading NULL.
[2015.04.24-23.10.33:610][  0]LoadErrors: Info Failed to load /Script/EnvironmentQueryEditor.EnvironmentQueryGraph Referenced by TestQuery
[2015.04.24-23.10.33:761][  0]LogLinker:Warning: Can't find file '/Script/EnvironmentQueryEditor'
[2015.04.24-23.10.33:761][  0]LogLinker:Warning: Can't find file for asset '/Script/EnvironmentQueryEditor' while loading NULL.
[2015.04.24-23.10.33:761][  0]LogLinker:Warning: Can't find file '/Script/EnvironmentQueryEditor'
[2015.04.24-23.10.33:762][  0]LoadErrors: Info Failed to load /Script/EnvironmentQueryEditor.EnvironmentQueryGraph Referenced by TestQuery
[2015.04.24-23.10.33:762][  0]LogLinker:Warning: Can't find file for asset '/Script/EnvironmentQueryEditor' while loading NULL.
[2015.04.24-23.10.33:762][  0]LoadErrors: Info Failed to load /Script/EnvironmentQueryEditor.EnvironmentQueryGraph Referenced by TestQuery
[2015.04.24-23.10.46:306][  0]LogPhysics:Warning: PHYSX: ..\..\PhysXExtensions\src\ExtRigidBodyExt.cpp (234) 4 : computeMassAndInertia: Dynamic actor with illegal collision shapes
[2015.04.24-23.10.46:306][  0]LogPhysics:Warning: PHYSX: ..\..\PhysXExtensions\src\ExtRigidBodyExt.cpp (283) 4 : PxRigidBodyExt::updateMassAndInertia: Mass and inertia computation failed, setting mass to 1 and inertia to (1,1,1)
[2015.04.24-23.10.46:307][  0]LogPhysics:Warning: PHYSX: ..\..\PhysXExtensions\src\ExtRigidBodyExt.cpp (234) 4 : computeMassAndInertia: Dynamic actor with illegal collision shapes
[2015.04.24-23.10.46:307][  0]LogPhysics:Warning: PHYSX: ..\..\PhysXExtensions\src\ExtRigidBodyExt.cpp (283) 4 : PxRigidBodyExt::updateMassAndInertia: Mass and inertia computation failed, setting mass to 1 and inertia to (1,1,1)
[2015.04.24-23.10.46:308][  0]LogPhysics:Warning: PHYSX: ..\..\PhysXExtensions\src\ExtRigidBodyExt.cpp (234) 4 : computeMassAndInertia: Dynamic actor with illegal collision shapes
[2015.04.24-23.10.46:308][  0]LogPhysics:Warning: PHYSX: ..\..\PhysXExtensions\src\ExtRigidBodyExt.cpp (283) 4 : PxRigidBodyExt::updateMassAndInertia: Mass and inertia computation failed, setting mass to 1 and inertia to (1,1,1)
[2015.04.24-23.10.46:308][  0]LogPhysics:Warning: PHYSX: ..\..\PhysXExtensions\src\ExtRigidBodyExt.cpp (234) 4 : computeMassAndInertia: Dynamic actor with illegal collision shapes
[2015.04.24-23.10.46:308][  0]LogPhysics:Warning: PHYSX: ..\..\PhysXExtensions\src\ExtRigidBodyExt.cpp (283) 4 : PxRigidBodyExt::updateMassAndInertia: Mass and inertia computation failed, setting mass to 1 and inertia to (1,1,1)
[2015.04.24-23.10.47:648][  0]LogPhysics:Warning: PHYSX: ..\..\PhysXExtensions\src\ExtRigidBodyExt.cpp (234) 4 : computeMassAndInertia: Dynamic actor with illegal collision shapes
[2015.04.24-23.10.47:648][  0]LogPhysics:Warning: PHYSX: ..\..\PhysXExtensions\src\ExtRigidBodyExt.cpp (283) 4 : PxRigidBodyExt::updateMassAndInertia: Mass and inertia computation failed, setting mass to 1 and inertia to (1,1,1)
[2015.04.24-23.10.47:649][  0]LogPhysics:Warning: PHYSX: ..\..\PhysXExtensions\src\ExtRigidBodyExt.cpp (234) 4 : computeMassAndInertia: Dynamic actor with illegal collision shapes
[2015.04.24-23.10.47:649][  0]LogPhysics:Warning: PHYSX: ..\..\PhysXExtensions\src\ExtRigidBodyExt.cpp (283) 4 : PxRigidBodyExt::updateMassAndInertia: Mass and inertia computation failed, setting mass to 1 and inertia to (1,1,1)
[2015.04.24-23.10.47:650][  0]LogPhysics:Warning: PHYSX: ..\..\PhysXExtensions\src\ExtRigidBodyExt.cpp (234) 4 : computeMassAndInertia: Dynamic actor with illegal collision shapes
[2015.04.24-23.10.47:650][  0]LogPhysics:Warning: PHYSX: ..\..\PhysXExtensions\src\ExtRigidBodyExt.cpp (283) 4 : PxRigidBodyExt::updateMassAndInertia: Mass and inertia computation failed, setting mass to 1 and inertia to (1,1,1)
[2015.04.24-23.10.47:652][  0]LogPhysics:Warning: PHYSX: ..\..\PhysXExtensions\src\ExtRigidBodyExt.cpp (234) 4 : computeMassAndInertia: Dynamic actor with illegal collision shapes
[2015.04.24-23.10.47:652][  0]LogPhysics:Warning: PHYSX: ..\..\PhysXExtensions\src\ExtRigidBodyExt.cpp (283) 4 : PxRigidBodyExt::updateMassAndInertia: Mass and inertia computation failed, setting mass to 1 and inertia to (1,1,1)
[2015.04.24-23.10.47:958][  0]LogEditorServer: Finished looking for orphan Actors (0.000 secs)
[2015.04.24-23.10.48:052][  0]LogAIModule: Creating AISystem for world FirstPersonExampleMap
[2015.04.24-23.10.48:119][  0]Cmd: MAP CHECKDEP
[2015.04.24-23.10.48:136][  0]MapCheck: New page: FirstPersonExampleMap - Apr 24, 2015, 9:10:48 AM
[2015.04.24-23.10.48:299][  0]MapCheck: Info Map check complete: 0 Error(s), 0 Warning(s), took 180.466ms to complete.
[2015.04.24-23.10.48:314][  0]LogFileHelpers: Loading map 'FirstPersonExampleMap' took 36.237
[2015.04.24-23.10.51:984][  0]LogCollectionManager: Loaded 0 collections in 0.001909 seconds
[2015.04.24-23.10.52:013][  0]LogContentBrowser: Native class hierarchy populated in 0.0293 seconds. Added 1696 classes and 261 folders.
[2015.04.24-23.10.52:555][  0]LogContentBrowser: Native class hierarchy updated for 'SceneOutliner' in 0.0023 seconds. Added 1 classes and 2 folders.
[2015.04.24-23.10.53:779][  0]LogCrashTracker: Crashtracker disabled due to settings.
[2015.04.24-23.10.53:898][  0]LogSlate:Warning: Failed to load font data from 'Veranda'
[2015.04.24-23.10.54:599][  0]LogUObjectGlobals:Warning: Failed to find object 'Class None.'
[2015.04.24-23.10.55:205][  0]LogLoad: Full Startup: 209.13 seconds (BP compile: 5.67 seconds)
[2015.04.24-23.11.01:614][  0]LogRenderer:Warning: Reallocating scene render targets to support 968x464 (Frame:2).
[2015.04.24-23.11.03:906][  1]LogContentBrowser:Verbose: The content browser source was changed by the sources view to '/Game/FirstPersonBP/Items'
[2015.04.24-23.11.06:881][  8]LogAssetRegistry: Asset discovery search completed in 106.8952 seconds
[2015.04.24-23.13.15:314][750]LogContentBrowser: Native class hierarchy updated for 'EnvironmentQueryEditor' in 0.0021 seconds. Added 7 classes and 2 folders.
[2015.04.24-23.13.28:179][617]BlueprintLog: New page: Pre-PIE auto-recompile
[2015.04.24-23.13.28:180][617]LogPlayLevel: [PIE] Compiling FirstPersonExampleMap before PIE...
[2015.04.24-23.13.29:333][617]LogPlayLevel: PIE:  Blueprint regeneration took 1154 ms (1 blueprints)
[2015.04.24-23.13.29:365][617]PIE: New page: PIE session: FirstPersonExampleMap (Apr 24, 2015, 9:13:29 AM)
[2015.04.24-23.13.29:480][617]LogBlueprint:Warning: FMemberReference::ResolveMember (K2_GetActorLocation) bSelfContext == true, but no scope supplied!
[2015.04.24-23.13.29:480][617]LogBlueprint:Warning: FMemberReference::ResolveMember (K2_GetActorLocation) bSelfContext == true, but no scope supplied!
[2015.04.24-23.13.29:480][617]LogBlueprint:Warning: FMemberReference::ResolveMember (K2_GetActorRotation) bSelfContext == true, but no scope supplied!
[2015.04.24-23.13.29:480][617]LogBlueprint:Warning: FMemberReference::ResolveMember (K2_GetActorRotation) bSelfContext == true, but no scope supplied!
[2015.04.24-23.13.29:601][617]LogPlayLevel: PIE: StaticDuplicateObject took: (0.235329s)
[2015.04.24-23.13.29:601][617]LogPlayLevel: PIE: World Init took: (0.000573s)
[2015.04.24-23.13.29:617][617]LogPlayLevel: PIE: Created PIE world by copying editor world from /Game/FirstPersonBP/Maps/FirstPersonExampleMap.FirstPersonExampleMap to /Game/FirstPersonBP/Maps/UEDPIE_0_FirstPersonExampleMap.FirstPersonExampleMap (0.252061s)
[2015.04.24-23.13.30:061][617]LogWorld: Game class is 'FirstPersonGameMode_C'
[2015.04.24-23.13.30:320][617]LogAIModule: Creating AISystem for world FirstPersonExampleMap
[2015.04.24-23.13.30:346][617]LogPhysics:Warning: PHYSX: ..\..\PhysXExtensions\src\ExtRigidBodyExt.cpp (234) 4 : computeMassAndInertia: Dynamic actor with illegal collision shapes
[2015.04.24-23.13.30:346][617]LogPhysics:Warning: PHYSX: ..\..\PhysXExtensions\src\ExtRigidBodyExt.cpp (283) 4 : PxRigidBodyExt::updateMassAndInertia: Mass and inertia computation failed, setting mass to 1 and inertia to (1,1,1)
[2015.04.24-23.13.30:346][617]LogPhysics:Warning: PHYSX: ..\..\PhysXExtensions\src\ExtRigidBodyExt.cpp (234) 4 : computeMassAndInertia: Dynamic actor with illegal collision shapes
[2015.04.24-23.13.30:346][617]LogPhysics:Warning: PHYSX: ..\..\PhysXExtensions\src\ExtRigidBodyExt.cpp (283) 4 : PxRigidBodyExt::updateMassAndInertia: Mass and inertia computation failed, setting mass to 1 and inertia to (1,1,1)
[2015.04.24-23.13.30:347][617]LogPhysics:Warning: PHYSX: ..\..\PhysXExtensions\src\ExtRigidBodyExt.cpp (234) 4 : computeMassAndInertia: Dynamic actor with illegal collision shapes
[2015.04.24-23.13.30:347][617]LogPhysics:Warning: PHYSX: ..\..\PhysXExtensions\src\ExtRigidBodyExt.cpp (283) 4 : PxRigidBodyExt::updateMassAndInertia: Mass and inertia computation failed, setting mass to 1 and inertia to (1,1,1)
[2015.04.24-23.13.30:347][617]LogPhysics:Warning: PHYSX: ..\..\PhysXExtensions\src\ExtRigidBodyExt.cpp (234) 4 : computeMassAndInertia: Dynamic actor with illegal collision shapes
[2015.04.24-23.13.30:347][617]LogPhysics:Warning: PHYSX: ..\..\PhysXExtensions\src\ExtRigidBodyExt.cpp (283) 4 : PxRigidBodyExt::updateMassAndInertia: Mass and inertia computation failed, setting mass to 1 and inertia to (1,1,1)
[2015.04.24-23.13.30:355][617]LogWorld:Warning: *** WARNING - PATHS MAY NOT BE VALID ***
[2015.04.24-23.13.30:355][617]LogWorld: Bringing World /Game/FirstPersonBP/Maps/UEDPIE_0_FirstPersonExampleMap.FirstPersonExampleMap up for play (max tick rate 0) at 2015.04.24-16.13.30
[2015.04.24-23.13.30:648][617]LogWorld: Bringing up level for play took: 0.327619
[2015.04.24-23.13.30:925][617]PIE: Info Play in editor start time for /Game/FirstPersonBP/Maps/UEDPIE_0_FirstPersonExampleMap 2.356
[2015.04.24-23.13.31:308][617]LogBlueprintUserMessages: Next patrol point:0
[2015.04.24-23.13.42:134][362]LogBlueprintUserMessages: Next patrol point:1
[2015.04.24-23.13.53:052][145]LogPhysics:Warning: PHYSX: ..\..\PhysXExtensions\src\ExtRigidBodyExt.cpp (234) 4 : computeMassAndInertia: Dynamic actor with illegal collision shapes
[2015.04.24-23.13.53:052][145]LogPhysics:Warning: PHYSX: ..\..\PhysXExtensions\src\ExtRigidBodyExt.cpp (283) 4 : PxRigidBodyExt::updateMassAndInertia: Mass and inertia computation failed, setting mass to 1 and inertia to (1,1,1)
[2015.04.24-23.13.53:933][202]LogBlueprintUserMessages: Next patrol point:2
[2015.04.24-23.13.54:107][215]LogPhysics:Warning: PHYSX: ..\..\PhysXExtensions\src\ExtRigidBodyExt.cpp (234) 4 : computeMassAndInertia: Dynamic actor with illegal collision shapes
[2015.04.24-23.13.54:107][215]LogPhysics:Warning: PHYSX: ..\..\PhysXExtensions\src\ExtRigidBodyExt.cpp (283) 4 : PxRigidBodyExt::updateMassAndInertia: Mass and inertia computation failed, setting mass to 1 and inertia to (1,1,1)
[2015.04.24-23.14.03:413][920]LogBlueprintUserMessages: Next patrol point:3
[2015.04.24-23.14.09:354][297]LogBehaviorTree:Warning: OnCeaseRelevant called on Blueprint service None with invalid owner.  OwnerComponent: BTComponent, OwnerComponent Owner: AICON_C_0.  OwnerComponent has BeginDestroyed flag
[2015.04.24-23.14.09:542][298]LogParticles: Destroying 0 GPU particle simulations for FXSystem 0x0000006EE0D33060
[2015.04.24-23.14.11:794][351]Cmd: QUIT_EDITOR
[2015.04.24-23.14.12:302][351]LogExit: Preparing to exit.
[2015.04.24-23.14.13:863][351]LogExit: Editor shut down
[2015.04.24-23.14.13:863][351]LogExit: Transaction tracking system shut down
[2015.04.24-23.14.13:865][351]LogParticles: Destroying 0 GPU particle simulations for FXSystem 0x0000006EED90B880
[2015.04.24-23.14.13:865][351]LogParticles: Destroying 0 GPU particle simulations for FXSystem 0x0000006EF221A020
[2015.04.24-23.14.13:865][351]LogParticles: Destroying 0 GPU particle simulations for FXSystem 0x0000006EED5F5B20
[2015.04.24-23.14.13:865][351]LogParticles: Destroying 0 GPU particle simulations for FXSystem 0x0000006EE0D33BA0
[2015.04.24-23.14.15:231][351]LogExit: Object subsystem successfully closed.
[2015.04.24-23.14.15:792][351]LogModuleManager: Shutting down and abandoning module EnvironmentQueryEditor (178)
[2015.04.24-23.14.15:838][351]LogModuleManager: Shutting down and abandoning module CrashTracker (177)
[2015.04.24-23.14.15:838][351]LogModuleManager: Shutting down and abandoning module SuperSearch (176)
[2015.04.24-23.14.15:838][351]LogModuleManager: Shutting down and abandoning module SceneOutliner (175)
[2015.04.24-23.14.15:838][351]LogModuleManager: Shutting down and abandoning module EditorWidgets (174)
[2015.04.24-23.14.15:838][351]LogModuleManager: Shutting down and abandoning module CollectionManager (173)
[2015.04.24-23.14.15:850][351]LogModuleManager: Shutting down and abandoning module StatsViewer (172)
[2015.04.24-23.14.15:878][351]LogModuleManager: Shutting down and abandoning module FoliageEdit (171)
[2015.04.24-23.14.15:878][351]LogModuleManager: Shutting down and abandoning module LandscapeEditor (170)
[2015.04.24-23.14.15:906][351]LogModuleManager: Shutting down and abandoning module MeshPaint (169)
[2015.04.24-23.14.15:916][351]LogModuleManager: Shutting down and abandoning module ActorPickerMode (168)
[2015.04.24-23.14.15:916][351]LogModuleManager: Shutting down and abandoning module GeometryMode (167)
[2015.04.24-23.14.15:916][351]LogModuleManager: Shutting down and abandoning module TextureAlignMode (166)
[2015.04.24-23.14.15:916][351]LogModuleManager: Shutting down and abandoning module BspMode (165)
[2015.04.24-23.14.15:916][351]LogModuleManager: Shutting down and abandoning module PlacementMode (164)
[2015.04.24-23.14.15:916][351]LogModuleManager: Shutting down and abandoning module AutomationWorker (163)
[2015.04.24-23.14.15:917][351]LogModuleManager: Shutting down and abandoning module CharacterAI (162)
[2015.04.24-23.14.15:917][351]LogModuleManager: Shutting down and abandoning module SmartSnapping (161)
[2015.04.24-23.14.15:917][351]LogModuleManager: Shutting down and abandoning module ViewportSnapping (160)
[2015.04.24-23.14.15:917][351]LogModuleManager: Shutting down and abandoning module LogVisualizer (159)
[2015.04.24-23.14.15:970][351]LogModuleManager: Shutting down and abandoning module GameProjectGeneration (158)
[2015.04.24-23.14.15:985][351]LogModuleManager: Shutting down and abandoning module IntroTutorials (157)
[2015.04.24-23.14.16:111][351]LogModuleManager: Shutting down and abandoning module EditorLiveStreaming (156)
[2015.04.24-23.14.16:127][351]LogModuleManager: Shutting down and abandoning module HardwareTargeting (155)
[2015.04.24-23.14.16:127][351]LogModuleManager: Shutting down and abandoning module DeviceProfileEditor (154)
[2015.04.24-23.14.16:146][351]LogModuleManager: Shutting down and abandoning module UndoHistory (153)
[2015.04.24-23.14.16:159][351]LogModuleManager: Shutting down and abandoning module GameplayTagsEditor (152)
[2015.04.24-23.14.16:159][351]LogModuleManager: Shutting down and abandoning module UserFeedback (151)
[2015.04.24-23.14.16:159][351]LogModuleManager: Shutting down and abandoning module XmlParser (150)
[2015.04.24-23.14.16:176][351]LogModuleManager: Shutting down and abandoning module Blutility (149)
[2015.04.24-23.14.16:176][351]LogModuleManager: Shutting down and abandoning module IOSPlatformEditor (148)
[2015.04.24-23.14.16:176][351]LogModuleManager: Shutting down and abandoning module IOSRuntimeSettings (147)
[2015.04.24-23.14.16:176][351]LogModuleManager: Shutting down and abandoning module AndroidDeviceDetection (146)
[2015.04.24-23.14.16:311][351]LogModuleManager: Shutting down and abandoning module AndroidPlatformEditor (145)
[2015.04.24-23.14.16:311][351]LogModuleManager: Shutting down and abandoning module AndroidRuntimeSettings (144)
[2015.04.24-23.14.16:311][351]LogModuleManager: Shutting down and abandoning module ProjectTargetPlatformEditor (143)
[2015.04.24-23.14.16:327][351]LogModuleManager: Shutting down and abandoning module ProjectSettingsViewer (142)
[2015.04.24-23.14.16:327][351]LogModuleManager: Shutting down and abandoning module InputBindingEditor (141)
[2015.04.24-23.14.16:366][351]LogModuleManager: Shutting down and abandoning module EditorSettingsViewer (140)
[2015.04.24-23.14.16:366][351]LogModuleManager: Shutting down and abandoning module SettingsEditor (139)
[2015.04.24-23.14.16:366][351]LogModuleManager: Shutting down and abandoning module ProjectLauncher (138)
[2015.04.24-23.14.16:383][351]LogModuleManager: Shutting down and abandoning module SessionFrontend (137)
[2015.04.24-23.14.16:397][351]LogModuleManager: Shutting down and abandoning module ProfilerClient (136)
[2015.04.24-23.14.16:403][351]LogModuleManager: Shutting down and abandoning module TargetDeviceServices (135)
[2015.04.24-23.14.16:421][351]LogModuleManager: Shutting down and abandoning module DeviceManager (134)
[2015.04.24-23.14.16:433][351]LogModuleManager: Shutting down and abandoning module AutomationController (133)
[2015.04.24-23.14.16:444][351]LogModuleManager: Shutting down and abandoning module AutomationWindow (132)
[2015.04.24-23.14.16:462][351]LogModuleManager: Shutting down and abandoning module Layers (131)
[2015.04.24-23.14.16:517][351]LogModuleManager: Shutting down and abandoning module ComponentVisualizers (130)
[2015.04.24-23.14.16:517][351]LogModuleManager: Shutting down and abandoning module DetailCustomizations (129)
[2015.04.24-23.14.16:553][351]LogModuleManager: Shutting down and abandoning module PackagesDialog (128)
[2015.04.24-23.14.16:636][351]LogModuleManager: Shutting down and abandoning module AssetRegistry (127)
[2015.04.24-23.14.16:726][351]LogModuleManager: Shutting down and abandoning module Persona (126)
[2015.04.24-23.14.16:777][351]LogModuleManager: Shutting down and abandoning module SlateReflector (125)
[2015.04.24-23.14.16:802][351]LogModuleManager: Shutting down and abandoning module LevelEditor (124)
[2015.04.24-23.14.16:822][351]LogModuleManager: Shutting down and abandoning module Kismet (123)
[2015.04.24-23.14.16:834][351]LogModuleManager: Shutting down and abandoning module GraphEditor (122)
[2015.04.24-23.14.16:903][351]LogModuleManager: Shutting down and abandoning module ClassViewer (121)
[2015.04.24-23.14.16:903][351]LogModuleManager: Shutting down and abandoning module Toolbox (120)
[2015.04.24-23.14.16:903][351]LogModuleManager: Shutting down and abandoning module ModuleUI (119)
[2015.04.24-23.14.16:912][351]LogModuleManager: Shutting down and abandoning module MovieSceneTools (118)
[2015.04.24-23.14.16:946][351]LogModuleManager: Shutting down and abandoning module OutputLog (117)
[2015.04.24-23.14.16:946][351]LogModuleManager: Shutting down and abandoning module GammaUI (116)
[2015.04.24-23.14.16:963][351]LogModuleManager: Shutting down and abandoning module Documentation (115)
[2015.04.24-23.14.16:963][351]LogModuleManager: Shutting down and abandoning module GameLiveStreaming (114)
[2015.04.24-23.14.16:963][351]LogModuleManager: Shutting down and abandoning module StreamingPauseRendering (113)
[2015.04.24-23.14.16:973][351]LogModuleManager: Shutting down and abandoning module HTTP (112)
[2015.04.24-23.14.16:973][351]LogModuleManager: Shutting down and abandoning module AnalyticsET (111)
[2015.04.24-23.14.16:973][351]LogModuleManager: Shutting down and abandoning module Analytics (110)
[2015.04.24-23.14.16:973][351]LogModuleManager: Shutting down and abandoning module AITestSuite (109)
[2015.04.24-23.14.16:992][351]LogModuleManager: Shutting down and abandoning module GameplayDebugger (108)
[2015.04.24-23.14.16:992][351]LogModuleManager: Shutting down and abandoning module AIModule (107)
[2015.04.24-23.14.16:992][351]LogModuleManager: Shutting down and abandoning module ProfilerService (106)
[2015.04.24-23.14.17:183][351]LogModuleManager: Shutting down and abandoning module TaskGraph (105)
[2015.04.24-23.14.17:225][351]LogModuleManager: Shutting down and abandoning module SlateRemote (104)
[2015.04.24-23.14.17:225][351]LogModuleManager: Shutting down and abandoning module ScriptEditorPlugin (103)
[2015.04.24-23.14.17:225][351]LogModuleManager: Shutting down and abandoning module CustomMeshComponent (102)
[2015.04.24-23.14.17:225][351]LogModuleManager: Shutting down and abandoning module CableComponent (101)
[2015.04.24-23.14.17:225][351]LogModuleManager: Shutting down and abandoning module MessagingDebugger (100)
[2015.04.24-23.14.17:225][351]LogModuleManager: Shutting down and abandoning module MediaPlayerEditor (99)
[2015.04.24-23.14.17:225][351]LogModuleManager: Shutting down and abandoning module SpeedTreeImporter (98)
[2015.04.24-23.14.17:225][351]LogModuleManager: Shutting down and abandoning module PluginsEditor (97)
[2015.04.24-23.14.17:225][351]LogModuleManager: Shutting down and abandoning module MainFrame (96)
[2015.04.24-23.14.17:225][351]LogModuleManager: Shutting down and abandoning module EpicSurvey (95)
[2015.04.24-23.14.17:225][351]LogModuleManager: Shutting down and abandoning module DesktopPlatform (94)
[2015.04.24-23.14.17:293][351]LogModuleManager: Shutting down and abandoning module DirectoryWatcher (93)
[2015.04.24-23.14.17:294][351]LogModuleManager: Shutting down and abandoning module HotReload (92)
[2015.04.24-23.14.17:294][351]LogModuleManager: Shutting down and abandoning module VisualStudioSourceCodeAccess (91)
[2015.04.24-23.14.17:294][351]LogModuleManager: Shutting down and abandoning module UObjectPlugin (90)
[2015.04.24-23.14.17:294][351]LogModuleManager: Shutting down and abandoning module SubversionSourceControl (89)
[2015.04.24-23.14.17:294][351]LogModuleManager: Shutting down and abandoning module PerforceSourceControl (88)
[2015.04.24-23.14.17:294][351]LogModuleManager: Shutting down and abandoning module SourceControl (87)
[2015.04.24-23.14.17:301][351]LogModuleManager: Shutting down and abandoning module GitSourceControl (86)
[2015.04.24-23.14.17:301][351]LogModuleManager: Shutting down and abandoning module BlankPlugin (85)
[2015.04.24-23.14.17:301][351]LogModuleManager: Shutting down and abandoning module PaperTiledImporter (84)
[2015.04.24-23.14.17:301][351]LogModuleManager: Shutting down and abandoning module PaperJsonImporter (83)
[2015.04.24-23.14.17:301][351]LogModuleManager: Shutting down and abandoning module ContentBrowser (82)
[2015.04.24-23.14.17:302][351]LogModuleManager: Shutting down and abandoning module Paper2DEditor (81)
[2015.04.24-23.14.17:302][351]LogModuleManager: Shutting down and abandoning module ScriptPlugin (80)
[2015.04.24-23.14.17:302][351]LogModuleManager: Shutting down and abandoning module UdpMessaging (79)
[2015.04.24-23.14.17:404][351]LogModuleManager: Shutting down and abandoning module Paper2D (78)
[2015.04.24-23.14.17:404][351]LogModuleManager: Shutting down and abandoning module WindowsMoviePlayer (77)
[2015.04.24-23.14.17:408][351]LogModuleManager: Shutting down and abandoning module Media (76)
[2015.04.24-23.14.17:408][351]LogModuleManager: Shutting down and abandoning module WmfMedia (75)
[2015.04.24-23.14.17:408][351]LogModuleManager: Shutting down and abandoning module OnlineBlueprintSupport (74)
[2015.04.24-23.14.17:408][351]LogModuleManager: Shutting down and abandoning module PropertyEditor (73)
[2015.04.24-23.14.17:429][351]LogModuleManager: Shutting down and abandoning module BehaviorTreeEditor (72)
[2015.04.24-23.14.17:472][351]LogModuleManager: Shutting down and abandoning module FunctionalTesting (71)
[2015.04.24-23.14.17:484][351]LogModuleManager: Shutting down and abandoning module CollisionAnalyzer (70)
[2015.04.24-23.14.17:546][351]LogModuleManager: Shutting down and abandoning module WorkspaceMenuStructure (69)
[2015.04.24-23.14.17:546][351]LogModuleManager: Shutting down and abandoning module MessageLog (68)
[2015.04.24-23.14.17:546][351]LogModuleManager: Shutting down and abandoning module Sequencer (67)
[2015.04.24-23.14.17:601][351]LogModuleManager: Shutting down and abandoning module AssetTools (66)
[2015.04.24-23.14.17:654][351]LogModuleManager: Shutting down and abandoning module UMGEditor (65)
[2015.04.24-23.14.17:668][351]LogModuleManager: Shutting down and abandoning module UMG (64)
[2015.04.24-23.14.17:668][351]LogModuleManager: Shutting down and abandoning module Slate (63)
[2015.04.24-23.14.17:668][351]LogModuleManager: Shutting down and abandoning module EditorStyle (62)
[2015.04.24-23.14.17:672][351]LogModuleManager: Shutting down and abandoning module SessionServices (61)
[2015.04.24-23.14.17:672][351]LogModuleManager: Shutting down and abandoning module SourceCodeAccess (60)
[2015.04.24-23.14.17:672][351]LogModuleManager: Shutting down and abandoning module HeadMountedDisplay (59)
[2015.04.24-23.14.17:672][351]LogModuleManager: Shutting down and abandoning module XAudio2 (58)
[2015.04.24-23.14.17:672][351]LogModuleManager: Shutting down and abandoning module Networking (56)
[2015.04.24-23.14.17:672][351]LogModuleManager: Shutting down and abandoning module Core (55)
[2015.04.24-23.14.17:672][351]LogModuleManager: Shutting down and abandoning module KismetCompiler (54)
[2015.04.24-23.14.17:672][351]LogModuleManager: Shutting down and abandoning module PhysXFormats (53)
[2015.04.24-23.14.17:672][351]LogModuleManager: Shutting down and abandoning module MeshUtilities (52)
[2015.04.24-23.14.17:713][351]LogModuleManager: Shutting down and abandoning module DerivedDataCache (51)
[2015.04.24-23.14.17:735][351]LogDerivedDataCache: Shutdown
[2015.04.24-23.14.17:735][351]LogModuleManager: Shutting down and abandoning module ShaderFormatOpenGL (50)
[2015.04.24-23.14.17:750][351]LogModuleManager: Shutting down and abandoning module ShaderFormatD3D (49)
[2015.04.24-23.14.17:758][351]LogModuleManager: Shutting down and abandoning module MetalShaderFormat (48)
[2015.04.24-23.14.17:769][351]LogModuleManager: Shutting down and abandoning module TextureFormatUncompressed (47)
[2015.04.24-23.14.17:769][351]LogModuleManager: Shutting down and abandoning module TextureFormatPVR (46)
[2015.04.24-23.14.17:779][351]LogModuleManager: Shutting down and abandoning module TextureFormatIntelISPCTexComp (45)
[2015.04.24-23.14.17:794][351]LogModuleManager: Shutting down and abandoning module TextureFormatDXT (44)
[2015.04.24-23.14.17:814][351]LogModuleManager: Shutting down and abandoning module ImageWrapper (43)
[2015.04.24-23.14.17:814][351]LogModuleManager: Shutting down and abandoning module TextureFormatASTC (42)
[2015.04.24-23.14.17:827][351]LogModuleManager: Shutting down and abandoning module TextureFormatAndroid (41)
[2015.04.24-23.14.17:827][351]LogModuleManager: Shutting down and abandoning module AudioFormatOpus (40)
[2015.04.24-23.14.17:842][351]LogModuleManager: Shutting down and abandoning module AudioFormatOgg (39)
[2015.04.24-23.14.17:842][351]LogModuleManager: Shutting down and abandoning module AudioFormatADPCM (38)
[2015.04.24-23.14.17:842][351]LogModuleManager: Shutting down and abandoning module LinuxTargetPlatform (37)
[2015.04.24-23.14.17:842][351]LogModuleManager: Shutting down and abandoning module LinuxServerTargetPlatform (36)
[2015.04.24-23.14.17:851][351]LogModuleManager: Shutting down and abandoning module LinuxNoEditorTargetPlatform (35)
[2015.04.24-23.14.17:868][351]LogModuleManager: Shutting down and abandoning module Messaging (34)
[2015.04.24-23.14.17:868][351]LogModuleManager: Shutting down and abandoning module IOSTargetPlatform (33)
[2015.04.24-23.14.17:868][351]LogModuleManager: Shutting down and abandoning module HTML5TargetPlatform (32)
[2015.04.24-23.14.17:868][351]LogModuleManager: Shutting down and abandoning module Android_PVRTCTargetPlatform (31)
[2015.04.24-23.14.17:868][351]LogModuleManager: Shutting down and abandoning module Android_ETC2TargetPlatform (30)
[2015.04.24-23.14.17:868][351]LogModuleManager: Shutting down and abandoning module Android_ETC1TargetPlatform (29)
[2015.04.24-23.14.17:868][351]LogModuleManager: Shutting down and abandoning module Android_ES31TargetPlatform (28)
[2015.04.24-23.14.17:868][351]LogModuleManager: Shutting down and abandoning module Android_DXTTargetPlatform (27)
[2015.04.24-23.14.17:868][351]LogModuleManager: Shutting down and abandoning module Android_ATCTargetPlatform (26)
[2015.04.24-23.14.17:868][351]LogModuleManager: Shutting down and abandoning module AndroidTargetPlatform (25)
[2015.04.24-23.14.17:868][351]LogModuleManager: Shutting down and abandoning module WindowsTargetPlatform (24)
[2015.04.24-23.14.17:868][351]LogModuleManager: Shutting down and abandoning module WindowsServerTargetPlatform (23)
[2015.04.24-23.14.17:868][351]LogModuleManager: Shutting down and abandoning module WindowsNoEditorTargetPlatform (22)
[2015.04.24-23.14.17:868][351]LogModuleManager: Shutting down and abandoning module WindowsClientTargetPlatform (21)
[2015.04.24-23.14.17:868][351]LogModuleManager: Shutting down and abandoning module TargetPlatform (20)
[2015.04.24-23.14.17:868][351]LogModuleManager: Shutting down and abandoning module InputCore (19)
[2015.04.24-23.14.17:868][351]LogModuleManager: Shutting down and abandoning module Settings (18)
[2015.04.24-23.14.17:868][351]LogModuleManager: Shutting down and abandoning module OnlineSubsystem (16)
[2015.04.24-23.14.17:868][351]LogModuleManager: Shutting down and abandoning module OculusRift (15)
[2015.04.24-23.14.17:868][351]LogModuleManager: Shutting down and abandoning module ExampleDeviceProfileSelector (14)
[2015.04.24-23.14.17:868][351]LogModuleManager: Shutting down and abandoning module TextureCompressor (13)
[2015.04.24-23.14.17:874][351]LogModuleManager: Shutting down and abandoning module ShaderCore (12)
[2015.04.24-23.14.17:874][351]LogModuleManager: Shutting down and abandoning module Landscape (11)
[2015.04.24-23.14.17:874][351]LogModuleManager: Shutting down and abandoning module SlateRHIRenderer (10)
[2015.04.24-23.14.17:937][351]LogModuleManager: Shutting down and abandoning module OpenGLDrv (9)
[2015.04.24-23.14.17:937][351]LogModuleManager: Shutting down and abandoning module D3D11RHI (8)
[2015.04.24-23.14.17:937][351]LogModuleManager: Shutting down and abandoning module Renderer (7)
[2015.04.24-23.14.17:937][351]LogModuleManager: Shutting down and abandoning module Engine (6)
[2015.04.24-23.14.17:937][351]LogModuleManager: Shutting down and abandoning module CoreUObject (5)
[2015.04.24-23.14.17:937][351]LogModuleManager: Shutting down and abandoning module NetworkFile (4)
[2015.04.24-23.14.17:954][351]LogModuleManager: Shutting down and abandoning module StreamingFile (3)
[2015.04.24-23.14.17:968][351]LogModuleManager: Shutting down and abandoning module SandboxFile (2)
[2015.04.24-23.14.17:978][351]LogModuleManager: Shutting down and abandoning module PakFile (1)
[2015.04.24-23.14.18:007][351]LogExit: Exiting.
[2015.04.24-23.14.18:025][351]Log file closed, 04/24/15 16:14:18
