Log file open, 04/18/15 10:35:36
LogInit:Display: Running engine for game: StealthDemo
LogInit: Version: 4.7.4-2497108+++depot+UE4-Releases+4.7
LogInit: API Version: 2455222
LogInit: Compiled (64-bit): Mar 31 2015 09:40:25
LogInit: Compiled with Visual C++: 18.00.21005.01
LogInit: Build Configuration: Development
LogInit: Branch Name: ++depot+UE4-Releases+4.7
LogInit: Command line:  
LogInit: Base directory: C:/Program Files/Epic Games/4.7/Engine/Binaries/Win64/
LogInit: Rocket: 1
[2015.04.18-17.35.36:501][  0]LogTaskGraph: Started task graph with 3 named threads and 4 total threads.
[2015.04.18-17.35.36:533][  0]LogOnline:Warning: No default platform service specified for OnlineSubsystem
[2015.04.18-17.35.36:546][  0]LogInit: Presizing for 0 objects not considered by GC, pre-allocating 0 bytes.
[2015.04.18-17.35.36:555][  0]LogInit: Object subsystem initialized
[2015.04.18-17.35.36:556][  0]LogConsoleResponse:Warning: Skipping Unknown console variable: 'TranslucentSortAxis = (X=0.000000,Y=-1.000000,Z=0.000000)'
[2015.04.18-17.35.36:556][  0]LogConsoleResponse:Warning:   Found in ini file 'C:/Users/Jimmy/StealthDemo/Saved/Config/Windows/Engine.ini', in section '[/Script/Engine.RendererSettings]'
[2015.04.18-17.35.36:556][  0]LogConsoleResponse:Warning: Skipping Unknown console variable: 'UIScaleRule = ShortestSide'
[2015.04.18-17.35.36:556][  0]LogConsoleResponse:Warning:   Found in ini file 'C:/Users/Jimmy/StealthDemo/Saved/Config/Windows/Engine.ini', in section '[/Script/Engine.RendererSettings]'
[2015.04.18-17.35.36:556][  0]LogConsoleResponse:Warning: Skipping Unknown console variable: 'UIScaleCurve = (EditorCurveData=(Keys=),ExternalCurve=None)'
[2015.04.18-17.35.36:556][  0]LogConsoleResponse:Warning:   Found in ini file 'C:/Users/Jimmy/StealthDemo/Saved/Config/Windows/Engine.ini', in section '[/Script/Engine.RendererSettings]'
[2015.04.18-17.35.36:558][  0]LogInit: Selected Device Profile: [Windows]
[2015.04.18-17.35.36:558][  0]LogInit: Applying CVar settings loaded from the selected device profile: [Windows]
[2015.04.18-17.35.36:566][  0]LogInit: Computer: JPC
[2015.04.18-17.35.36:566][  0]LogInit: User: Jimmy
[2015.04.18-17.35.36:566][  0]LogInit: CPU Page size=4096, Cores=2
[2015.04.18-17.35.36:566][  0]LogInit: High frequency timer resolution =2.728067 MHz
[2015.04.18-17.35.36:566][  0]LogMemory: Memory total: Physical=7.9GB (8GB approx) Virtual=131072.0GB
[2015.04.18-17.35.36:566][  0]LogMemory: Platform Memory Stats for Windows
[2015.04.18-17.35.36:567][  0]LogMemory: Process Physical Memory: 45.66 MB used, 45.66 MB peak
[2015.04.18-17.35.36:567][  0]LogMemory: Process Virtual Memory: 22.52 MB used, 22.53 MB peak
[2015.04.18-17.35.36:567][  0]LogMemory: Physical Memory: 4197.86 MB used, 8104.27 MB total
[2015.04.18-17.35.36:567][  0]LogMemory: Virtual Memory: 295.20 MB used, 134217728.00 MB total
[2015.04.18-17.35.37:294][  0]LogD3D11RHI: Found D3D11 adapter 0: NVIDIA GeForce GTX 860M   (Feature Level 11_0)
[2015.04.18-17.35.37:294][  0]LogD3D11RHI: Adapter has 1972MB of dedicated video memory, 0MB of dedicated system memory, and 2048MB of shared system memory, 1 output[s]
[2015.04.18-17.35.37:300][  0]LogD3D11RHI: Found D3D11 adapter 1: Intel(R) HD Graphics 4600 (Feature Level 11_0)
[2015.04.18-17.35.37:300][  0]LogD3D11RHI: Adapter has 0MB of dedicated video memory, 0MB of dedicated system memory, and 1792MB of shared system memory, 0 output[s]
[2015.04.18-17.35.37:301][  0]LogD3D11RHI: Found D3D11 adapter 2: Microsoft Basic Render Driver (Feature Level 11_0)
[2015.04.18-17.35.37:301][  0]LogD3D11RHI: Adapter has 0MB of dedicated video memory, 0MB of dedicated system memory, and 256MB of shared system memory, 0 output[s]
[2015.04.18-17.35.37:301][  0]LogD3D11RHI: Chosen D3D11 Adapter Id = 0
[2015.04.18-17.35.37:306][  0]LogRHI: Texture pool is 1361 MB (70% of 1945 MB)
[2015.04.18-17.35.37:316][  0]LogD3D11RHI: Async texture creation enabled
[2015.04.18-17.35.37:369][  0]LogTextLocalizationManager: The requested culture ('en_US') has no localization data; parent culture's ('en') localization data will be used.
[2015.04.18-17.35.37:423][  0]LogTextLocalizationManager:Warning: Loading localization resources contain conflicting entries for (Namespace:UICommands, Key:Save_ToolTip):
Resource: (C:/Program Files/Epic Games/4.7/Engine/Content/Localization/Editor/en/Editor.locres) Hash: (-29098895) String: (Saves the current level to disk)
Resource: (C:/Program Files/Epic Games/4.7/Engine/Content/Localization/Engine/en/Engine.locres) Hash: (-1280300587) String: (Save selected data to vlog file)
[2015.04.18-17.35.37:423][  0]LogTextLocalizationManager:Warning: Loading localization resources contain conflicting entries for (Namespace:ContentBrowser, Key:ImportAssetToolTip):
Resource: (C:/Program Files/Epic Games/4.7/Engine/Content/Localization/Editor/en/Editor.locres) Hash: (-630476809) String: (Import to {0}...)
Resource: (C:/Program Files/Epic Games/4.7/Engine/Content/Localization/Editor/en/Editor.locres) Hash: (1271782899) String: (Imports an asset from file to this folder.)
[2015.04.18-17.35.37:497][  0]LogContentStreaming: Texture pool size is 0.000000MB
[2015.04.18-17.35.40:220][  0]LogTargetPlatformManager:Display: Building Assets For Windows
[2015.04.18-17.35.40:833][  0]LogTargetPlatformManager:Display: Building Assets For Windows
[2015.04.18-17.35.40:894][  0]LogDerivedDataCache:Display: Max Cache Size: 512 MB
[2015.04.18-17.35.40:937][  0]LogDerivedDataCache: Loaded boot cache 0.04s 39MB C:/Users/Jimmy/AppData/Local/UnrealEngine/4.7/DerivedDataCache/Boot.ddc.
[2015.04.18-17.35.40:937][  0]LogDerivedDataCache:Display: Loaded Boot cache: C:/Users/Jimmy/AppData/Local/UnrealEngine/4.7/DerivedDataCache/Boot.ddc
[2015.04.18-17.35.40:937][  0]LogDerivedDataCache: FDerivedDataBackendGraph:  Pak pak cache file ../../../../../../Users/Jimmy/StealthDemo/DerivedDataCache/DDC.ddp not found, will not use a pak cache.
[2015.04.18-17.35.40:937][  0]LogDerivedDataCache: Unable to find inner node Pak for hierarchical cache Hierarchy.
[2015.04.18-17.35.41:077][  0]LogDerivedDataCache:Display: Pak cache opened for reading ../../../Engine/DerivedDataCache/Compressed.ddp.
[2015.04.18-17.35.41:090][  0]LogDerivedDataCache: Using Local data cache path C:/Users/Jimmy/AppData/Local/UnrealEngine/Common/DerivedDataCache: Writable
[2015.04.18-17.35.41:398][  0]LogMeshUtilities: No automatic mesh reduction module available
[2015.04.18-17.35.41:398][  0]LogMeshUtilities: No automatic mesh merging module available
[2015.04.18-17.35.41:816][  0]LogInit: WinSock: version 1.1 (2.2), MaxSocks=32767, MaxUdp=65467
[2015.04.18-17.35.41:897][  0]LogSlate:Warning: Failed to load font data from '../../../Engine/Content/Slate/Fonts/Roboto-Italic.ttf'
[2015.04.18-17.35.42:753][  0]UdpMessaging: Initializing bridge on interface 0.0.0.0:0 to multicast group 230.0.0.1:6666.
[2015.04.18-17.35.42:947][  0]SourceControl: Info Source control is disabled
[2015.04.18-17.35.42:948][  0]SourceControl: Info Source control is disabled
[2015.04.18-17.35.42:948][  0]SourceControl: Info Source control is disabled
[2015.04.18-17.35.42:948][  0]LogSourceControl: RunCommandInternalRaw: 'git version'
[2015.04.18-17.35.42:948][  0]LogSourceControl: RunCommandInternalRaw: ExecProcess ReturnCode=2 OutResults=''
[2015.04.18-17.35.42:956][  0]SourceControl: Info Source control is disabled
[2015.04.18-17.35.43:126][  0]LogObj: 24232 objects as part of root set at end of initial load.
[2015.04.18-17.35.43:126][  0]LogUObjectAllocator: 5137176 out of 0 bytes used by permanent object pool.
[2015.04.18-17.35.43:201][  0]LogEngine: Initializing Engine...
[2015.04.18-17.35.46:349][  0]LogInit: XAudio2 using 'Speakers (Realtek High Definition Audio)' : 2 channels at 48 kHz using 32 bits per sample (channel mask 0x3)
[2015.04.18-17.35.46:368][  0]LogInit: FAudioDevice initialized.
[2015.04.18-17.35.46:401][  0]LogAIModule: Creating AISystem for world NewWorld
[2015.04.18-17.35.46:457][  0]LogDerivedDataCache: Saved boot cache 0.05s 39MB C:/Users/Jimmy/AppData/Local/UnrealEngine/4.7/DerivedDataCache/Boot.ddc.
[2015.04.18-17.35.46:461][  0]LogInit: Texture streaming: Enabled
[2015.04.18-17.35.46:556][  0]LogAnalytics: Creating configured Analytics provider AnalyticsET
[2015.04.18-17.35.46:556][  0]LogAnalytics: ET APIKey = Rocket.Release. APIServer = http://et2.epicgames.com/ET2/. AppVersion = 4.7.4-2497108+++depot+UE4-Releases+4.7
[2015.04.18-17.35.46:556][  0]LogAnalytics: ET APIKey = Rocket.Release. DataRouterUploadURL = https://datarouter-public-service-gamedev.ol.epicgames.net/datarouter/api/v1/public/data. AppVersion = 4.7.4-2497108+++depot+UE4-Releases+4.7
[2015.04.18-17.35.46:557][  0]LogAnalytics: SetUserId d22899994831325049a3c09a97ca1940|0bf49305baa249a2b1c0f583ad32cf5d|a3f0f8ec-9a91-4b50-9158-36124c84c151
[2015.04.18-17.35.46:557][  0]LogAnalytics: AnalyticsET::StartSession [Rocket.Release]
[2015.04.18-17.35.46:582][  0]LogInit: Transaction tracking system initialized
[2015.04.18-17.35.46:731][  0]BlueprintLog: New page: Editor Load
[2015.04.18-17.35.46:763][  0]LogAssetRegistry: FAssetRegistry took 0.0107 seconds to start up
[2015.04.18-17.35.46:763][  0]LogDirectoryWatcher:Warning: Failed to begin reading directory changes for ../../../Engine/Plugins/Experimental/CharacterAI/Content/. Error: 0
[2015.04.18-17.35.47:322][  0]LogTargetPlatformManager:Display: Building Assets For Windows
[2015.04.18-17.35.47:724][  0]LogTargetPlatformManager:Display: Building Assets For Windows
[2015.04.18-17.35.48:119][  0]LogSlate:Warning: Failed to load font data from '../../../Engine/Content/Editor/Slate/Fonts/Roboto-Regular.ttf'
[2015.04.18-17.35.48:120][  0]LogSlate:Warning: Failed to load font data from '../../../Engine/Content/Editor/Slate/Fonts/Roboto-Bold.ttf'
[2015.04.18-17.35.48:130][  0]LogConsoleResponse:Display: 
[2015.04.18-17.35.51:195][  0]LogCook:Display: Done creating registry. It took  0.00s.
[2015.04.18-17.35.51:336][  0]SourceControl: Info Source control is disabled
[2015.04.18-17.35.51:337][  0]Cmd: MAP LOAD FILE="../../../../../../Users/Jimmy/StealthDemo/Content/FirstPersonBP/Maps/FirstPersonExampleMap.umap" TEMPLATE=0 SHOWPROGRESS=1 FEATURELEVEL=3
[2015.04.18-17.35.51:337][  0]LightingResults: New page: Lighting Build
[2015.04.18-17.35.51:348][  0]MapCheck: New page: Map Check
[2015.04.18-17.35.51:348][  0]LightingResults: New page: Lighting Build
[2015.04.18-17.35.51:362][  0]LogParticles: Destroying 0 GPU particle simulations for FXSystem 0x000000066CEB05E0
[2015.04.18-17.35.51:380][  0]LogLinker:Warning: Can't find file '/Game/MixamoAnimPack/MixamoCharacter_Master'
[2015.04.18-17.35.51:380][  0]LogLinker:Warning: Can't find file for asset '/Game/MixamoAnimPack/MixamoCharacter_Master' while loading ../../../../../../Users/Jimmy/StealthDemo/Content/MixamoAnimPack/Mixamo_Jill/Anims/MixamoAnimBP_Jill.uasset.
[2015.04.18-17.35.51:380][  0]LoadErrors:Error: Error /Game/MixamoAnimPack/Mixamo_Jill/Anims/MixamoAnimBP_Jill : Can't find file for asset. /Game/MixamoAnimPack/MixamoCharacter_Master
[2015.04.18-17.35.51:380][  0]LogLinker:Warning: Can't find file '/Game/MixamoAnimPack/MixamoCharacter_Master'
[2015.04.18-17.35.51:380][  0]LogLinker:Warning: Can't find file for asset '/Game/MixamoAnimPack/MixamoCharacter_Master' while loading ../../../../../../Users/Jimmy/StealthDemo/Content/MixamoAnimPack/Mixamo_Jill/Anims/MixamoAnimBP_Jill.uasset.
[2015.04.18-17.35.51:380][  0]LoadErrors:Error: Error /Game/MixamoAnimPack/Mixamo_Jill/Anims/MixamoAnimBP_Jill : Can't find file for asset. /Game/MixamoAnimPack/MixamoCharacter_Master
[2015.04.18-17.35.51:381][  0]LogLinker:Warning: Can't find file '/Game/MixamoAnimPack/MixamoCharacter_Master'
[2015.04.18-17.35.51:381][  0]LogLinker:Warning: Can't find file for asset '/Game/MixamoAnimPack/MixamoCharacter_Master' while loading ../../../../../../Users/Jimmy/StealthDemo/Content/MixamoAnimPack/Mixamo_Jill/Anims/MixamoAnimBP_Jill.uasset.
[2015.04.18-17.35.51:381][  0]LoadErrors:Error: Error /Game/MixamoAnimPack/Mixamo_Jill/Anims/MixamoAnimBP_Jill : Can't find file for asset. /Game/MixamoAnimPack/MixamoCharacter_Master
[2015.04.18-17.35.51:386][  0]LogLinker:Warning: Can't find file '/Game/MixamoAnimPack/MixamoCharacter_Master'
[2015.04.18-17.35.51:386][  0]LogLinker:Warning: Can't find file for asset '/Game/MixamoAnimPack/MixamoCharacter_Master' while loading ../../../../../../Users/Jimmy/StealthDemo/Content/MixamoAnimPack/Mixamo_Jill/Anims/MixamoAnimBP_Jill.uasset.
[2015.04.18-17.35.51:386][  0]LoadErrors:Error: Error /Game/MixamoAnimPack/Mixamo_Jill/Anims/MixamoAnimBP_Jill : Can't find file for asset. /Game/MixamoAnimPack/MixamoCharacter_Master
[2015.04.18-17.35.51:388][  0]LogLinker:Warning: Can't find file '/Game/MixamoAnimPack/MixamoCharacter_Master'
[2015.04.18-17.35.51:389][  0]LogLinker:Warning: Can't find file for asset '/Game/MixamoAnimPack/MixamoCharacter_Master' while loading ../../../../../../Users/Jimmy/StealthDemo/Content/FirstPersonBP/Blueprints/AI/AICharacter.uasset.
[2015.04.18-17.35.51:389][  0]LoadErrors:Error: Error /Game/FirstPersonBP/Blueprints/AI/AICharacter : Can't find file for asset. /Game/MixamoAnimPack/MixamoCharacter_Master
[2015.04.18-17.35.51:389][  0]LogLinker:Warning: Can't find file '/Game/MixamoAnimPack/MixamoCharacter_Master'
[2015.04.18-17.35.51:389][  0]LogLinker:Warning: Can't find file for asset '/Game/MixamoAnimPack/MixamoCharacter_Master' while loading ../../../../../../Users/Jimmy/StealthDemo/Content/FirstPersonBP/Blueprints/AI/AICharacter.uasset.
[2015.04.18-17.35.51:389][  0]LoadErrors:Error: Error /Game/FirstPersonBP/Blueprints/AI/AICharacter : Can't find file for asset. /Game/MixamoAnimPack/MixamoCharacter_Master
[2015.04.18-17.35.51:389][  0]LogLinker:Warning: Can't find file '/Game/MixamoAnimPack/MixamoCharacter_Master'
[2015.04.18-17.35.51:389][  0]LogLinker:Warning: Can't find file for asset '/Game/MixamoAnimPack/MixamoCharacter_Master' while loading ../../../../../../Users/Jimmy/StealthDemo/Content/FirstPersonBP/Blueprints/AI/AICharacter.uasset.
[2015.04.18-17.35.51:390][  0]LoadErrors:Error: Error /Game/FirstPersonBP/Blueprints/AI/AICharacter : Can't find file for asset. /Game/MixamoAnimPack/MixamoCharacter_Master
[2015.04.18-17.35.51:390][  0]LogLinker:Warning: Can't find file '/Game/MixamoAnimPack/MixamoCharacter_Master'
[2015.04.18-17.35.51:390][  0]LogLinker:Warning: Can't find file for asset '/Game/MixamoAnimPack/MixamoCharacter_Master' while loading ../../../../../../Users/Jimmy/StealthDemo/Content/FirstPersonBP/Blueprints/AI/AICharacter.uasset.
[2015.04.18-17.35.51:390][  0]LoadErrors:Error: Error /Game/FirstPersonBP/Blueprints/AI/AICharacter : Can't find file for asset. /Game/MixamoAnimPack/MixamoCharacter_Master
[2015.04.18-17.35.51:390][  0]LogLinker:Warning: Can't find file '/Game/MixamoAnimPack/MixamoCharacter_Master'
[2015.04.18-17.35.51:390][  0]LogLinker:Warning: Can't find file for asset '/Game/MixamoAnimPack/MixamoCharacter_Master' while loading ../../../../../../Users/Jimmy/StealthDemo/Content/FirstPersonBP/Blueprints/AI/AICharacter.uasset.
[2015.04.18-17.35.51:390][  0]LoadErrors:Error: Error /Game/FirstPersonBP/Blueprints/AI/AICharacter : Can't find file for asset. /Game/MixamoAnimPack/MixamoCharacter_Master
[2015.04.18-17.35.51:394][  0]LogLinker:Warning: Can't find file '/Game/MixamoAnimPack/MixamoCharacter_Master'
[2015.04.18-17.35.51:394][  0]LoadErrors: Info Failed to load /Game/MixamoAnimPack/MixamoCharacter_Master.MixamoCharacter_Master_C Referenced by K2Node_DynamicCast_120
[2015.04.18-17.35.51:395][  0]LogLinker:Warning: Can't find file for asset '/Game/MixamoAnimPack/MixamoCharacter_Master' while loading ../../../../../../Users/Jimmy/StealthDemo/Content/FirstPersonBP/Blueprints/AI/AICharacter.uasset.
[2015.04.18-17.35.51:395][  0]LoadErrors: Info Failed to load /Game/MixamoAnimPack/MixamoCharacter_Master.MixamoCharacter_Master_C Referenced by K2Node_DynamicCast_120
[2015.04.18-17.35.51:395][  0]LoadErrors:Error: Error /Game/FirstPersonBP/Blueprints/AI/AICharacter : Can't find file for asset. /Game/MixamoAnimPack/MixamoCharacter_Master
[2015.04.18-17.35.51:396][  0]LogLinker:Warning: Can't find file '/Game/MixamoAnimPack/MixamoCharacter_Master'
[2015.04.18-17.35.51:396][  0]LoadErrors: Info Failed to load /Game/MixamoAnimPack/MixamoCharacter_Master.MixamoCharacter_Master_C Referenced by EdGraphPin_35404
[2015.04.18-17.35.51:396][  0]LogLinker:Warning: Can't find file for asset '/Game/MixamoAnimPack/MixamoCharacter_Master' while loading ../../../../../../Users/Jimmy/StealthDemo/Content/FirstPersonBP/Blueprints/AI/AICharacter.uasset.
[2015.04.18-17.35.51:396][  0]LoadErrors: Info Failed to load /Game/MixamoAnimPack/MixamoCharacter_Master.MixamoCharacter_Master_C Referenced by EdGraphPin_35404
[2015.04.18-17.35.51:396][  0]LoadErrors:Error: Error /Game/FirstPersonBP/Blueprints/AI/AICharacter : Can't find file for asset. /Game/MixamoAnimPack/MixamoCharacter_Master
[2015.04.18-17.35.51:397][  0]LogLinker:Warning: Can't find file '/Game/MixamoAnimPack/MixamoCharacter_Master'
[2015.04.18-17.35.51:397][  0]LoadErrors: Info Failed to load /Game/MixamoAnimPack/MixamoCharacter_Master.MixamoCharacter_Master_C Referenced by K2Node_VariableGet_1007
[2015.04.18-17.35.51:397][  0]LogLinker:Warning: Can't find file for asset '/Game/MixamoAnimPack/MixamoCharacter_Master' while loading ../../../../../../Users/Jimmy/StealthDemo/Content/FirstPersonBP/Blueprints/AI/AICharacter.uasset.
[2015.04.18-17.35.51:397][  0]LoadErrors: Info Failed to load /Game/MixamoAnimPack/MixamoCharacter_Master.MixamoCharacter_Master_C Referenced by K2Node_VariableGet_1007
[2015.04.18-17.35.51:397][  0]LoadErrors:Error: Error /Game/FirstPersonBP/Blueprints/AI/AICharacter : Can't find file for asset. /Game/MixamoAnimPack/MixamoCharacter_Master
[2015.04.18-17.35.51:397][  0]LogLinker:Warning: Can't find file '/Game/MixamoAnimPack/MixamoCharacter_Master'
[2015.04.18-17.35.51:397][  0]LoadErrors: Info Failed to load /Game/MixamoAnimPack/MixamoCharacter_Master.MixamoCharacter_Master_C Referenced by EdGraphPin_35419
[2015.04.18-17.35.51:398][  0]LogLinker:Warning: Can't find file for asset '/Game/MixamoAnimPack/MixamoCharacter_Master' while loading ../../../../../../Users/Jimmy/StealthDemo/Content/FirstPersonBP/Blueprints/AI/AICharacter.uasset.
[2015.04.18-17.35.51:398][  0]LoadErrors: Info Failed to load /Game/MixamoAnimPack/MixamoCharacter_Master.MixamoCharacter_Master_C Referenced by EdGraphPin_35419
[2015.04.18-17.35.51:398][  0]LoadErrors:Error: Error /Game/FirstPersonBP/Blueprints/AI/AICharacter : Can't find file for asset. /Game/MixamoAnimPack/MixamoCharacter_Master
[2015.04.18-17.35.51:401][  0]LogLinker:Warning: Can't find file '/Game/MixamoAnimPack/MixamoCharacter_Master'
[2015.04.18-17.35.51:402][  0]LoadErrors: Info Failed to load /Game/MixamoAnimPack/MixamoCharacter_Master.MixamoCharacter_Master_C Referenced by K2Node_VariableGet_1157
[2015.04.18-17.35.51:402][  0]LogLinker:Warning: Can't find file for asset '/Game/MixamoAnimPack/MixamoCharacter_Master' while loading ../../../../../../Users/Jimmy/StealthDemo/Content/FirstPersonBP/Blueprints/AI/AICharacter.uasset.
[2015.04.18-17.35.51:402][  0]LoadErrors: Info Failed to load /Game/MixamoAnimPack/MixamoCharacter_Master.MixamoCharacter_Master_C Referenced by K2Node_VariableGet_1157
[2015.04.18-17.35.51:402][  0]LoadErrors:Error: Error /Game/FirstPersonBP/Blueprints/AI/AICharacter : Can't find file for asset. /Game/MixamoAnimPack/MixamoCharacter_Master
[2015.04.18-17.35.51:402][  0]LogLinker:Warning: Can't find file '/Game/MixamoAnimPack/MixamoCharacter_Master'
[2015.04.18-17.35.51:402][  0]LoadErrors: Info Failed to load /Game/MixamoAnimPack/MixamoCharacter_Master.MixamoCharacter_Master_C Referenced by EdGraphPin_35425
[2015.04.18-17.35.51:402][  0]LogLinker:Warning: Can't find file for asset '/Game/MixamoAnimPack/MixamoCharacter_Master' while loading ../../../../../../Users/Jimmy/StealthDemo/Content/FirstPersonBP/Blueprints/AI/AICharacter.uasset.
[2015.04.18-17.35.51:402][  0]LoadErrors: Info Failed to load /Game/MixamoAnimPack/MixamoCharacter_Master.MixamoCharacter_Master_C Referenced by EdGraphPin_35425
[2015.04.18-17.35.51:403][  0]LoadErrors:Error: Error /Game/FirstPersonBP/Blueprints/AI/AICharacter : Can't find file for asset. /Game/MixamoAnimPack/MixamoCharacter_Master
[2015.04.18-17.35.51:572][  0]LogBlueprint:Warning: [MixamoAnimBP_Jill] CreatePinForVariable: 'attacking?' variable not found. Base class was probably changed.
[2015.04.18-17.35.51:590][  0]LogBlueprint:Warning: [MixamoAnimBP_Jill] CreatePinForVariable: 'bJumpButtonDown' variable not found. Base class was probably changed.
[2015.04.18-17.35.51:688][  0]LogBlueprint:Warning: [compiler] Warning Could not find a variable named "bJumpButtonDown" in 'MixamoAnimBP_Jill'.
Make sure 'MixamoAnimBP_Jill' has been compiled for  Get bJumpButtonDown 
[2015.04.18-17.35.51:689][  0]LogBlueprint:Warning: [compiler] Warning Could not find a variable named "attacking?" in 'MixamoAnimBP_Jill'.
Make sure 'MixamoAnimBP_Jill' has been compiled for  Get attacking? 
[2015.04.18-17.35.51:702][  0]LogBlueprint:Error: [compiler] Error ' Target ' must have a connection.
[2015.04.18-17.35.51:702][  0]LogBlueprint:Error: [compiler] Error ' Target ' must have a connection.
[2015.04.18-17.35.51:702][  0]LogBlueprint:Error: [compiler] Error The property associated with  Attacking?  could not be found
[2015.04.18-17.35.51:703][  0]LogBlueprint:Error: [compiler] Error The property associated with  Jump Button Down  could not be found
[2015.04.18-17.35.51:756][  0]LogBlueprint:Warning: [compiler] Warning [0016.96] Compile of MixamoAnimBP_Jill failed. 4 Fatal Issue(s) 2 Warning(s) [in 159 ms]
[2015.04.18-17.35.51:756][  0]LogBlueprint:Warning: [compiler] Warning [0016.96] Compile of MixamoAnimBP_Jill failed. 4 Fatal Issue(s) 3 Warning(s) [in 0 ms]
[2015.04.18-17.35.51:756][  0]LogBlueprint:Warning: [compiler] Warning [0016.96] Compile of MixamoAnimBP_Jill failed. 4 Fatal Issue(s) 4 Warning(s) [in 0 ms]
[2015.04.18-17.35.51:756][  0]LogBlueprint:Warning: [compiler] Warning [0016.96] Compile of MixamoAnimBP_Jill failed. 4 Fatal Issue(s) 5 Warning(s) [in 0 ms]
[2015.04.18-17.35.52:045][  0]LogLinker:Warning: Can't find file '/Game/MixamoAnimPack/MixamoCharacter_Master'
[2015.04.18-17.35.52:045][  0]LogLinker:Warning: Can't find file for asset '/Game/MixamoAnimPack/MixamoCharacter_Master' while loading ../../../../../../Users/Jimmy/StealthDemo/Content/MixamoAnimPack/Mixamo_Adam/Anims/MixamoAnimBP_Adam.uasset.
[2015.04.18-17.35.52:045][  0]LoadErrors:Error: Error /Game/MixamoAnimPack/Mixamo_Adam/Anims/MixamoAnimBP_Adam : Can't find file for asset. /Game/MixamoAnimPack/MixamoCharacter_Master
[2015.04.18-17.35.52:045][  0]LogLinker:Warning: Can't find file '/Game/MixamoAnimPack/MixamoCharacter_Master'
[2015.04.18-17.35.52:045][  0]LogLinker:Warning: Can't find file for asset '/Game/MixamoAnimPack/MixamoCharacter_Master' while loading ../../../../../../Users/Jimmy/StealthDemo/Content/MixamoAnimPack/Mixamo_Adam/Anims/MixamoAnimBP_Adam.uasset.
[2015.04.18-17.35.52:045][  0]LoadErrors:Error: Error /Game/MixamoAnimPack/Mixamo_Adam/Anims/MixamoAnimBP_Adam : Can't find file for asset. /Game/MixamoAnimPack/MixamoCharacter_Master
[2015.04.18-17.35.52:045][  0]LogLinker:Warning: Can't find file '/Game/MixamoAnimPack/MixamoCharacter_Master'
[2015.04.18-17.35.52:046][  0]LogLinker:Warning: Can't find file for asset '/Game/MixamoAnimPack/MixamoCharacter_Master' while loading ../../../../../../Users/Jimmy/StealthDemo/Content/MixamoAnimPack/Mixamo_Adam/Anims/MixamoAnimBP_Adam.uasset.
[2015.04.18-17.35.52:046][  0]LoadErrors:Error: Error /Game/MixamoAnimPack/Mixamo_Adam/Anims/MixamoAnimBP_Adam : Can't find file for asset. /Game/MixamoAnimPack/MixamoCharacter_Master
[2015.04.18-17.35.52:051][  0]LogLinker:Warning: Can't find file '/Game/MixamoAnimPack/MixamoCharacter_Master'
[2015.04.18-17.35.52:051][  0]LogLinker:Warning: Can't find file for asset '/Game/MixamoAnimPack/MixamoCharacter_Master' while loading ../../../../../../Users/Jimmy/StealthDemo/Content/MixamoAnimPack/Mixamo_Adam/Anims/MixamoAnimBP_Adam.uasset.
[2015.04.18-17.35.52:051][  0]LoadErrors:Error: Error /Game/MixamoAnimPack/Mixamo_Adam/Anims/MixamoAnimBP_Adam : Can't find file for asset. /Game/MixamoAnimPack/MixamoCharacter_Master
[2015.04.18-17.35.52:053][  0]LogLinker:Warning: Can't find file '/Game/MixamoAnimPack/MixamoCharacter_Master'
[2015.04.18-17.35.52:053][  0]LogLinker:Warning: Can't find file for asset '/Game/MixamoAnimPack/MixamoCharacter_Master' while loading ../../../../../../Users/Jimmy/StealthDemo/Content/FirstPersonBP/Blueprints/FirstPersonCharacter.uasset.
[2015.04.18-17.35.52:054][  0]LoadErrors:Error: Error /Game/FirstPersonBP/Blueprints/FirstPersonCharacter : Can't find file for asset. /Game/MixamoAnimPack/MixamoCharacter_Master
[2015.04.18-17.35.52:054][  0]LogLinker:Warning: Can't find file '/Game/MixamoAnimPack/MixamoCharacter_Master'
[2015.04.18-17.35.52:054][  0]LogLinker:Warning: Can't find file for asset '/Game/MixamoAnimPack/MixamoCharacter_Master' while loading ../../../../../../Users/Jimmy/StealthDemo/Content/FirstPersonBP/Blueprints/FirstPersonCharacter.uasset.
[2015.04.18-17.35.52:054][  0]LoadErrors:Error: Error /Game/FirstPersonBP/Blueprints/FirstPersonCharacter : Can't find file for asset. /Game/MixamoAnimPack/MixamoCharacter_Master
[2015.04.18-17.35.52:054][  0]LogLinker:Warning: Can't find file '/Game/MixamoAnimPack/MixamoCharacter_Master'
[2015.04.18-17.35.52:054][  0]LogLinker:Warning: Can't find file for asset '/Game/MixamoAnimPack/MixamoCharacter_Master' while loading ../../../../../../Users/Jimmy/StealthDemo/Content/FirstPersonBP/Blueprints/FirstPersonCharacter.uasset.
[2015.04.18-17.35.52:054][  0]LoadErrors:Error: Error /Game/FirstPersonBP/Blueprints/FirstPersonCharacter : Can't find file for asset. /Game/MixamoAnimPack/MixamoCharacter_Master
[2015.04.18-17.35.52:055][  0]LogLinker:Warning: Can't find file '/Game/MixamoAnimPack/MixamoCharacter_Master'
[2015.04.18-17.35.52:055][  0]LogLinker:Warning: Can't find file for asset '/Game/MixamoAnimPack/MixamoCharacter_Master' while loading ../../../../../../Users/Jimmy/StealthDemo/Content/FirstPersonBP/Blueprints/FirstPersonCharacter.uasset.
[2015.04.18-17.35.52:055][  0]LoadErrors:Error: Error /Game/FirstPersonBP/Blueprints/FirstPersonCharacter : Can't find file for asset. /Game/MixamoAnimPack/MixamoCharacter_Master
[2015.04.18-17.35.52:055][  0]LogLinker:Warning: Can't find file '/Game/MixamoAnimPack/MixamoCharacter_Master'
[2015.04.18-17.35.52:055][  0]LogLinker:Warning: Can't find file for asset '/Game/MixamoAnimPack/MixamoCharacter_Master' while loading ../../../../../../Users/Jimmy/StealthDemo/Content/FirstPersonBP/Blueprints/FirstPersonCharacter.uasset.
[2015.04.18-17.35.52:055][  0]LoadErrors:Error: Error /Game/FirstPersonBP/Blueprints/FirstPersonCharacter : Can't find file for asset. /Game/MixamoAnimPack/MixamoCharacter_Master
[2015.04.18-17.35.52:059][  0]LogLinker:Warning: Can't find file '/Game/MixamoAnimPack/MixamoCharacter_Master'
[2015.04.18-17.35.52:059][  0]LoadErrors: Info Failed to load /Game/FirstPersonBP/Blueprints/AI/AICON.AICON_C Referenced by K2Node_DynamicCast_120
[2015.04.18-17.35.52:059][  0]LogLinker:Warning: Can't find file for asset '/Game/MixamoAnimPack/MixamoCharacter_Master' while loading ../../../../../../Users/Jimmy/StealthDemo/Content/FirstPersonBP/Blueprints/FirstPersonCharacter.uasset.
[2015.04.18-17.35.52:059][  0]LoadErrors: Info Failed to load /Game/FirstPersonBP/Blueprints/AI/AICON.AICON_C Referenced by K2Node_DynamicCast_120
[2015.04.18-17.35.52:059][  0]LoadErrors:Error: Error /Game/FirstPersonBP/Blueprints/FirstPersonCharacter : Can't find file for asset. /Game/MixamoAnimPack/MixamoCharacter_Master
[2015.04.18-17.35.52:060][  0]LogLinker:Warning: Can't find file '/Game/MixamoAnimPack/MixamoCharacter_Master'
[2015.04.18-17.35.52:060][  0]LoadErrors: Info Failed to load /Game/FirstPersonBP/Blueprints/AI/AICON.AICON_C Referenced by EdGraphPin_6657
[2015.04.18-17.35.52:060][  0]LogLinker:Warning: Can't find file for asset '/Game/MixamoAnimPack/MixamoCharacter_Master' while loading ../../../../../../Users/Jimmy/StealthDemo/Content/FirstPersonBP/Blueprints/FirstPersonCharacter.uasset.
[2015.04.18-17.35.52:060][  0]LoadErrors: Info Failed to load /Game/FirstPersonBP/Blueprints/AI/AICON.AICON_C Referenced by EdGraphPin_6657
[2015.04.18-17.35.52:060][  0]LoadErrors:Error: Error /Game/FirstPersonBP/Blueprints/FirstPersonCharacter : Can't find file for asset. /Game/MixamoAnimPack/MixamoCharacter_Master
[2015.04.18-17.35.52:061][  0]LogLinker:Warning: Can't find file '/Game/MixamoAnimPack/MixamoCharacter_Master'
[2015.04.18-17.35.52:061][  0]LoadErrors: Info Failed to load /Game/FirstPersonBP/Blueprints/AI/AICON.AICON_C Referenced by K2Node_VariableGet_1007
[2015.04.18-17.35.52:061][  0]LogLinker:Warning: Can't find file for asset '/Game/MixamoAnimPack/MixamoCharacter_Master' while loading ../../../../../../Users/Jimmy/StealthDemo/Content/FirstPersonBP/Blueprints/FirstPersonCharacter.uasset.
[2015.04.18-17.35.52:062][  0]LoadErrors: Info Failed to load /Game/FirstPersonBP/Blueprints/AI/AICON.AICON_C Referenced by K2Node_VariableGet_1007
[2015.04.18-17.35.52:062][  0]LoadErrors:Error: Error /Game/FirstPersonBP/Blueprints/FirstPersonCharacter : Can't find file for asset. /Game/MixamoAnimPack/MixamoCharacter_Master
[2015.04.18-17.35.52:062][  0]LogLinker:Warning: Can't find file '/Game/MixamoAnimPack/MixamoCharacter_Master'
[2015.04.18-17.35.52:062][  0]LoadErrors: Info Failed to load /Game/FirstPersonBP/Blueprints/AI/AICON.AICON_C Referenced by EdGraphPin_6669
[2015.04.18-17.35.52:062][  0]LogLinker:Warning: Can't find file for asset '/Game/MixamoAnimPack/MixamoCharacter_Master' while loading ../../../../../../Users/Jimmy/StealthDemo/Content/FirstPersonBP/Blueprints/FirstPersonCharacter.uasset.
[2015.04.18-17.35.52:062][  0]LoadErrors: Info Failed to load /Game/FirstPersonBP/Blueprints/AI/AICON.AICON_C Referenced by EdGraphPin_6669
[2015.04.18-17.35.52:062][  0]LoadErrors:Error: Error /Game/FirstPersonBP/Blueprints/FirstPersonCharacter : Can't find file for asset. /Game/MixamoAnimPack/MixamoCharacter_Master
[2015.04.18-17.35.52:068][  0]LogLinker:Warning: Can't find file '/Game/MixamoAnimPack/MixamoCharacter_Master'
[2015.04.18-17.35.52:068][  0]LoadErrors: Info Failed to load /Game/FirstPersonBP/Blueprints/AI/AICON.AICON_C Referenced by K2Node_VariableGet_1157
[2015.04.18-17.35.52:069][  0]LogLinker:Warning: Can't find file for asset '/Game/MixamoAnimPack/MixamoCharacter_Master' while loading ../../../../../../Users/Jimmy/StealthDemo/Content/FirstPersonBP/Blueprints/FirstPersonCharacter.uasset.
[2015.04.18-17.35.52:069][  0]LoadErrors: Info Failed to load /Game/FirstPersonBP/Blueprints/AI/AICON.AICON_C Referenced by K2Node_VariableGet_1157
[2015.04.18-17.35.52:069][  0]LoadErrors:Error: Error /Game/FirstPersonBP/Blueprints/FirstPersonCharacter : Can't find file for asset. /Game/MixamoAnimPack/MixamoCharacter_Master
[2015.04.18-17.35.52:069][  0]LogLinker:Warning: Can't find file '/Game/MixamoAnimPack/MixamoCharacter_Master'
[2015.04.18-17.35.52:069][  0]LoadErrors: Info Failed to load /Game/FirstPersonBP/Blueprints/AI/AICON.AICON_C Referenced by EdGraphPin_6675
[2015.04.18-17.35.52:069][  0]LogLinker:Warning: Can't find file for asset '/Game/MixamoAnimPack/MixamoCharacter_Master' while loading ../../../../../../Users/Jimmy/StealthDemo/Content/FirstPersonBP/Blueprints/FirstPersonCharacter.uasset.
[2015.04.18-17.35.52:070][  0]LoadErrors: Info Failed to load /Game/FirstPersonBP/Blueprints/AI/AICON.AICON_C Referenced by EdGraphPin_6675
[2015.04.18-17.35.52:070][  0]LoadErrors:Error: Error /Game/FirstPersonBP/Blueprints/FirstPersonCharacter : Can't find file for asset. /Game/MixamoAnimPack/MixamoCharacter_Master
[2015.04.18-17.35.52:229][  0]LogBlueprint:Warning: [MixamoAnimBP_Adam] CreatePinForVariable: 'attacking?' variable not found. Base class was probably changed.
[2015.04.18-17.35.52:243][  0]LogBlueprint:Warning: [MixamoAnimBP_Adam] CreatePinForVariable: 'bJumpButtonDown' variable not found. Base class was probably changed.
[2015.04.18-17.35.52:349][  0]LogBlueprint:Warning: [compiler] Warning Could not find a variable named "bJumpButtonDown" in 'MixamoAnimBP_Adam'.
Make sure 'MixamoAnimBP_Adam' has been compiled for  Get bJumpButtonDown 
[2015.04.18-17.35.52:351][  0]LogBlueprint:Warning: [compiler] Warning Could not find a variable named "attacking?" in 'MixamoAnimBP_Adam'.
Make sure 'MixamoAnimBP_Adam' has been compiled for  Get attacking? 
[2015.04.18-17.35.52:367][  0]LogBlueprint:Error: [compiler] Error ' Target ' must have a connection.
[2015.04.18-17.35.52:367][  0]LogBlueprint:Error: [compiler] Error ' Target ' must have a connection.
[2015.04.18-17.35.52:368][  0]LogBlueprint:Error: [compiler] Error The property associated with  Attacking?  could not be found
[2015.04.18-17.35.52:369][  0]LogBlueprint:Error: [compiler] Error The property associated with  Jump Button Down  could not be found
[2015.04.18-17.35.52:425][  0]LogBlueprint:Warning: [compiler] Warning [0017.63] Compile of MixamoAnimBP_Adam failed. 4 Fatal Issue(s) 2 Warning(s) [in 173 ms]
[2015.04.18-17.35.52:426][  0]LogBlueprint:Warning: [compiler] Warning [0017.63] Compile of MixamoAnimBP_Adam failed. 4 Fatal Issue(s) 3 Warning(s) [in 0 ms]
[2015.04.18-17.35.52:426][  0]LogBlueprint:Warning: [compiler] Warning [0017.63] Compile of MixamoAnimBP_Adam failed. 4 Fatal Issue(s) 4 Warning(s) [in 0 ms]
[2015.04.18-17.35.52:426][  0]LogBlueprint:Warning: [compiler] Warning [0017.63] Compile of MixamoAnimBP_Adam failed. 4 Fatal Issue(s) 5 Warning(s) [in 0 ms]
[2015.04.18-17.35.52:429][  0]LogLinker:Warning: Asset '../../../Engine/Content/EngineMeshes/Humanoid.uasset' has been saved with empty engine version. The asset will be loaded but may be incompatible.
[2015.04.18-17.35.55:588][  0]LogPhysics:Warning: PHYSX: ..\..\PhysXExtensions\src\ExtRigidBodyExt.cpp (234) 4 : computeMassAndInertia: Dynamic actor with illegal collision shapes
[2015.04.18-17.35.55:588][  0]LogPhysics:Warning: PHYSX: ..\..\PhysXExtensions\src\ExtRigidBodyExt.cpp (283) 4 : PxRigidBodyExt::updateMassAndInertia: Mass and inertia computation failed, setting mass to 1 and inertia to (1,1,1)
[2015.04.18-17.35.55:590][  0]LogPhysics:Warning: PHYSX: ..\..\PhysXExtensions\src\ExtRigidBodyExt.cpp (234) 4 : computeMassAndInertia: Dynamic actor with illegal collision shapes
[2015.04.18-17.35.55:590][  0]LogPhysics:Warning: PHYSX: ..\..\PhysXExtensions\src\ExtRigidBodyExt.cpp (283) 4 : PxRigidBodyExt::updateMassAndInertia: Mass and inertia computation failed, setting mass to 1 and inertia to (1,1,1)
[2015.04.18-17.35.55:597][  0]LogPhysics:Warning: PHYSX: ..\..\PhysXExtensions\src\ExtRigidBodyExt.cpp (234) 4 : computeMassAndInertia: Dynamic actor with illegal collision shapes
[2015.04.18-17.35.55:597][  0]LogPhysics:Warning: PHYSX: ..\..\PhysXExtensions\src\ExtRigidBodyExt.cpp (283) 4 : PxRigidBodyExt::updateMassAndInertia: Mass and inertia computation failed, setting mass to 1 and inertia to (1,1,1)
[2015.04.18-17.35.55:598][  0]LogPhysics:Warning: PHYSX: ..\..\PhysXExtensions\src\ExtRigidBodyExt.cpp (234) 4 : computeMassAndInertia: Dynamic actor with illegal collision shapes
[2015.04.18-17.35.55:598][  0]LogPhysics:Warning: PHYSX: ..\..\PhysXExtensions\src\ExtRigidBodyExt.cpp (283) 4 : PxRigidBodyExt::updateMassAndInertia: Mass and inertia computation failed, setting mass to 1 and inertia to (1,1,1)
[2015.04.18-17.35.55:600][  0]LogEditorServer: Finished looking for orphan Actors (0.000 secs)
[2015.04.18-17.35.55:600][  0]LogAIModule: Creating AISystem for world FirstPersonExampleMap
[2015.04.18-17.35.55:601][  0]Cmd: MAP CHECKDEP
[2015.04.18-17.35.55:601][  0]MapCheck: New page: FirstPersonExampleMap - Apr 18, 2015, 3:35:55 AM
[2015.04.18-17.35.55:708][  0]MapCheck: Info Map check complete: 0 Error(s), 0 Warning(s), took 106.756ms to complete.
[2015.04.18-17.35.55:708][  0]LogFileHelpers: Loading map 'FirstPersonExampleMap' took 4.371
[2015.04.18-17.35.55:826][  0]LogCollectionManager: Loaded 0 collections in 0.002026 seconds
[2015.04.18-17.35.55:836][  0]LogContentBrowser: Native class hierarchy populated in 0.0097 seconds. Added 1696 classes and 261 folders.
[2015.04.18-17.35.55:868][  0]LogContentBrowser: Native class hierarchy updated for 'SceneOutliner' in 0.0018 seconds. Added 1 classes and 2 folders.
[2015.04.18-17.35.55:921][  0]LogCrashTracker: Crashtracker disabled due to settings.
[2015.04.18-17.35.55:922][  0]LogSlate:Warning: Failed to load font data from 'Veranda'
[2015.04.18-17.35.55:930][  0]LogUObjectGlobals:Warning: Failed to find object 'Class None.'
[2015.04.18-17.35.55:958][  0]LogLoad: Full Startup: 21.16 seconds (BP compile: 1.94 seconds)
[2015.04.18-17.35.56:353][  0]LogContentBrowser:Verbose: The content browser source was changed by the sources view to '/Game/FirstPersonBP'
[2015.04.18-17.35.56:539][  0]LogRenderer:Warning: Reallocating scene render targets to support 968x464 (Frame:2).
[2015.04.18-17.35.58:675][  6]LogAssetRegistry: Asset discovery search completed in 11.9232 seconds
[2015.04.18-17.36.05:651][168]Cmd: QUIT_EDITOR
[2015.04.18-17.36.05:894][168]LogExit: Preparing to exit.
[2015.04.18-17.36.06:889][168]LogExit: Editor shut down
[2015.04.18-17.36.06:890][168]LogExit: Transaction tracking system shut down
[2015.04.18-17.36.06:891][168]LogParticles: Destroying 0 GPU particle simulations for FXSystem 0x0000000671A8EF20
[2015.04.18-17.36.06:891][168]LogParticles: Destroying 0 GPU particle simulations for FXSystem 0x000000067526C720
[2015.04.18-17.36.06:933][168]LogExit: Object subsystem successfully closed.
[2015.04.18-17.36.06:980][168]LogModuleManager: Shutting down and abandoning module CrashTracker (177)
[2015.04.18-17.36.06:980][168]LogModuleManager: Shutting down and abandoning module SuperSearch (176)
[2015.04.18-17.36.06:980][168]LogModuleManager: Shutting down and abandoning module SceneOutliner (175)
[2015.04.18-17.36.06:980][168]LogModuleManager: Shutting down and abandoning module EditorWidgets (174)
[2015.04.18-17.36.06:980][168]LogModuleManager: Shutting down and abandoning module CollectionManager (173)
[2015.04.18-17.36.06:980][168]LogModuleManager: Shutting down and abandoning module StatsViewer (172)
[2015.04.18-17.36.06:980][168]LogModuleManager: Shutting down and abandoning module FoliageEdit (171)
[2015.04.18-17.36.06:980][168]LogModuleManager: Shutting down and abandoning module LandscapeEditor (170)
[2015.04.18-17.36.06:980][168]LogModuleManager: Shutting down and abandoning module MeshPaint (169)
[2015.04.18-17.36.06:980][168]LogModuleManager: Shutting down and abandoning module ActorPickerMode (168)
[2015.04.18-17.36.06:980][168]LogModuleManager: Shutting down and abandoning module GeometryMode (167)
[2015.04.18-17.36.06:980][168]LogModuleManager: Shutting down and abandoning module TextureAlignMode (166)
[2015.04.18-17.36.06:980][168]LogModuleManager: Shutting down and abandoning module BspMode (165)
[2015.04.18-17.36.06:980][168]LogModuleManager: Shutting down and abandoning module PlacementMode (164)
[2015.04.18-17.36.06:980][168]LogModuleManager: Shutting down and abandoning module AutomationWorker (163)
[2015.04.18-17.36.06:980][168]LogModuleManager: Shutting down and abandoning module CharacterAI (162)
[2015.04.18-17.36.06:980][168]LogModuleManager: Shutting down and abandoning module SmartSnapping (161)
[2015.04.18-17.36.06:980][168]LogModuleManager: Shutting down and abandoning module ViewportSnapping (160)
[2015.04.18-17.36.06:980][168]LogModuleManager: Shutting down and abandoning module LogVisualizer (159)
[2015.04.18-17.36.06:981][168]LogModuleManager: Shutting down and abandoning module GameProjectGeneration (158)
[2015.04.18-17.36.06:981][168]LogModuleManager: Shutting down and abandoning module IntroTutorials (157)
[2015.04.18-17.36.06:981][168]LogModuleManager: Shutting down and abandoning module EditorLiveStreaming (156)
[2015.04.18-17.36.06:981][168]LogModuleManager: Shutting down and abandoning module HardwareTargeting (155)
[2015.04.18-17.36.06:981][168]LogModuleManager: Shutting down and abandoning module DeviceProfileEditor (154)
[2015.04.18-17.36.06:981][168]LogModuleManager: Shutting down and abandoning module UndoHistory (153)
[2015.04.18-17.36.06:981][168]LogModuleManager: Shutting down and abandoning module GameplayTagsEditor (152)
[2015.04.18-17.36.06:981][168]LogModuleManager: Shutting down and abandoning module UserFeedback (151)
[2015.04.18-17.36.06:981][168]LogModuleManager: Shutting down and abandoning module XmlParser (150)
[2015.04.18-17.36.06:981][168]LogModuleManager: Shutting down and abandoning module Blutility (149)
[2015.04.18-17.36.06:981][168]LogModuleManager: Shutting down and abandoning module IOSPlatformEditor (148)
[2015.04.18-17.36.06:981][168]LogModuleManager: Shutting down and abandoning module IOSRuntimeSettings (147)
[2015.04.18-17.36.06:981][168]LogModuleManager: Shutting down and abandoning module AndroidDeviceDetection (146)
[2015.04.18-17.36.07:804][168]LogModuleManager: Shutting down and abandoning module AndroidPlatformEditor (145)
[2015.04.18-17.36.07:804][168]LogModuleManager: Shutting down and abandoning module AndroidRuntimeSettings (144)
[2015.04.18-17.36.07:804][168]LogModuleManager: Shutting down and abandoning module ProjectTargetPlatformEditor (143)
[2015.04.18-17.36.07:804][168]LogModuleManager: Shutting down and abandoning module ProjectSettingsViewer (142)
[2015.04.18-17.36.07:804][168]LogModuleManager: Shutting down and abandoning module InputBindingEditor (141)
[2015.04.18-17.36.07:804][168]LogModuleManager: Shutting down and abandoning module EditorSettingsViewer (140)
[2015.04.18-17.36.07:804][168]LogModuleManager: Shutting down and abandoning module SettingsEditor (139)
[2015.04.18-17.36.07:804][168]LogModuleManager: Shutting down and abandoning module ProjectLauncher (138)
[2015.04.18-17.36.07:804][168]LogModuleManager: Shutting down and abandoning module SessionFrontend (137)
[2015.04.18-17.36.07:804][168]LogModuleManager: Shutting down and abandoning module ProfilerClient (136)
[2015.04.18-17.36.07:804][168]LogModuleManager: Shutting down and abandoning module TargetDeviceServices (135)
[2015.04.18-17.36.07:804][168]LogModuleManager: Shutting down and abandoning module DeviceManager (134)
[2015.04.18-17.36.07:804][168]LogModuleManager: Shutting down and abandoning module AutomationController (133)
[2015.04.18-17.36.07:804][168]LogModuleManager: Shutting down and abandoning module AutomationWindow (132)
[2015.04.18-17.36.07:804][168]LogModuleManager: Shutting down and abandoning module Layers (131)
[2015.04.18-17.36.07:804][168]LogModuleManager: Shutting down and abandoning module ComponentVisualizers (130)
[2015.04.18-17.36.07:804][168]LogModuleManager: Shutting down and abandoning module DetailCustomizations (129)
[2015.04.18-17.36.07:804][168]LogModuleManager: Shutting down and abandoning module PackagesDialog (128)
[2015.04.18-17.36.07:805][168]LogModuleManager: Shutting down and abandoning module AssetRegistry (127)
[2015.04.18-17.36.07:921][168]LogModuleManager: Shutting down and abandoning module Persona (126)
[2015.04.18-17.36.07:921][168]LogModuleManager: Shutting down and abandoning module SlateReflector (125)
[2015.04.18-17.36.07:921][168]LogModuleManager: Shutting down and abandoning module LevelEditor (124)
[2015.04.18-17.36.07:922][168]LogModuleManager: Shutting down and abandoning module Kismet (123)
[2015.04.18-17.36.07:922][168]LogModuleManager: Shutting down and abandoning module GraphEditor (122)
[2015.04.18-17.36.07:922][168]LogModuleManager: Shutting down and abandoning module ClassViewer (121)
[2015.04.18-17.36.07:922][168]LogModuleManager: Shutting down and abandoning module Toolbox (120)
[2015.04.18-17.36.07:922][168]LogModuleManager: Shutting down and abandoning module ModuleUI (119)
[2015.04.18-17.36.07:922][168]LogModuleManager: Shutting down and abandoning module MovieSceneTools (118)
[2015.04.18-17.36.07:922][168]LogModuleManager: Shutting down and abandoning module OutputLog (117)
[2015.04.18-17.36.07:922][168]LogModuleManager: Shutting down and abandoning module GammaUI (116)
[2015.04.18-17.36.07:922][168]LogModuleManager: Shutting down and abandoning module Documentation (115)
[2015.04.18-17.36.07:922][168]LogModuleManager: Shutting down and abandoning module GameLiveStreaming (114)
[2015.04.18-17.36.07:922][168]LogModuleManager: Shutting down and abandoning module StreamingPauseRendering (113)
[2015.04.18-17.36.07:922][168]LogModuleManager: Shutting down and abandoning module HTTP (112)
[2015.04.18-17.36.07:922][168]LogModuleManager: Shutting down and abandoning module AnalyticsET (111)
[2015.04.18-17.36.07:922][168]LogModuleManager: Shutting down and abandoning module Analytics (110)
[2015.04.18-17.36.07:922][168]LogModuleManager: Shutting down and abandoning module AITestSuite (109)
[2015.04.18-17.36.07:922][168]LogModuleManager: Shutting down and abandoning module GameplayDebugger (108)
[2015.04.18-17.36.07:922][168]LogModuleManager: Shutting down and abandoning module AIModule (107)
[2015.04.18-17.36.07:922][168]LogModuleManager: Shutting down and abandoning module ProfilerService (106)
[2015.04.18-17.36.07:932][168]LogModuleManager: Shutting down and abandoning module TaskGraph (105)
[2015.04.18-17.36.07:932][168]LogModuleManager: Shutting down and abandoning module SlateRemote (104)
[2015.04.18-17.36.07:932][168]LogModuleManager: Shutting down and abandoning module ScriptEditorPlugin (103)
[2015.04.18-17.36.07:932][168]LogModuleManager: Shutting down and abandoning module CustomMeshComponent (102)
[2015.04.18-17.36.07:932][168]LogModuleManager: Shutting down and abandoning module CableComponent (101)
[2015.04.18-17.36.07:932][168]LogModuleManager: Shutting down and abandoning module MessagingDebugger (100)
[2015.04.18-17.36.07:932][168]LogModuleManager: Shutting down and abandoning module MediaPlayerEditor (99)
[2015.04.18-17.36.07:932][168]LogModuleManager: Shutting down and abandoning module SpeedTreeImporter (98)
[2015.04.18-17.36.07:932][168]LogModuleManager: Shutting down and abandoning module PluginsEditor (97)
[2015.04.18-17.36.07:932][168]LogModuleManager: Shutting down and abandoning module MainFrame (96)
[2015.04.18-17.36.07:932][168]LogModuleManager: Shutting down and abandoning module EpicSurvey (95)
[2015.04.18-17.36.07:932][168]LogModuleManager: Shutting down and abandoning module DesktopPlatform (94)
[2015.04.18-17.36.07:932][168]LogModuleManager: Shutting down and abandoning module DirectoryWatcher (93)
[2015.04.18-17.36.07:932][168]LogModuleManager: Shutting down and abandoning module HotReload (92)
[2015.04.18-17.36.07:932][168]LogModuleManager: Shutting down and abandoning module VisualStudioSourceCodeAccess (91)
[2015.04.18-17.36.07:932][168]LogModuleManager: Shutting down and abandoning module UObjectPlugin (90)
[2015.04.18-17.36.07:932][168]LogModuleManager: Shutting down and abandoning module SubversionSourceControl (89)
[2015.04.18-17.36.07:932][168]LogModuleManager: Shutting down and abandoning module PerforceSourceControl (88)
[2015.04.18-17.36.07:932][168]LogModuleManager: Shutting down and abandoning module SourceControl (87)
[2015.04.18-17.36.07:932][168]LogModuleManager: Shutting down and abandoning module GitSourceControl (86)
[2015.04.18-17.36.07:932][168]LogModuleManager: Shutting down and abandoning module BlankPlugin (85)
[2015.04.18-17.36.07:932][168]LogModuleManager: Shutting down and abandoning module PaperTiledImporter (84)
[2015.04.18-17.36.07:932][168]LogModuleManager: Shutting down and abandoning module PaperJsonImporter (83)
[2015.04.18-17.36.07:932][168]LogModuleManager: Shutting down and abandoning module ContentBrowser (82)
[2015.04.18-17.36.07:932][168]LogModuleManager: Shutting down and abandoning module Paper2DEditor (81)
[2015.04.18-17.36.07:932][168]LogModuleManager: Shutting down and abandoning module ScriptPlugin (80)
[2015.04.18-17.36.07:932][168]LogModuleManager: Shutting down and abandoning module UdpMessaging (79)
[2015.04.18-17.36.08:033][168]LogModuleManager: Shutting down and abandoning module Paper2D (78)
[2015.04.18-17.36.08:033][168]LogModuleManager: Shutting down and abandoning module WindowsMoviePlayer (77)
[2015.04.18-17.36.08:035][168]LogModuleManager: Shutting down and abandoning module Media (76)
[2015.04.18-17.36.08:035][168]LogModuleManager: Shutting down and abandoning module WmfMedia (75)
[2015.04.18-17.36.08:035][168]LogModuleManager: Shutting down and abandoning module OnlineBlueprintSupport (74)
[2015.04.18-17.36.08:035][168]LogModuleManager: Shutting down and abandoning module PropertyEditor (73)
[2015.04.18-17.36.08:035][168]LogModuleManager: Shutting down and abandoning module BehaviorTreeEditor (72)
[2015.04.18-17.36.08:035][168]LogModuleManager: Shutting down and abandoning module FunctionalTesting (71)
[2015.04.18-17.36.08:035][168]LogModuleManager: Shutting down and abandoning module CollisionAnalyzer (70)
[2015.04.18-17.36.08:035][168]LogModuleManager: Shutting down and abandoning module WorkspaceMenuStructure (69)
[2015.04.18-17.36.08:035][168]LogModuleManager: Shutting down and abandoning module MessageLog (68)
[2015.04.18-17.36.08:035][168]LogModuleManager: Shutting down and abandoning module Sequencer (67)
[2015.04.18-17.36.08:035][168]LogModuleManager: Shutting down and abandoning module AssetTools (66)
[2015.04.18-17.36.08:035][168]LogModuleManager: Shutting down and abandoning module UMGEditor (65)
[2015.04.18-17.36.08:035][168]LogModuleManager: Shutting down and abandoning module UMG (64)
[2015.04.18-17.36.08:035][168]LogModuleManager: Shutting down and abandoning module Slate (63)
[2015.04.18-17.36.08:035][168]LogModuleManager: Shutting down and abandoning module EditorStyle (62)
[2015.04.18-17.36.08:039][168]LogModuleManager: Shutting down and abandoning module SessionServices (61)
[2015.04.18-17.36.08:039][168]LogModuleManager: Shutting down and abandoning module SourceCodeAccess (60)
[2015.04.18-17.36.08:039][168]LogModuleManager: Shutting down and abandoning module HeadMountedDisplay (59)
[2015.04.18-17.36.08:039][168]LogModuleManager: Shutting down and abandoning module XAudio2 (58)
[2015.04.18-17.36.08:039][168]LogModuleManager: Shutting down and abandoning module Networking (56)
[2015.04.18-17.36.08:039][168]LogModuleManager: Shutting down and abandoning module Core (55)
[2015.04.18-17.36.08:039][168]LogModuleManager: Shutting down and abandoning module KismetCompiler (54)
[2015.04.18-17.36.08:039][168]LogModuleManager: Shutting down and abandoning module PhysXFormats (53)
[2015.04.18-17.36.08:039][168]LogModuleManager: Shutting down and abandoning module MeshUtilities (52)
[2015.04.18-17.36.08:039][168]LogModuleManager: Shutting down and abandoning module DerivedDataCache (51)
[2015.04.18-17.36.08:108][168]LogDerivedDataCache: Shutdown
[2015.04.18-17.36.08:108][168]LogModuleManager: Shutting down and abandoning module ShaderFormatOpenGL (50)
[2015.04.18-17.36.08:108][168]LogModuleManager: Shutting down and abandoning module ShaderFormatD3D (49)
[2015.04.18-17.36.08:108][168]LogModuleManager: Shutting down and abandoning module MetalShaderFormat (48)
[2015.04.18-17.36.08:108][168]LogModuleManager: Shutting down and abandoning module TextureFormatUncompressed (47)
[2015.04.18-17.36.08:108][168]LogModuleManager: Shutting down and abandoning module TextureFormatPVR (46)
[2015.04.18-17.36.08:108][168]LogModuleManager: Shutting down and abandoning module TextureFormatIntelISPCTexComp (45)
[2015.04.18-17.36.08:108][168]LogModuleManager: Shutting down and abandoning module TextureFormatDXT (44)
[2015.04.18-17.36.08:108][168]LogModuleManager: Shutting down and abandoning module ImageWrapper (43)
[2015.04.18-17.36.08:108][168]LogModuleManager: Shutting down and abandoning module TextureFormatASTC (42)
[2015.04.18-17.36.08:108][168]LogModuleManager: Shutting down and abandoning module TextureFormatAndroid (41)
[2015.04.18-17.36.08:108][168]LogModuleManager: Shutting down and abandoning module AudioFormatOpus (40)
[2015.04.18-17.36.08:108][168]LogModuleManager: Shutting down and abandoning module AudioFormatOgg (39)
[2015.04.18-17.36.08:108][168]LogModuleManager: Shutting down and abandoning module AudioFormatADPCM (38)
[2015.04.18-17.36.08:108][168]LogModuleManager: Shutting down and abandoning module LinuxTargetPlatform (37)
[2015.04.18-17.36.08:108][168]LogModuleManager: Shutting down and abandoning module LinuxServerTargetPlatform (36)
[2015.04.18-17.36.08:108][168]LogModuleManager: Shutting down and abandoning module LinuxNoEditorTargetPlatform (35)
[2015.04.18-17.36.08:108][168]LogModuleManager: Shutting down and abandoning module Messaging (34)
[2015.04.18-17.36.08:108][168]LogModuleManager: Shutting down and abandoning module IOSTargetPlatform (33)
[2015.04.18-17.36.08:108][168]LogModuleManager: Shutting down and abandoning module HTML5TargetPlatform (32)
[2015.04.18-17.36.08:108][168]LogModuleManager: Shutting down and abandoning module Android_PVRTCTargetPlatform (31)
[2015.04.18-17.36.08:108][168]LogModuleManager: Shutting down and abandoning module Android_ETC2TargetPlatform (30)
[2015.04.18-17.36.08:108][168]LogModuleManager: Shutting down and abandoning module Android_ETC1TargetPlatform (29)
[2015.04.18-17.36.08:108][168]LogModuleManager: Shutting down and abandoning module Android_ES31TargetPlatform (28)
[2015.04.18-17.36.08:108][168]LogModuleManager: Shutting down and abandoning module Android_DXTTargetPlatform (27)
[2015.04.18-17.36.08:108][168]LogModuleManager: Shutting down and abandoning module Android_ATCTargetPlatform (26)
[2015.04.18-17.36.08:108][168]LogModuleManager: Shutting down and abandoning module AndroidTargetPlatform (25)
[2015.04.18-17.36.08:108][168]LogModuleManager: Shutting down and abandoning module WindowsTargetPlatform (24)
[2015.04.18-17.36.08:108][168]LogModuleManager: Shutting down and abandoning module WindowsServerTargetPlatform (23)
[2015.04.18-17.36.08:108][168]LogModuleManager: Shutting down and abandoning module WindowsNoEditorTargetPlatform (22)
[2015.04.18-17.36.08:108][168]LogModuleManager: Shutting down and abandoning module WindowsClientTargetPlatform (21)
[2015.04.18-17.36.08:108][168]LogModuleManager: Shutting down and abandoning module TargetPlatform (20)
[2015.04.18-17.36.08:108][168]LogModuleManager: Shutting down and abandoning module InputCore (19)
[2015.04.18-17.36.08:108][168]LogModuleManager: Shutting down and abandoning module Settings (18)
[2015.04.18-17.36.08:108][168]LogModuleManager: Shutting down and abandoning module OnlineSubsystem (16)
[2015.04.18-17.36.08:108][168]LogModuleManager: Shutting down and abandoning module OculusRift (15)
[2015.04.18-17.36.08:108][168]LogModuleManager: Shutting down and abandoning module ExampleDeviceProfileSelector (14)
[2015.04.18-17.36.08:108][168]LogModuleManager: Shutting down and abandoning module TextureCompressor (13)
[2015.04.18-17.36.08:108][168]LogModuleManager: Shutting down and abandoning module ShaderCore (12)
[2015.04.18-17.36.08:108][168]LogModuleManager: Shutting down and abandoning module Landscape (11)
[2015.04.18-17.36.08:108][168]LogModuleManager: Shutting down and abandoning module SlateRHIRenderer (10)
[2015.04.18-17.36.08:109][168]LogModuleManager: Shutting down and abandoning module OpenGLDrv (9)
[2015.04.18-17.36.08:109][168]LogModuleManager: Shutting down and abandoning module D3D11RHI (8)
[2015.04.18-17.36.08:109][168]LogModuleManager: Shutting down and abandoning module Renderer (7)
[2015.04.18-17.36.08:109][168]LogModuleManager: Shutting down and abandoning module Engine (6)
[2015.04.18-17.36.08:109][168]LogModuleManager: Shutting down and abandoning module CoreUObject (5)
[2015.04.18-17.36.08:109][168]LogModuleManager: Shutting down and abandoning module NetworkFile (4)
[2015.04.18-17.36.08:109][168]LogModuleManager: Shutting down and abandoning module StreamingFile (3)
[2015.04.18-17.36.08:109][168]LogModuleManager: Shutting down and abandoning module SandboxFile (2)
[2015.04.18-17.36.08:109][168]LogModuleManager: Shutting down and abandoning module PakFile (1)
[2015.04.18-17.36.08:110][168]LogExit: Exiting.
[2015.04.18-17.36.08:125][168]Log file closed, 04/18/15 10:36:08
