Log file open, 04/24/15 10:53:15
LogInit:Display: Running engine for game: StealthDemo
LogInit: Version: 4.7.4-2497108+++depot+UE4-Releases+4.7
LogInit: API Version: 2455222
LogInit: Compiled (64-bit): Mar 31 2015 09:40:25
LogInit: Compiled with Visual C++: 18.00.21005.01
LogInit: Build Configuration: Development
LogInit: Branch Name: ++depot+UE4-Releases+4.7
LogInit: Command line:  
LogInit: Base directory: C:/Program Files/Epic Games/4.7/Engine/Binaries/Win64/
LogInit: Rocket: 1
[2015.04.24-17.53.15:117][  0]LogTaskGraph: Started task graph with 3 named threads and 4 total threads.
[2015.04.24-17.53.15:149][  0]LogOnline:Warning: No default platform service specified for OnlineSubsystem
[2015.04.24-17.53.15:159][  0]LogInit: Presizing for 0 objects not considered by GC, pre-allocating 0 bytes.
[2015.04.24-17.53.15:167][  0]LogInit: Object subsystem initialized
[2015.04.24-17.53.15:169][  0]LogConsoleResponse:Warning: Skipping Unknown console variable: 'TranslucentSortAxis = (X=0.000000,Y=-1.000000,Z=0.000000)'
[2015.04.24-17.53.15:169][  0]LogConsoleResponse:Warning:   Found in ini file 'C:/Users/Jimmy/StealthDemo/Saved/Config/Windows/Engine.ini', in section '[/Script/Engine.RendererSettings]'
[2015.04.24-17.53.15:169][  0]LogConsoleResponse:Warning: Skipping Unknown console variable: 'UIScaleRule = ShortestSide'
[2015.04.24-17.53.15:169][  0]LogConsoleResponse:Warning:   Found in ini file 'C:/Users/Jimmy/StealthDemo/Saved/Config/Windows/Engine.ini', in section '[/Script/Engine.RendererSettings]'
[2015.04.24-17.53.15:169][  0]LogConsoleResponse:Warning: Skipping Unknown console variable: 'UIScaleCurve = (EditorCurveData=(Keys=),ExternalCurve=None)'
[2015.04.24-17.53.15:169][  0]LogConsoleResponse:Warning:   Found in ini file 'C:/Users/Jimmy/StealthDemo/Saved/Config/Windows/Engine.ini', in section '[/Script/Engine.RendererSettings]'
[2015.04.24-17.53.15:171][  0]LogInit: Selected Device Profile: [Windows]
[2015.04.24-17.53.15:171][  0]LogInit: Applying CVar settings loaded from the selected device profile: [Windows]
[2015.04.24-17.53.15:176][  0]LogInit: Computer: JPC
[2015.04.24-17.53.15:176][  0]LogInit: User: Jimmy
[2015.04.24-17.53.15:176][  0]LogInit: CPU Page size=4096, Cores=2
[2015.04.24-17.53.15:176][  0]LogInit: High frequency timer resolution =2.728067 MHz
[2015.04.24-17.53.15:176][  0]LogMemory: Memory total: Physical=7.9GB (8GB approx) Virtual=131072.0GB
[2015.04.24-17.53.15:176][  0]LogMemory: Platform Memory Stats for Windows
[2015.04.24-17.53.15:176][  0]LogMemory: Process Physical Memory: 45.85 MB used, 45.85 MB peak
[2015.04.24-17.53.15:176][  0]LogMemory: Process Virtual Memory: 22.52 MB used, 22.52 MB peak
[2015.04.24-17.53.15:176][  0]LogMemory: Physical Memory: 3598.71 MB used, 8104.27 MB total
[2015.04.24-17.53.15:176][  0]LogMemory: Virtual Memory: 295.21 MB used, 134217728.00 MB total
[2015.04.24-17.53.15:900][  0]LogD3D11RHI: Found D3D11 adapter 0: NVIDIA GeForce GTX 860M   (Feature Level 11_0)
[2015.04.24-17.53.15:900][  0]LogD3D11RHI: Adapter has 1972MB of dedicated video memory, 0MB of dedicated system memory, and 2048MB of shared system memory, 1 output[s]
[2015.04.24-17.53.15:904][  0]LogD3D11RHI: Found D3D11 adapter 1: Intel(R) HD Graphics 4600 (Feature Level 11_0)
[2015.04.24-17.53.15:904][  0]LogD3D11RHI: Adapter has 0MB of dedicated video memory, 0MB of dedicated system memory, and 1792MB of shared system memory, 0 output[s]
[2015.04.24-17.53.15:905][  0]LogD3D11RHI: Found D3D11 adapter 2: Microsoft Basic Render Driver (Feature Level 11_0)
[2015.04.24-17.53.15:905][  0]LogD3D11RHI: Adapter has 0MB of dedicated video memory, 0MB of dedicated system memory, and 256MB of shared system memory, 0 output[s]
[2015.04.24-17.53.15:905][  0]LogD3D11RHI: Chosen D3D11 Adapter Id = 0
[2015.04.24-17.53.15:911][  0]LogRHI: Texture pool is 1361 MB (70% of 1945 MB)
[2015.04.24-17.53.15:919][  0]LogD3D11RHI: Async texture creation enabled
[2015.04.24-17.53.15:970][  0]LogTextLocalizationManager: The requested culture ('en_US') has no localization data; parent culture's ('en') localization data will be used.
[2015.04.24-17.53.16:021][  0]LogTextLocalizationManager:Warning: Loading localization resources contain conflicting entries for (Namespace:UICommands, Key:Save_ToolTip):
Resource: (C:/Program Files/Epic Games/4.7/Engine/Content/Localization/Editor/en/Editor.locres) Hash: (-29098895) String: (Saves the current level to disk)
Resource: (C:/Program Files/Epic Games/4.7/Engine/Content/Localization/Engine/en/Engine.locres) Hash: (-1280300587) String: (Save selected data to vlog file)
[2015.04.24-17.53.16:021][  0]LogTextLocalizationManager:Warning: Loading localization resources contain conflicting entries for (Namespace:ContentBrowser, Key:ImportAssetToolTip):
Resource: (C:/Program Files/Epic Games/4.7/Engine/Content/Localization/Editor/en/Editor.locres) Hash: (-630476809) String: (Import to {0}...)
Resource: (C:/Program Files/Epic Games/4.7/Engine/Content/Localization/Editor/en/Editor.locres) Hash: (1271782899) String: (Imports an asset from file to this folder.)
[2015.04.24-17.53.16:099][  0]LogContentStreaming: Texture pool size is 0.000000MB
[2015.04.24-17.53.18:206][  0]LogTargetPlatformManager:Display: Building Assets For Windows
[2015.04.24-17.53.18:775][  0]LogTargetPlatformManager:Display: Building Assets For Windows
[2015.04.24-17.53.18:832][  0]LogDerivedDataCache:Display: Max Cache Size: 512 MB
[2015.04.24-17.53.18:872][  0]LogDerivedDataCache: Loaded boot cache 0.04s 39MB C:/Users/Jimmy/AppData/Local/UnrealEngine/4.7/DerivedDataCache/Boot.ddc.
[2015.04.24-17.53.18:873][  0]LogDerivedDataCache:Display: Loaded Boot cache: C:/Users/Jimmy/AppData/Local/UnrealEngine/4.7/DerivedDataCache/Boot.ddc
[2015.04.24-17.53.18:873][  0]LogDerivedDataCache: FDerivedDataBackendGraph:  Pak pak cache file ../../../../../../Users/Jimmy/StealthDemo/DerivedDataCache/DDC.ddp not found, will not use a pak cache.
[2015.04.24-17.53.18:873][  0]LogDerivedDataCache: Unable to find inner node Pak for hierarchical cache Hierarchy.
[2015.04.24-17.53.18:990][  0]LogDerivedDataCache:Display: Pak cache opened for reading ../../../Engine/DerivedDataCache/Compressed.ddp.
[2015.04.24-17.53.19:003][  0]LogDerivedDataCache: Using Local data cache path C:/Users/Jimmy/AppData/Local/UnrealEngine/Common/DerivedDataCache: Writable
[2015.04.24-17.53.19:260][  0]LogMeshUtilities: No automatic mesh reduction module available
[2015.04.24-17.53.19:260][  0]LogMeshUtilities: No automatic mesh merging module available
[2015.04.24-17.53.19:629][  0]LogInit: WinSock: version 1.1 (2.2), MaxSocks=32767, MaxUdp=65467
[2015.04.24-17.53.19:697][  0]LogSlate:Warning: Failed to load font data from '../../../Engine/Content/Slate/Fonts/Roboto-Italic.ttf'
[2015.04.24-17.53.20:493][  0]UdpMessaging: Initializing bridge on interface 0.0.0.0:0 to multicast group 230.0.0.1:6666.
[2015.04.24-17.53.20:672][  0]SourceControl: Info Source control is disabled
[2015.04.24-17.53.20:672][  0]SourceControl: Info Source control is disabled
[2015.04.24-17.53.20:673][  0]SourceControl: Info Source control is disabled
[2015.04.24-17.53.20:673][  0]LogSourceControl: RunCommandInternalRaw: 'git version'
[2015.04.24-17.53.20:673][  0]LogSourceControl: RunCommandInternalRaw: ExecProcess ReturnCode=2 OutResults=''
[2015.04.24-17.53.20:680][  0]SourceControl: Info Source control is disabled
[2015.04.24-17.53.20:836][  0]LogObj: 24232 objects as part of root set at end of initial load.
[2015.04.24-17.53.20:836][  0]LogUObjectAllocator: 5137176 out of 0 bytes used by permanent object pool.
[2015.04.24-17.53.20:908][  0]LogEngine: Initializing Engine...
[2015.04.24-17.53.23:044][  0]LogInit: XAudio2 using 'Speakers (Realtek High Definition Audio)' : 2 channels at 48 kHz using 32 bits per sample (channel mask 0x3)
[2015.04.24-17.53.23:055][  0]LogInit: FAudioDevice initialized.
[2015.04.24-17.53.23:091][  0]LogAIModule: Creating AISystem for world NewWorld
[2015.04.24-17.53.23:110][  0]LogDerivedDataCache: Saved boot cache 0.02s 39MB C:/Users/Jimmy/AppData/Local/UnrealEngine/4.7/DerivedDataCache/Boot.ddc.
[2015.04.24-17.53.23:114][  0]LogInit: Texture streaming: Enabled
[2015.04.24-17.53.23:191][  0]LogAnalytics: Creating configured Analytics provider AnalyticsET
[2015.04.24-17.53.23:191][  0]LogAnalytics: ET APIKey = Rocket.Release. APIServer = http://et2.epicgames.com/ET2/. AppVersion = 4.7.4-2497108+++depot+UE4-Releases+4.7
[2015.04.24-17.53.23:191][  0]LogAnalytics: ET APIKey = Rocket.Release. DataRouterUploadURL = https://datarouter-public-service-gamedev.ol.epicgames.net/datarouter/api/v1/public/data. AppVersion = 4.7.4-2497108+++depot+UE4-Releases+4.7
[2015.04.24-17.53.23:191][  0]LogAnalytics: SetUserId d22899994831325049a3c09a97ca1940|0bf49305baa249a2b1c0f583ad32cf5d|a3f0f8ec-9a91-4b50-9158-36124c84c151
[2015.04.24-17.53.23:191][  0]LogAnalytics: AnalyticsET::StartSession [Rocket.Release]
[2015.04.24-17.53.23:219][  0]LogInit: Transaction tracking system initialized
[2015.04.24-17.53.23:404][  0]BlueprintLog: New page: Editor Load
[2015.04.24-17.53.23:438][  0]LogAssetRegistry: FAssetRegistry took 0.0109 seconds to start up
[2015.04.24-17.53.23:438][  0]LogDirectoryWatcher:Warning: Failed to begin reading directory changes for ../../../Engine/Plugins/Experimental/CharacterAI/Content/. Error: 0
[2015.04.24-17.53.24:170][  0]LogTargetPlatformManager:Display: Building Assets For Windows
[2015.04.24-17.53.24:655][  0]LogTargetPlatformManager:Display: Building Assets For Windows
[2015.04.24-17.53.25:054][  0]LogSlate:Warning: Failed to load font data from '../../../Engine/Content/Editor/Slate/Fonts/Roboto-Regular.ttf'
[2015.04.24-17.53.25:054][  0]LogSlate:Warning: Failed to load font data from '../../../Engine/Content/Editor/Slate/Fonts/Roboto-Bold.ttf'
[2015.04.24-17.53.25:066][  0]LogConsoleResponse:Display: 
[2015.04.24-17.53.25:232][  0]LogCook:Display: Done creating registry. It took  0.00s.
[2015.04.24-17.53.25:404][  0]SourceControl: Info Source control is disabled
[2015.04.24-17.53.25:404][  0]Cmd: MAP LOAD FILE="../../../../../../Users/Jimmy/StealthDemo/Content/FirstPersonBP/Maps/FirstPersonExampleMap.umap" TEMPLATE=0 SHOWPROGRESS=1 FEATURELEVEL=3
[2015.04.24-17.53.25:405][  0]LightingResults: New page: Lighting Build
[2015.04.24-17.53.25:418][  0]MapCheck: New page: Map Check
[2015.04.24-17.53.25:418][  0]LightingResults: New page: Lighting Build
[2015.04.24-17.53.25:432][  0]LogParticles: Destroying 0 GPU particle simulations for FXSystem 0x0000009DE97F45E0
[2015.04.24-17.53.28:060][  0]LogLinker:Warning: CreateImport: Object 'UseItem__DelegateSignature' isn't imported, because its outer is a placeholder. Archive: '../../../../../../Users/Jimmy/StealthDemo/Content/FirstPersonBP/Blueprints/Door.uasset'
[2015.04.24-17.53.31:344][  0]LogLinker:Warning: Can't find file '/Script/EnvironmentQueryEditor'
[2015.04.24-17.53.31:359][  0]LogLinker:Warning: Can't find file for asset '/Script/EnvironmentQueryEditor' while loading ../../../../../../Users/Jimmy/StealthDemo/Content/FirstPersonBP/Blueprints/AI/EnvQuery/testQuery.uasset.
[2015.04.24-17.53.31:409][  0]LoadErrors:Error: Error /Game/FirstPersonBP/Blueprints/AI/EnvQuery/testQuery : Can't find file for asset. /Script/EnvironmentQueryEditor
[2015.04.24-17.53.31:409][  0]LogLinker:Warning: Can't find file '/Script/EnvironmentQueryEditor'
[2015.04.24-17.53.31:409][  0]LogLinker:Warning: Can't find file for asset '/Script/EnvironmentQueryEditor' while loading ../../../../../../Users/Jimmy/StealthDemo/Content/FirstPersonBP/Blueprints/AI/EnvQuery/testQuery.uasset.
[2015.04.24-17.53.31:409][  0]LoadErrors:Error: Error /Game/FirstPersonBP/Blueprints/AI/EnvQuery/testQuery : Can't find file for asset. /Script/EnvironmentQueryEditor
[2015.04.24-17.53.31:409][  0]LogLinker:Warning: Can't find file '/Script/EnvironmentQueryEditor'
[2015.04.24-17.53.31:409][  0]LogLinker:Warning: Can't find file for asset '/Script/EnvironmentQueryEditor' while loading ../../../../../../Users/Jimmy/StealthDemo/Content/FirstPersonBP/Blueprints/AI/EnvQuery/testQuery.uasset.
[2015.04.24-17.53.31:410][  0]LoadErrors:Error: Error /Game/FirstPersonBP/Blueprints/AI/EnvQuery/testQuery : Can't find file for asset. /Script/EnvironmentQueryEditor
[2015.04.24-17.53.31:410][  0]LogLinker:Warning: Can't find file '/Script/EnvironmentQueryEditor'
[2015.04.24-17.53.31:410][  0]LogLinker:Warning: Can't find file for asset '/Script/EnvironmentQueryEditor' while loading ../../../../../../Users/Jimmy/StealthDemo/Content/FirstPersonBP/Blueprints/AI/EnvQuery/testQuery.uasset.
[2015.04.24-17.53.31:410][  0]LoadErrors:Error: Error /Game/FirstPersonBP/Blueprints/AI/EnvQuery/testQuery : Can't find file for asset. /Script/EnvironmentQueryEditor
[2015.04.24-17.53.31:412][  0]LogLinker:Warning: Can't find file '/Script/EnvironmentQueryEditor'
[2015.04.24-17.53.31:412][  0]LogLinker:Warning: Can't find file for asset '/Script/EnvironmentQueryEditor' while loading ../../../../../../Users/Jimmy/StealthDemo/Content/FirstPersonBP/Blueprints/AI/EnvQuery/testQuery.uasset.
[2015.04.24-17.53.31:412][  0]LoadErrors:Error: Error /Game/FirstPersonBP/Blueprints/AI/EnvQuery/testQuery : Can't find file for asset. /Script/EnvironmentQueryEditor
[2015.04.24-17.53.31:412][  0]LogLinker:Warning: Can't find file '/Script/EnvironmentQueryEditor'
[2015.04.24-17.53.31:412][  0]LogLinker:Warning: Can't find file for asset '/Script/EnvironmentQueryEditor' while loading ../../../../../../Users/Jimmy/StealthDemo/Content/FirstPersonBP/Maps/FirstPersonExampleMap.umap.
[2015.04.24-17.53.31:413][  0]LoadErrors:Error: Error /Game/FirstPersonBP/Maps/FirstPersonExampleMap : Can't find file for asset. /Script/EnvironmentQueryEditor
[2015.04.24-17.53.31:413][  0]LogLinker:Warning: Can't find file '/Script/EnvironmentQueryEditor'
[2015.04.24-17.53.31:413][  0]LogLinker:Warning: Can't find file for asset '/Script/EnvironmentQueryEditor' while loading ../../../../../../Users/Jimmy/StealthDemo/Content/FirstPersonBP/Maps/FirstPersonExampleMap.umap.
[2015.04.24-17.53.31:413][  0]LoadErrors:Error: Error /Game/FirstPersonBP/Maps/FirstPersonExampleMap : Can't find file for asset. /Script/EnvironmentQueryEditor
[2015.04.24-17.53.31:413][  0]LogLinker:Warning: CreateExport: Failed to load Outer for resource 'EdGraphPin_27963': EnvironmentQueryGraphNode_Option /Game/FirstPersonBP/Blueprints/AI/EnvQuery/testQuery.TestQuery:EnvironmentQueryGraph_0.EnvironmentQueryGraphNode_Option_4
[2015.04.24-17.53.31:413][  0]LogLinker:Warning: Can't find file '/Script/EnvironmentQueryEditor'
[2015.04.24-17.53.31:413][  0]LogLinker:Warning: Can't find file for asset '/Script/EnvironmentQueryEditor' while loading ../../../../../../Users/Jimmy/StealthDemo/Content/FirstPersonBP/Maps/FirstPersonExampleMap.umap.
[2015.04.24-17.53.31:414][  0]LoadErrors:Error: Error /Game/FirstPersonBP/Maps/FirstPersonExampleMap : Can't find file for asset. /Script/EnvironmentQueryEditor
[2015.04.24-17.53.31:414][  0]LogLinker:Warning: Can't find file '/Script/EnvironmentQueryEditor'
[2015.04.24-17.53.31:414][  0]LogLinker:Warning: Can't find file for asset '/Script/EnvironmentQueryEditor' while loading ../../../../../../Users/Jimmy/StealthDemo/Content/FirstPersonBP/Maps/FirstPersonExampleMap.umap.
[2015.04.24-17.53.31:414][  0]LoadErrors:Error: Error /Game/FirstPersonBP/Maps/FirstPersonExampleMap : Can't find file for asset. /Script/EnvironmentQueryEditor
[2015.04.24-17.53.31:414][  0]LogLinker:Warning: CreateExport: Failed to load Outer for resource 'EdGraphPin_27962': EnvironmentQueryGraphNode_Root /Game/FirstPersonBP/Blueprints/AI/EnvQuery/testQuery.TestQuery:EnvironmentQueryGraph_0.EnvironmentQueryGraphNode_Root_0
[2015.04.24-17.53.31:414][  0]LogLinker:Warning: Can't find file '/Script/EnvironmentQueryEditor'
[2015.04.24-17.53.31:414][  0]LogLinker:Warning: Can't find file for asset '/Script/EnvironmentQueryEditor' while loading ../../../../../../Users/Jimmy/StealthDemo/Content/FirstPersonBP/Maps/FirstPersonExampleMap.umap.
[2015.04.24-17.53.31:414][  0]LoadErrors:Error: Error /Game/FirstPersonBP/Maps/FirstPersonExampleMap : Can't find file for asset. /Script/EnvironmentQueryEditor
[2015.04.24-17.53.31:414][  0]LogLinker:Warning: Can't find file '/Script/EnvironmentQueryEditor'
[2015.04.24-17.53.31:415][  0]LogLinker:Warning: Can't find file for asset '/Script/EnvironmentQueryEditor' while loading ../../../../../../Users/Jimmy/StealthDemo/Content/FirstPersonBP/Maps/FirstPersonExampleMap.umap.
[2015.04.24-17.53.31:415][  0]LoadErrors:Error: Error /Game/FirstPersonBP/Maps/FirstPersonExampleMap : Can't find file for asset. /Script/EnvironmentQueryEditor
[2015.04.24-17.53.31:415][  0]LogLinker:Warning: Can't find file '/Script/EnvironmentQueryEditor'
[2015.04.24-17.53.31:415][  0]LogLinker:Warning: Can't find file for asset '/Script/EnvironmentQueryEditor' while loading ../../../../../../Users/Jimmy/StealthDemo/Content/FirstPersonBP/Maps/FirstPersonExampleMap.umap.
[2015.04.24-17.53.31:415][  0]LoadErrors:Error: Error /Game/FirstPersonBP/Maps/FirstPersonExampleMap : Can't find file for asset. /Script/EnvironmentQueryEditor
[2015.04.24-17.53.31:415][  0]LogLinker:Warning: Can't find file '/Script/EnvironmentQueryEditor'
[2015.04.24-17.53.31:415][  0]LogLinker:Warning: Can't find file for asset '/Script/EnvironmentQueryEditor' while loading ../../../../../../Users/Jimmy/StealthDemo/Content/FirstPersonBP/Maps/FirstPersonExampleMap.umap.
[2015.04.24-17.53.31:415][  0]LoadErrors:Error: Error /Game/FirstPersonBP/Maps/FirstPersonExampleMap : Can't find file for asset. /Script/EnvironmentQueryEditor
[2015.04.24-17.53.31:415][  0]LogLinker:Warning: Can't find file '/Script/EnvironmentQueryEditor'
[2015.04.24-17.53.31:416][  0]LogLinker:Warning: Can't find file for asset '/Script/EnvironmentQueryEditor' while loading ../../../../../../Users/Jimmy/StealthDemo/Content/FirstPersonBP/Maps/FirstPersonExampleMap.umap.
[2015.04.24-17.53.31:416][  0]LoadErrors:Error: Error /Game/FirstPersonBP/Maps/FirstPersonExampleMap : Can't find file for asset. /Script/EnvironmentQueryEditor
[2015.04.24-17.53.31:416][  0]LogLinker:Warning: Can't find file '/Script/EnvironmentQueryEditor'
[2015.04.24-17.53.31:416][  0]LogLinker:Warning: Can't find file for asset '/Script/EnvironmentQueryEditor' while loading ../../../../../../Users/Jimmy/StealthDemo/Content/FirstPersonBP/Maps/FirstPersonExampleMap.umap.
[2015.04.24-17.53.31:416][  0]LoadErrors:Error: Error /Game/FirstPersonBP/Maps/FirstPersonExampleMap : Can't find file for asset. /Script/EnvironmentQueryEditor
[2015.04.24-17.53.31:416][  0]LogLinker:Warning: Can't find file '/Script/EnvironmentQueryEditor'
[2015.04.24-17.53.31:416][  0]LogLinker:Warning: Can't find file for asset '/Script/EnvironmentQueryEditor' while loading ../../../../../../Users/Jimmy/StealthDemo/Content/FirstPersonBP/Maps/FirstPersonExampleMap.umap.
[2015.04.24-17.53.31:416][  0]LoadErrors:Error: Error /Game/FirstPersonBP/Maps/FirstPersonExampleMap : Can't find file for asset. /Script/EnvironmentQueryEditor
[2015.04.24-17.53.31:417][  0]LogLinker:Warning: Can't find file '/Script/EnvironmentQueryEditor'
[2015.04.24-17.53.31:417][  0]LogLinker:Warning: Can't find file for asset '/Script/EnvironmentQueryEditor' while loading ../../../../../../Users/Jimmy/StealthDemo/Content/FirstPersonBP/Maps/FirstPersonExampleMap.umap.
[2015.04.24-17.53.31:417][  0]LoadErrors:Error: Error /Game/FirstPersonBP/Maps/FirstPersonExampleMap : Can't find file for asset. /Script/EnvironmentQueryEditor
[2015.04.24-17.53.31:417][  0]LogLinker:Warning: Can't find file '/Script/EnvironmentQueryEditor'
[2015.04.24-17.53.31:417][  0]LogLinker:Warning: Can't find file for asset '/Script/EnvironmentQueryEditor' while loading ../../../../../../Users/Jimmy/StealthDemo/Content/FirstPersonBP/Maps/FirstPersonExampleMap.umap.
[2015.04.24-17.53.31:417][  0]LoadErrors:Error: Error /Game/FirstPersonBP/Maps/FirstPersonExampleMap : Can't find file for asset. /Script/EnvironmentQueryEditor
[2015.04.24-17.53.31:417][  0]LogLinker:Warning: Can't find file '/Script/EnvironmentQueryEditor'
[2015.04.24-17.53.31:417][  0]LogLinker:Warning: Can't find file for asset '/Script/EnvironmentQueryEditor' while loading ../../../../../../Users/Jimmy/StealthDemo/Content/FirstPersonBP/Maps/FirstPersonExampleMap.umap.
[2015.04.24-17.53.31:417][  0]LoadErrors:Error: Error /Game/FirstPersonBP/Maps/FirstPersonExampleMap : Can't find file for asset. /Script/EnvironmentQueryEditor
[2015.04.24-17.53.32:142][  0]LogLinker:Warning: Can't find file '/Script/EnvironmentQueryEditor'
[2015.04.24-17.53.32:142][  0]LogLinker:Warning: Can't find file for asset '/Script/EnvironmentQueryEditor' while loading NULL.
[2015.04.24-17.53.32:142][  0]LogLinker:Warning: Can't find file '/Script/EnvironmentQueryEditor'
[2015.04.24-17.53.32:142][  0]LoadErrors: Info Failed to load /Script/EnvironmentQueryEditor.EnvironmentQueryGraphNode_Root Referenced by PackageMetaData
[2015.04.24-17.53.32:142][  0]LogLinker:Warning: Can't find file for asset '/Script/EnvironmentQueryEditor' while loading NULL.
[2015.04.24-17.53.32:142][  0]LoadErrors: Info Failed to load /Script/EnvironmentQueryEditor.EnvironmentQueryGraphNode_Root Referenced by PackageMetaData
[2015.04.24-17.53.32:142][  0]LogLinker:Warning: Can't find file '/Script/EnvironmentQueryEditor'
[2015.04.24-17.53.32:142][  0]LogLinker:Warning: Can't find file for asset '/Script/EnvironmentQueryEditor' while loading NULL.
[2015.04.24-17.53.32:143][  0]LogLinker:Warning: Can't find file '/Script/EnvironmentQueryEditor'
[2015.04.24-17.53.32:143][  0]LoadErrors: Info Failed to load /Script/EnvironmentQueryEditor.EnvironmentQueryGraph Referenced by TestQuery
[2015.04.24-17.53.32:143][  0]LogLinker:Warning: Can't find file for asset '/Script/EnvironmentQueryEditor' while loading NULL.
[2015.04.24-17.53.32:143][  0]LoadErrors: Info Failed to load /Script/EnvironmentQueryEditor.EnvironmentQueryGraph Referenced by TestQuery
[2015.04.24-17.53.32:928][  0]LogMaterial: Missing cached shader map for material m_flare_01, compiling. 
[2015.04.24-17.53.34:363][  0]LogMaterial: Missing cached shader map for material M_radial_ramp, compiling. 
[2015.04.24-17.53.35:285][  0]LogTexture:Display: Building textures: T_Explosion_SubUV (AutoDXT)
[2015.04.24-17.53.38:895][  0]LogMaterial: Missing cached shader map for material M_explosion_subUV, compiling. 
[2015.04.24-17.53.38:915][  0]LogTexture:Display: Building textures: T_Burst_M (AutoDXT)
[2015.04.24-17.53.39:276][  0]LogMaterial: Missing cached shader map for material M_Burst, compiling. 
[2015.04.24-17.53.39:392][  0]LogTexture:Display: Building textures: ThumbnailTexture (DXT1)
[2015.04.24-17.53.41:587][  0]LogTexture:Display: Building textures: T_Concrete_Grime_D (AutoDXT)
[2015.04.24-17.53.54:904][  0]LogTexture:Display: Building textures: T_Metal_Rust_N (BC5)
[2015.04.24-17.53.56:357][  0]LogMaterial: Missing cached shader map for material M_Concrete_Grime, compiling. 
[2015.04.24-17.53.57:804][  0]LogTexture:Display: Building textures: T_Metal_Gold_D (AutoDXT)
[2015.04.24-17.54.09:497][  0]LogTexture:Display: Building textures: T_Metal_Gold_N (BC5)
[2015.04.24-17.54.10:387][  0]LogMaterial: Missing cached shader map for material M_Metal_Gold, compiling. 
[2015.04.24-17.54.10:708][  0]LogTexture:Display: Building textures: T_Lamp_N (BC5)
[2015.04.24-17.54.11:842][  0]LogTexture:Display: Building textures: T_Lamp_M (AutoDXT)
[2015.04.24-17.54.16:505][  0]LogMaterial: Missing cached shader map for material M_Lamp, compiling. 
[2015.04.24-17.54.16:519][  0]LogStaticMesh: Building static mesh SM_Lamp_Ceiling...
[2015.04.24-17.54.16:693][  0]LogStaticMesh: Built static mesh [174.153351ms] /Game/StarterContent/Props/SM_Lamp_Ceiling.SM_Lamp_Ceiling
[2015.04.24-17.54.17:166][  0]LogTexture:Display: Building textures: T_Metal_Copper_D (AutoDXT)
[2015.04.24-17.54.30:036][  0]LogMaterial: Missing cached shader map for material M_Metal_Copper, compiling. 
[2015.04.24-17.54.30:096][  0]LogStaticMesh: Building static mesh SM_Lamp_Wall...
[2015.04.24-17.54.30:110][  0]LogStaticMesh: Built static mesh [13.848634ms] /Game/StarterContent/Props/SM_Lamp_Wall.SM_Lamp_Wall
[2015.04.24-17.54.30:515][  0]LogTexture:Display: Building textures: T_Metal_Rust_D (AutoDXT)
[2015.04.24-17.54.43:542][  0]LogMaterial: Missing cached shader map for material M_Metal_Rust, compiling. 
[2015.04.24-17.54.43:718][  0]LogTexture:Display: Building textures: T_Chair_M (AutoDXT)
[2015.04.24-17.54.47:501][  0]LogTexture:Display: Building textures: T_Chair_N (BC5)
[2015.04.24-17.54.48:606][  0]LogMaterial: Missing cached shader map for material M_Chair, compiling. 
[2015.04.24-17.54.48:621][  0]LogStaticMesh: Building static mesh SM_Couch...
[2015.04.24-17.54.48:648][  0]LogStaticMesh: Built static mesh [26.672365ms] /Game/StarterContent/Props/SM_Couch.SM_Couch
[2015.04.24-17.54.48:777][  0]LogTexture:Display: Building textures: HQ_Lightmap0_1 (AutoDXT)
[2015.04.24-17.54.49:007][  0]LogTexture:Display: Building textures: HQ_Lightmap1_2 (AutoDXT)
[2015.04.24-17.54.49:067][  0]LogTexture:Display: Building textures: HQ_Lightmap1_3 (AutoDXT)
[2015.04.24-17.54.49:087][  0]LogTexture:Display: Building textures: LQ_Lightmap_0_1 (DXT1)
[2015.04.24-17.54.49:257][  0]LogTexture:Display: Building textures: LQ_Lightmap_1_2 (DXT1)
[2015.04.24-17.54.49:293][  0]LogTexture:Display: Building textures: LQ_Lightmap_1_3 (DXT1)
[2015.04.24-17.54.49:310][  0]LogTexture:Display: Building textures: ShadowMapTexture2D_0 (BGRA8)
[2015.04.24-17.54.49:338][  0]LogTexture:Display: Building textures: ShadowMapTexture2D_1 (BGRA8)
[2015.04.24-17.54.49:401][  0]LogPhysics:Warning: PHYSX: ..\..\PhysXExtensions\src\ExtRigidBodyExt.cpp (234) 4 : computeMassAndInertia: Dynamic actor with illegal collision shapes
[2015.04.24-17.54.49:401][  0]LogPhysics:Warning: PHYSX: ..\..\PhysXExtensions\src\ExtRigidBodyExt.cpp (283) 4 : PxRigidBodyExt::updateMassAndInertia: Mass and inertia computation failed, setting mass to 1 and inertia to (1,1,1)
[2015.04.24-17.54.49:402][  0]LogPhysics:Warning: PHYSX: ..\..\PhysXExtensions\src\ExtRigidBodyExt.cpp (234) 4 : computeMassAndInertia: Dynamic actor with illegal collision shapes
[2015.04.24-17.54.49:402][  0]LogPhysics:Warning: PHYSX: ..\..\PhysXExtensions\src\ExtRigidBodyExt.cpp (283) 4 : PxRigidBodyExt::updateMassAndInertia: Mass and inertia computation failed, setting mass to 1 and inertia to (1,1,1)
[2015.04.24-17.54.49:403][  0]LogPhysics:Warning: PHYSX: ..\..\PhysXExtensions\src\ExtRigidBodyExt.cpp (234) 4 : computeMassAndInertia: Dynamic actor with illegal collision shapes
[2015.04.24-17.54.49:403][  0]LogPhysics:Warning: PHYSX: ..\..\PhysXExtensions\src\ExtRigidBodyExt.cpp (283) 4 : PxRigidBodyExt::updateMassAndInertia: Mass and inertia computation failed, setting mass to 1 and inertia to (1,1,1)
[2015.04.24-17.54.49:404][  0]LogPhysics:Warning: PHYSX: ..\..\PhysXExtensions\src\ExtRigidBodyExt.cpp (234) 4 : computeMassAndInertia: Dynamic actor with illegal collision shapes
[2015.04.24-17.54.49:404][  0]LogPhysics:Warning: PHYSX: ..\..\PhysXExtensions\src\ExtRigidBodyExt.cpp (283) 4 : PxRigidBodyExt::updateMassAndInertia: Mass and inertia computation failed, setting mass to 1 and inertia to (1,1,1)
[2015.04.24-17.54.49:482][  0]LogPhysics:Warning: PHYSX: ..\..\PhysXExtensions\src\ExtRigidBodyExt.cpp (234) 4 : computeMassAndInertia: Dynamic actor with illegal collision shapes
[2015.04.24-17.54.49:482][  0]LogPhysics:Warning: PHYSX: ..\..\PhysXExtensions\src\ExtRigidBodyExt.cpp (283) 4 : PxRigidBodyExt::updateMassAndInertia: Mass and inertia computation failed, setting mass to 1 and inertia to (1,1,1)
[2015.04.24-17.54.49:484][  0]LogPhysics:Warning: PHYSX: ..\..\PhysXExtensions\src\ExtRigidBodyExt.cpp (234) 4 : computeMassAndInertia: Dynamic actor with illegal collision shapes
[2015.04.24-17.54.49:484][  0]LogPhysics:Warning: PHYSX: ..\..\PhysXExtensions\src\ExtRigidBodyExt.cpp (283) 4 : PxRigidBodyExt::updateMassAndInertia: Mass and inertia computation failed, setting mass to 1 and inertia to (1,1,1)
[2015.04.24-17.54.49:485][  0]LogPhysics:Warning: PHYSX: ..\..\PhysXExtensions\src\ExtRigidBodyExt.cpp (234) 4 : computeMassAndInertia: Dynamic actor with illegal collision shapes
[2015.04.24-17.54.49:485][  0]LogPhysics:Warning: PHYSX: ..\..\PhysXExtensions\src\ExtRigidBodyExt.cpp (283) 4 : PxRigidBodyExt::updateMassAndInertia: Mass and inertia computation failed, setting mass to 1 and inertia to (1,1,1)
[2015.04.24-17.54.49:487][  0]LogPhysics:Warning: PHYSX: ..\..\PhysXExtensions\src\ExtRigidBodyExt.cpp (234) 4 : computeMassAndInertia: Dynamic actor with illegal collision shapes
[2015.04.24-17.54.49:487][  0]LogPhysics:Warning: PHYSX: ..\..\PhysXExtensions\src\ExtRigidBodyExt.cpp (283) 4 : PxRigidBodyExt::updateMassAndInertia: Mass and inertia computation failed, setting mass to 1 and inertia to (1,1,1)
[2015.04.24-17.54.49:656][  0]LogEditorServer: Finished looking for orphan Actors (0.000 secs)
[2015.04.24-17.54.49:657][  0]LogAIModule: Creating AISystem for world FirstPersonExampleMap
[2015.04.24-17.54.49:658][  0]Cmd: MAP CHECKDEP
[2015.04.24-17.54.49:658][  0]MapCheck: New page: FirstPersonExampleMap - Apr 24, 2015, 3:54:49 AM
[2015.04.24-17.54.49:842][  0]MapCheck: Info Map check complete: 0 Error(s), 0 Warning(s), took 184.159ms to complete.
[2015.04.24-17.54.49:842][  0]LogFileHelpers: Loading map 'FirstPersonExampleMap' took 84.437
[2015.04.24-17.54.50:014][  0]LogCollectionManager: Loaded 0 collections in 0.003108 seconds
[2015.04.24-17.54.50:032][  0]LogContentBrowser: Native class hierarchy populated in 0.0173 seconds. Added 1696 classes and 261 folders.
[2015.04.24-17.54.50:082][  0]LogContentBrowser: Native class hierarchy updated for 'SceneOutliner' in 0.0031 seconds. Added 1 classes and 2 folders.
[2015.04.24-17.54.50:173][  0]LogCrashTracker: Crashtracker disabled due to settings.
[2015.04.24-17.54.50:175][  0]LogSlate:Warning: Failed to load font data from 'Veranda'
[2015.04.24-17.54.50:188][  0]LogUObjectGlobals:Warning: Failed to find object 'Class None.'
[2015.04.24-17.54.50:233][  0]LogLoad: Full Startup: 96.82 seconds (BP compile: 2.62 seconds)
[2015.04.24-17.54.50:666][  0]LogContentBrowser:Verbose: The content browser source was changed by the sources view to '/Game/FirstPersonBP'
[2015.04.24-17.54.51:115][  0]LogRenderer:Warning: Reallocating scene render targets to support 968x464 (Frame:2).
[2015.04.24-17.54.55:871][  9]LogAssetRegistry: Asset discovery search completed in 92.4437 seconds
[2015.04.24-17.57.11:656][872]LogContentBrowser:Verbose: The content browser source was changed by the sources view to '/Game/FirstPersonBP/Animations'
[2015.04.24-17.57.13:963][ 29]LogContentBrowser:Verbose: The content browser source was changed by the sources view to '/Game/FirstPersonBP/Items'
[2015.04.24-17.57.36:378][523]LogEditorViewport: Clicking on Actor (context menu): BP_Sky_Sphere_C (SkySphereBlueprint)
[2015.04.24-17.57.36:471][523]LogEditorViewport: Clicking on Component (context menu): StaticMeshComponent (Sky Sphere mesh)
[2015.04.24-17.57.36:524][523]LogEditorViewport: Clicking on Component (context menu): StaticMeshComponent (Sky Sphere mesh)
[2015.04.24-17.57.36:690][524]LogEditorViewport: Clicking on Component (context menu): StaticMeshComponent (Sky Sphere mesh)
[2015.04.24-17.57.36:825][524]LogEditorViewport: Clicking on Component (context menu): StaticMeshComponent (Sky Sphere mesh)
[2015.04.24-17.57.37:648][593]LogEditorViewport: Clicking on Component (context menu): StaticMeshComponent (Sky Sphere mesh)
[2015.04.24-17.57.38:321][649]LogEditorViewport: Clicking on Component (context menu): StaticMeshComponent (Sky Sphere mesh)
[2015.04.24-17.57.39:082][710]LogEditorViewport: Clicking on Actor (LMB): LightmassImportanceVolume (LightmassImportanceVolume)
[2015.04.24-17.57.56:475][852]BlueprintLog: New page: Pre-PIE auto-recompile
[2015.04.24-17.57.56:475][852]LogPlayLevel: [PIE] Compiling FirstPersonExampleMap before PIE...
[2015.04.24-17.57.56:659][852]LogPlayLevel: PIE:  Blueprint regeneration took 184 ms (1 blueprints)
[2015.04.24-17.57.56:659][852]PIE: New page: PIE session: FirstPersonExampleMap (Apr 24, 2015, 3:57:56 AM)
[2015.04.24-17.57.56:677][852]LogBlueprint:Warning: FMemberReference::ResolveMember (K2_GetActorLocation) bSelfContext == true, but no scope supplied!
[2015.04.24-17.57.56:677][852]LogBlueprint:Warning: FMemberReference::ResolveMember (K2_GetActorLocation) bSelfContext == true, but no scope supplied!
[2015.04.24-17.57.56:677][852]LogBlueprint:Warning: FMemberReference::ResolveMember (K2_GetActorRotation) bSelfContext == true, but no scope supplied!
[2015.04.24-17.57.56:677][852]LogBlueprint:Warning: FMemberReference::ResolveMember (K2_GetActorRotation) bSelfContext == true, but no scope supplied!
[2015.04.24-17.57.56:684][852]LogPlayLevel: PIE: StaticDuplicateObject took: (0.023845s)
[2015.04.24-17.57.56:684][852]LogPlayLevel: PIE: World Init took: (0.000538s)
[2015.04.24-17.57.56:684][852]LogPlayLevel: PIE: Created PIE world by copying editor world from /Game/FirstPersonBP/Maps/FirstPersonExampleMap.FirstPersonExampleMap to /Game/FirstPersonBP/Maps/UEDPIE_0_FirstPersonExampleMap.FirstPersonExampleMap (0.024581s)
[2015.04.24-17.57.56:875][852]LogWorld: Game class is 'FirstPersonGameMode_C'
[2015.04.24-17.57.56:877][852]LogAIModule: Creating AISystem for world FirstPersonExampleMap
[2015.04.24-17.57.56:885][852]LogPhysics:Warning: PHYSX: ..\..\PhysXExtensions\src\ExtRigidBodyExt.cpp (234) 4 : computeMassAndInertia: Dynamic actor with illegal collision shapes
[2015.04.24-17.57.56:885][852]LogPhysics:Warning: PHYSX: ..\..\PhysXExtensions\src\ExtRigidBodyExt.cpp (283) 4 : PxRigidBodyExt::updateMassAndInertia: Mass and inertia computation failed, setting mass to 1 and inertia to (1,1,1)
[2015.04.24-17.57.56:886][852]LogPhysics:Warning: PHYSX: ..\..\PhysXExtensions\src\ExtRigidBodyExt.cpp (234) 4 : computeMassAndInertia: Dynamic actor with illegal collision shapes
[2015.04.24-17.57.56:886][852]LogPhysics:Warning: PHYSX: ..\..\PhysXExtensions\src\ExtRigidBodyExt.cpp (283) 4 : PxRigidBodyExt::updateMassAndInertia: Mass and inertia computation failed, setting mass to 1 and inertia to (1,1,1)
[2015.04.24-17.57.56:886][852]LogPhysics:Warning: PHYSX: ..\..\PhysXExtensions\src\ExtRigidBodyExt.cpp (234) 4 : computeMassAndInertia: Dynamic actor with illegal collision shapes
[2015.04.24-17.57.56:886][852]LogPhysics:Warning: PHYSX: ..\..\PhysXExtensions\src\ExtRigidBodyExt.cpp (283) 4 : PxRigidBodyExt::updateMassAndInertia: Mass and inertia computation failed, setting mass to 1 and inertia to (1,1,1)
[2015.04.24-17.57.56:886][852]LogPhysics:Warning: PHYSX: ..\..\PhysXExtensions\src\ExtRigidBodyExt.cpp (234) 4 : computeMassAndInertia: Dynamic actor with illegal collision shapes
[2015.04.24-17.57.56:886][852]LogPhysics:Warning: PHYSX: ..\..\PhysXExtensions\src\ExtRigidBodyExt.cpp (283) 4 : PxRigidBodyExt::updateMassAndInertia: Mass and inertia computation failed, setting mass to 1 and inertia to (1,1,1)
[2015.04.24-17.57.56:893][852]LogWorld:Warning: *** WARNING - PATHS MAY NOT BE VALID ***
[2015.04.24-17.57.56:893][852]LogWorld: Bringing World /Game/FirstPersonBP/Maps/UEDPIE_0_FirstPersonExampleMap.FirstPersonExampleMap up for play (max tick rate 0) at 2015.04.24-10.57.56
[2015.04.24-17.57.56:897][852]LogWorld: Bringing up level for play took: 0.019678
[2015.04.24-17.57.56:900][852]PIE: Info Play in editor start time for /Game/FirstPersonBP/Maps/UEDPIE_0_FirstPersonExampleMap 0.322
[2015.04.24-17.57.56:914][852]LogBlueprintUserMessages: Next patrol point:0
[2015.04.24-17.58.07:273][569]LogBlueprintUserMessages: Next patrol point:1
[2015.04.24-17.58.19:067][469]LogBlueprintUserMessages: Next patrol point:2
[2015.04.24-17.58.24:298][866]LogPhysics:Warning: PHYSX: ..\..\PhysXExtensions\src\ExtRigidBodyExt.cpp (234) 4 : computeMassAndInertia: Dynamic actor with illegal collision shapes
[2015.04.24-17.58.24:298][866]LogPhysics:Warning: PHYSX: ..\..\PhysXExtensions\src\ExtRigidBodyExt.cpp (283) 4 : PxRigidBodyExt::updateMassAndInertia: Mass and inertia computation failed, setting mass to 1 and inertia to (1,1,1)
[2015.04.24-17.58.28:534][191]LogBlueprintUserMessages: Next patrol point:3
[2015.04.24-17.58.29:816][293]LogPhysics:Warning: PHYSX: ..\..\PhysXExtensions\src\ExtRigidBodyExt.cpp (234) 4 : computeMassAndInertia: Dynamic actor with illegal collision shapes
[2015.04.24-17.58.29:816][293]LogPhysics:Warning: PHYSX: ..\..\PhysXExtensions\src\ExtRigidBodyExt.cpp (283) 4 : PxRigidBodyExt::updateMassAndInertia: Mass and inertia computation failed, setting mass to 1 and inertia to (1,1,1)
[2015.04.24-17.58.30:884][378]LogPhysics:Warning: PHYSX: ..\..\PhysXExtensions\src\ExtRigidBodyExt.cpp (234) 4 : computeMassAndInertia: Dynamic actor with illegal collision shapes
[2015.04.24-17.58.30:884][378]LogPhysics:Warning: PHYSX: ..\..\PhysXExtensions\src\ExtRigidBodyExt.cpp (283) 4 : PxRigidBodyExt::updateMassAndInertia: Mass and inertia computation failed, setting mass to 1 and inertia to (1,1,1)
[2015.04.24-17.58.33:086][554]LogPhysics:Warning: PHYSX: ..\..\PhysXExtensions\src\ExtRigidBodyExt.cpp (234) 4 : computeMassAndInertia: Dynamic actor with illegal collision shapes
[2015.04.24-17.58.33:086][554]LogPhysics:Warning: PHYSX: ..\..\PhysXExtensions\src\ExtRigidBodyExt.cpp (283) 4 : PxRigidBodyExt::updateMassAndInertia: Mass and inertia computation failed, setting mass to 1 and inertia to (1,1,1)
[2015.04.24-17.58.34:356][656]LogPhysics:Warning: PHYSX: ..\..\PhysXExtensions\src\ExtRigidBodyExt.cpp (234) 4 : computeMassAndInertia: Dynamic actor with illegal collision shapes
[2015.04.24-17.58.34:356][656]LogPhysics:Warning: PHYSX: ..\..\PhysXExtensions\src\ExtRigidBodyExt.cpp (283) 4 : PxRigidBodyExt::updateMassAndInertia: Mass and inertia computation failed, setting mass to 1 and inertia to (1,1,1)
[2015.04.24-17.58.36:665][840]LogPhysics:Warning: PHYSX: ..\..\PhysXExtensions\src\ExtRigidBodyExt.cpp (234) 4 : computeMassAndInertia: Dynamic actor with illegal collision shapes
[2015.04.24-17.58.36:665][840]LogPhysics:Warning: PHYSX: ..\..\PhysXExtensions\src\ExtRigidBodyExt.cpp (283) 4 : PxRigidBodyExt::updateMassAndInertia: Mass and inertia computation failed, setting mass to 1 and inertia to (1,1,1)
[2015.04.24-17.58.39:164][ 37]LogBlueprintUserMessages: Next patrol point:3
[2015.04.24-17.58.40:235][107]LogBehaviorTree:Warning: OnCeaseRelevant called on Blueprint service None with invalid owner.  OwnerComponent: BTComponent, OwnerComponent Owner: AICON_C_0.  OwnerComponent has BeginDestroyed flag
[2015.04.24-17.58.40:276][108]LogParticles: Destroying 0 GPU particle simulations for FXSystem 0x0000009DF791ACA0
[2015.04.24-17.58.43:811][330]Cmd: QUIT_EDITOR
[2015.04.24-17.58.44:055][330]LogExit: Preparing to exit.
[2015.04.24-17.58.44:757][330]LogExit: Editor shut down
[2015.04.24-17.58.44:758][330]LogExit: Transaction tracking system shut down
[2015.04.24-17.58.44:759][330]LogParticles: Destroying 0 GPU particle simulations for FXSystem 0x0000009DF7422340
[2015.04.24-17.58.44:760][330]LogParticles: Destroying 0 GPU particle simulations for FXSystem 0x0000009DFCC8C0E0
[2015.04.24-17.58.44:760][330]LogParticles: Destroying 0 GPU particle simulations for FXSystem 0x0000009DFCC8EF20
[2015.04.24-17.58.44:760][330]LogParticles: Destroying 0 GPU particle simulations for FXSystem 0x0000009DF1C47100
[2015.04.24-17.58.44:760][330]LogParticles: Destroying 0 GPU particle simulations for FXSystem 0x0000009DF76BFD80
[2015.04.24-17.58.44:834][330]LogExit: Object subsystem successfully closed.
[2015.04.24-17.58.44:881][330]LogModuleManager: Shutting down and abandoning module CrashTracker (177)
[2015.04.24-17.58.44:881][330]LogModuleManager: Shutting down and abandoning module SuperSearch (176)
[2015.04.24-17.58.44:881][330]LogModuleManager: Shutting down and abandoning module SceneOutliner (175)
[2015.04.24-17.58.44:881][330]LogModuleManager: Shutting down and abandoning module EditorWidgets (174)
[2015.04.24-17.58.44:881][330]LogModuleManager: Shutting down and abandoning module CollectionManager (173)
[2015.04.24-17.58.44:881][330]LogModuleManager: Shutting down and abandoning module StatsViewer (172)
[2015.04.24-17.58.44:881][330]LogModuleManager: Shutting down and abandoning module FoliageEdit (171)
[2015.04.24-17.58.44:881][330]LogModuleManager: Shutting down and abandoning module LandscapeEditor (170)
[2015.04.24-17.58.44:881][330]LogModuleManager: Shutting down and abandoning module MeshPaint (169)
[2015.04.24-17.58.44:881][330]LogModuleManager: Shutting down and abandoning module ActorPickerMode (168)
[2015.04.24-17.58.44:881][330]LogModuleManager: Shutting down and abandoning module GeometryMode (167)
[2015.04.24-17.58.44:881][330]LogModuleManager: Shutting down and abandoning module TextureAlignMode (166)
[2015.04.24-17.58.44:881][330]LogModuleManager: Shutting down and abandoning module BspMode (165)
[2015.04.24-17.58.44:881][330]LogModuleManager: Shutting down and abandoning module PlacementMode (164)
[2015.04.24-17.58.44:881][330]LogModuleManager: Shutting down and abandoning module AutomationWorker (163)
[2015.04.24-17.58.44:881][330]LogModuleManager: Shutting down and abandoning module CharacterAI (162)
[2015.04.24-17.58.44:881][330]LogModuleManager: Shutting down and abandoning module SmartSnapping (161)
[2015.04.24-17.58.44:881][330]LogModuleManager: Shutting down and abandoning module ViewportSnapping (160)
[2015.04.24-17.58.44:881][330]LogModuleManager: Shutting down and abandoning module LogVisualizer (159)
[2015.04.24-17.58.44:881][330]LogModuleManager: Shutting down and abandoning module GameProjectGeneration (158)
[2015.04.24-17.58.44:881][330]LogModuleManager: Shutting down and abandoning module IntroTutorials (157)
[2015.04.24-17.58.44:881][330]LogModuleManager: Shutting down and abandoning module EditorLiveStreaming (156)
[2015.04.24-17.58.44:881][330]LogModuleManager: Shutting down and abandoning module HardwareTargeting (155)
[2015.04.24-17.58.44:881][330]LogModuleManager: Shutting down and abandoning module DeviceProfileEditor (154)
[2015.04.24-17.58.44:881][330]LogModuleManager: Shutting down and abandoning module UndoHistory (153)
[2015.04.24-17.58.44:881][330]LogModuleManager: Shutting down and abandoning module GameplayTagsEditor (152)
[2015.04.24-17.58.44:881][330]LogModuleManager: Shutting down and abandoning module UserFeedback (151)
[2015.04.24-17.58.44:881][330]LogModuleManager: Shutting down and abandoning module XmlParser (150)
[2015.04.24-17.58.44:881][330]LogModuleManager: Shutting down and abandoning module Blutility (149)
[2015.04.24-17.58.44:881][330]LogModuleManager: Shutting down and abandoning module IOSPlatformEditor (148)
[2015.04.24-17.58.44:881][330]LogModuleManager: Shutting down and abandoning module IOSRuntimeSettings (147)
[2015.04.24-17.58.44:881][330]LogModuleManager: Shutting down and abandoning module AndroidDeviceDetection (146)
[2015.04.24-17.58.44:907][330]LogModuleManager: Shutting down and abandoning module AndroidPlatformEditor (145)
[2015.04.24-17.58.44:907][330]LogModuleManager: Shutting down and abandoning module AndroidRuntimeSettings (144)
[2015.04.24-17.58.44:907][330]LogModuleManager: Shutting down and abandoning module ProjectTargetPlatformEditor (143)
[2015.04.24-17.58.44:907][330]LogModuleManager: Shutting down and abandoning module ProjectSettingsViewer (142)
[2015.04.24-17.58.44:907][330]LogModuleManager: Shutting down and abandoning module InputBindingEditor (141)
[2015.04.24-17.58.44:907][330]LogModuleManager: Shutting down and abandoning module EditorSettingsViewer (140)
[2015.04.24-17.58.44:907][330]LogModuleManager: Shutting down and abandoning module SettingsEditor (139)
[2015.04.24-17.58.44:907][330]LogModuleManager: Shutting down and abandoning module ProjectLauncher (138)
[2015.04.24-17.58.44:907][330]LogModuleManager: Shutting down and abandoning module SessionFrontend (137)
[2015.04.24-17.58.44:907][330]LogModuleManager: Shutting down and abandoning module ProfilerClient (136)
[2015.04.24-17.58.44:907][330]LogModuleManager: Shutting down and abandoning module TargetDeviceServices (135)
[2015.04.24-17.58.44:907][330]LogModuleManager: Shutting down and abandoning module DeviceManager (134)
[2015.04.24-17.58.44:907][330]LogModuleManager: Shutting down and abandoning module AutomationController (133)
[2015.04.24-17.58.44:907][330]LogModuleManager: Shutting down and abandoning module AutomationWindow (132)
[2015.04.24-17.58.44:907][330]LogModuleManager: Shutting down and abandoning module Layers (131)
[2015.04.24-17.58.44:907][330]LogModuleManager: Shutting down and abandoning module ComponentVisualizers (130)
[2015.04.24-17.58.44:907][330]LogModuleManager: Shutting down and abandoning module DetailCustomizations (129)
[2015.04.24-17.58.44:907][330]LogModuleManager: Shutting down and abandoning module PackagesDialog (128)
[2015.04.24-17.58.44:907][330]LogModuleManager: Shutting down and abandoning module AssetRegistry (127)
[2015.04.24-17.58.44:970][330]LogModuleManager: Shutting down and abandoning module Persona (126)
[2015.04.24-17.58.44:970][330]LogModuleManager: Shutting down and abandoning module SlateReflector (125)
[2015.04.24-17.58.44:970][330]LogModuleManager: Shutting down and abandoning module LevelEditor (124)
[2015.04.24-17.58.44:971][330]LogModuleManager: Shutting down and abandoning module Kismet (123)
[2015.04.24-17.58.44:971][330]LogModuleManager: Shutting down and abandoning module GraphEditor (122)
[2015.04.24-17.58.44:971][330]LogModuleManager: Shutting down and abandoning module ClassViewer (121)
[2015.04.24-17.58.44:971][330]LogModuleManager: Shutting down and abandoning module Toolbox (120)
[2015.04.24-17.58.44:971][330]LogModuleManager: Shutting down and abandoning module ModuleUI (119)
[2015.04.24-17.58.44:971][330]LogModuleManager: Shutting down and abandoning module MovieSceneTools (118)
[2015.04.24-17.58.44:971][330]LogModuleManager: Shutting down and abandoning module OutputLog (117)
[2015.04.24-17.58.44:971][330]LogModuleManager: Shutting down and abandoning module GammaUI (116)
[2015.04.24-17.58.44:971][330]LogModuleManager: Shutting down and abandoning module Documentation (115)
[2015.04.24-17.58.44:971][330]LogModuleManager: Shutting down and abandoning module GameLiveStreaming (114)
[2015.04.24-17.58.44:972][330]LogModuleManager: Shutting down and abandoning module StreamingPauseRendering (113)
[2015.04.24-17.58.44:972][330]LogModuleManager: Shutting down and abandoning module HTTP (112)
[2015.04.24-17.58.44:972][330]LogModuleManager: Shutting down and abandoning module AnalyticsET (111)
[2015.04.24-17.58.44:972][330]LogModuleManager: Shutting down and abandoning module Analytics (110)
[2015.04.24-17.58.44:972][330]LogModuleManager: Shutting down and abandoning module AITestSuite (109)
[2015.04.24-17.58.44:972][330]LogModuleManager: Shutting down and abandoning module GameplayDebugger (108)
[2015.04.24-17.58.44:972][330]LogModuleManager: Shutting down and abandoning module AIModule (107)
[2015.04.24-17.58.44:972][330]LogModuleManager: Shutting down and abandoning module ProfilerService (106)
[2015.04.24-17.58.44:992][330]LogModuleManager: Shutting down and abandoning module TaskGraph (105)
[2015.04.24-17.58.44:992][330]LogModuleManager: Shutting down and abandoning module SlateRemote (104)
[2015.04.24-17.58.44:992][330]LogModuleManager: Shutting down and abandoning module ScriptEditorPlugin (103)
[2015.04.24-17.58.44:992][330]LogModuleManager: Shutting down and abandoning module CustomMeshComponent (102)
[2015.04.24-17.58.44:992][330]LogModuleManager: Shutting down and abandoning module CableComponent (101)
[2015.04.24-17.58.44:992][330]LogModuleManager: Shutting down and abandoning module MessagingDebugger (100)
[2015.04.24-17.58.44:992][330]LogModuleManager: Shutting down and abandoning module MediaPlayerEditor (99)
[2015.04.24-17.58.44:992][330]LogModuleManager: Shutting down and abandoning module SpeedTreeImporter (98)
[2015.04.24-17.58.44:992][330]LogModuleManager: Shutting down and abandoning module PluginsEditor (97)
[2015.04.24-17.58.44:992][330]LogModuleManager: Shutting down and abandoning module MainFrame (96)
[2015.04.24-17.58.44:992][330]LogModuleManager: Shutting down and abandoning module EpicSurvey (95)
[2015.04.24-17.58.44:992][330]LogModuleManager: Shutting down and abandoning module DesktopPlatform (94)
[2015.04.24-17.58.44:992][330]LogModuleManager: Shutting down and abandoning module DirectoryWatcher (93)
[2015.04.24-17.58.44:992][330]LogModuleManager: Shutting down and abandoning module HotReload (92)
[2015.04.24-17.58.44:992][330]LogModuleManager: Shutting down and abandoning module VisualStudioSourceCodeAccess (91)
[2015.04.24-17.58.44:992][330]LogModuleManager: Shutting down and abandoning module UObjectPlugin (90)
[2015.04.24-17.58.44:992][330]LogModuleManager: Shutting down and abandoning module SubversionSourceControl (89)
[2015.04.24-17.58.44:992][330]LogModuleManager: Shutting down and abandoning module PerforceSourceControl (88)
[2015.04.24-17.58.44:992][330]LogModuleManager: Shutting down and abandoning module SourceControl (87)
[2015.04.24-17.58.44:992][330]LogModuleManager: Shutting down and abandoning module GitSourceControl (86)
[2015.04.24-17.58.44:992][330]LogModuleManager: Shutting down and abandoning module BlankPlugin (85)
[2015.04.24-17.58.44:992][330]LogModuleManager: Shutting down and abandoning module PaperTiledImporter (84)
[2015.04.24-17.58.44:992][330]LogModuleManager: Shutting down and abandoning module PaperJsonImporter (83)
[2015.04.24-17.58.44:992][330]LogModuleManager: Shutting down and abandoning module ContentBrowser (82)
[2015.04.24-17.58.44:993][330]LogModuleManager: Shutting down and abandoning module Paper2DEditor (81)
[2015.04.24-17.58.44:993][330]LogModuleManager: Shutting down and abandoning module ScriptPlugin (80)
[2015.04.24-17.58.44:993][330]LogModuleManager: Shutting down and abandoning module UdpMessaging (79)
[2015.04.24-17.58.45:094][330]LogModuleManager: Shutting down and abandoning module Paper2D (78)
[2015.04.24-17.58.45:094][330]LogModuleManager: Shutting down and abandoning module WindowsMoviePlayer (77)
[2015.04.24-17.58.45:099][330]LogModuleManager: Shutting down and abandoning module Media (76)
[2015.04.24-17.58.45:099][330]LogModuleManager: Shutting down and abandoning module WmfMedia (75)
[2015.04.24-17.58.45:099][330]LogModuleManager: Shutting down and abandoning module OnlineBlueprintSupport (74)
[2015.04.24-17.58.45:099][330]LogModuleManager: Shutting down and abandoning module PropertyEditor (73)
[2015.04.24-17.58.45:099][330]LogModuleManager: Shutting down and abandoning module BehaviorTreeEditor (72)
[2015.04.24-17.58.45:099][330]LogModuleManager: Shutting down and abandoning module FunctionalTesting (71)
[2015.04.24-17.58.45:099][330]LogModuleManager: Shutting down and abandoning module CollisionAnalyzer (70)
[2015.04.24-17.58.45:099][330]LogModuleManager: Shutting down and abandoning module WorkspaceMenuStructure (69)
[2015.04.24-17.58.45:099][330]LogModuleManager: Shutting down and abandoning module MessageLog (68)
[2015.04.24-17.58.45:099][330]LogModuleManager: Shutting down and abandoning module Sequencer (67)
[2015.04.24-17.58.45:099][330]LogModuleManager: Shutting down and abandoning module AssetTools (66)
[2015.04.24-17.58.45:099][330]LogModuleManager: Shutting down and abandoning module UMGEditor (65)
[2015.04.24-17.58.45:099][330]LogModuleManager: Shutting down and abandoning module UMG (64)
[2015.04.24-17.58.45:099][330]LogModuleManager: Shutting down and abandoning module Slate (63)
[2015.04.24-17.58.45:099][330]LogModuleManager: Shutting down and abandoning module EditorStyle (62)
[2015.04.24-17.58.45:104][330]LogModuleManager: Shutting down and abandoning module SessionServices (61)
[2015.04.24-17.58.45:104][330]LogModuleManager: Shutting down and abandoning module SourceCodeAccess (60)
[2015.04.24-17.58.45:104][330]LogModuleManager: Shutting down and abandoning module HeadMountedDisplay (59)
[2015.04.24-17.58.45:104][330]LogModuleManager: Shutting down and abandoning module XAudio2 (58)
[2015.04.24-17.58.45:104][330]LogModuleManager: Shutting down and abandoning module Networking (56)
[2015.04.24-17.58.45:104][330]LogModuleManager: Shutting down and abandoning module Core (55)
[2015.04.24-17.58.45:104][330]LogModuleManager: Shutting down and abandoning module KismetCompiler (54)
[2015.04.24-17.58.45:104][330]LogModuleManager: Shutting down and abandoning module PhysXFormats (53)
[2015.04.24-17.58.45:104][330]LogModuleManager: Shutting down and abandoning module MeshUtilities (52)
[2015.04.24-17.58.45:104][330]LogModuleManager: Shutting down and abandoning module DerivedDataCache (51)
[2015.04.24-17.58.45:135][330]LogDerivedDataCache: Shutdown
[2015.04.24-17.58.45:135][330]LogModuleManager: Shutting down and abandoning module ShaderFormatOpenGL (50)
[2015.04.24-17.58.45:135][330]LogModuleManager: Shutting down and abandoning module ShaderFormatD3D (49)
[2015.04.24-17.58.45:135][330]LogModuleManager: Shutting down and abandoning module MetalShaderFormat (48)
[2015.04.24-17.58.45:135][330]LogModuleManager: Shutting down and abandoning module TextureFormatUncompressed (47)
[2015.04.24-17.58.45:135][330]LogModuleManager: Shutting down and abandoning module TextureFormatPVR (46)
[2015.04.24-17.58.45:135][330]LogModuleManager: Shutting down and abandoning module TextureFormatIntelISPCTexComp (45)
[2015.04.24-17.58.45:135][330]LogModuleManager: Shutting down and abandoning module TextureFormatDXT (44)
[2015.04.24-17.58.45:135][330]LogModuleManager: Shutting down and abandoning module ImageWrapper (43)
[2015.04.24-17.58.45:135][330]LogModuleManager: Shutting down and abandoning module TextureFormatASTC (42)
[2015.04.24-17.58.45:135][330]LogModuleManager: Shutting down and abandoning module TextureFormatAndroid (41)
[2015.04.24-17.58.45:135][330]LogModuleManager: Shutting down and abandoning module AudioFormatOpus (40)
[2015.04.24-17.58.45:135][330]LogModuleManager: Shutting down and abandoning module AudioFormatOgg (39)
[2015.04.24-17.58.45:135][330]LogModuleManager: Shutting down and abandoning module AudioFormatADPCM (38)
[2015.04.24-17.58.45:135][330]LogModuleManager: Shutting down and abandoning module LinuxTargetPlatform (37)
[2015.04.24-17.58.45:135][330]LogModuleManager: Shutting down and abandoning module LinuxServerTargetPlatform (36)
[2015.04.24-17.58.45:135][330]LogModuleManager: Shutting down and abandoning module LinuxNoEditorTargetPlatform (35)
[2015.04.24-17.58.45:135][330]LogModuleManager: Shutting down and abandoning module Messaging (34)
[2015.04.24-17.58.45:135][330]LogModuleManager: Shutting down and abandoning module IOSTargetPlatform (33)
[2015.04.24-17.58.45:135][330]LogModuleManager: Shutting down and abandoning module HTML5TargetPlatform (32)
[2015.04.24-17.58.45:135][330]LogModuleManager: Shutting down and abandoning module Android_PVRTCTargetPlatform (31)
[2015.04.24-17.58.45:135][330]LogModuleManager: Shutting down and abandoning module Android_ETC2TargetPlatform (30)
[2015.04.24-17.58.45:135][330]LogModuleManager: Shutting down and abandoning module Android_ETC1TargetPlatform (29)
[2015.04.24-17.58.45:135][330]LogModuleManager: Shutting down and abandoning module Android_ES31TargetPlatform (28)
[2015.04.24-17.58.45:135][330]LogModuleManager: Shutting down and abandoning module Android_DXTTargetPlatform (27)
[2015.04.24-17.58.45:135][330]LogModuleManager: Shutting down and abandoning module Android_ATCTargetPlatform (26)
[2015.04.24-17.58.45:135][330]LogModuleManager: Shutting down and abandoning module AndroidTargetPlatform (25)
[2015.04.24-17.58.45:135][330]LogModuleManager: Shutting down and abandoning module WindowsTargetPlatform (24)
[2015.04.24-17.58.45:135][330]LogModuleManager: Shutting down and abandoning module WindowsServerTargetPlatform (23)
[2015.04.24-17.58.45:135][330]LogModuleManager: Shutting down and abandoning module WindowsNoEditorTargetPlatform (22)
[2015.04.24-17.58.45:135][330]LogModuleManager: Shutting down and abandoning module WindowsClientTargetPlatform (21)
[2015.04.24-17.58.45:135][330]LogModuleManager: Shutting down and abandoning module TargetPlatform (20)
[2015.04.24-17.58.45:135][330]LogModuleManager: Shutting down and abandoning module InputCore (19)
[2015.04.24-17.58.45:135][330]LogModuleManager: Shutting down and abandoning module Settings (18)
[2015.04.24-17.58.45:135][330]LogModuleManager: Shutting down and abandoning module OnlineSubsystem (16)
[2015.04.24-17.58.45:135][330]LogModuleManager: Shutting down and abandoning module OculusRift (15)
[2015.04.24-17.58.45:135][330]LogModuleManager: Shutting down and abandoning module ExampleDeviceProfileSelector (14)
[2015.04.24-17.58.45:135][330]LogModuleManager: Shutting down and abandoning module TextureCompressor (13)
[2015.04.24-17.58.45:135][330]LogModuleManager: Shutting down and abandoning module ShaderCore (12)
[2015.04.24-17.58.45:135][330]LogModuleManager: Shutting down and abandoning module Landscape (11)
[2015.04.24-17.58.45:135][330]LogModuleManager: Shutting down and abandoning module SlateRHIRenderer (10)
[2015.04.24-17.58.45:137][330]LogModuleManager: Shutting down and abandoning module OpenGLDrv (9)
[2015.04.24-17.58.45:137][330]LogModuleManager: Shutting down and abandoning module D3D11RHI (8)
[2015.04.24-17.58.45:137][330]LogModuleManager: Shutting down and abandoning module Renderer (7)
[2015.04.24-17.58.45:137][330]LogModuleManager: Shutting down and abandoning module Engine (6)
[2015.04.24-17.58.45:137][330]LogModuleManager: Shutting down and abandoning module CoreUObject (5)
[2015.04.24-17.58.45:137][330]LogModuleManager: Shutting down and abandoning module NetworkFile (4)
[2015.04.24-17.58.45:137][330]LogModuleManager: Shutting down and abandoning module StreamingFile (3)
[2015.04.24-17.58.45:137][330]LogModuleManager: Shutting down and abandoning module SandboxFile (2)
[2015.04.24-17.58.45:137][330]LogModuleManager: Shutting down and abandoning module PakFile (1)
[2015.04.24-17.58.45:137][330]LogExit: Exiting.
[2015.04.24-17.58.45:156][330]Log file closed, 04/24/15 10:58:45
