Log file open, 04/14/15 00:17:30
LogInit:Display: Running engine for game: StealthDemo
LogInit: Version: 4.7.5-2503383+++depot+UE4-Releases+4.7
LogInit: API Version: 2455222
LogInit: Compiled (64-bit): Apr  6 2015 23:21:51
LogInit: Compiled with Visual C++: 18.00.21005.01
LogInit: Build Configuration: Development
LogInit: Branch Name: ++depot+UE4-Releases+4.7
LogInit: Command line: 
LogInit: Base directory: C:/Program Files/Epic Games/4.7/Engine/Binaries/Win64/
LogInit: Rocket: 1
[2015.04.14-07.17.30:035][  0]LogTaskGraph: Started task graph with 3 named threads and 4 total threads.
[2015.04.14-07.17.30:075][  0]LogOnline:Warning: No default platform service specified for OnlineSubsystem
[2015.04.14-07.17.30:095][  0]LogInit: Presizing for 0 objects not considered by GC, pre-allocating 0 bytes.
[2015.04.14-07.17.30:114][  0]LogInit: Object subsystem initialized
[2015.04.14-07.17.30:120][  0]LogInit: Selected Device Profile: [Windows]
[2015.04.14-07.17.30:120][  0]LogInit: Applying CVar settings loaded from the selected device profile: [Windows]
[2015.04.14-07.17.30:129][  0]LogInit: Computer: SARAH-PC
[2015.04.14-07.17.30:129][  0]LogInit: User: Sarah
[2015.04.14-07.17.30:129][  0]LogInit: CPU Page size=4096, Cores=2
[2015.04.14-07.17.30:129][  0]LogInit: High frequency timer resolution =2.468271 MHz
[2015.04.14-07.17.30:129][  0]LogMemory: Memory total: Physical=3.7GB (4GB approx) Virtual=8192.0GB
[2015.04.14-07.17.30:129][  0]LogMemory: Platform Memory Stats for Windows
[2015.04.14-07.17.30:129][  0]LogMemory: Process Physical Memory: 46.54 MB used, 46.54 MB peak
[2015.04.14-07.17.30:129][  0]LogMemory: Process Virtual Memory: 25.30 MB used, 25.30 MB peak
[2015.04.14-07.17.30:129][  0]LogMemory: Physical Memory: 2323.70 MB used, 3766.69 MB total
[2015.04.14-07.17.30:129][  0]LogMemory: Virtual Memory: 276.47 MB used, 8388608.00 MB total
[2015.04.14-07.17.30:157][  0]LogD3D11RHI: Found D3D11 adapter 0: AMD Radeon HD 6500M/5600/5700 Series (Feature Level 11_0)
[2015.04.14-07.17.30:157][  0]LogD3D11RHI: Adapter has 1018MB of dedicated video memory, 0MB of dedicated system memory, and 1627MB of shared system memory, 1 output[s]
[2015.04.14-07.17.30:157][  0]LogD3D11RHI: Chosen D3D11 Adapter Id = 0
[2015.04.14-07.17.30:167][  0]LogRHI: Texture pool is 712 MB (70% of 1018 MB)
[2015.04.14-07.17.30:174][  0]LogD3D11RHI: Async texture creation disabled: no driver support
[2015.04.14-07.17.30:245][  0]LogTextLocalizationManager: The requested culture ('en_US') has no localization data; parent culture's ('en') localization data will be used.
[2015.04.14-07.17.30:336][  0]LogTextLocalizationManager:Warning: Loading localization resources contain conflicting entries for (Namespace:UICommands, Key:Save_ToolTip):
Resource: (C:/Program Files/Epic Games/4.7/Engine/Content/Localization/Editor/en/Editor.locres) Hash: (-29098895) String: (Saves the current level to disk)
Resource: (C:/Program Files/Epic Games/4.7/Engine/Content/Localization/Engine/en/Engine.locres) Hash: (-1280300587) String: (Save selected data to vlog file)
[2015.04.14-07.17.30:336][  0]LogTextLocalizationManager:Warning: Loading localization resources contain conflicting entries for (Namespace:ContentBrowser, Key:ImportAssetToolTip):
Resource: (C:/Program Files/Epic Games/4.7/Engine/Content/Localization/Editor/en/Editor.locres) Hash: (-630476809) String: (Import to {0}...)
Resource: (C:/Program Files/Epic Games/4.7/Engine/Content/Localization/Editor/en/Editor.locres) Hash: (1271782899) String: (Imports an asset from file to this folder.)
[2015.04.14-07.17.30:457][  0]LogContentStreaming: Texture pool size is 0.000000MB
[2015.04.14-07.17.34:236][  0]LogTargetPlatformManager:Display: Building Assets For Windows
[2015.04.14-07.17.34:979][  0]LogTargetPlatformManager:Display: Building Assets For Windows
[2015.04.14-07.17.35:065][  0]LogDerivedDataCache:Display: Max Cache Size: 512 MB
[2015.04.14-07.17.35:133][  0]LogDerivedDataCache: Loaded boot cache 0.07s 39MB C:/Users/Sarah/AppData/Local/UnrealEngine/4.7/DerivedDataCache/Boot.ddc.
[2015.04.14-07.17.35:133][  0]LogDerivedDataCache:Display: Loaded Boot cache: C:/Users/Sarah/AppData/Local/UnrealEngine/4.7/DerivedDataCache/Boot.ddc
[2015.04.14-07.17.35:134][  0]LogDerivedDataCache: FDerivedDataBackendGraph:  Pak pak cache file ../../../../../../Users/Sarah/Documents/Unreal Projects/StealthDemo/DerivedDataCache/DDC.ddp not found, will not use a pak cache.
[2015.04.14-07.17.35:134][  0]LogDerivedDataCache: Unable to find inner node Pak for hierarchical cache Hierarchy.
[2015.04.14-07.17.35:326][  0]LogDerivedDataCache:Display: Pak cache opened for reading ../../../Engine/DerivedDataCache/Compressed.ddp.
[2015.04.14-07.17.35:339][  0]LogDerivedDataCache: Using Local data cache path C:/Users/Sarah/AppData/Local/UnrealEngine/Common/DerivedDataCache: Writable
[2015.04.14-07.17.35:840][  0]LogMeshUtilities: No automatic mesh reduction module available
[2015.04.14-07.17.35:840][  0]LogMeshUtilities: No automatic mesh merging module available
[2015.04.14-07.17.36:413][  0]LogInit: WinSock: version 1.1 (2.2), MaxSocks=32767, MaxUdp=65467
[2015.04.14-07.17.36:534][  0]LogSlate:Warning: Failed to load font data from '../../../Engine/Content/Slate/Fonts/Roboto-Italic.ttf'
[2015.04.14-07.17.37:786][  0]UdpMessaging: Initializing bridge on interface 0.0.0.0:0 to multicast group 230.0.0.1:6666.
[2015.04.14-07.17.38:059][  0]SourceControl: Info Source control is disabled
[2015.04.14-07.17.38:059][  0]SourceControl: Info Source control is disabled
[2015.04.14-07.17.38:059][  0]SourceControl: Info Source control is disabled
[2015.04.14-07.17.38:059][  0]LogSourceControl: RunCommandInternalRaw: 'git version'
[2015.04.14-07.17.38:059][  0]LogSourceControl: RunCommandInternalRaw: ExecProcess ReturnCode=2 OutResults=''
[2015.04.14-07.17.38:071][  0]SourceControl: Info Source control is disabled
[2015.04.14-07.17.38:354][  0]LogObj: 24232 objects as part of root set at end of initial load.
[2015.04.14-07.17.38:354][  0]LogUObjectAllocator: 5137176 out of 0 bytes used by permanent object pool.
[2015.04.14-07.17.38:490][  0]LogEngine: Initializing Engine...
[2015.04.14-07.17.40:753][  0]LogInit: XAudio2 using 'Speakers (High Definition Audio Device)' : 2 channels at 44.1 kHz using 16 bits per sample (channel mask 0x3)
[2015.04.14-07.17.40:792][  0]LogInit: FAudioDevice initialized.
[2015.04.14-07.17.40:853][  0]LogAIModule: Creating AISystem for world NewWorld
[2015.04.14-07.17.40:890][  0]LogDerivedDataCache: Saved boot cache 0.04s 39MB C:/Users/Sarah/AppData/Local/UnrealEngine/4.7/DerivedDataCache/Boot.ddc.
[2015.04.14-07.17.40:903][  0]LogInit: Texture streaming: Enabled
[2015.04.14-07.17.41:081][  0]LogAnalytics: Creating configured Analytics provider AnalyticsET
[2015.04.14-07.17.41:081][  0]LogAnalytics: ET APIKey = Rocket.Release. APIServer = http://et2.epicgames.com/ET2/. AppVersion = 4.7.5-2503383+++depot+UE4-Releases+4.7
[2015.04.14-07.17.41:081][  0]LogAnalytics: ET APIKey = Rocket.Release. DataRouterUploadURL = https://datarouter-public-service-gamedev.ol.epicgames.net/datarouter/api/v1/public/data. AppVersion = 4.7.5-2503383+++depot+UE4-Releases+4.7
[2015.04.14-07.17.41:081][  0]LogAnalytics: SetUserId 1b0e80a0407f54f9dd1327bcdeae7dcf|c3f23d2960904fa6b8b19f7502f4e02c|dc4b0d1d-e94e-45a7-9694-42a1147e0cf4
[2015.04.14-07.17.41:081][  0]LogAnalytics: AnalyticsET::StartSession [Rocket.Release]
[2015.04.14-07.17.41:118][  0]LogInit: Transaction tracking system initialized
[2015.04.14-07.17.41:460][  0]BlueprintLog: New page: Editor Load
[2015.04.14-07.17.41:518][  0]LogAssetRegistry: FAssetRegistry took 0.0101 seconds to start up
[2015.04.14-07.17.41:519][  0]LogDirectoryWatcher:Warning: Failed to begin reading directory changes for ../../../Engine/Plugins/Experimental/CharacterAI/Content/. Error: 0
[2015.04.14-07.17.43:008][  0]LogTargetPlatformManager:Display: Building Assets For Windows
[2015.04.14-07.17.44:088][  0]LogTargetPlatformManager:Display: Building Assets For Windows
[2015.04.14-07.17.56:205][  0]LogSlate:Warning: Failed to load font data from '../../../Engine/Content/Editor/Slate/Fonts/Roboto-Regular.ttf'
[2015.04.14-07.17.56:205][  0]LogSlate:Warning: Failed to load font data from '../../../Engine/Content/Editor/Slate/Fonts/Roboto-Bold.ttf'
[2015.04.14-07.17.56:221][  0]LogConsoleResponse:Display: 
[2015.04.14-07.17.56:451][  0]LogCook:Display: Done creating registry. It took  0.00s.
[2015.04.14-07.17.56:700][  0]SourceControl: Info Source control is disabled
[2015.04.14-07.17.56:700][  0]Cmd: MAP LOAD FILE="../../../../../../Users/Sarah/Documents/Unreal Projects/StealthDemo/Content/FirstPersonBP/Maps/FirstPersonExampleMap.umap" TEMPLATE=0 SHOWPROGRESS=1 FEATURELEVEL=3
[2015.04.14-07.17.56:701][  0]LightingResults: New page: Lighting Build
[2015.04.14-07.17.56:718][  0]MapCheck: New page: Map Check
[2015.04.14-07.17.56:719][  0]LightingResults: New page: Lighting Build
[2015.04.14-07.17.56:746][  0]LogParticles: Destroying 0 GPU particle simulations for FXSystem 0x0000000012EEA520
[2015.04.14-07.17.56:760][  0]LogLinker:Warning: Asset '../../../Engine/Content/EngineMeshes/Humanoid.uasset' has been saved with empty engine version. The asset will be loaded but may be incompatible.
[2015.04.14-07.17.59:680][  0]LogAudioDerivedData:Display: Building compressed audio format OGG wave FirstPerson_WeaponFire...
[2015.04.14-07.18.00:228][  0]LogMaterial: Missing cached shader map for material CubeMaterial, compiling. 
[2015.04.14-07.18.00:716][  0]LogTexture:Display: Building textures: HQ_Lightmap0_1 (AutoDXT)
[2015.04.14-07.18.09:142][  0]LogTexture:Display: Building textures: HQ_Lightmap0_2 (AutoDXT)
[2015.04.14-07.18.11:451][  0]LogTexture:Display: Building textures: HQ_Lightmap0_3 (AutoDXT)
[2015.04.14-07.18.13:453][  0]LogTexture:Display: Building textures: HQ_Lightmap0_4 (AutoDXT)
[2015.04.14-07.18.15:419][  0]LogTexture:Display: Building textures: HQ_Lightmap0_5 (AutoDXT)
[2015.04.14-07.18.17:660][  0]LogTexture:Display: Building textures: HQ_Lightmap0_6 (AutoDXT)
[2015.04.14-07.18.19:830][  0]LogTexture:Display: Building textures: HQ_Lightmap0_7 (AutoDXT)
[2015.04.14-07.18.21:481][  0]LogTexture:Display: Building textures: HQ_Lightmap0_8 (AutoDXT)
[2015.04.14-07.18.21:574][  0]LogTexture:Display: Building textures: LQ_Lightmap_0_2 (DXT1)
[2015.04.14-07.18.22:143][  0]LogTexture:Display: Building textures: LQ_Lightmap_0_3 (DXT1)
[2015.04.14-07.18.22:696][  0]LogTexture:Display: Building textures: LQ_Lightmap_0_4 (DXT1)
[2015.04.14-07.18.23:221][  0]LogTexture:Display: Building textures: LQ_Lightmap_0_5 (DXT1)
[2015.04.14-07.18.23:810][  0]LogTexture:Display: Building textures: LQ_Lightmap_0_6 (DXT1)
[2015.04.14-07.18.24:397][  0]LogTexture:Display: Building textures: LQ_Lightmap_0_7 (DXT1)
[2015.04.14-07.18.24:775][  0]LogTexture:Display: Building textures: LQ_Lightmap_0_8 (DXT1)
[2015.04.14-07.18.25:044][  0]LogTexture:Display: Building textures: LQ_Lightmap_1_1 (DXT1)
[2015.04.14-07.18.26:994][  0]LogTexture:Display: Building textures: ShadowMapTexture2D_0 (BGRA8)
[2015.04.14-07.18.27:855][  0]LogTexture:Display: Building textures: ShadowMapTexture2D_1 (BGRA8)
[2015.04.14-07.18.28:127][  0]LogTexture:Display: Building textures: ShadowMapTexture2D_2 (BGRA8)
[2015.04.14-07.18.28:368][  0]LogTexture:Display: Building textures: ShadowMapTexture2D_3 (BGRA8)
[2015.04.14-07.18.28:629][  0]LogTexture:Display: Building textures: ShadowMapTexture2D_4 (BGRA8)
[2015.04.14-07.18.28:912][  0]LogTexture:Display: Building textures: ShadowMapTexture2D_5 (BGRA8)
[2015.04.14-07.18.29:174][  0]LogTexture:Display: Building textures: ShadowMapTexture2D_6 (BGRA8)
[2015.04.14-07.18.29:410][  0]LogTexture:Display: Building textures: ShadowMapTexture2D_7 (BGRA8)
[2015.04.14-07.18.29:623][  0]LogEditorServer: Finished looking for orphan Actors (0.000 secs)
[2015.04.14-07.18.29:643][  0]LogAIModule: Creating AISystem for world FirstPersonExampleMap
[2015.04.14-07.18.29:644][  0]Cmd: MAP CHECKDEP
[2015.04.14-07.18.29:644][  0]MapCheck: New page: FirstPersonExampleMap - Apr 13, 2015, 5:18:29 PM
[2015.04.14-07.18.29:770][  0]MapCheck: Info Map check complete: 0 Error(s), 0 Warning(s), took 125.589ms to complete.
[2015.04.14-07.18.29:770][  0]LogFileHelpers: Loading map 'FirstPersonExampleMap' took 33.069
[2015.04.14-07.18.30:731][  0]LogCollectionManager: Loaded 0 collections in 0.002766 seconds
[2015.04.14-07.18.30:770][  0]LogContentBrowser: Native class hierarchy populated in 0.0377 seconds. Added 1696 classes and 261 folders.
[2015.04.14-07.18.31:517][  0]LogContentBrowser: Native class hierarchy updated for 'SceneOutliner' in 0.0051 seconds. Added 1 classes and 2 folders.
[2015.04.14-07.18.32:577][  0]LogCrashTracker: Crashtracker disabled due to settings.
[2015.04.14-07.18.32:613][  0]LogSlate:Warning: Failed to load font data from 'Veranda'
[2015.04.14-07.18.32:690][  0]LogLoad: Full Startup: 63.92 seconds (BP compile: 1.09 seconds)
[2015.04.14-07.18.33:223][  0]LogContentBrowser:Verbose: The content browser source was changed by the sources view to '/Game/FirstPersonBP'
[2015.04.14-07.18.34:148][  0]LogRenderer:Warning: Reallocating scene render targets to support 856x376 (Frame:2).
[2015.04.14-07.18.37:142][  8]LogAssetRegistry: Asset discovery search completed in 55.6325 seconds
[2015.04.14-07.27.30:748][793]LogContentBrowser:Verbose: The content browser source was changed by the sources view to '/Game/FirstPersonBP/Character'
[2015.04.14-07.28.52:719][152]LogFactory: FactoryCreateBinary: StaticMesh with FbxFactory (0 0 C:\Users\Sarah\Documents\Unreal Projects\girl/girl.fbx)
[2015.04.14-07.28.52:982][152]LogFbx: ItemName: GlobalSettings, ItemCount : 1
[2015.04.14-07.28.52:982][152]LogFbx: ItemName: AnimationStack, ItemCount : 1
[2015.04.14-07.28.52:982][152]LogFbx: ItemName: AnimationLayer, ItemCount : 1
[2015.04.14-07.28.52:982][152]LogFbx: ItemName: NodeAttribute, ItemCount : 129
[2015.04.14-07.28.52:982][152]LogFbx: ItemName: Model, ItemCount : 136
[2015.04.14-07.28.52:982][152]LogFbx: ItemName: Geometry, ItemCount : 7
[2015.04.14-07.28.52:982][152]LogFbx: ItemName: Material, ItemCount : 1
[2015.04.14-07.28.52:982][152]LogFbx: ItemName: Texture, ItemCount : 1
[2015.04.14-07.28.52:982][152]LogFbx: ItemName: AnimationCurveNode, ItemCount : 96
[2015.04.14-07.28.52:982][152]LogFbx: ItemName: Pose, ItemCount : 7
[2015.04.14-07.28.52:982][152]LogFbx: ItemName: Deformer, ItemCount : 107
[2015.04.14-07.28.52:982][152]LogFbx: ItemName: Character, ItemCount : 1
[2015.04.14-07.28.52:982][152]LogFbx: ItemName: Video, ItemCount : 2
[2015.04.14-07.29.11:257][152]LogFbx: Loading FBX Scene from C:\Users\Sarah\Documents\Unreal Projects\girl/girl.fbx
[2015.04.14-07.29.11:439][152]LogFbx: FBX Scene Loaded Succesfully
[2015.04.14-07.29.11:457][152]LogFbx: =================================================
[2015.04.14-07.29.11:457][152]LogFbx: Dumping Node START [l_TeethDown] 
[2015.04.14-07.29.11:457][152]LogFbx: 	Total Deformer Count 1181059072.
[2015.04.14-07.29.11:457][152]LogFbx: 		[Node 1]  (Type Skin).
[2015.04.14-07.29.11:457][152]LogFbx: =================================================
[2015.04.14-07.29.11:457][152]LogFbx: 	Attribute () Type (4).
[2015.04.14-07.29.11:457][152]LogFbx: 		[Node Attribute Child 1] l_TeethDown (Type Mesh).
[2015.04.14-07.29.11:457][152]LogFbx: Dumping Node END [l_TeethDown]
[2015.04.14-07.29.11:457][152]LogFbx: =================================================
[2015.04.14-07.29.11:457][152]LogFbx: Dumping Node START [l_TeethUp] 
[2015.04.14-07.29.11:457][152]LogFbx: 	Total Deformer Count 1181059264.
[2015.04.14-07.29.11:457][152]LogFbx: 		[Node 1]  (Type Skin).
[2015.04.14-07.29.11:457][152]LogFbx: =================================================
[2015.04.14-07.29.11:457][152]LogFbx: 	Attribute () Type (4).
[2015.04.14-07.29.11:457][152]LogFbx: 		[Node Attribute Child 1] l_TeethUp (Type Mesh).
[2015.04.14-07.29.11:457][152]LogFbx: Dumping Node END [l_TeethUp]
[2015.04.14-07.29.11:457][152]LogFbx: =================================================
[2015.04.14-07.29.11:457][152]LogFbx: Dumping Node START [l_L_gland] 
[2015.04.14-07.29.11:457][152]LogFbx: 	Total Deformer Count 1181058496.
[2015.04.14-07.29.11:457][152]LogFbx: 		[Node 1]  (Type Skin).
[2015.04.14-07.29.11:457][152]LogFbx: =================================================
[2015.04.14-07.29.11:457][152]LogFbx: 	Attribute () Type (4).
[2015.04.14-07.29.11:457][152]LogFbx: 		[Node Attribute Child 1] l_L_gland (Type Mesh).
[2015.04.14-07.29.11:457][152]LogFbx: Dumping Node END [l_L_gland]
[2015.04.14-07.29.11:457][152]LogFbx: =================================================
[2015.04.14-07.29.11:457][152]LogFbx: Dumping Node START [l_L_eye] 
[2015.04.14-07.29.11:457][152]LogFbx: 	Total Deformer Count 459905128.
[2015.04.14-07.29.11:457][152]LogFbx: 		[Node 1]  (Type Skin).
[2015.04.14-07.29.11:457][152]LogFbx: =================================================
[2015.04.14-07.29.11:457][152]LogFbx: 	Attribute () Type (4).
[2015.04.14-07.29.11:457][152]LogFbx: 		[Node Attribute Child 1] l_L_eye (Type Mesh).
[2015.04.14-07.29.11:457][152]LogFbx: Dumping Node END [l_L_eye]
[2015.04.14-07.29.11:457][152]LogFbx: =================================================
[2015.04.14-07.29.11:457][152]LogFbx: Dumping Node START [l_R_gland] 
[2015.04.14-07.29.11:457][152]LogFbx: 	Total Deformer Count 1181059456.
[2015.04.14-07.29.11:457][152]LogFbx: 		[Node 1]  (Type Skin).
[2015.04.14-07.29.11:457][152]LogFbx: =================================================
[2015.04.14-07.29.11:457][152]LogFbx: 	Attribute () Type (4).
[2015.04.14-07.29.11:457][152]LogFbx: 		[Node Attribute Child 1] l_R_gland (Type Mesh).
[2015.04.14-07.29.11:457][152]LogFbx: Dumping Node END [l_R_gland]
[2015.04.14-07.29.11:457][152]LogFbx: =================================================
[2015.04.14-07.29.11:457][152]LogFbx: Dumping Node START [l_R_eye] 
[2015.04.14-07.29.11:457][152]LogFbx: 	Total Deformer Count 459905128.
[2015.04.14-07.29.11:457][152]LogFbx: 		[Node 1]  (Type Skin).
[2015.04.14-07.29.11:457][152]LogFbx: =================================================
[2015.04.14-07.29.11:457][152]LogFbx: 	Attribute () Type (4).
[2015.04.14-07.29.11:457][152]LogFbx: 		[Node Attribute Child 1] l_R_eye (Type Mesh).
[2015.04.14-07.29.11:457][152]LogFbx: Dumping Node END [l_R_eye]
[2015.04.14-07.29.11:457][152]LogFbx: =================================================
[2015.04.14-07.29.11:457][152]LogFbx: Dumping Node START [H_DDS_LowRes] 
[2015.04.14-07.29.11:457][152]LogFbx: 	Total Deformer Count 467947488.
[2015.04.14-07.29.11:457][152]LogFbx: 		[Node 1]  (Type Skin).
[2015.04.14-07.29.11:458][152]LogFbx: =================================================
[2015.04.14-07.29.11:458][152]LogFbx: 	Attribute () Type (4).
[2015.04.14-07.29.11:458][152]LogFbx: 		[Node Attribute Child 1] H_DDS_LowRes (Type Mesh).
[2015.04.14-07.29.11:458][152]LogFbx: Dumping Node END [H_DDS_LowRes]
[2015.04.14-07.29.11:458][152]LogFbx: =================================================
[2015.04.14-07.29.11:458][152]LogFbx: Dumping Node START [l_TeethDown] 
[2015.04.14-07.29.11:458][152]LogFbx: 	Total Deformer Count 1181057536.
[2015.04.14-07.29.11:458][152]LogFbx: 		[Node 1]  (Type Skin).
[2015.04.14-07.29.11:458][152]LogFbx: =================================================
[2015.04.14-07.29.11:458][152]LogFbx: 	Attribute () Type (4).
[2015.04.14-07.29.11:458][152]LogFbx: 		[Node Attribute Child 1] l_TeethDown (Type Mesh).
[2015.04.14-07.29.11:458][152]LogFbx: Dumping Node END [l_TeethDown]
[2015.04.14-07.29.11:458][152]LogFbx: =================================================
[2015.04.14-07.29.11:458][152]LogFbx: Dumping Node START [l_TeethUp] 
[2015.04.14-07.29.11:458][152]LogFbx: 	Total Deformer Count 1181057536.
[2015.04.14-07.29.11:458][152]LogFbx: 		[Node 1]  (Type Skin).
[2015.04.14-07.29.11:458][152]LogFbx: =================================================
[2015.04.14-07.29.11:458][152]LogFbx: 	Attribute () Type (4).
[2015.04.14-07.29.11:458][152]LogFbx: 		[Node Attribute Child 1] l_TeethUp (Type Mesh).
[2015.04.14-07.29.11:458][152]LogFbx: Dumping Node END [l_TeethUp]
[2015.04.14-07.29.11:458][152]LogFbx: =================================================
[2015.04.14-07.29.11:458][152]LogFbx: Dumping Node START [l_L_gland] 
[2015.04.14-07.29.11:458][152]LogFbx: 	Total Deformer Count 1181057536.
[2015.04.14-07.29.11:458][152]LogFbx: 		[Node 1]  (Type Skin).
[2015.04.14-07.29.11:458][152]LogFbx: =================================================
[2015.04.14-07.29.11:459][152]LogFbx: 	Attribute () Type (4).
[2015.04.14-07.29.11:459][152]LogFbx: 		[Node Attribute Child 1] l_L_gland (Type Mesh).
[2015.04.14-07.29.11:459][152]LogFbx: Dumping Node END [l_L_gland]
[2015.04.14-07.29.11:459][152]LogFbx: =================================================
[2015.04.14-07.29.11:459][152]LogFbx: Dumping Node START [l_L_eye] 
[2015.04.14-07.29.11:459][152]LogFbx: 	Total Deformer Count 459905128.
[2015.04.14-07.29.11:459][152]LogFbx: 		[Node 1]  (Type Skin).
[2015.04.14-07.29.11:459][152]LogFbx: =================================================
[2015.04.14-07.29.11:459][152]LogFbx: 	Attribute () Type (4).
[2015.04.14-07.29.11:459][152]LogFbx: 		[Node Attribute Child 1] l_L_eye (Type Mesh).
[2015.04.14-07.29.11:459][152]LogFbx: Dumping Node END [l_L_eye]
[2015.04.14-07.29.11:459][152]LogFbx: =================================================
[2015.04.14-07.29.11:459][152]LogFbx: Dumping Node START [l_R_gland] 
[2015.04.14-07.29.11:459][152]LogFbx: 	Total Deformer Count 1181057536.
[2015.04.14-07.29.11:459][152]LogFbx: 		[Node 1]  (Type Skin).
[2015.04.14-07.29.11:459][152]LogFbx: =================================================
[2015.04.14-07.29.11:459][152]LogFbx: 	Attribute () Type (4).
[2015.04.14-07.29.11:459][152]LogFbx: 		[Node Attribute Child 1] l_R_gland (Type Mesh).
[2015.04.14-07.29.11:459][152]LogFbx: Dumping Node END [l_R_gland]
[2015.04.14-07.29.11:459][152]LogFbx: =================================================
[2015.04.14-07.29.11:459][152]LogFbx: Dumping Node START [l_R_eye] 
[2015.04.14-07.29.11:459][152]LogFbx: 	Total Deformer Count 459905128.
[2015.04.14-07.29.11:459][152]LogFbx: 		[Node 1]  (Type Skin).
[2015.04.14-07.29.11:459][152]LogFbx: =================================================
[2015.04.14-07.29.11:459][152]LogFbx: 	Attribute () Type (4).
[2015.04.14-07.29.11:459][152]LogFbx: 		[Node Attribute Child 1] l_R_eye (Type Mesh).
[2015.04.14-07.29.11:459][152]LogFbx: Dumping Node END [l_R_eye]
[2015.04.14-07.29.11:459][152]LogFbx: =================================================
[2015.04.14-07.29.11:459][152]LogFbx: Dumping Node START [H_DDS_LowRes] 
[2015.04.14-07.29.11:459][152]LogFbx: 	Total Deformer Count 467947488.
[2015.04.14-07.29.11:459][152]LogFbx: 		[Node 1]  (Type Skin).
[2015.04.14-07.29.11:459][152]LogFbx: =================================================
[2015.04.14-07.29.11:459][152]LogFbx: 	Attribute () Type (4).
[2015.04.14-07.29.11:459][152]LogFbx: 		[Node Attribute Child 1] H_DDS_LowRes (Type Mesh).
[2015.04.14-07.29.11:459][152]LogFbx: Dumping Node END [H_DDS_LowRes]
[2015.04.14-07.29.11:489][152]LogFbx: Valid bind pose for Pose (l_skcl) - l_TeethDown
[2015.04.14-07.29.11:489][152]LogFbx: Valid bind pose for Pose (skcl_Acc8) - l_TeethDown
[2015.04.14-07.29.11:489][152]LogFbx: Valid bind pose for Pose (skcl_Acc9) - l_TeethDown
[2015.04.14-07.29.11:489][152]LogFbx: Valid bind pose for Pose (skcl_Acc10) - l_TeethDown
[2015.04.14-07.29.11:489][152]LogFbx: Valid bind pose for Pose (skcl_Acc11) - l_TeethDown
[2015.04.14-07.29.11:489][152]LogFbx: Valid bind pose for Pose (skcl_Acc20) - l_TeethDown
[2015.04.14-07.29.11:489][152]LogFbx: Valid bind pose for Pose (skcl_Acc26) - l_TeethDown
[2015.04.14-07.29.11:521][152]LogLinker:Warning: Can't find file '/Game/FirstPersonBP/girl/_Body_Low'
[2015.04.14-07.29.11:521][152]LogLinker:Warning: Can't find file '/Game/FirstPersonBP/girl/_Body_Low'
[2015.04.14-07.29.11:521][152]LogUObjectGlobals:Warning: Failed to find object 'MaterialInterface /Game/FirstPersonBP/girl/_Body_Low._Body_Low'
[2015.04.14-07.29.11:565][152]LogLinker:Warning: Can't find file '/Game/FirstPersonBP/girl/girl_color'
[2015.04.14-07.29.11:565][152]LogLinker:Warning: Can't find file '/Game/FirstPersonBP/girl/girl_color'
[2015.04.14-07.29.11:565][152]LogUObjectGlobals:Warning: Failed to find object 'Texture /Game/FirstPersonBP/girl/girl_color.girl_color'
[2015.04.14-07.29.11:839][152]LogTexture:Display: Building textures: girl_color (AutoDXT)
[2015.04.14-07.29.17:177][152]LogMaterial: Missing cached shader map for material _Body_Low, compiling. 
[2015.04.14-07.29.17:214][152]LogFbx: Triangulating skeletal mesh l_TeethDown
[2015.04.14-07.29.17:705][152]LogFbx: Triangulating skeletal mesh l_TeethUp
[2015.04.14-07.29.18:138][152]LogFbx: Triangulating skeletal mesh l_L_gland
[2015.04.14-07.29.18:150][152]LogFbx: Triangulating skeletal mesh l_L_eye
[2015.04.14-07.29.18:262][152]LogFbx: Triangulating skeletal mesh l_R_gland
[2015.04.14-07.29.18:275][152]LogFbx: Triangulating skeletal mesh l_R_eye
[2015.04.14-07.29.18:363][152]LogFbx: Triangulating skeletal mesh H_DDS_LowRes
[2015.04.14-07.29.21:780][152]LogFbx:Warning: Bones digested - 124  Depth of hierarchy - 20
[2015.04.14-07.29.21:987][152]LogSkeletalMesh: Chunk 0: 2715 rigid vertices, 2035 soft vertices, 92 active bones
[2015.04.14-07.29.22:007][152]LogSkeletalMesh: Section 0: Material=0, Chunk=0, 7566 triangles
[2015.04.14-07.29.22:011][152]LogLinker:Warning: Can't find file '/Game/FirstPersonBP/girl/girl_PhysicsAsset'
[2015.04.14-07.29.22:011][152]LogUObjectGlobals:Warning: Failed to find object 'Object /Game/FirstPersonBP/girl/girl_PhysicsAsset.girl_PhysicsAsset'
[2015.04.14-07.29.26:861][152]FBXImport:Warning: Warning Warning: No smoothing group information was found in this FBX scene.  Please make sure to enable the 'Export Smoothing Groups' option in the FBX Exporter plug-in before exporting the file.  Even for tools that don't support smoothing groups, the FBX Exporter will generate appropriate smoothing data at export-time so that correct vertex normals can be inferred while importing. 
[2015.04.14-07.29.26:861][152]FBXImport:Warning: Warning The following bones are missing from the bind pose:
HeadEnd  
RightHandThumb4  
RightHandIndex4  
RightHandMiddle4  
RightHandRing4  
RightHandPinky4  
LeftHandThumb4  
LeftHandIndex4  
LeftHandMiddle4  
LeftHandRing4  
LeftHandPinky4  
Spine4RightEnd  
Spine4LeftEnd  
Spine2VEnd  
Spine1VEnd  
SpineVEnd  
RightFootExtraFinger3  
RightFootIndex3  
RightFootMiddle3  
RightFootRing3  
RightFootPinky3  
LeftFootExtraFinger3  
LeftFootIndex3  
LeftFootMiddle3  
LeftFootRing3  
LeftFootPinky3  

This can happen for bones that are not vert weighted. If they are not in the correct orientation after importing,
please set the "Use T0 as ref pose" option or add them to the bind pose and reimport the skeletal mesh. 
[2015.04.14-07.29.26:901][152]LogContentBrowser:Verbose: The content browser source was changed by the sources view to 'None'
[2015.04.14-07.29.26:901][152]LogContentBrowser:Verbose: The content browser source was changed by the sources view to '/Game/FirstPersonBP/girl'
[2015.04.14-07.29.35:866][153]LogSavePackage: Save=8388.157227ms
[2015.04.14-07.29.35:866][153]LogSavePackage: Moving '../../../../../../Users/Sarah/Documents/Unreal Projects/StealthDemo/Saved/FirstPersonExampleMap_Auto17E49B8934DEA3D5F7EC772986BF6B3E4.tmp' to '../../../../../../Users/Sarah/Documents/Unreal Projects/StealthDemo/Saved/Autosaves/Game/FirstPersonBP/Maps/FirstPersonExampleMap_Auto1.umap'
[2015.04.14-07.29.35:880][153]LogFileHelpers: Editor autosave (incl. sublevels) for '/Game/FirstPersonBP/Maps/FirstPersonExampleMap' took 8.609
[2015.04.14-07.29.35:880][153]LogFileHelpers: Editor autosave (incl. sublevels) for all levels took 8.609
[2015.04.14-07.29.35:920][153]OBJ SavePackage: Generating thumbnails for [1] asset(s) in package [/Game/FirstPersonBP/Animations/FirstPerson_Idle] ([1] browsable assets)...
[2015.04.14-07.29.35:990][153]OBJ SavePackage:     Rendered thumbnail for [AnimSequence /Game/FirstPersonBP/Animations/FirstPerson_Idle.FirstPerson_Idle]
[2015.04.14-07.29.35:990][153]OBJ SavePackage: Finished generating thumbnails for package [/Game/FirstPersonBP/Animations/FirstPerson_Idle]
[2015.04.14-07.29.36:515][153]LogSavePackage: Save=508.983429ms
[2015.04.14-07.29.36:516][153]LogSavePackage: Moving '../../../../../../Users/Sarah/Documents/Unreal Projects/StealthDemo/Saved/FirstPerson_Idle_Auto12E92A83E4BF15DE3D68FCD9BA7C55AC7.tmp' to '../../../../../../Users/Sarah/Documents/Unreal Projects/StealthDemo/Saved/Autosaves/Game/FirstPersonBP/Animations/FirstPerson_Idle_Auto1.uasset'
[2015.04.14-07.29.36:559][153]OBJ SavePackage: Generating thumbnails for [1] asset(s) in package [/Game/FirstPersonBP/Animations/FirstPerson_JumpEnd] ([1] browsable assets)...
[2015.04.14-07.29.36:613][153]OBJ SavePackage:     Rendered thumbnail for [AnimSequence /Game/FirstPersonBP/Animations/FirstPerson_JumpEnd.FirstPerson_JumpEnd]
[2015.04.14-07.29.36:613][153]OBJ SavePackage: Finished generating thumbnails for package [/Game/FirstPersonBP/Animations/FirstPerson_JumpEnd]
[2015.04.14-07.29.37:171][153]LogSavePackage: Save=541.629761ms
[2015.04.14-07.29.37:172][153]LogSavePackage: Moving '../../../../../../Users/Sarah/Documents/Unreal Projects/StealthDemo/Saved/FirstPerson_JumpEnd_Auto16804FE4E4AFC8C19402DFE959513EF0B.tmp' to '../../../../../../Users/Sarah/Documents/Unreal Projects/StealthDemo/Saved/Autosaves/Game/FirstPersonBP/Animations/FirstPerson_JumpEnd_Auto1.uasset'
[2015.04.14-07.29.37:266][153]OBJ SavePackage: Generating thumbnails for [1] asset(s) in package [/Game/FirstPersonBP/Animations/FirstPerson_JumpLoop] ([1] browsable assets)...
[2015.04.14-07.29.37:316][153]OBJ SavePackage:     Rendered thumbnail for [AnimSequence /Game/FirstPersonBP/Animations/FirstPerson_JumpLoop.FirstPerson_JumpLoop]
[2015.04.14-07.29.37:316][153]OBJ SavePackage: Finished generating thumbnails for package [/Game/FirstPersonBP/Animations/FirstPerson_JumpLoop]
[2015.04.14-07.29.37:828][153]LogSavePackage: Save=494.985352ms
[2015.04.14-07.29.37:829][153]LogSavePackage: Moving '../../../../../../Users/Sarah/Documents/Unreal Projects/StealthDemo/Saved/FirstPerson_JumpLoop_Auto1A6A3040043ECD659CFD7049935C5D114.tmp' to '../../../../../../Users/Sarah/Documents/Unreal Projects/StealthDemo/Saved/Autosaves/Game/FirstPersonBP/Animations/FirstPerson_JumpLoop_Auto1.uasset'
[2015.04.14-07.29.37:880][153]OBJ SavePackage: Generating thumbnails for [1] asset(s) in package [/Game/FirstPersonBP/Animations/FirstPerson_JumpStart] ([1] browsable assets)...
[2015.04.14-07.29.37:931][153]OBJ SavePackage:     Rendered thumbnail for [AnimSequence /Game/FirstPersonBP/Animations/FirstPerson_JumpStart.FirstPerson_JumpStart]
[2015.04.14-07.29.37:931][153]OBJ SavePackage: Finished generating thumbnails for package [/Game/FirstPersonBP/Animations/FirstPerson_JumpStart]
[2015.04.14-07.29.38:457][153]LogSavePackage: Save=508.923859ms
[2015.04.14-07.29.38:458][153]LogSavePackage: Moving '../../../../../../Users/Sarah/Documents/Unreal Projects/StealthDemo/Saved/FirstPerson_JumpStart_Auto1C202B9904B05630FFEF3729FED1AF0F0.tmp' to '../../../../../../Users/Sarah/Documents/Unreal Projects/StealthDemo/Saved/Autosaves/Game/FirstPersonBP/Animations/FirstPerson_JumpStart_Auto1.uasset'
[2015.04.14-07.29.38:507][153]OBJ SavePackage: Generating thumbnails for [1] asset(s) in package [/Game/FirstPersonBP/Animations/FirstPerson_Run] ([1] browsable assets)...
[2015.04.14-07.29.38:566][153]OBJ SavePackage:     Rendered thumbnail for [AnimSequence /Game/FirstPersonBP/Animations/FirstPerson_Run.FirstPerson_Run]
[2015.04.14-07.29.38:566][153]OBJ SavePackage: Finished generating thumbnails for package [/Game/FirstPersonBP/Animations/FirstPerson_Run]
[2015.04.14-07.29.39:069][153]LogSavePackage: Save=486.501282ms
[2015.04.14-07.29.39:070][153]LogSavePackage: Moving '../../../../../../Users/Sarah/Documents/Unreal Projects/StealthDemo/Saved/FirstPerson_Run_Auto1B130FF54487B8CC5091278AC4B04226B.tmp' to '../../../../../../Users/Sarah/Documents/Unreal Projects/StealthDemo/Saved/Autosaves/Game/FirstPersonBP/Animations/FirstPerson_Run_Auto1.uasset'
[2015.04.14-07.29.39:116][153]OBJ SavePackage: Generating thumbnails for [1] asset(s) in package [/Game/FirstPersonBP/Animations/FirstPerson_Fire_Montage] ([1] browsable assets)...
[2015.04.14-07.29.39:166][153]OBJ SavePackage:     Rendered thumbnail for [AnimMontage /Game/FirstPersonBP/Animations/FirstPerson_Fire_Montage.FirstPerson_Fire_Montage]
[2015.04.14-07.29.39:166][153]OBJ SavePackage: Finished generating thumbnails for package [/Game/FirstPersonBP/Animations/FirstPerson_Fire_Montage]
[2015.04.14-07.29.39:682][153]LogSavePackage: Save=499.424500ms
[2015.04.14-07.29.39:683][153]LogSavePackage: Moving '../../../../../../Users/Sarah/Documents/Unreal Projects/StealthDemo/Saved/FirstPerson_Fire_Montage_Auto14C9EA8B044737F1081AB2AA60353548F.tmp' to '../../../../../../Users/Sarah/Documents/Unreal Projects/StealthDemo/Saved/Autosaves/Game/FirstPersonBP/Animations/FirstPerson_Fire_Montage_Auto1.uasset'
[2015.04.14-07.29.39:730][153]OBJ SavePackage: Generating thumbnails for [1] asset(s) in package [/Game/FirstPersonBP/Animations/FirstPerson_Fire] ([1] browsable assets)...
[2015.04.14-07.29.39:784][153]OBJ SavePackage:     Rendered thumbnail for [AnimSequence /Game/FirstPersonBP/Animations/FirstPerson_Fire.FirstPerson_Fire]
[2015.04.14-07.29.39:784][153]OBJ SavePackage: Finished generating thumbnails for package [/Game/FirstPersonBP/Animations/FirstPerson_Fire]
[2015.04.14-07.29.40:328][153]LogSavePackage: Save=529.616882ms
[2015.04.14-07.29.40:329][153]LogSavePackage: Moving '../../../../../../Users/Sarah/Documents/Unreal Projects/StealthDemo/Saved/FirstPerson_Fire_Auto1C52C1EE3487EC37FF7350C9433D75943.tmp' to '../../../../../../Users/Sarah/Documents/Unreal Projects/StealthDemo/Saved/Autosaves/Game/FirstPersonBP/Animations/FirstPerson_Fire_Auto1.uasset'
[2015.04.14-07.29.40:379][153]OBJ SavePackage: Generating thumbnails for [1] asset(s) in package [/Game/FirstPersonBP/girl/girl] ([1] browsable assets)...
[2015.04.14-07.29.40:379][153]LogMaterial:Warning: Material /Game/FirstPersonBP/girl/_Body_Low._Body_Low needed to have new flag set bUsedWithSkeletalMesh !
[2015.04.14-07.29.40:392][153]LogMaterial: Missing cached shader map for material _Body_Low, compiling. 
[2015.04.14-07.29.40:424][153]LogMaterial: 0.000128 seconds spent updating 1 materials, 1 interfaces, 0 instances, 0 with static permutations.
[2015.04.14-07.29.40:490][153]OBJ SavePackage:     Rendered thumbnail for [SkeletalMesh /Game/FirstPersonBP/girl/girl.girl]
[2015.04.14-07.29.40:490][153]OBJ SavePackage: Finished generating thumbnails for package [/Game/FirstPersonBP/girl/girl]
[2015.04.14-07.29.41:120][153]LogSavePackage: Save=623.691223ms
[2015.04.14-07.29.41:150][153]LogSavePackage: Moving '../../../../../../Users/Sarah/Documents/Unreal Projects/StealthDemo/Saved/girl_Auto1D2AE10F640956E3E9DD640BCDFBB8F55.tmp' to '../../../../../../Users/Sarah/Documents/Unreal Projects/StealthDemo/Saved/Autosaves/Game/FirstPersonBP/girl/girl_Auto1.uasset'
[2015.04.14-07.29.41:227][153]OBJ SavePackage: Generating thumbnails for [1] asset(s) in package [/Game/FirstPersonBP/girl/_Body_Low] ([1] browsable assets)...
[2015.04.14-07.29.50:048][153]OBJ SavePackage:     Rendered thumbnail for [Material /Game/FirstPersonBP/girl/_Body_Low._Body_Low]
[2015.04.14-07.29.50:048][153]OBJ SavePackage: Finished generating thumbnails for package [/Game/FirstPersonBP/girl/_Body_Low]
[2015.04.14-07.29.50:514][153]LogSavePackage: Save=462.332947ms
[2015.04.14-07.29.50:515][153]LogSavePackage: Moving '../../../../../../Users/Sarah/Documents/Unreal Projects/StealthDemo/Saved/_Body_Low_Auto13942C3F14E1169F45037A989DCBA0A38.tmp' to '../../../../../../Users/Sarah/Documents/Unreal Projects/StealthDemo/Saved/Autosaves/Game/FirstPersonBP/girl/_Body_Low_Auto1.uasset'
[2015.04.14-07.29.50:560][153]OBJ SavePackage: Generating thumbnails for [1] asset(s) in package [/Game/FirstPersonBP/girl/girl_color] ([1] browsable assets)...
[2015.04.14-07.29.50:585][153]OBJ SavePackage:     Rendered thumbnail for [Texture2D /Game/FirstPersonBP/girl/girl_color.girl_color]
[2015.04.14-07.29.50:585][153]OBJ SavePackage: Finished generating thumbnails for package [/Game/FirstPersonBP/girl/girl_color]
[2015.04.14-07.30.00:430][153]LogSavePackage: Save=9838.337891ms
[2015.04.14-07.30.00:431][153]LogSavePackage: Moving '../../../../../../Users/Sarah/Documents/Unreal Projects/StealthDemo/Saved/girl_color_Auto19A1FAA434B1A2EAD06F8F1A0F2212C2F.tmp' to '../../../../../../Users/Sarah/Documents/Unreal Projects/StealthDemo/Saved/Autosaves/Game/FirstPersonBP/girl/girl_color_Auto1.uasset'
[2015.04.14-07.30.00:481][153]OBJ SavePackage: Generating thumbnails for [0] asset(s) in package [/Game/FirstPersonBP/girl/girl_PhysicsAsset] ([1] browsable assets)...
[2015.04.14-07.30.00:481][153]OBJ SavePackage: Finished generating thumbnails for package [/Game/FirstPersonBP/girl/girl_PhysicsAsset]
[2015.04.14-07.30.00:598][153]LogSavePackage: Save=102.457146ms
[2015.04.14-07.30.00:599][153]LogSavePackage: Moving '../../../../../../Users/Sarah/Documents/Unreal Projects/StealthDemo/Saved/girl_PhysicsAsset_Auto125B53205421BE82C72F5FAADF121C4D8.tmp' to '../../../../../../Users/Sarah/Documents/Unreal Projects/StealthDemo/Saved/Autosaves/Game/FirstPersonBP/girl/girl_PhysicsAsset_Auto1.uasset'
[2015.04.14-07.30.00:608][153]LogFileHelpers: Auto-saving content packages took 24.727
[2015.04.14-07.30.38:502][306]LogPlayLevel: PIE:  No blueprints needed recompiling
[2015.04.14-07.30.38:502][306]PIE: New page: PIE session: FirstPersonExampleMap (Apr 13, 2015, 5:30:38 PM)
[2015.04.14-07.30.38:549][306]LogPlayLevel: PIE: StaticDuplicateObject took: (0.046559s)
[2015.04.14-07.30.38:551][306]LogPlayLevel: PIE: World Init took: (0.001926s)
[2015.04.14-07.30.38:551][306]LogPlayLevel: PIE: Created PIE world by copying editor world from /Game/FirstPersonBP/Maps/FirstPersonExampleMap.FirstPersonExampleMap to /Game/FirstPersonBP/Maps/UEDPIE_0_FirstPersonExampleMap.FirstPersonExampleMap (0.048950s)
[2015.04.14-07.30.38:832][306]LogTexture:Display: Building textures: FirstPersonCrosshair (AutoDXT)
[2015.04.14-07.30.38:841][306]LogWorld: Game class is 'FirstPersonGameMode_C'
[2015.04.14-07.30.38:961][306]LogAIModule: Creating AISystem for world FirstPersonExampleMap
[2015.04.14-07.30.38:986][306]LogWorld: Bringing World /Game/FirstPersonBP/Maps/UEDPIE_0_FirstPersonExampleMap.FirstPersonExampleMap up for play (max tick rate 0) at 2015.04.14-00.30.38
[2015.04.14-07.30.39:026][306]LogWorld: Bringing up level for play took: 0.063105
[2015.04.14-07.30.39:111][306]PIE: Info Play in editor start time for /Game/FirstPersonBP/Maps/UEDPIE_0_FirstPersonExampleMap 0.852
[2015.04.14-07.30.46:188][599]LogParticles: Destroying 0 GPU particle simulations for FXSystem 0x00000000033D1760
[2015.04.14-07.30.56:206][771]LogPlayLevel: PIE:  No blueprints needed recompiling
[2015.04.14-07.30.56:206][771]PIE: New page: PIE session: FirstPersonExampleMap (Apr 13, 2015, 5:30:56 PM)
[2015.04.14-07.30.56:252][771]LogPlayLevel: PIE: StaticDuplicateObject took: (0.033711s)
[2015.04.14-07.30.56:254][771]LogPlayLevel: PIE: World Init took: (0.002232s)
[2015.04.14-07.30.56:254][771]LogPlayLevel: PIE: Created PIE world by copying editor world from /Game/FirstPersonBP/Maps/FirstPersonExampleMap.FirstPersonExampleMap to /Game/FirstPersonBP/Maps/UEDPIE_0_FirstPersonExampleMap.FirstPersonExampleMap (0.036515s)
[2015.04.14-07.30.56:299][771]LogWorld: Game class is 'FirstPersonGameMode_C'
[2015.04.14-07.30.56:301][771]LogAIModule: Creating AISystem for world FirstPersonExampleMap
[2015.04.14-07.30.56:313][771]LogWorld: Bringing World /Game/FirstPersonBP/Maps/UEDPIE_0_FirstPersonExampleMap.FirstPersonExampleMap up for play (max tick rate 0) at 2015.04.14-00.30.56
[2015.04.14-07.30.56:315][771]LogWorld: Bringing up level for play took: 0.013228
[2015.04.14-07.30.56:318][771]PIE: Info Play in editor start time for /Game/FirstPersonBP/Maps/UEDPIE_0_FirstPersonExampleMap 0.058
[2015.04.14-07.31.02:846][ 31]LogParticles: Destroying 0 GPU particle simulations for FXSystem 0x000000000E1696C0
[2015.04.14-07.31.08:631][173]LogContentBrowser:Verbose: The content browser source was changed by the sources view to '/Game/FirstPersonBP/Character'
[2015.04.14-07.31.16:425][254]LogLinker:Warning: Asset '../../../Engine/Content/Tutorial/SubEditors/PersonaAnimEditorTutorial.uasset' has been saved with empty engine version. The asset will be loaded but may be incompatible.
[2015.04.14-07.31.16:497][255]LogRenderer:Warning: Reallocating scene render targets to support 856x568 (Frame:2958).
[2015.04.14-07.31.32:576][826]LogSkeletalMesh: InitArticulated: Bodies already created (/Engine/Transient.DebugSkelMeshComponent_0) - call TermArticulated first.
[2015.04.14-07.31.39:212][ 56]Cmd: OBJ SAVEPACKAGE PACKAGE="/Game/FirstPersonBP/girl/girl" FILE="../../../../../../Users/Sarah/Documents/Unreal Projects/StealthDemo/Content/FirstPersonBP/girl/girl.uasset" SILENT=true
[2015.04.14-07.31.39:537][ 56]LogSavePackage: Save=321.767334ms
[2015.04.14-07.31.39:537][ 56]LogSavePackage: Moving '../../../../../../Users/Sarah/Documents/Unreal Projects/StealthDemo/Saved/girl7D4AA78849D15FEEB8FAF1B8D2DD8262.tmp' to '../../../../../../Users/Sarah/Documents/Unreal Projects/StealthDemo/Content/FirstPersonBP/girl/girl.uasset'
[2015.04.14-07.31.45:761][250]LogPlayLevel: PIE:  No blueprints needed recompiling
[2015.04.14-07.31.45:761][250]PIE: New page: PIE session: FirstPersonExampleMap (Apr 13, 2015, 5:31:45 PM)
[2015.04.14-07.31.45:826][250]LogPlayLevel: PIE: StaticDuplicateObject took: (0.033805s)
[2015.04.14-07.31.45:828][250]LogPlayLevel: PIE: World Init took: (0.001230s)
[2015.04.14-07.31.45:828][250]LogPlayLevel: PIE: Created PIE world by copying editor world from /Game/FirstPersonBP/Maps/FirstPersonExampleMap.FirstPersonExampleMap to /Game/FirstPersonBP/Maps/UEDPIE_0_FirstPersonExampleMap.FirstPersonExampleMap (0.035387s)
[2015.04.14-07.31.45:871][250]LogWorld: Game class is 'FirstPersonGameMode_C'
[2015.04.14-07.31.45:873][250]LogAIModule: Creating AISystem for world FirstPersonExampleMap
[2015.04.14-07.31.45:886][250]LogWorld: Bringing World /Game/FirstPersonBP/Maps/UEDPIE_0_FirstPersonExampleMap.FirstPersonExampleMap up for play (max tick rate 0) at 2015.04.14-00.31.45
[2015.04.14-07.31.45:887][250]LogWorld: Bringing up level for play took: 0.013159
[2015.04.14-07.31.45:890][250]PIE: Info Play in editor start time for /Game/FirstPersonBP/Maps/UEDPIE_0_FirstPersonExampleMap -0.371
[2015.04.14-07.31.56:674][480]LogParticles: Destroying 0 GPU particle simulations for FXSystem 0x000000000F8DCCC0
[2015.04.14-07.32.12:737][960]Cmd: OBJ SAVEPACKAGE PACKAGE="/Game/FirstPersonBP/girl/girl" FILE="../../../../../../Users/Sarah/Documents/Unreal Projects/StealthDemo/Content/FirstPersonBP/girl/girl.uasset" SILENT=true
[2015.04.14-07.32.12:767][960]LogSavePackage: Save=20.481949ms
[2015.04.14-07.32.12:767][960]LogSavePackage: Moving '../../../../../../Users/Sarah/Documents/Unreal Projects/StealthDemo/Saved/girlB1FF99BB431A9B457F85EEA9378A42CE.tmp' to '../../../../../../Users/Sarah/Documents/Unreal Projects/StealthDemo/Content/FirstPersonBP/girl/girl.uasset'
[2015.04.14-07.32.25:654][295]LogSkeletalMesh: InitArticulated: Bodies already created (/Engine/Transient.DebugSkelMeshComponent_1) - call TermArticulated first.
[2015.04.14-07.32.54:445][178]Cmd: TRANSACTION UNDO
[2015.04.14-07.32.54:445][178]LogEditorTransaction: Undo Change Skeleton Preview Mesh
[2015.04.14-07.32.56:373][243]Cmd: TRANSACTION UNDO
[2015.04.14-07.32.56:373][243]LogEditorTransaction: Undo Move Actors
[2015.04.14-07.32.58:216][309]Cmd: TRANSACTION UNDO
[2015.04.14-07.32.58:216][309]LogEditorTransaction: Undo Move Actors
[2015.04.14-07.32.59:522][355]Cmd: TRANSACTION UNDO
[2015.04.14-07.32.59:522][355]LogEditorTransaction: Undo Move Actors
[2015.04.14-07.33.07:507][638]LogPlayLevel: PIE:  No blueprints needed recompiling
[2015.04.14-07.33.07:507][638]PIE: New page: PIE session: FirstPersonExampleMap (Apr 13, 2015, 5:33:07 PM)
[2015.04.14-07.33.07:559][638]LogPlayLevel: PIE: StaticDuplicateObject took: (0.033944s)
[2015.04.14-07.33.07:561][638]LogPlayLevel: PIE: World Init took: (0.001900s)
[2015.04.14-07.33.07:562][638]LogPlayLevel: PIE: Created PIE world by copying editor world from /Game/FirstPersonBP/Maps/FirstPersonExampleMap.FirstPersonExampleMap to /Game/FirstPersonBP/Maps/UEDPIE_0_FirstPersonExampleM